2020-07-21 16:57:08,884 [INFO]: #  From Excel import testsuite success
2020-07-21 16:57:11,474 [INFO]: #  --------------------------------------------------
2020-07-21 16:57:11,474 [INFO]: #  >>> Run the TestCase: HOME_001|打开云塑ERP
2020-07-21 16:57:11,475 [INFO]: #  Run the Step: 1|通用|OPEN|通用-首页链接
2020-07-21 16:57:18,463 [INFO]: #  --- success ---
2020-07-21 16:57:18,663 [INFO]: #  Run the Step: 2|通用|CHECK|通用-页面title
2020-07-21 16:57:18,665 [INFO]: #  DATA:'云塑 企业资源计划管理系统'
2020-07-21 16:57:18,721 [INFO]: #  REAL:'云塑 企业资源计划管理系统'
2020-07-21 16:57:18,772 [INFO]: #  --- success ---
2020-07-21 16:57:18,976 [INFO]: #  --------------------------------------------------
2020-07-21 16:57:18,977 [INFO]: #  >>> Run the TestCase: Login_001|登录
2020-07-21 16:57:18,978 [INFO]: #  Run the Step: 1|登录页面|INPUT|登录页面-账号输入框
2020-07-21 16:57:20,016 [INFO]: #  --- success ---
2020-07-21 16:57:20,216 [INFO]: #  Run the Step: 2|登录页面|INPUT|登录页面-密码输入框
2020-07-21 16:57:21,206 [INFO]: #  --- success ---
2020-07-21 16:57:21,406 [INFO]: #  Run the Step: 3|登录页面|CLICK|登录页面-确定按钮
2020-07-21 16:57:22,213 [INFO]: #  --- success ---
2020-07-21 16:57:22,430 [INFO]: #  Run the Step: 4|登录页面|CHECK|通用-页面加载校验
2020-07-21 16:57:24,712 [INFO]: #  DATA:'欢迎进入 云塑企业资源计划管理系统'
2020-07-21 16:57:24,715 [INFO]: #  REAL:'欢迎进入 云塑企业资源计划管理系统'
2020-07-21 16:57:24,715 [INFO]: #  --- success ---
2020-07-21 16:57:24,916 [INFO]: #  ==================================================
2020-07-21 16:57:24,916 [INFO]: #  ...No SETUP testcase need to run...
2020-07-21 16:57:24,916 [INFO]: #  --------------------------------------------------
2020-07-21 16:57:24,917 [INFO]: #  >>> Run the TestCase: AEQ_001|审核编辑
2020-07-21 16:57:24,917 [INFO]: #  Run the Step: 1|用例片段|EXECUTE|CQ_001
2020-07-21 16:57:24,919 [INFO]: #  >>> Run the TestCase: CQ_001|新增需求订单
2020-07-21 16:57:24,919 [INFO]: #  Run the Step: 1|登录页面|CLICK|通用-左侧栏一级菜单#销售管理
2020-07-21 16:57:25,714 [INFO]: #  --- success ---
2020-07-21 16:57:25,915 [INFO]: #  Run the Step: 2|登录页面|CLICK|通用-左侧栏二级菜单#需求订单
2020-07-21 16:57:27,020 [INFO]: #  --- success ---
2020-07-21 16:57:27,221 [INFO]: #  Run the Step: 3|滚动需求订单|CLICK|滚动需求订单-tab滚动需求
2020-07-21 16:57:28,038 [INFO]: #  --- success ---
2020-07-21 16:57:28,238 [INFO]: #  Run the Step: 4|滚动需求订单|CLICK|滚动需求订单-btn新增
2020-07-21 16:57:29,232 [INFO]: #  --- success ---
2020-07-21 16:57:29,432 [INFO]: #  Run the Step: 5|滚动需求订单|CLICK|滚动需求订单-sel预交日期
2020-07-21 16:57:30,168 [INFO]: #  --- success ---
2020-07-21 16:57:30,369 [INFO]: #  Run the Step: 6|滚动需求订单|CLICK|滚动需求订单-val预交日期
2020-07-21 16:57:31,091 [INFO]: #  --- success ---
2020-07-21 16:57:31,292 [INFO]: #  Run the Step: 7|滚动需求订单|CLICK|滚动需求订单-sel客户名称
2020-07-21 16:57:31,965 [INFO]: #  --- success ---
2020-07-21 16:57:32,166 [INFO]: #  Run the Step: 8|滚动需求订单|CLICK|滚动需求订单-val客户名称-美的
2020-07-21 16:57:32,891 [INFO]: #  --- success ---
2020-07-21 16:57:33,092 [INFO]: #  Run the Step: 9|滚动需求订单|CLICK|滚动需求订单-sel订单等级
2020-07-21 16:57:33,769 [INFO]: #  --- success ---
2020-07-21 16:57:33,970 [INFO]: #  Run the Step: 10|滚动需求订单|CLICK|滚动需求订单-val订单等级-正常
2020-07-21 16:57:34,602 [INFO]: #  --- success ---
2020-07-21 16:57:34,802 [INFO]: #  Run the Step: 11|滚动需求订单|CLICK|滚动需求订单-sel业务部门
2020-07-21 16:57:35,524 [INFO]: #  --- success ---
2020-07-21 16:57:35,725 [INFO]: #  Run the Step: 12|滚动需求订单|CLICK|滚动需求订单-val业务部门-办公室
2020-07-21 16:57:36,474 [INFO]: #  --- success ---
2020-07-21 16:57:36,675 [INFO]: #  Run the Step: 13|滚动需求订单|CLICK|滚动需求订单-sel业务人员
2020-07-21 16:57:37,360 [INFO]: #  --- success ---
2020-07-21 16:57:37,568 [INFO]: #  Run the Step: 14|滚动需求订单|CLICK|滚动需求订单-val业务人员-周文杰
2020-07-21 16:57:38,310 [INFO]: #  --- success ---
2020-07-21 16:57:38,511 [INFO]: #  Run the Step: 15|滚动需求订单|CLICK|滚动需求订单-sel交货验收
2020-07-21 16:57:39,178 [INFO]: #  --- success ---
2020-07-21 16:57:39,378 [INFO]: #  Run the Step: 16|滚动需求订单|CLICK|滚动需求订单-val交货验收-否
2020-07-21 16:57:40,003 [INFO]: #  --- success ---
2020-07-21 16:57:40,204 [INFO]: #  Run the Step: 17|滚动需求订单|CLICK|滚动需求订单-btn订单明细-添加
2020-07-21 16:57:41,065 [INFO]: #  --- success ---
2020-07-21 16:57:41,266 [INFO]: #  Run the Step: 18|滚动需求订单|CLICK|滚动需求订单-sel物料编码
2020-07-21 16:57:41,976 [INFO]: #  --- success ---
2020-07-21 16:57:42,177 [INFO]: #  Run the Step: 19|滚动需求订单|CLICK|滚动需求订单-val物料编码-风扇罩-K333A0042-W1N-PP-不要求-NW-054
2020-07-21 16:57:47,016 [INFO]: #  --- success ---
2020-07-21 16:57:47,218 [INFO]: #  Run the Step: 20|滚动需求订单|INPUT|滚动需求订单-inp数量
2020-07-21 16:57:48,026 [INFO]: #  --- success ---
2020-07-21 16:57:48,226 [INFO]: #  Run the Step: 21|滚动需求订单|CLICK|滚动需求订单-sel订单明细-单价
2020-07-21 16:57:48,906 [INFO]: #  --- success ---
2020-07-21 16:57:49,112 [INFO]: #  Run the Step: 23|滚动需求订单|CHECK|滚动需求订单-sel订单明细-交货地点
2020-07-21 16:57:49,192 [INFO]: #  DATA:'B2成品货位'
2020-07-21 16:57:49,194 [INFO]: #  REAL:'B2成品货位'
2020-07-21 16:57:49,195 [INFO]: #  --- success ---
2020-07-21 16:57:49,395 [INFO]: #  Run the Step: 24|滚动需求订单|INPUT|滚动需求订单-inp备注
2020-07-21 16:57:50,683 [INFO]: #  --- success ---
2020-07-21 16:57:50,883 [INFO]: #  --- success ---
2020-07-21 16:57:51,083 [INFO]: #  Run the Step: 2|滚动需求订单|CLICK|通用-btn直接提交
2020-07-21 16:57:51,773 [INFO]: #  --- success ---
2020-07-21 16:57:51,973 [INFO]: #  Run the Step: 3|滚动需求订单|CLICK|通用-btn直接提交-确定
2020-07-21 16:57:52,787 [INFO]: #  --- success ---
2020-07-21 16:57:52,988 [INFO]: #  Run the Step: 4|滚动需求订单|CHECK|滚动需求订单-lab滚动单状态#已提交
2020-07-21 16:57:53,850 [INFO]: #  DATA:'已提交'
2020-07-21 16:57:53,850 [INFO]: #  REAL:'已提交'
2020-07-21 16:57:53,851 [INFO]: #  --- success ---
2020-07-21 16:57:54,051 [INFO]: #  Run the Step: 5|滚动需求订单|CLICK|通用-btn审核
2020-07-21 16:57:54,857 [INFO]: #  --- success ---
2020-07-21 16:57:55,058 [INFO]: #  Page:滚动需求订单 element:sel审核-不通过
2020-07-21 16:57:55,058 [INFO]: #  Run the Step: 6|滚动需求订单|CLICK|sel审核-不通过
2020-07-21 16:57:55,474 [ERROR]: #  +++ failure +++
Traceback (most recent call last):
  File "C:\Users\archmage\AppData\Local\Programs\Python\Python38-32\lib\site-packages\sweetest\testcase.py", line 137, in run
    element = getattr(web, step['keyword'].lower())(step)
  File "C:\Users\archmage\AppData\Local\Programs\Python\Python38-32\lib\site-packages\sweetest\keywords\web.py", line 175, in click
    element_location = locating_element(element, 'CLICK')
  File "C:\Users\archmage\AppData\Local\Programs\Python\Python38-32\lib\site-packages\sweetest\locator.py", line 23, in locating_element
    raise Exception(
Exception: Locating the element:sel审核-不通过 is Failure, this element is not define
2020-07-21 16:57:55,483 [INFO]: #  ==================================================
2020-07-21 16:57:55,483 [INFO]: #  ...No SETUP testcase need to run...
2020-07-21 16:57:55,483 [INFO]: #  --------------------------------------------------
2020-07-21 16:57:55,484 [INFO]: #  >>> Run the TestCase: DQ_001|删除需求订单
2020-07-21 16:57:55,484 [INFO]: #  Run the Step: 1|用例片段|EXECUTE|CQ_001
2020-07-21 16:57:55,486 [INFO]: #  >>> Run the TestCase: CQ_001|新增需求订单
2020-07-21 16:57:55,486 [INFO]: #  Run the Step: 1|滚动需求订单|CLICK|通用-左侧栏一级菜单#销售管理
2020-07-21 16:57:59,097 [ERROR]: #  +++ failure +++
Traceback (most recent call last):
  File "C:\Users\archmage\AppData\Local\Programs\Python\Python38-32\lib\site-packages\sweetest\keywords\web.py", line 178, in click
    element_location.click()
  File "C:\Users\archmage\AppData\Local\Programs\Python\Python38-32\lib\site-packages\selenium\webdriver\remote\webelement.py", line 80, in click
    self._execute(Command.CLICK_ELEMENT)
  File "C:\Users\archmage\AppData\Local\Programs\Python\Python38-32\lib\site-packages\selenium\webdriver\remote\webelement.py", line 633, in _execute
    return self._parent.execute(command, params)
  File "C:\Users\archmage\AppData\Local\Programs\Python\Python38-32\lib\site-packages\selenium\webdriver\remote\webdriver.py", line 321, in execute
    self.error_handler.check_response(response)
  File "C:\Users\archmage\AppData\Local\Programs\Python\Python38-32\lib\site-packages\selenium\webdriver\remote\errorhandler.py", line 242, in check_response
    raise exception_class(message, screen, stacktrace)
selenium.common.exceptions.ElementClickInterceptedException: Message: element click intercepted: Element <div aria-haspopup="true" class="ant-menu-submenu-title" style="padding-left: 24px;" aria-expanded="true" aria-owns="/saleOrder$Menu">...</div> is not clickable at point (100, 227). Other element would receive the click: <div tabindex="-1" role="dialog" aria-labelledby="rcDialogTitle0" class="ant-modal-wrap ">...</div>
  (Session info: chrome=84.0.4147.89)


During handling of the above exception, another exception occurred:

Traceback (most recent call last):
  File "C:\Users\archmage\AppData\Local\Programs\Python\Python38-32\lib\site-packages\sweetest\testcase.py", line 137, in run
    element = getattr(web, step['keyword'].lower())(step)
  File "C:\Users\archmage\AppData\Local\Programs\Python\Python38-32\lib\site-packages\sweetest\keywords\web.py", line 184, in click
    element_location.click()
  File "C:\Users\archmage\AppData\Local\Programs\Python\Python38-32\lib\site-packages\selenium\webdriver\remote\webelement.py", line 80, in click
    self._execute(Command.CLICK_ELEMENT)
  File "C:\Users\archmage\AppData\Local\Programs\Python\Python38-32\lib\site-packages\selenium\webdriver\remote\webelement.py", line 633, in _execute
    return self._parent.execute(command, params)
  File "C:\Users\archmage\AppData\Local\Programs\Python\Python38-32\lib\site-packages\selenium\webdriver\remote\webdriver.py", line 321, in execute
    self.error_handler.check_response(response)
  File "C:\Users\archmage\AppData\Local\Programs\Python\Python38-32\lib\site-packages\selenium\webdriver\remote\errorhandler.py", line 242, in check_response
    raise exception_class(message, screen, stacktrace)
selenium.common.exceptions.ElementClickInterceptedException: Message: element click intercepted: Element <div aria-haspopup="true" class="ant-menu-submenu-title" style="padding-left: 24px;" aria-expanded="true" aria-owns="/saleOrder$Menu">...</div> is not clickable at point (100, 227). Other element would receive the click: <div tabindex="-1" role="dialog" aria-labelledby="rcDialogTitle0" class="ant-modal-wrap ">...</div>
  (Session info: chrome=84.0.4147.89)

2020-07-21 16:57:59,101 [INFO]: #  ==================================================
2020-07-21 16:57:59,101 [INFO]: #  ...No SETUP testcase need to run...
2020-07-21 16:57:59,101 [INFO]: #  --------------------------------------------------
2020-07-21 16:57:59,101 [INFO]: #  >>> Run the TestCase: CH_001|查看需求订单
2020-07-21 16:57:59,102 [INFO]: #  Run the Step: 1|用例片段|EXECUTE|CQ_001
2020-07-21 16:57:59,103 [INFO]: #  >>> Run the TestCase: CQ_001|新增需求订单
2020-07-21 16:57:59,104 [INFO]: #  Run the Step: 1|滚动需求订单|CLICK|通用-左侧栏一级菜单#销售管理
2020-07-21 16:58:02,698 [ERROR]: #  +++ failure +++
Traceback (most recent call last):
  File "C:\Users\archmage\AppData\Local\Programs\Python\Python38-32\lib\site-packages\sweetest\keywords\web.py", line 178, in click
    element_location.click()
  File "C:\Users\archmage\AppData\Local\Programs\Python\Python38-32\lib\site-packages\selenium\webdriver\remote\webelement.py", line 80, in click
    self._execute(Command.CLICK_ELEMENT)
  File "C:\Users\archmage\AppData\Local\Programs\Python\Python38-32\lib\site-packages\selenium\webdriver\remote\webelement.py", line 633, in _execute
    return self._parent.execute(command, params)
  File "C:\Users\archmage\AppData\Local\Programs\Python\Python38-32\lib\site-packages\selenium\webdriver\remote\webdriver.py", line 321, in execute
    self.error_handler.check_response(response)
  File "C:\Users\archmage\AppData\Local\Programs\Python\Python38-32\lib\site-packages\selenium\webdriver\remote\errorhandler.py", line 242, in check_response
    raise exception_class(message, screen, stacktrace)
selenium.common.exceptions.ElementClickInterceptedException: Message: element click intercepted: Element <div aria-haspopup="true" class="ant-menu-submenu-title" style="padding-left: 24px;" aria-expanded="true" aria-owns="/saleOrder$Menu">...</div> is not clickable at point (100, 227). Other element would receive the click: <div tabindex="-1" role="dialog" aria-labelledby="rcDialogTitle0" class="ant-modal-wrap ">...</div>
  (Session info: chrome=84.0.4147.89)


During handling of the above exception, another exception occurred:

Traceback (most recent call last):
  File "C:\Users\archmage\AppData\Local\Programs\Python\Python38-32\lib\site-packages\sweetest\testcase.py", line 137, in run
    element = getattr(web, step['keyword'].lower())(step)
  File "C:\Users\archmage\AppData\Local\Programs\Python\Python38-32\lib\site-packages\sweetest\keywords\web.py", line 184, in click
    element_location.click()
  File "C:\Users\archmage\AppData\Local\Programs\Python\Python38-32\lib\site-packages\selenium\webdriver\remote\webelement.py", line 80, in click
    self._execute(Command.CLICK_ELEMENT)
  File "C:\Users\archmage\AppData\Local\Programs\Python\Python38-32\lib\site-packages\selenium\webdriver\remote\webelement.py", line 633, in _execute
    return self._parent.execute(command, params)
  File "C:\Users\archmage\AppData\Local\Programs\Python\Python38-32\lib\site-packages\selenium\webdriver\remote\webdriver.py", line 321, in execute
    self.error_handler.check_response(response)
  File "C:\Users\archmage\AppData\Local\Programs\Python\Python38-32\lib\site-packages\selenium\webdriver\remote\errorhandler.py", line 242, in check_response
    raise exception_class(message, screen, stacktrace)
selenium.common.exceptions.ElementClickInterceptedException: Message: element click intercepted: Element <div aria-haspopup="true" class="ant-menu-submenu-title" style="padding-left: 24px;" aria-expanded="true" aria-owns="/saleOrder$Menu">...</div> is not clickable at point (100, 227). Other element would receive the click: <div tabindex="-1" role="dialog" aria-labelledby="rcDialogTitle0" class="ant-modal-wrap ">...</div>
  (Session info: chrome=84.0.4147.89)

2020-07-21 16:58:04,918 [ERROR]: #  Clear the env is fail
Traceback (most recent call last):
  File "C:\Users\archmage\AppData\Local\Programs\Python\Python38-32\lib\socket.py", line 796, in create_connection
    sock.connect(sa)
socket.timeout: timed out

During handling of the above exception, another exception occurred:

Traceback (most recent call last):
  File "C:\Users\archmage\AppData\Local\Programs\Python\Python38-32\lib\site-packages\sweetest\testsuite.py", line 198, in run
    g.driver.quit()
  File "C:\Users\archmage\AppData\Local\Programs\Python\Python38-32\lib\site-packages\selenium\webdriver\chrome\webdriver.py", line 158, in quit
    self.service.stop()
  File "C:\Users\archmage\AppData\Local\Programs\Python\Python38-32\lib\site-packages\selenium\webdriver\common\service.py", line 151, in stop
    self.send_remote_shutdown_command()
  File "C:\Users\archmage\AppData\Local\Programs\Python\Python38-32\lib\site-packages\selenium\webdriver\common\service.py", line 132, in send_remote_shutdown_command
    if not self.is_connectable():
  File "C:\Users\archmage\AppData\Local\Programs\Python\Python38-32\lib\site-packages\selenium\webdriver\common\service.py", line 115, in is_connectable
    return utils.is_connectable(self.port)
  File "C:\Users\archmage\AppData\Local\Programs\Python\Python38-32\lib\site-packages\selenium\webdriver\common\utils.py", line 106, in is_connectable
    socket_ = socket.create_connection((host, port), 1)
  File "C:\Users\archmage\AppData\Local\Programs\Python\Python38-32\lib\socket.py", line 796, in create_connection
    sock.connect(sa)
KeyboardInterrupt
