2020-07-20 16:20:54,881 [INFO]: #  From Excel import testsuite success
2020-07-20 16:20:57,694 [INFO]: #  --------------------------------------------------
2020-07-20 16:20:57,695 [INFO]: #  >>> Run the TestCase: HOME_001|打开云塑ERP
2020-07-20 16:20:57,695 [INFO]: #  Run the Step: 1|通用|OPEN|通用-首页链接
2020-07-20 16:21:04,167 [INFO]: #  --- success ---
2020-07-20 16:21:04,367 [INFO]: #  Run the Step: 2|通用|CHECK|通用-页面title
2020-07-20 16:21:04,368 [INFO]: #  DATA:'云塑 企业资源计划管理系统'
2020-07-20 16:21:04,376 [INFO]: #  REAL:'云塑 企业资源计划管理系统'
2020-07-20 16:21:04,385 [INFO]: #  --- success ---
2020-07-20 16:21:04,586 [INFO]: #  --------------------------------------------------
2020-07-20 16:21:04,591 [INFO]: #  >>> Run the TestCase: Login_001|登录
2020-07-20 16:21:04,591 [INFO]: #  Run the Step: 1|登录页面|INPUT|登录页面-账号输入框
2020-07-20 16:21:05,434 [INFO]: #  --- success ---
2020-07-20 16:21:05,634 [INFO]: #  Run the Step: 2|登录页面|INPUT|登录页面-密码输入框
2020-07-20 16:21:06,477 [INFO]: #  --- success ---
2020-07-20 16:21:06,677 [INFO]: #  Run the Step: 3|登录页面|CLICK|登录页面-确定按钮
2020-07-20 16:21:07,352 [INFO]: #  --- success ---
2020-07-20 16:21:07,553 [INFO]: #  Run the Step: 4|登录页面|CHECK|通用-页面加载校验
2020-07-20 16:21:09,220 [INFO]: #  DATA:'欢迎进入 云塑企业资源计划管理系统'
2020-07-20 16:21:09,221 [INFO]: #  REAL:'欢迎进入 云塑企业资源计划管理系统'
2020-07-20 16:21:09,221 [INFO]: #  --- success ---
2020-07-20 16:21:09,422 [INFO]: #  ==================================================
2020-07-20 16:21:09,422 [INFO]: #  ...No SETUP testcase need to run...
2020-07-20 16:21:09,422 [INFO]: #  --------------------------------------------------
2020-07-20 16:21:09,423 [INFO]: #  >>> Run the TestCase: VQ_001|查看附件
2020-07-20 16:21:09,423 [INFO]: #  Run the Step: 1|用例片段|EXECUTE|CQ_001
2020-07-20 16:21:09,426 [INFO]: #  >>> Run the TestCase: CQ_001|新增报价单
2020-07-20 16:21:09,427 [INFO]: #  Run the Step: 1|报价管理|CLICK|报价管理-btn侧边栏报价管理
2020-07-20 16:21:10,534 [INFO]: #  --- success ---
2020-07-20 16:21:10,734 [INFO]: #  Run the Step: 2|报价管理|CLICK|报价管理-btn新增
2020-07-20 16:21:11,884 [INFO]: #  --- success ---
2020-07-20 16:21:12,084 [INFO]: #  Run the Step: 3|报价管理|CHECK|报价管理-lab报价状态#未定义
2020-07-20 16:21:12,171 [INFO]: #  DATA:'未定义'
2020-07-20 16:21:12,172 [INFO]: #  REAL:'未定义'
2020-07-20 16:21:12,172 [INFO]: #  --- success ---
2020-07-20 16:21:12,372 [INFO]: #  Run the Step: 4|报价管理|CLICK|报价管理-sel报价日期
2020-07-20 16:21:13,182 [INFO]: #  --- success ---
2020-07-20 16:21:13,383 [INFO]: #  Run the Step: 5|报价管理|CLICK|报价管理-val报价日期
2020-07-20 16:21:14,001 [INFO]: #  --- success ---
2020-07-20 16:21:14,201 [INFO]: #  Run the Step: 6|报价管理|CLICK|报价管理-sel客户简称
2020-07-20 16:21:14,885 [INFO]: #  --- success ---
2020-07-20 16:21:15,086 [INFO]: #  Run the Step: 7|报价管理|CLICK|报价管理-val客户简称-美的
2020-07-20 16:21:27,723 [ERROR]: #  +++ failure +++
Traceback (most recent call last):
  File "C:\Users\archmage\AppData\Local\Programs\Python\Python38-32\lib\site-packages\sweetest\keywords\web.py", line 178, in click
    element_location.click()
  File "C:\Users\archmage\AppData\Local\Programs\Python\Python38-32\lib\site-packages\selenium\webdriver\remote\webelement.py", line 80, in click
    self._execute(Command.CLICK_ELEMENT)
  File "C:\Users\archmage\AppData\Local\Programs\Python\Python38-32\lib\site-packages\selenium\webdriver\remote\webelement.py", line 633, in _execute
    return self._parent.execute(command, params)
  File "C:\Users\archmage\AppData\Local\Programs\Python\Python38-32\lib\site-packages\selenium\webdriver\remote\webdriver.py", line 321, in execute
    self.error_handler.check_response(response)
  File "C:\Users\archmage\AppData\Local\Programs\Python\Python38-32\lib\site-packages\selenium\webdriver\remote\errorhandler.py", line 242, in check_response
    raise exception_class(message, screen, stacktrace)
selenium.common.exceptions.ElementClickInterceptedException: Message: element click intercepted: Element <li role="option" class="ant-select-dropdown-menu-item ant-select-dropdown-menu-item-active" unselectable="on" style="user-select: none;">...</li> is not clickable at point (156, 14). Other element would receive the click: <div data-v-63c4c1a6="" data-v-5bd2994e="" class="logo">...</div>
  (Session info: chrome=84.0.4147.89)


During handling of the above exception, another exception occurred:

Traceback (most recent call last):
  File "C:\Users\archmage\AppData\Local\Programs\Python\Python38-32\lib\site-packages\sweetest\testcase.py", line 137, in run
    element = getattr(web, step['keyword'].lower())(step)
  File "C:\Users\archmage\AppData\Local\Programs\Python\Python38-32\lib\site-packages\sweetest\keywords\web.py", line 184, in click
    element_location.click()
  File "C:\Users\archmage\AppData\Local\Programs\Python\Python38-32\lib\site-packages\selenium\webdriver\remote\webelement.py", line 80, in click
    self._execute(Command.CLICK_ELEMENT)
  File "C:\Users\archmage\AppData\Local\Programs\Python\Python38-32\lib\site-packages\selenium\webdriver\remote\webelement.py", line 633, in _execute
    return self._parent.execute(command, params)
  File "C:\Users\archmage\AppData\Local\Programs\Python\Python38-32\lib\site-packages\selenium\webdriver\remote\webdriver.py", line 321, in execute
    self.error_handler.check_response(response)
  File "C:\Users\archmage\AppData\Local\Programs\Python\Python38-32\lib\site-packages\selenium\webdriver\remote\errorhandler.py", line 242, in check_response
    raise exception_class(message, screen, stacktrace)
selenium.common.exceptions.ElementNotInteractableException: Message: element not interactable
  (Session info: chrome=84.0.4147.89)

2020-07-20 16:21:27,727 [INFO]: #  ==================================================
2020-07-20 16:21:27,728 [INFO]: #  ...No SETUP testcase need to run...
2020-07-20 16:21:27,728 [INFO]: #  --------------------------------------------------
2020-07-20 16:21:27,728 [INFO]: #  >>> Run the TestCase: AEQ_001|审核编辑
2020-07-20 16:21:27,729 [INFO]: #  Run the Step: 1|报价管理|CLICK|报价管理-btn审核
2020-07-20 16:21:54,271 [ERROR]: #  +++ failure +++
Traceback (most recent call last):
  File "C:\Users\archmage\AppData\Local\Programs\Python\Python38-32\lib\site-packages\sweetest\locator.py", line 32, in locating_element
    el_location = wait.until(EC.presence_of_element_located(
  File "C:\Users\archmage\AppData\Local\Programs\Python\Python38-32\lib\site-packages\selenium\webdriver\support\wait.py", line 80, in until
    raise TimeoutException(message, screen, stacktrace)
selenium.common.exceptions.TimeoutException: Message: 


During handling of the above exception, another exception occurred:

Traceback (most recent call last):
  File "C:\Users\archmage\AppData\Local\Programs\Python\Python38-32\lib\site-packages\sweetest\locator.py", line 37, in locating_element
    el_location = wait.until(EC.presence_of_element_located(
  File "C:\Users\archmage\AppData\Local\Programs\Python\Python38-32\lib\site-packages\selenium\webdriver\support\wait.py", line 80, in until
    raise TimeoutException(message, screen, stacktrace)
selenium.common.exceptions.TimeoutException: Message: 


During handling of the above exception, another exception occurred:

Traceback (most recent call last):
  File "C:\Users\archmage\AppData\Local\Programs\Python\Python38-32\lib\site-packages\sweetest\testcase.py", line 137, in run
    element = getattr(web, step['keyword'].lower())(step)
  File "C:\Users\archmage\AppData\Local\Programs\Python\Python38-32\lib\site-packages\sweetest\keywords\web.py", line 175, in click
    element_location = locating_element(element, 'CLICK')
  File "C:\Users\archmage\AppData\Local\Programs\Python\Python38-32\lib\site-packages\sweetest\locator.py", line 40, in locating_element
    raise Exception('Locating the element:%s is Failure: Timeout' % element)
Exception: Locating the element:报价管理-btn审核 is Failure: Timeout
2020-07-20 16:21:54,273 [INFO]: #  ==================================================
2020-07-20 16:21:54,273 [INFO]: #  ...No SETUP testcase need to run...
2020-07-20 16:21:54,274 [INFO]: #  --------------------------------------------------
2020-07-20 16:21:54,274 [INFO]: #  >>> Run the TestCase: DQ_001|删除报价单
2020-07-20 16:21:54,275 [INFO]: #  Run the Step: 1|用例片段|EXECUTE|CQ_001
2020-07-20 16:21:54,278 [INFO]: #  >>> Run the TestCase: CQ_001|新增报价单
2020-07-20 16:21:54,278 [INFO]: #  Run the Step: 1|报价管理|CLICK|报价管理-btn侧边栏报价管理
2020-07-20 16:21:54,932 [INFO]: #  --- success ---
2020-07-20 16:21:55,132 [INFO]: #  Run the Step: 2|报价管理|CLICK|报价管理-btn新增
2020-07-20 16:22:21,644 [ERROR]: #  +++ failure +++
Traceback (most recent call last):
  File "C:\Users\archmage\AppData\Local\Programs\Python\Python38-32\lib\site-packages\sweetest\locator.py", line 32, in locating_element
    el_location = wait.until(EC.presence_of_element_located(
  File "C:\Users\archmage\AppData\Local\Programs\Python\Python38-32\lib\site-packages\selenium\webdriver\support\wait.py", line 80, in until
    raise TimeoutException(message, screen, stacktrace)
selenium.common.exceptions.TimeoutException: Message: 


During handling of the above exception, another exception occurred:

Traceback (most recent call last):
  File "C:\Users\archmage\AppData\Local\Programs\Python\Python38-32\lib\site-packages\sweetest\locator.py", line 37, in locating_element
    el_location = wait.until(EC.presence_of_element_located(
  File "C:\Users\archmage\AppData\Local\Programs\Python\Python38-32\lib\site-packages\selenium\webdriver\support\wait.py", line 80, in until
    raise TimeoutException(message, screen, stacktrace)
selenium.common.exceptions.TimeoutException: Message: 


During handling of the above exception, another exception occurred:

Traceback (most recent call last):
  File "C:\Users\archmage\AppData\Local\Programs\Python\Python38-32\lib\site-packages\sweetest\testcase.py", line 137, in run
    element = getattr(web, step['keyword'].lower())(step)
  File "C:\Users\archmage\AppData\Local\Programs\Python\Python38-32\lib\site-packages\sweetest\keywords\web.py", line 175, in click
    element_location = locating_element(element, 'CLICK')
  File "C:\Users\archmage\AppData\Local\Programs\Python\Python38-32\lib\site-packages\sweetest\locator.py", line 40, in locating_element
    raise Exception('Locating the element:%s is Failure: Timeout' % element)
Exception: Locating the element:报价管理-btn新增 is Failure: Timeout
2020-07-20 16:22:23,873 [INFO]: #  --- Quit th Driver: Chrome
