2020-07-28 21:53:29,365 [INFO]: #  From Excel import testsuite success
2020-07-28 21:53:31,993 [INFO]: #  --------------------------------------------------
2020-07-28 21:53:31,993 [INFO]: #  >>> Run the TestCase: HOME_001|打开云塑ERP
2020-07-28 21:53:31,993 [INFO]: #  Run the Step: 1|通用|OPEN|通用-首页链接
2020-07-28 21:53:36,124 [INFO]: #  --- success ---
2020-07-28 21:53:36,324 [INFO]: #  Run the Step: 2|通用|CHECK|通用-页面title
2020-07-28 21:53:36,325 [INFO]: #  DATA:'云塑 企业资源计划管理系统'
2020-07-28 21:53:36,335 [INFO]: #  REAL:'云塑 企业资源计划管理系统'
2020-07-28 21:53:36,345 [INFO]: #  --- success ---
2020-07-28 21:53:36,546 [INFO]: #  --------------------------------------------------
2020-07-28 21:53:36,546 [INFO]: #  >>> Run the TestCase: Login_001|登录
2020-07-28 21:53:36,547 [INFO]: #  Run the Step: 1|登录页面|INPUT|登录页面-账号输入框
2020-07-28 21:53:37,388 [INFO]: #  --- success ---
2020-07-28 21:53:37,588 [INFO]: #  Run the Step: 2|登录页面|INPUT|登录页面-密码输入框
2020-07-28 21:53:38,455 [INFO]: #  --- success ---
2020-07-28 21:53:38,655 [INFO]: #  Run the Step: 3|登录页面|CLICK|登录页面-确定按钮
2020-07-28 21:53:39,312 [INFO]: #  --- success ---
2020-07-28 21:53:39,517 [INFO]: #  Run the Step: 4|登录页面|CHECK|通用-页面加载校验
2020-07-28 21:53:52,470 [ERROR]: #  *** save the screenshot is failure ***
Traceback (most recent call last):
  File "site-packages\urllib3\connection.py", line 159, in _new_conn
  File "site-packages\urllib3\util\connection.py", line 80, in create_connection
  File "site-packages\urllib3\util\connection.py", line 70, in create_connection
ConnectionRefusedError: [WinError 10061] 由于目标计算机积极拒绝，无法连接。

During handling of the above exception, another exception occurred:

Traceback (most recent call last):
  File "site-packages\urllib3\connectionpool.py", line 600, in urlopen
  File "site-packages\urllib3\connectionpool.py", line 355, in _make_request
  File "http\client.py", line 1230, in request
  File "http\client.py", line 1276, in _send_request
  File "http\client.py", line 1225, in endheaders
  File "http\client.py", line 1004, in _send_output
  File "http\client.py", line 944, in send
  File "site-packages\urllib3\connection.py", line 183, in connect
  File "site-packages\urllib3\connection.py", line 168, in _new_conn
urllib3.exceptions.NewConnectionError: <urllib3.connection.HTTPConnection object at 0x09C71970>: Failed to establish a new connection: [WinError 10061] 由于目标计算机积极拒绝，无法连接。

During handling of the above exception, another exception occurred:

Traceback (most recent call last):
  File "daitest\testcase.py", line 137, in run
  File "daitest\keywords\web.py", line 106, in check
  File "site-packages\selenium\webdriver\remote\webelement.py", line 76, in text
  File "site-packages\selenium\webdriver\remote\webelement.py", line 633, in _execute
  File "site-packages\selenium\webdriver\remote\webdriver.py", line 319, in execute
  File "site-packages\selenium\webdriver\remote\remote_connection.py", line 374, in execute
  File "site-packages\selenium\webdriver\remote\remote_connection.py", line 397, in _request
  File "site-packages\urllib3\request.py", line 66, in request
  File "site-packages\urllib3\request.py", line 89, in request_encode_url
  File "site-packages\urllib3\poolmanager.py", line 326, in urlopen
  File "site-packages\urllib3\connectionpool.py", line 666, in urlopen
  File "site-packages\urllib3\connectionpool.py", line 666, in urlopen
  File "site-packages\urllib3\connectionpool.py", line 666, in urlopen
  File "site-packages\urllib3\connectionpool.py", line 640, in urlopen
  File "site-packages\urllib3\util\retry.py", line 399, in increment
urllib3.exceptions.MaxRetryError: HTTPConnectionPool(host='127.0.0.1', port=51941): Max retries exceeded with url: /session/bc87831722a8cb75bcff51d53f45f28b/element/0cb59af9-fbcb-4544-97e6-6502b7e95a04/text (Caused by NewConnectionError('<urllib3.connection.HTTPConnection object at 0x09C71970>: Failed to establish a new connection: [WinError 10061] 由于目标计算机积极拒绝，无法连接。'))

During handling of the above exception, another exception occurred:

Traceback (most recent call last):
  File "site-packages\urllib3\util\connection.py", line 70, in create_connection
ConnectionRefusedError: [WinError 10061] 由于目标计算机积极拒绝，无法连接。

During handling of the above exception, another exception occurred:

Traceback (most recent call last):
  File "daitest\testcase.py", line 227, in run
  File "site-packages\selenium\webdriver\remote\webdriver.py", line 1032, in get_screenshot_as_file
  File "site-packages\selenium\webdriver\remote\webdriver.py", line 1064, in get_screenshot_as_png
  File "site-packages\selenium\webdriver\remote\webdriver.py", line 1074, in get_screenshot_as_base64
  File "site-packages\selenium\webdriver\remote\webdriver.py", line 319, in execute
  File "site-packages\selenium\webdriver\remote\remote_connection.py", line 374, in execute
  File "site-packages\selenium\webdriver\remote\remote_connection.py", line 397, in _request
  File "site-packages\urllib3\request.py", line 66, in request
  File "site-packages\urllib3\request.py", line 89, in request_encode_url
  File "site-packages\urllib3\poolmanager.py", line 326, in urlopen
  File "site-packages\urllib3\connectionpool.py", line 666, in urlopen
  File "site-packages\urllib3\connectionpool.py", line 666, in urlopen
  File "site-packages\urllib3\connectionpool.py", line 600, in urlopen
  File "site-packages\urllib3\connectionpool.py", line 355, in _make_request
  File "http\client.py", line 1230, in request
  File "http\client.py", line 1276, in _send_request
  File "http\client.py", line 1225, in endheaders
  File "http\client.py", line 1004, in _send_output
  File "http\client.py", line 944, in send
  File "site-packages\urllib3\connection.py", line 183, in connect
  File "site-packages\urllib3\connection.py", line 159, in _new_conn
  File "site-packages\urllib3\util\connection.py", line 70, in create_connection
KeyboardInterrupt
2020-07-28 21:53:52,484 [ERROR]: #  +++ failure +++
Traceback (most recent call last):
  File "site-packages\urllib3\connection.py", line 159, in _new_conn
  File "site-packages\urllib3\util\connection.py", line 80, in create_connection
  File "site-packages\urllib3\util\connection.py", line 70, in create_connection
ConnectionRefusedError: [WinError 10061] 由于目标计算机积极拒绝，无法连接。

During handling of the above exception, another exception occurred:

Traceback (most recent call last):
  File "site-packages\urllib3\connectionpool.py", line 600, in urlopen
  File "site-packages\urllib3\connectionpool.py", line 355, in _make_request
  File "http\client.py", line 1230, in request
  File "http\client.py", line 1276, in _send_request
  File "http\client.py", line 1225, in endheaders
  File "http\client.py", line 1004, in _send_output
  File "http\client.py", line 944, in send
  File "site-packages\urllib3\connection.py", line 183, in connect
  File "site-packages\urllib3\connection.py", line 168, in _new_conn
urllib3.exceptions.NewConnectionError: <urllib3.connection.HTTPConnection object at 0x09C71970>: Failed to establish a new connection: [WinError 10061] 由于目标计算机积极拒绝，无法连接。

During handling of the above exception, another exception occurred:

Traceback (most recent call last):
  File "daitest\testcase.py", line 137, in run
  File "daitest\keywords\web.py", line 106, in check
  File "site-packages\selenium\webdriver\remote\webelement.py", line 76, in text
  File "site-packages\selenium\webdriver\remote\webelement.py", line 633, in _execute
  File "site-packages\selenium\webdriver\remote\webdriver.py", line 319, in execute
  File "site-packages\selenium\webdriver\remote\remote_connection.py", line 374, in execute
  File "site-packages\selenium\webdriver\remote\remote_connection.py", line 397, in _request
  File "site-packages\urllib3\request.py", line 66, in request
  File "site-packages\urllib3\request.py", line 89, in request_encode_url
  File "site-packages\urllib3\poolmanager.py", line 326, in urlopen
  File "site-packages\urllib3\connectionpool.py", line 666, in urlopen
  File "site-packages\urllib3\connectionpool.py", line 666, in urlopen
  File "site-packages\urllib3\connectionpool.py", line 666, in urlopen
  File "site-packages\urllib3\connectionpool.py", line 640, in urlopen
  File "site-packages\urllib3\util\retry.py", line 399, in increment
urllib3.exceptions.MaxRetryError: HTTPConnectionPool(host='127.0.0.1', port=51941): Max retries exceeded with url: /session/bc87831722a8cb75bcff51d53f45f28b/element/0cb59af9-fbcb-4544-97e6-6502b7e95a04/text (Caused by NewConnectionError('<urllib3.connection.HTTPConnection object at 0x09C71970>: Failed to establish a new connection: [WinError 10061] 由于目标计算机积极拒绝，无法连接。'))
2020-07-28 21:53:52,493 [WARNING]: #  Run the testcase: Login_001|登录 Failure, BASE is not success. Break the AutoTest
