2020-07-21 15:14:01,801 [INFO]: #  From Excel import testsuite success
2020-07-21 15:14:04,424 [INFO]: #  --------------------------------------------------
2020-07-21 15:14:04,425 [INFO]: #  >>> Run the TestCase: HOME_001|打开云塑ERP
2020-07-21 15:14:04,425 [INFO]: #  Run the Step: 1|通用|OPEN|通用-首页链接
2020-07-21 15:14:10,621 [INFO]: #  --- success ---
2020-07-21 15:14:10,821 [INFO]: #  Run the Step: 2|通用|CHECK|通用-页面title
2020-07-21 15:14:10,821 [INFO]: #  DATA:'云塑 企业资源计划管理系统'
2020-07-21 15:14:10,830 [INFO]: #  REAL:'云塑 企业资源计划管理系统'
2020-07-21 15:14:10,850 [INFO]: #  --- success ---
2020-07-21 15:14:11,051 [INFO]: #  --------------------------------------------------
2020-07-21 15:14:11,051 [INFO]: #  >>> Run the TestCase: Login_001|登录
2020-07-21 15:14:11,051 [INFO]: #  Run the Step: 1|登录页面|INPUT|登录页面-账号输入框
2020-07-21 15:14:11,871 [INFO]: #  --- success ---
2020-07-21 15:14:12,071 [INFO]: #  Run the Step: 2|登录页面|INPUT|登录页面-密码输入框
2020-07-21 15:14:12,950 [INFO]: #  --- success ---
2020-07-21 15:14:13,156 [INFO]: #  Run the Step: 3|登录页面|CLICK|登录页面-确定按钮
2020-07-21 15:14:13,816 [INFO]: #  --- success ---
2020-07-21 15:14:14,016 [INFO]: #  Run the Step: 4|登录页面|CHECK|通用-页面加载校验
2020-07-21 15:14:15,724 [INFO]: #  DATA:'欢迎进入 云塑企业资源计划管理系统'
2020-07-21 15:14:15,725 [INFO]: #  REAL:'欢迎进入 云塑企业资源计划管理系统'
2020-07-21 15:14:15,725 [INFO]: #  --- success ---
2020-07-21 15:14:15,926 [INFO]: #  ==================================================
2020-07-21 15:14:15,926 [INFO]: #  ...No SETUP testcase need to run...
2020-07-21 15:14:15,927 [INFO]: #  --------------------------------------------------
2020-07-21 15:14:15,927 [INFO]: #  >>> Run the TestCase: AEQ_001|审核编辑
2020-07-21 15:14:15,928 [INFO]: #  Run the Step: 1|用例片段|EXECUTE|CQ_001
2020-07-21 15:14:15,930 [INFO]: #  >>> Run the TestCase: CQ_001|新增需求订单
2020-07-21 15:14:15,931 [INFO]: #  Run the Step: 1|登录页面|CLICK|通用-左侧栏一级菜单#销售管理
2020-07-21 15:14:16,697 [INFO]: #  --- success ---
2020-07-21 15:14:16,897 [INFO]: #  Run the Step: 2|登录页面|CLICK|通用-左侧栏二级菜单#需求订单
2020-07-21 15:14:18,105 [INFO]: #  --- success ---
2020-07-21 15:14:18,305 [INFO]: #  Run the Step: 3|滚动需求订单|CLICK|滚动需求订单-tab滚动需求
2020-07-21 15:14:19,121 [INFO]: #  --- success ---
2020-07-21 15:14:19,322 [INFO]: #  Run the Step: 4|滚动需求订单|CLICK|滚动需求订单-btn新增
2020-07-21 15:14:20,312 [INFO]: #  --- success ---
2020-07-21 15:14:20,512 [INFO]: #  Run the Step: 5|滚动需求订单|CHECK|滚动需求订单-lab滚动单状态#未定义
2020-07-21 15:14:20,594 [INFO]: #  DATA:'未定义'
2020-07-21 15:14:20,594 [INFO]: #  REAL:'未定义'
2020-07-21 15:14:20,595 [INFO]: #  --- success ---
2020-07-21 15:14:20,795 [INFO]: #  Run the Step: 6|滚动需求订单|CLICK|滚动需求订单-sel预交日期
2020-07-21 15:14:21,507 [INFO]: #  --- success ---
2020-07-21 15:14:21,708 [INFO]: #  Run the Step: 7|滚动需求订单|CLICK|滚动需求订单-val预交日期
2020-07-21 15:14:22,423 [INFO]: #  --- success ---
2020-07-21 15:14:22,626 [INFO]: #  Run the Step: 8|滚动需求订单|CLICK|滚动需求订单-sel客户名称
2020-07-21 15:14:23,312 [INFO]: #  --- success ---
2020-07-21 15:14:23,513 [INFO]: #  Run the Step: 9|滚动需求订单|CLICK|滚动需求订单-val客户名称-美的
2020-07-21 15:14:24,256 [INFO]: #  --- success ---
2020-07-21 15:14:24,456 [INFO]: #  Run the Step: 10|滚动需求订单|CLICK|滚动需求订单-sel订单等级
2020-07-21 15:14:25,120 [INFO]: #  --- success ---
2020-07-21 15:14:25,320 [INFO]: #  Run the Step: 11|滚动需求订单|CLICK|滚动需求订单-val订单等级-正常
2020-07-21 15:14:25,986 [INFO]: #  --- success ---
2020-07-21 15:14:26,186 [INFO]: #  Run the Step: 12|滚动需求订单|CLICK|滚动需求订单-sel业务部门
2020-07-21 15:14:26,897 [INFO]: #  --- success ---
2020-07-21 15:14:27,106 [INFO]: #  Run the Step: 13|滚动需求订单|CLICK|滚动需求订单-val业务部门-办公室
2020-07-21 15:14:27,873 [INFO]: #  --- success ---
2020-07-21 15:14:28,073 [INFO]: #  Run the Step: 14|滚动需求订单|CLICK|滚动需求订单-sel业务人员
2020-07-21 15:14:28,765 [INFO]: #  --- success ---
2020-07-21 15:14:28,966 [INFO]: #  Run the Step: 15|滚动需求订单|CLICK|滚动需求订单-val业务人员-周文杰
2020-07-21 15:14:29,725 [INFO]: #  --- success ---
2020-07-21 15:14:29,926 [INFO]: #  Run the Step: 16|滚动需求订单|CLICK|滚动需求订单-sel交货验收
2020-07-21 15:14:30,638 [INFO]: #  --- success ---
2020-07-21 15:14:30,839 [INFO]: #  Run the Step: 17|滚动需求订单|CLICK|滚动需求订单-val交货验收-否
2020-07-21 15:14:31,474 [INFO]: #  --- success ---
2020-07-21 15:14:31,674 [INFO]: #  Run the Step: 18|滚动需求订单|CLICK|滚动需求订单-btn订单明细-添加
2020-07-21 15:14:32,569 [INFO]: #  --- success ---
2020-07-21 15:14:32,770 [INFO]: #  Run the Step: 19|滚动需求订单|CLICK|滚动需求订单-sel物料编码
2020-07-21 15:14:33,491 [INFO]: #  --- success ---
2020-07-21 15:14:33,692 [INFO]: #  Run the Step: 20|滚动需求订单|CLICK|滚动需求订单-val物料编码-风扇罩-K333A0042-W1N-PP-不要求-NW-054
2020-07-21 15:14:34,651 [INFO]: #  --- success ---
2020-07-21 15:14:34,851 [INFO]: #  Run the Step: 21|滚动需求订单|INPUT|滚动需求订单-inp数量
2020-07-21 15:14:35,692 [INFO]: #  --- success ---
2020-07-21 15:14:35,892 [INFO]: #  Run the Step: 22|滚动需求订单|CLICK|滚动需求订单-sel订单明细-单价
2020-07-21 15:14:36,582 [INFO]: #  --- success ---
2020-07-21 15:14:36,782 [INFO]: #  Run the Step: 23|滚动需求订单|CHECK|滚动需求订单-sel订单明细-预交日期
2020-07-21 15:14:36,856 [INFO]: #  DATA:'2020-07-21'
2020-07-21 15:14:36,859 [INFO]: #  REAL:''
2020-07-21 15:14:37,277 [ERROR]: #  +++ failure +++
Traceback (most recent call last):
  File "C:\Users\archmage\AppData\Local\Programs\Python\Python38-32\lib\site-packages\sweetest\keywords\web.py", line 115, in check
    compare(expected, real)
  File "C:\Users\archmage\AppData\Local\Programs\Python\Python38-32\lib\site-packages\sweetest\utility.py", line 473, in compare
    assert data == real
AssertionError

During handling of the above exception, another exception occurred:

Traceback (most recent call last):
  File "C:\Users\archmage\AppData\Local\Programs\Python\Python38-32\lib\site-packages\sweetest\testcase.py", line 137, in run
    element = getattr(web, step['keyword'].lower())(step)
  File "C:\Users\archmage\AppData\Local\Programs\Python\Python38-32\lib\site-packages\sweetest\keywords\web.py", line 117, in check
    raise Exception(f'Check Failure, DATA:{repr(expected)}, REAL:{repr(real)}')
Exception: Check Failure, DATA:'2020-07-21', REAL:''
2020-07-21 15:14:37,283 [INFO]: #  ==================================================
2020-07-21 15:14:37,284 [INFO]: #  ...No SETUP testcase need to run...
2020-07-21 15:14:37,284 [INFO]: #  --------------------------------------------------
2020-07-21 15:14:37,284 [INFO]: #  >>> Run the TestCase: DQ_001|删除需求订单
2020-07-21 15:14:37,284 [INFO]: #  Run the Step: 1|用例片段|EXECUTE|CQ_001
2020-07-21 15:14:37,286 [INFO]: #  >>> Run the TestCase: CQ_001|新增需求订单
2020-07-21 15:14:37,287 [INFO]: #  Run the Step: 1|滚动需求订单|CLICK|通用-左侧栏一级菜单#销售管理
2020-07-21 15:14:37,975 [INFO]: #  --- success ---
2020-07-21 15:14:38,182 [INFO]: #  Run the Step: 2|滚动需求订单|CLICK|通用-左侧栏二级菜单#需求订单
2020-07-21 15:14:59,121 [ERROR]: #  +++ failure +++
Traceback (most recent call last):
  File "C:\Users\archmage\AppData\Local\Programs\Python\Python38-32\lib\site-packages\sweetest\testcase.py", line 137, in run
    element = getattr(web, step['keyword'].lower())(step)
  File "C:\Users\archmage\AppData\Local\Programs\Python\Python38-32\lib\site-packages\sweetest\keywords\web.py", line 178, in click
    element_location.click()
  File "C:\Users\archmage\AppData\Local\Programs\Python\Python38-32\lib\site-packages\selenium\webdriver\remote\webelement.py", line 80, in click
    self._execute(Command.CLICK_ELEMENT)
  File "C:\Users\archmage\AppData\Local\Programs\Python\Python38-32\lib\site-packages\selenium\webdriver\remote\webelement.py", line 633, in _execute
    return self._parent.execute(command, params)
  File "C:\Users\archmage\AppData\Local\Programs\Python\Python38-32\lib\site-packages\selenium\webdriver\remote\webdriver.py", line 321, in execute
    self.error_handler.check_response(response)
  File "C:\Users\archmage\AppData\Local\Programs\Python\Python38-32\lib\site-packages\selenium\webdriver\remote\errorhandler.py", line 242, in check_response
    raise exception_class(message, screen, stacktrace)
selenium.common.exceptions.ElementNotInteractableException: Message: element not interactable
  (Session info: chrome=84.0.4147.89)

2020-07-21 15:14:59,123 [INFO]: #  ==================================================
2020-07-21 15:14:59,124 [INFO]: #  ...No SETUP testcase need to run...
2020-07-21 15:14:59,124 [INFO]: #  --------------------------------------------------
2020-07-21 15:14:59,124 [INFO]: #  >>> Run the TestCase: CH_001|查看需求订单
2020-07-21 15:14:59,125 [INFO]: #  Run the Step: 1|用例片段|EXECUTE|CQ_001
2020-07-21 15:14:59,127 [INFO]: #  >>> Run the TestCase: CQ_001|新增需求订单
2020-07-21 15:14:59,127 [INFO]: #  Run the Step: 1|滚动需求订单|CLICK|通用-左侧栏一级菜单#销售管理
2020-07-21 15:14:59,846 [INFO]: #  --- success ---
2020-07-21 15:15:00,046 [INFO]: #  Run the Step: 2|滚动需求订单|CLICK|通用-左侧栏二级菜单#需求订单
2020-07-21 15:15:00,727 [INFO]: #  --- success ---
2020-07-21 15:15:00,928 [INFO]: #  Run the Step: 3|滚动需求订单|CLICK|滚动需求订单-tab滚动需求
2020-07-21 15:15:27,376 [ERROR]: #  +++ failure +++
Traceback (most recent call last):
  File "C:\Users\archmage\AppData\Local\Programs\Python\Python38-32\lib\site-packages\sweetest\locator.py", line 32, in locating_element
    el_location = wait.until(EC.presence_of_element_located(
  File "C:\Users\archmage\AppData\Local\Programs\Python\Python38-32\lib\site-packages\selenium\webdriver\support\wait.py", line 80, in until
    raise TimeoutException(message, screen, stacktrace)
selenium.common.exceptions.TimeoutException: Message: 


During handling of the above exception, another exception occurred:

Traceback (most recent call last):
  File "C:\Users\archmage\AppData\Local\Programs\Python\Python38-32\lib\site-packages\sweetest\locator.py", line 37, in locating_element
    el_location = wait.until(EC.presence_of_element_located(
  File "C:\Users\archmage\AppData\Local\Programs\Python\Python38-32\lib\site-packages\selenium\webdriver\support\wait.py", line 80, in until
    raise TimeoutException(message, screen, stacktrace)
selenium.common.exceptions.TimeoutException: Message: 


During handling of the above exception, another exception occurred:

Traceback (most recent call last):
  File "C:\Users\archmage\AppData\Local\Programs\Python\Python38-32\lib\site-packages\sweetest\testcase.py", line 137, in run
    element = getattr(web, step['keyword'].lower())(step)
  File "C:\Users\archmage\AppData\Local\Programs\Python\Python38-32\lib\site-packages\sweetest\keywords\web.py", line 175, in click
    element_location = locating_element(element, 'CLICK')
  File "C:\Users\archmage\AppData\Local\Programs\Python\Python38-32\lib\site-packages\sweetest\locator.py", line 40, in locating_element
    raise Exception('Locating the element:%s is Failure: Timeout' % element)
Exception: Locating the element:滚动需求订单-tab滚动需求 is Failure: Timeout
2020-07-21 15:15:29,588 [INFO]: #  --- Quit th Driver: Chrome
