2020-07-20 14:59:57,412 [INFO]: #  From Excel import testsuite success
2020-07-20 15:00:00,024 [INFO]: #  --------------------------------------------------
2020-07-20 15:00:00,025 [INFO]: #  >>> Run the TestCase: HOME_001|打开云塑ERP
2020-07-20 15:00:00,025 [INFO]: #  Run the Step: 1|通用|OPEN|通用-首页链接
2020-07-20 15:00:07,028 [INFO]: #  --- success ---
2020-07-20 15:00:07,231 [INFO]: #  Run the Step: 2|通用|CHECK|通用-页面title
2020-07-20 15:00:07,231 [INFO]: #  DATA:'云塑 企业资源计划管理系统'
2020-07-20 15:00:07,239 [INFO]: #  REAL:'云塑 企业资源计划管理系统'
2020-07-20 15:00:07,250 [INFO]: #  --- success ---
2020-07-20 15:00:07,451 [INFO]: #  --------------------------------------------------
2020-07-20 15:00:07,451 [INFO]: #  >>> Run the TestCase: Login_001|登录
2020-07-20 15:00:07,451 [INFO]: #  Run the Step: 1|登录页面|INPUT|登录页面-账号输入框
2020-07-20 15:00:08,424 [INFO]: #  --- success ---
2020-07-20 15:00:08,624 [INFO]: #  Run the Step: 2|登录页面|INPUT|登录页面-密码输入框
2020-07-20 15:00:09,689 [INFO]: #  --- success ---
2020-07-20 15:00:09,902 [INFO]: #  Run the Step: 3|登录页面|CLICK|登录页面-确定按钮
2020-07-20 15:00:10,559 [INFO]: #  --- success ---
2020-07-20 15:00:10,760 [INFO]: #  Run the Step: 4|登录页面|CHECK|通用-页面加载校验
2020-07-20 15:00:12,882 [INFO]: #  DATA:'欢迎进入 云塑企业资源计划管理系统'
2020-07-20 15:00:12,882 [INFO]: #  REAL:'欢迎进入 云塑企业资源计划管理系统'
2020-07-20 15:00:12,883 [INFO]: #  --- success ---
2020-07-20 15:00:13,084 [INFO]: #  ==================================================
2020-07-20 15:00:13,085 [INFO]: #  ...No SETUP testcase need to run...
2020-07-20 15:00:13,095 [INFO]: #  --------------------------------------------------
2020-07-20 15:00:13,095 [INFO]: #  >>> Run the TestCase: VQ_001|查看附件
2020-07-20 15:00:13,096 [INFO]: #  Run the Step: 1|用例片段|EXECUTE|CQ_001
2020-07-20 15:00:13,100 [INFO]: #  >>> Run the TestCase: CQ_001|新增报价单
2020-07-20 15:00:13,103 [INFO]: #  Run the Step: 1|报价管理|CLICK|报价管理-btn侧边栏报价管理
2020-07-20 15:00:14,256 [INFO]: #  --- success ---
2020-07-20 15:00:14,464 [INFO]: #  Run the Step: 2|报价管理|CLICK|报价管理-btn新增
2020-07-20 15:00:15,613 [INFO]: #  --- success ---
2020-07-20 15:00:15,813 [INFO]: #  Run the Step: 3|报价管理|CHECK|报价管理-lab报价状态#未定义
2020-07-20 15:00:15,887 [INFO]: #  --- success ---
2020-07-20 15:00:16,088 [INFO]: #  Run the Step: 4|报价管理|CLICK|报价管理-sel报价日期
2020-07-20 15:00:16,833 [INFO]: #  --- success ---
2020-07-20 15:00:17,040 [INFO]: #  Run the Step: 5|报价管理|CLICK|报价管理-val报价日期
2020-07-20 15:00:17,697 [INFO]: #  --- success ---
2020-07-20 15:00:17,898 [INFO]: #  Run the Step: 6|报价管理|CLICK|报价管理-sel客户简称
2020-07-20 15:00:18,618 [INFO]: #  --- success ---
2020-07-20 15:00:18,818 [INFO]: #  Run the Step: 7|报价管理|CLICK|报价管理-val客户简称-美的
2020-07-20 15:00:19,595 [INFO]: #  --- success ---
2020-07-20 15:00:19,796 [INFO]: #  Run the Step: 8|报价管理|CLICK|报价管理-sel业务部门
2020-07-20 15:00:20,509 [INFO]: #  --- success ---
2020-07-20 15:00:20,710 [INFO]: #  Run the Step: 9|报价管理|CLICK|报价管理-val业务部门-办公室
2020-07-20 15:00:21,460 [INFO]: #  --- success ---
2020-07-20 15:00:21,661 [INFO]: #  Run the Step: 10|报价管理|CLICK|报价管理-sel业务人员
2020-07-20 15:00:22,345 [INFO]: #  --- success ---
2020-07-20 15:00:22,546 [INFO]: #  Run the Step: 11|报价管理|CLICK|报价管理-val业务人员-田丰
2020-07-20 15:00:23,288 [INFO]: #  --- success ---
2020-07-20 15:00:23,488 [INFO]: #  Run the Step: 12|报价管理|CLICK|报价管理-sel生效日期
2020-07-20 15:00:24,205 [INFO]: #  --- success ---
2020-07-20 15:00:24,405 [INFO]: #  Run the Step: 13|报价管理|CLICK|报价管理-val生效日期
2020-07-20 15:00:25,159 [INFO]: #  --- success ---
2020-07-20 15:00:25,359 [INFO]: #  Run the Step: 14|报价管理|INPUT|报价管理-inp有效期限
2020-07-20 15:00:26,237 [INFO]: #  --- success ---
2020-07-20 15:00:26,447 [INFO]: #  Run the Step: 15|报价管理|INPUT|报价管理-inp交货周期
2020-07-20 15:00:27,489 [INFO]: #  --- success ---
2020-07-20 15:00:27,698 [INFO]: #  Run the Step: 16|报价管理|CLICK|报价管理-sel价格属性
2020-07-20 15:00:28,480 [INFO]: #  --- success ---
2020-07-20 15:00:28,681 [INFO]: #  Run the Step: 17|报价管理|CLICK|报价管理-val价格属性-不含税
2020-07-20 15:00:29,371 [INFO]: #  --- success ---
2020-07-20 15:00:29,574 [INFO]: #  Run the Step: 18|报价管理|CLICK|报价管理-sel收款方式
2020-07-20 15:00:30,352 [INFO]: #  --- success ---
2020-07-20 15:00:30,552 [INFO]: #  Run the Step: 19|报价管理|CLICK|报价管理-val收款方式-银行转账
2020-07-20 15:00:31,392 [INFO]: #  --- success ---
2020-07-20 15:00:31,593 [INFO]: #  Run the Step: 20|报价管理|CLICK|报价管理-sel运输方式
2020-07-20 15:00:32,299 [INFO]: #  --- success ---
2020-07-20 15:00:32,500 [INFO]: #  Run the Step: 21|报价管理|CLICK|报价管理-val运输方式-送货上门
2020-07-20 15:00:33,262 [INFO]: #  --- success ---
2020-07-20 15:00:33,466 [INFO]: #  Run the Step: 22|报价管理|INPUT|报价管理-inp备注信息
2020-07-20 15:00:34,665 [INFO]: #  --- success ---
2020-07-20 15:00:34,872 [INFO]: #  Run the Step: 23|报价管理|CLICK|报价管理-btn单据明细新增
2020-07-20 15:00:35,723 [INFO]: #  --- success ---
2020-07-20 15:00:35,924 [INFO]: #  Run the Step: 24|报价管理|CLICK|报价管理-sel物料编码
2020-07-20 15:00:36,635 [INFO]: #  --- success ---
2020-07-20 15:00:36,839 [INFO]: #  Run the Step: 25|报价管理|CLICK|报价管理-val物料编码-风扇罩nw054
2020-07-20 15:00:37,650 [INFO]: #  --- success ---
2020-07-20 15:00:37,853 [INFO]: #  Run the Step: 26|报价管理|INPUT|报价管理-inp报价
2020-07-20 15:00:38,611 [INFO]: #  --- success ---
2020-07-20 15:00:38,825 [INFO]: #  Run the Step: 27|报价管理|CLICK|报价管理-sel价格状态
2020-07-20 15:00:39,621 [INFO]: #  --- success ---
2020-07-20 15:00:39,822 [INFO]: #  Run the Step: 28|报价管理|CLICK|报价管理-val生效
2020-07-20 15:00:40,465 [INFO]: #  --- success ---
2020-07-20 15:00:40,670 [INFO]: #  Run the Step: 29|报价管理|INPUT|报价管理-inp数量
2020-07-20 15:00:41,729 [INFO]: #  --- success ---
2020-07-20 15:00:41,929 [INFO]: #  Run the Step: 30|报价管理|INPUT|报价管理-inp折扣
2020-07-20 15:00:42,849 [INFO]: #  --- success ---
2020-07-20 15:00:43,049 [INFO]: #  Run the Step: 31|报价管理|CHECK|报价管理-lab金额
2020-07-20 15:00:43,180 [INFO]: #  DATA:'0'
2020-07-20 15:00:43,188 [INFO]: #  REAL:'0'
2020-07-20 15:00:43,197 [INFO]: #  --- success ---
2020-07-20 15:00:43,398 [INFO]: #  Run the Step: 32|报价管理|INPUT|报价管理-inp折扣
2020-07-20 15:00:44,461 [INFO]: #  --- success ---
2020-07-20 15:00:44,661 [INFO]: #  Run the Step: 33|报价管理|CHECK|报价管理-lab金额
2020-07-20 15:00:44,718 [INFO]: #  DATA:'None/2'
2020-07-20 15:00:44,719 [INFO]: #  REAL:'0'
2020-07-20 15:00:45,138 [ERROR]: #  +++ failure +++
Traceback (most recent call last):
  File "C:\Users\archmage\AppData\Local\Programs\Python\Python38-32\lib\site-packages\sweetest\keywords\web.py", line 115, in check
    compare(expected, real)
  File "C:\Users\archmage\AppData\Local\Programs\Python\Python38-32\lib\site-packages\sweetest\utility.py", line 473, in compare
    assert data == real
AssertionError

During handling of the above exception, another exception occurred:

Traceback (most recent call last):
  File "C:\Users\archmage\AppData\Local\Programs\Python\Python38-32\lib\site-packages\sweetest\testcase.py", line 137, in run
    element = getattr(web, step['keyword'].lower())(step)
  File "C:\Users\archmage\AppData\Local\Programs\Python\Python38-32\lib\site-packages\sweetest\keywords\web.py", line 117, in check
    raise Exception(f'Check Failure, DATA:{repr(expected)}, REAL:{repr(real)}')
Exception: Check Failure, DATA:'None/2', REAL:'0'
2020-07-20 15:00:45,142 [INFO]: #  ==================================================
2020-07-20 15:00:45,143 [INFO]: #  ...No SETUP testcase need to run...
2020-07-20 15:00:45,143 [INFO]: #  --------------------------------------------------
2020-07-20 15:00:45,143 [INFO]: #  >>> Run the TestCase: AEQ_001|审核编辑
2020-07-20 15:00:45,144 [INFO]: #  Run the Step: 1|报价管理|CLICK|报价管理-btn审核
2020-07-20 15:01:11,604 [ERROR]: #  +++ failure +++
Traceback (most recent call last):
  File "C:\Users\archmage\AppData\Local\Programs\Python\Python38-32\lib\site-packages\sweetest\locator.py", line 32, in locating_element
    el_location = wait.until(EC.presence_of_element_located(
  File "C:\Users\archmage\AppData\Local\Programs\Python\Python38-32\lib\site-packages\selenium\webdriver\support\wait.py", line 80, in until
    raise TimeoutException(message, screen, stacktrace)
selenium.common.exceptions.TimeoutException: Message: 


During handling of the above exception, another exception occurred:

Traceback (most recent call last):
  File "C:\Users\archmage\AppData\Local\Programs\Python\Python38-32\lib\site-packages\sweetest\locator.py", line 37, in locating_element
    el_location = wait.until(EC.presence_of_element_located(
  File "C:\Users\archmage\AppData\Local\Programs\Python\Python38-32\lib\site-packages\selenium\webdriver\support\wait.py", line 80, in until
    raise TimeoutException(message, screen, stacktrace)
selenium.common.exceptions.TimeoutException: Message: 


During handling of the above exception, another exception occurred:

Traceback (most recent call last):
  File "C:\Users\archmage\AppData\Local\Programs\Python\Python38-32\lib\site-packages\sweetest\testcase.py", line 137, in run
    element = getattr(web, step['keyword'].lower())(step)
  File "C:\Users\archmage\AppData\Local\Programs\Python\Python38-32\lib\site-packages\sweetest\keywords\web.py", line 175, in click
    element_location = locating_element(element, 'CLICK')
  File "C:\Users\archmage\AppData\Local\Programs\Python\Python38-32\lib\site-packages\sweetest\locator.py", line 40, in locating_element
    raise Exception('Locating the element:%s is Failure: Timeout' % element)
Exception: Locating the element:报价管理-btn审核 is Failure: Timeout
2020-07-20 15:01:11,611 [INFO]: #  ==================================================
2020-07-20 15:01:11,611 [INFO]: #  ...No SETUP testcase need to run...
2020-07-20 15:01:11,612 [INFO]: #  --------------------------------------------------
2020-07-20 15:01:11,612 [INFO]: #  >>> Run the TestCase: DQ_001|删除报价单
2020-07-20 15:01:11,612 [INFO]: #  Run the Step: 1|用例片段|EXECUTE|CQ_001
2020-07-20 15:01:11,615 [INFO]: #  >>> Run the TestCase: CQ_001|新增报价单
2020-07-20 15:01:11,615 [INFO]: #  Run the Step: 1|报价管理|CLICK|报价管理-btn侧边栏报价管理
2020-07-20 15:01:12,546 [INFO]: #  --- success ---
2020-07-20 15:01:12,750 [INFO]: #  Run the Step: 2|报价管理|CLICK|报价管理-btn新增
2020-07-20 15:01:39,228 [ERROR]: #  +++ failure +++
Traceback (most recent call last):
  File "C:\Users\archmage\AppData\Local\Programs\Python\Python38-32\lib\site-packages\sweetest\locator.py", line 32, in locating_element
    el_location = wait.until(EC.presence_of_element_located(
  File "C:\Users\archmage\AppData\Local\Programs\Python\Python38-32\lib\site-packages\selenium\webdriver\support\wait.py", line 80, in until
    raise TimeoutException(message, screen, stacktrace)
selenium.common.exceptions.TimeoutException: Message: 


During handling of the above exception, another exception occurred:

Traceback (most recent call last):
  File "C:\Users\archmage\AppData\Local\Programs\Python\Python38-32\lib\site-packages\sweetest\locator.py", line 37, in locating_element
    el_location = wait.until(EC.presence_of_element_located(
  File "C:\Users\archmage\AppData\Local\Programs\Python\Python38-32\lib\site-packages\selenium\webdriver\support\wait.py", line 80, in until
    raise TimeoutException(message, screen, stacktrace)
selenium.common.exceptions.TimeoutException: Message: 


During handling of the above exception, another exception occurred:

Traceback (most recent call last):
  File "C:\Users\archmage\AppData\Local\Programs\Python\Python38-32\lib\site-packages\sweetest\testcase.py", line 137, in run
    element = getattr(web, step['keyword'].lower())(step)
  File "C:\Users\archmage\AppData\Local\Programs\Python\Python38-32\lib\site-packages\sweetest\keywords\web.py", line 175, in click
    element_location = locating_element(element, 'CLICK')
  File "C:\Users\archmage\AppData\Local\Programs\Python\Python38-32\lib\site-packages\sweetest\locator.py", line 40, in locating_element
    raise Exception('Locating the element:%s is Failure: Timeout' % element)
Exception: Locating the element:报价管理-btn新增 is Failure: Timeout
2020-07-20 15:01:41,533 [INFO]: #  --- Quit th Driver: Chrome
