2020-07-23 09:01:04,748 [INFO]: #  From Excel import testsuite success
2020-07-23 09:01:07,370 [INFO]: #  --------------------------------------------------
2020-07-23 09:01:07,371 [INFO]: #  >>> Run the TestCase: HOME_001|打开云塑ERP
2020-07-23 09:01:07,371 [INFO]: #  Run the Step: 1|通用|OPEN|通用-首页链接
2020-07-23 09:01:14,887 [INFO]: #  --- success ---
2020-07-23 09:01:15,087 [INFO]: #  Run the Step: 2|通用|CHECK|通用-页面title
2020-07-23 09:01:15,087 [INFO]: #  DATA:'云塑 企业资源计划管理系统'
2020-07-23 09:01:15,239 [INFO]: #  REAL:'云塑 企业资源计划管理系统'
2020-07-23 09:01:15,250 [INFO]: #  --- success ---
2020-07-23 09:01:15,451 [INFO]: #  --------------------------------------------------
2020-07-23 09:01:15,457 [INFO]: #  >>> Run the TestCase: Login_001|登录
2020-07-23 09:01:15,458 [INFO]: #  Run the Step: 1|登录页面|INPUT|登录页面-账号输入框
2020-07-23 09:01:16,313 [INFO]: #  --- success ---
2020-07-23 09:01:16,516 [INFO]: #  Run the Step: 2|登录页面|INPUT|登录页面-密码输入框
2020-07-23 09:01:17,454 [INFO]: #  --- success ---
2020-07-23 09:01:17,655 [INFO]: #  Run the Step: 3|登录页面|CLICK|登录页面-确定按钮
2020-07-23 09:01:18,299 [INFO]: #  --- success ---
2020-07-23 09:01:18,500 [INFO]: #  Run the Step: 4|登录页面|CHECK|通用-页面加载校验
2020-07-23 09:01:20,260 [INFO]: #  DATA:'欢迎进入 云塑企业资源计划管理系统'
2020-07-23 09:01:20,263 [INFO]: #  REAL:'欢迎进入 云塑企业资源计划管理系统'
2020-07-23 09:01:20,263 [INFO]: #  --- success ---
2020-07-23 09:01:20,463 [INFO]: #  ==================================================
2020-07-23 09:01:20,463 [INFO]: #  ...No SETUP testcase need to run...
2020-07-23 09:01:20,464 [INFO]: #  --------------------------------------------------
2020-07-23 09:01:20,464 [INFO]: #  >>> Run the TestCase: AEQ_002|审核编辑
2020-07-23 09:01:20,464 [INFO]: #  Page:登录页面 element:CQ_001
2020-07-23 09:01:20,465 [INFO]: #  Run the Step: 1|登录页面|EXECUTE|CQ_001
2020-07-23 09:01:20,469 [INFO]: #  >>> Run the TestCase: CQ_001|新增销售订单
2020-07-23 09:01:20,469 [INFO]: #  Run the Step: 1|登录页面|CLICK|通用-左侧栏一级菜单#销售管理
2020-07-23 09:01:21,227 [INFO]: #  --- success ---
2020-07-23 09:01:21,427 [INFO]: #  Run the Step: 2|登录页面|CLICK|通用-左侧栏二级菜单#需求订单
2020-07-23 09:01:22,501 [INFO]: #  --- success ---
2020-07-23 09:01:22,707 [INFO]: #  Run the Step: 3|登录页面|CLICK|通用-左侧栏一级菜单#销售管理
2020-07-23 09:01:23,384 [INFO]: #  --- success ---
2020-07-23 09:01:23,585 [INFO]: #  Run the Step: 4|销售订单|CLICK|销售订单-btn新增
2020-07-23 09:01:29,038 [ERROR]: #  +++ failure +++
Traceback (most recent call last):
  File "C:\Users\archmage\AppData\Local\Programs\Python\Python38-32\lib\site-packages\sweetest\locator.py", line 33, in locating_element
    (getattr(By, el['by'].upper()), value)))
AttributeError: type object 'By' has no attribute ''

During handling of the above exception, another exception occurred:

Traceback (most recent call last):
  File "C:\Users\archmage\AppData\Local\Programs\Python\Python38-32\lib\site-packages\sweetest\locator.py", line 38, in locating_element
    (getattr(By, el['by'].upper()), value)))
AttributeError: type object 'By' has no attribute ''

During handling of the above exception, another exception occurred:

Traceback (most recent call last):
  File "C:\Users\archmage\AppData\Local\Programs\Python\Python38-32\lib\site-packages\sweetest\testcase.py", line 137, in run
    element = getattr(web, step['keyword'].lower())(step)
  File "C:\Users\archmage\AppData\Local\Programs\Python\Python38-32\lib\site-packages\sweetest\keywords\web.py", line 175, in click
    element_location = locating_element(element, 'CLICK')
  File "C:\Users\archmage\AppData\Local\Programs\Python\Python38-32\lib\site-packages\sweetest\locator.py", line 40, in locating_element
    raise Exception('Locating the element:%s is Failure: Timeout' % element)
Exception: Locating the element:销售订单-btn新增 is Failure: Timeout
2020-07-23 09:01:29,040 [INFO]: #  ==================================================
2020-07-23 09:01:29,040 [INFO]: #  ...No SETUP testcase need to run...
2020-07-23 09:01:29,040 [INFO]: #  --------------------------------------------------
2020-07-23 09:01:29,041 [INFO]: #  >>> Run the TestCase: DQ_001|删除销售订单
2020-07-23 09:01:29,041 [INFO]: #  Run the Step: 1|用例片段|EXECUTE|CQ_001
2020-07-23 09:01:29,043 [INFO]: #  >>> Run the TestCase: CQ_001|新增销售订单
2020-07-23 09:01:29,043 [INFO]: #  Run the Step: 1|销售订单|CLICK|通用-左侧栏一级菜单#销售管理
2020-07-23 09:01:29,737 [INFO]: #  --- success ---
2020-07-23 09:01:29,945 [INFO]: #  Run the Step: 2|销售订单|CLICK|通用-左侧栏二级菜单#需求订单
2020-07-23 09:01:30,563 [INFO]: #  --- success ---
2020-07-23 09:01:30,763 [INFO]: #  Run the Step: 3|销售订单|CLICK|通用-左侧栏一级菜单#销售管理
2020-07-23 09:01:31,452 [INFO]: #  --- success ---
2020-07-23 09:01:31,653 [INFO]: #  Run the Step: 4|销售订单|CLICK|销售订单-btn新增
2020-07-23 09:01:37,045 [ERROR]: #  +++ failure +++
Traceback (most recent call last):
  File "C:\Users\archmage\AppData\Local\Programs\Python\Python38-32\lib\site-packages\sweetest\locator.py", line 33, in locating_element
    (getattr(By, el['by'].upper()), value)))
AttributeError: type object 'By' has no attribute ''

During handling of the above exception, another exception occurred:

Traceback (most recent call last):
  File "C:\Users\archmage\AppData\Local\Programs\Python\Python38-32\lib\site-packages\sweetest\locator.py", line 38, in locating_element
    (getattr(By, el['by'].upper()), value)))
AttributeError: type object 'By' has no attribute ''

During handling of the above exception, another exception occurred:

Traceback (most recent call last):
  File "C:\Users\archmage\AppData\Local\Programs\Python\Python38-32\lib\site-packages\sweetest\testcase.py", line 137, in run
    element = getattr(web, step['keyword'].lower())(step)
  File "C:\Users\archmage\AppData\Local\Programs\Python\Python38-32\lib\site-packages\sweetest\keywords\web.py", line 175, in click
    element_location = locating_element(element, 'CLICK')
  File "C:\Users\archmage\AppData\Local\Programs\Python\Python38-32\lib\site-packages\sweetest\locator.py", line 40, in locating_element
    raise Exception('Locating the element:%s is Failure: Timeout' % element)
Exception: Locating the element:销售订单-btn新增 is Failure: Timeout
2020-07-23 09:01:37,047 [INFO]: #  ==================================================
2020-07-23 09:01:37,047 [INFO]: #  ...No SETUP testcase need to run...
2020-07-23 09:01:37,047 [INFO]: #  --------------------------------------------------
2020-07-23 09:01:37,048 [INFO]: #  >>> Run the TestCase: CH_001|查看销售订单
2020-07-23 09:01:37,048 [INFO]: #  Run the Step: 1|用例片段|EXECUTE|CQ_001
2020-07-23 09:01:37,050 [INFO]: #  >>> Run the TestCase: CQ_001|新增销售订单
2020-07-23 09:01:37,050 [INFO]: #  Run the Step: 1|销售订单|CLICK|通用-左侧栏一级菜单#销售管理
2020-07-23 09:01:37,733 [INFO]: #  --- success ---
2020-07-23 09:01:37,934 [INFO]: #  Run the Step: 2|销售订单|CLICK|通用-左侧栏二级菜单#需求订单
2020-07-23 09:01:38,549 [INFO]: #  --- success ---
2020-07-23 09:01:38,750 [INFO]: #  Run the Step: 3|销售订单|CLICK|通用-左侧栏一级菜单#销售管理
2020-07-23 09:01:39,589 [INFO]: #  --- success ---
2020-07-23 09:01:39,789 [INFO]: #  Run the Step: 4|销售订单|CLICK|销售订单-btn新增
2020-07-23 09:01:45,221 [ERROR]: #  +++ failure +++
Traceback (most recent call last):
  File "C:\Users\archmage\AppData\Local\Programs\Python\Python38-32\lib\site-packages\sweetest\locator.py", line 33, in locating_element
    (getattr(By, el['by'].upper()), value)))
AttributeError: type object 'By' has no attribute ''

During handling of the above exception, another exception occurred:

Traceback (most recent call last):
  File "C:\Users\archmage\AppData\Local\Programs\Python\Python38-32\lib\site-packages\sweetest\locator.py", line 38, in locating_element
    (getattr(By, el['by'].upper()), value)))
AttributeError: type object 'By' has no attribute ''

During handling of the above exception, another exception occurred:

Traceback (most recent call last):
  File "C:\Users\archmage\AppData\Local\Programs\Python\Python38-32\lib\site-packages\sweetest\testcase.py", line 137, in run
    element = getattr(web, step['keyword'].lower())(step)
  File "C:\Users\archmage\AppData\Local\Programs\Python\Python38-32\lib\site-packages\sweetest\keywords\web.py", line 175, in click
    element_location = locating_element(element, 'CLICK')
  File "C:\Users\archmage\AppData\Local\Programs\Python\Python38-32\lib\site-packages\sweetest\locator.py", line 40, in locating_element
    raise Exception('Locating the element:%s is Failure: Timeout' % element)
Exception: Locating the element:销售订单-btn新增 is Failure: Timeout
2020-07-23 09:01:47,403 [INFO]: #  --- Quit th Driver: Chrome
