2020-08-20 17:53:47,098 [INFO]: #  From Excel import testsuite success
2020-08-20 17:53:49,825 [INFO]: #  --------------------------------------------------
2020-08-20 17:53:49,826 [INFO]: #  >>> Run the TestCase: HOME_001|打开云塑ERP
2020-08-20 17:53:49,826 [INFO]: #  Run the Step: 1|通用|OPEN|通用-首页链接
2020-08-20 17:53:52,701 [INFO]: #  --- success ---
2020-08-20 17:53:52,901 [INFO]: #  Run the Step: 2|通用|CHECK|通用-页面title
2020-08-20 17:53:52,902 [INFO]: #  DATA:'云塑 企业资源计划管理系统'
2020-08-20 17:53:52,907 [INFO]: #  REAL:'云塑 企业资源计划管理系统'
2020-08-20 17:53:52,915 [INFO]: #  --- success ---
2020-08-20 17:53:53,115 [INFO]: #  --------------------------------------------------
2020-08-20 17:53:53,115 [INFO]: #  >>> Run the TestCase: Login_001|登录
2020-08-20 17:53:53,115 [INFO]: #  Run the Step: 1|登录页面|INPUT|登录页面-账号输入框
2020-08-20 17:53:53,932 [INFO]: #  --- success ---
2020-08-20 17:53:54,132 [INFO]: #  Run the Step: 2|登录页面|INPUT|登录页面-密码输入框
2020-08-20 17:53:55,117 [INFO]: #  --- success ---
2020-08-20 17:53:55,317 [INFO]: #  Run the Step: 3|登录页面|CLICK|登录页面-确定按钮
2020-08-20 17:53:55,965 [INFO]: #  --- success ---
2020-08-20 17:53:56,165 [INFO]: #  Run the Step: 4|登录页面|CHECK|通用-页面加载校验
2020-08-20 17:53:57,822 [INFO]: #  DATA:'欢迎进入 云塑企业资源计划管理系统'
2020-08-20 17:53:57,829 [INFO]: #  REAL:'欢迎进入 云塑企业资源计划管理系统'
2020-08-20 17:53:57,836 [INFO]: #  --- success ---
2020-08-20 17:53:58,036 [INFO]: #  Page:通用 element:window.alert("hello");
2020-08-20 17:53:58,036 [INFO]: #  Run the Step: 5|通用|SCRIPT|window.alert("hello");
2020-08-20 17:53:58,045 [INFO]: #  --- success ---
2020-08-20 17:53:58,245 [INFO]: #  Page:通用 element:var arr=[1,2,3];
localStorage.setItem("temp",arr);
2020-08-20 17:53:58,250 [INFO]: #  Run the Step: 6|通用|SCRIPT|var arr=[1,2,3];
localStorage.setItem("temp",arr);
2020-08-20 17:53:58,253 [ERROR]: #  *** save the screenshot is failure ***
Traceback (most recent call last):
  File "D:\daitest\daitest2\daitest\testcase.py", line 137, in run
    element = getattr(web, step['keyword'].lower())(step)
  File "D:\daitest\daitest2\daitest\keywords\web.py", line 284, in script
    g.driver.execute_script(value)
  File "C:\Users\archmage\AppData\Local\Programs\Python\Python38\lib\site-packages\selenium\webdriver\remote\webdriver.py", line 634, in execute_script
    return self.execute(command, {
  File "C:\Users\archmage\AppData\Local\Programs\Python\Python38\lib\site-packages\selenium\webdriver\remote\webdriver.py", line 321, in execute
    self.error_handler.check_response(response)
  File "C:\Users\archmage\AppData\Local\Programs\Python\Python38\lib\site-packages\selenium\webdriver\remote\errorhandler.py", line 241, in check_response
    raise exception_class(message, screen, stacktrace, alert_text)
selenium.common.exceptions.UnexpectedAlertPresentException: Alert Text: None
Message: unexpected alert open: {Alert text : hello}
  (Session info: chrome=84.0.4147.135)
  (Driver info: chromedriver=2.44.609538 (b655c5a60b0b544917107a59d4153d4bf78e1b90),platform=Windows NT 6.1.7601 SP1 x86_64)


During handling of the above exception, another exception occurred:

Traceback (most recent call last):
  File "D:\daitest\daitest2\daitest\testcase.py", line 227, in run
    g.driver.get_screenshot_as_file(step['snapshot']['Failure'])
  File "C:\Users\archmage\AppData\Local\Programs\Python\Python38\lib\site-packages\selenium\webdriver\remote\webdriver.py", line 1032, in get_screenshot_as_file
    png = self.get_screenshot_as_png()
  File "C:\Users\archmage\AppData\Local\Programs\Python\Python38\lib\site-packages\selenium\webdriver\remote\webdriver.py", line 1064, in get_screenshot_as_png
    return base64.b64decode(self.get_screenshot_as_base64().encode('ascii'))
  File "C:\Users\archmage\AppData\Local\Programs\Python\Python38\lib\site-packages\selenium\webdriver\remote\webdriver.py", line 1074, in get_screenshot_as_base64
    return self.execute(Command.SCREENSHOT)['value']
  File "C:\Users\archmage\AppData\Local\Programs\Python\Python38\lib\site-packages\selenium\webdriver\remote\webdriver.py", line 321, in execute
    self.error_handler.check_response(response)
  File "C:\Users\archmage\AppData\Local\Programs\Python\Python38\lib\site-packages\selenium\webdriver\remote\errorhandler.py", line 241, in check_response
    raise exception_class(message, screen, stacktrace, alert_text)
selenium.common.exceptions.UnexpectedAlertPresentException: Alert Text: None
Message: unexpected alert open: {Alert text : hello}
  (Session info: chrome=84.0.4147.135)
  (Driver info: chromedriver=2.44.609538 (b655c5a60b0b544917107a59d4153d4bf78e1b90),platform=Windows NT 6.1.7601 SP1 x86_64)

2020-08-20 17:53:58,255 [ERROR]: #  +++ failure +++
Traceback (most recent call last):
  File "D:\daitest\daitest2\daitest\testcase.py", line 137, in run
    element = getattr(web, step['keyword'].lower())(step)
  File "D:\daitest\daitest2\daitest\keywords\web.py", line 284, in script
    g.driver.execute_script(value)
  File "C:\Users\archmage\AppData\Local\Programs\Python\Python38\lib\site-packages\selenium\webdriver\remote\webdriver.py", line 634, in execute_script
    return self.execute(command, {
  File "C:\Users\archmage\AppData\Local\Programs\Python\Python38\lib\site-packages\selenium\webdriver\remote\webdriver.py", line 321, in execute
    self.error_handler.check_response(response)
  File "C:\Users\archmage\AppData\Local\Programs\Python\Python38\lib\site-packages\selenium\webdriver\remote\errorhandler.py", line 241, in check_response
    raise exception_class(message, screen, stacktrace, alert_text)
selenium.common.exceptions.UnexpectedAlertPresentException: Alert Text: None
Message: unexpected alert open: {Alert text : hello}
  (Session info: chrome=84.0.4147.135)
  (Driver info: chromedriver=2.44.609538 (b655c5a60b0b544917107a59d4153d4bf78e1b90),platform=Windows NT 6.1.7601 SP1 x86_64)

2020-08-20 17:53:58,256 [WARNING]: #  Run the testcase: Login_001|登录 Failure, BASE is not success. Break the AutoTest
2020-08-20 17:54:00,505 [INFO]: #  --- Quit th Driver: Chrome
2020-08-20 17:54:00,530 [INFO]: #  From Excel import testsuite success
2020-08-20 17:54:03,144 [INFO]: #  --------------------------------------------------
2020-08-20 17:54:03,144 [INFO]: #  >>> Run the TestCase: HOME_001|打开云塑ERP
2020-08-20 17:54:03,145 [INFO]: #  Run the Step: 1|通用|OPEN|通用-首页链接
2020-08-20 17:54:06,068 [INFO]: #  --- success ---
2020-08-20 17:54:06,290 [INFO]: #  Run the Step: 2|通用|CHECK|通用-页面title
2020-08-20 17:54:06,346 [INFO]: #  DATA:'云塑 企业资源计划管理系统'
2020-08-20 17:54:18,388 [ERROR]: #  *** save the screenshot is failure ***
Traceback (most recent call last):
  File "D:\daitest\daitest2\daitest\testcase.py", line 137, in run
    element = getattr(web, step['keyword'].lower())(step)
  File "D:\daitest\daitest2\daitest\keywords\web.py", line 93, in check
    var[by] = getattr(Common, by)(data, output)
  File "D:\daitest\daitest2\daitest\keywords\web.py", line 18, in title
    logger.info('REAL:%s' % repr(g.driver.title))
  File "C:\Users\archmage\AppData\Local\Programs\Python\Python38\lib\site-packages\selenium\webdriver\remote\webdriver.py", line 342, in title
    resp = self.execute(Command.GET_TITLE)
  File "C:\Users\archmage\AppData\Local\Programs\Python\Python38\lib\site-packages\selenium\webdriver\remote\webdriver.py", line 321, in execute
    self.error_handler.check_response(response)
  File "C:\Users\archmage\AppData\Local\Programs\Python\Python38\lib\site-packages\selenium\webdriver\remote\errorhandler.py", line 242, in check_response
    raise exception_class(message, screen, stacktrace)
selenium.common.exceptions.WebDriverException: Message: chrome not reachable
  (Session info: chrome=84.0.4147.135)
  (Driver info: chromedriver=2.44.609538 (b655c5a60b0b544917107a59d4153d4bf78e1b90),platform=Windows NT 6.1.7601 SP1 x86_64)


During handling of the above exception, another exception occurred:

Traceback (most recent call last):
  File "D:\daitest\daitest2\daitest\testcase.py", line 227, in run
    g.driver.get_screenshot_as_file(step['snapshot']['Failure'])
  File "C:\Users\archmage\AppData\Local\Programs\Python\Python38\lib\site-packages\selenium\webdriver\remote\webdriver.py", line 1032, in get_screenshot_as_file
    png = self.get_screenshot_as_png()
  File "C:\Users\archmage\AppData\Local\Programs\Python\Python38\lib\site-packages\selenium\webdriver\remote\webdriver.py", line 1064, in get_screenshot_as_png
    return base64.b64decode(self.get_screenshot_as_base64().encode('ascii'))
  File "C:\Users\archmage\AppData\Local\Programs\Python\Python38\lib\site-packages\selenium\webdriver\remote\webdriver.py", line 1074, in get_screenshot_as_base64
    return self.execute(Command.SCREENSHOT)['value']
  File "C:\Users\archmage\AppData\Local\Programs\Python\Python38\lib\site-packages\selenium\webdriver\remote\webdriver.py", line 321, in execute
    self.error_handler.check_response(response)
  File "C:\Users\archmage\AppData\Local\Programs\Python\Python38\lib\site-packages\selenium\webdriver\remote\errorhandler.py", line 242, in check_response
    raise exception_class(message, screen, stacktrace)
selenium.common.exceptions.WebDriverException: Message: chrome not reachable
  (Session info: chrome=84.0.4147.135)
  (Driver info: chromedriver=2.44.609538 (b655c5a60b0b544917107a59d4153d4bf78e1b90),platform=Windows NT 6.1.7601 SP1 x86_64)

2020-08-20 17:54:18,390 [ERROR]: #  +++ failure +++
Traceback (most recent call last):
  File "D:\daitest\daitest2\daitest\testcase.py", line 137, in run
    element = getattr(web, step['keyword'].lower())(step)
  File "D:\daitest\daitest2\daitest\keywords\web.py", line 93, in check
    var[by] = getattr(Common, by)(data, output)
  File "D:\daitest\daitest2\daitest\keywords\web.py", line 18, in title
    logger.info('REAL:%s' % repr(g.driver.title))
  File "C:\Users\archmage\AppData\Local\Programs\Python\Python38\lib\site-packages\selenium\webdriver\remote\webdriver.py", line 342, in title
    resp = self.execute(Command.GET_TITLE)
  File "C:\Users\archmage\AppData\Local\Programs\Python\Python38\lib\site-packages\selenium\webdriver\remote\webdriver.py", line 321, in execute
    self.error_handler.check_response(response)
  File "C:\Users\archmage\AppData\Local\Programs\Python\Python38\lib\site-packages\selenium\webdriver\remote\errorhandler.py", line 242, in check_response
    raise exception_class(message, screen, stacktrace)
selenium.common.exceptions.WebDriverException: Message: chrome not reachable
  (Session info: chrome=84.0.4147.135)
  (Driver info: chromedriver=2.44.609538 (b655c5a60b0b544917107a59d4153d4bf78e1b90),platform=Windows NT 6.1.7601 SP1 x86_64)

2020-08-20 17:54:18,391 [WARNING]: #  Run the testcase: HOME_001|打开云塑ERP Failure, BASE is not success. Break the AutoTest
2020-08-20 17:54:20,413 [INFO]: #  --- Quit th Driver: Chrome
