2020-07-23 16:04:37,224 [INFO]: #  From Excel import testsuite success
2020-07-23 16:04:39,813 [INFO]: #  --------------------------------------------------
2020-07-23 16:04:39,813 [INFO]: #  >>> Run the TestCase: HOME_001|打开云塑ERP
2020-07-23 16:04:39,814 [INFO]: #  Run the Step: 1|通用|OPEN|通用-首页链接
2020-07-23 16:04:46,442 [INFO]: #  --- success ---
2020-07-23 16:04:46,644 [INFO]: #  Run the Step: 2|通用|CHECK|通用-页面title
2020-07-23 16:04:46,648 [INFO]: #  DATA:'云塑 企业资源计划管理系统'
2020-07-23 16:04:46,655 [INFO]: #  REAL:'云塑 企业资源计划管理系统'
2020-07-23 16:04:46,664 [INFO]: #  --- success ---
2020-07-23 16:04:46,865 [INFO]: #  --------------------------------------------------
2020-07-23 16:04:46,866 [INFO]: #  >>> Run the TestCase: Login_001|登录
2020-07-23 16:04:46,866 [INFO]: #  Run the Step: 1|登录页面|INPUT|登录页面-账号输入框
2020-07-23 16:04:47,675 [INFO]: #  --- success ---
2020-07-23 16:04:47,881 [INFO]: #  Run the Step: 2|登录页面|INPUT|登录页面-密码输入框
2020-07-23 16:04:48,747 [INFO]: #  --- success ---
2020-07-23 16:04:48,947 [INFO]: #  Run the Step: 3|登录页面|CLICK|登录页面-确定按钮
2020-07-23 16:04:49,618 [INFO]: #  --- success ---
2020-07-23 16:04:49,829 [INFO]: #  Run the Step: 4|登录页面|CHECK|通用-页面加载校验
2020-07-23 16:04:51,791 [INFO]: #  DATA:'欢迎进入 云塑企业资源计划管理系统'
2020-07-23 16:04:51,792 [INFO]: #  REAL:'欢迎进入 云塑企业资源计划管理系统'
2020-07-23 16:04:51,792 [INFO]: #  --- success ---
2020-07-23 16:04:51,992 [INFO]: #  ==================================================
2020-07-23 16:04:51,992 [INFO]: #  ...No SETUP testcase need to run...
2020-07-23 16:04:51,993 [INFO]: #  --------------------------------------------------
2020-07-23 16:04:51,993 [INFO]: #  >>> Run the TestCase: AEQ_002|审核编辑
2020-07-23 16:04:51,993 [INFO]: #  Run the Step: 1|用例片段|EXECUTE|CQ_001
2020-07-23 16:04:51,995 [INFO]: #  >>> Run the TestCase: CQ_001|新增销售订单
2020-07-23 16:04:51,996 [INFO]: #  Run the Step: 1|销售订单|CLICK|通用-左侧栏一级菜单#销售管理
2020-07-23 16:04:52,797 [INFO]: #  --- success ---
2020-07-23 16:04:52,998 [INFO]: #  Run the Step: 2|销售订单|CLICK|通用-左侧栏二级菜单#需求订单
2020-07-23 16:04:54,340 [INFO]: #  --- success ---
2020-07-23 16:04:54,541 [INFO]: #  Run the Step: 3|销售订单|CLICK|通用-左侧栏一级菜单#销售管理
2020-07-23 16:04:55,375 [INFO]: #  --- success ---
2020-07-23 16:04:55,576 [INFO]: #  Run the Step: 4|销售订单|CLICK|销售订单-btn新增
2020-07-23 16:04:56,592 [INFO]: #  --- success ---
2020-07-23 16:04:56,793 [INFO]: #  Run the Step: 5|销售订单|CHECK|销售订单-lab销售状态#未定义
2020-07-23 16:04:56,883 [INFO]: #  DATA:'未定义'
2020-07-23 16:04:56,890 [INFO]: #  REAL:'未定义'
2020-07-23 16:04:56,891 [INFO]: #  --- success ---
2020-07-23 16:04:57,091 [INFO]: #  Run the Step: 6|销售订单|INPUT|销售订单-inp客户PO
2020-07-23 16:04:58,796 [INFO]: #  --- success ---
2020-07-23 16:04:58,996 [INFO]: #  Run the Step: 7|销售订单|CLICK|销售订单-sel客户名称
2020-07-23 16:04:59,701 [INFO]: #  --- success ---
2020-07-23 16:04:59,908 [INFO]: #  Run the Step: 8|销售订单|CLICK|销售订单-val客户名称-美的
2020-07-23 16:05:00,649 [INFO]: #  --- success ---
2020-07-23 16:05:00,849 [INFO]: #  Run the Step: 9|销售订单|CLICK|销售订单-sel预交日期
2020-07-23 16:05:01,569 [INFO]: #  --- success ---
2020-07-23 16:05:01,769 [INFO]: #  Run the Step: 10|销售订单|CLICK|销售订单-val预交日期
2020-07-23 16:05:02,487 [INFO]: #  --- success ---
2020-07-23 16:05:02,696 [INFO]: #  Run the Step: 11|销售订单|CLICK|销售订单-sel业务部门
2020-07-23 16:05:03,410 [INFO]: #  --- success ---
2020-07-23 16:05:03,611 [INFO]: #  Run the Step: 12|销售订单|CLICK|销售订单-val业务部门-办公室
2020-07-23 16:05:04,381 [INFO]: #  --- success ---
2020-07-23 16:05:04,582 [INFO]: #  Run the Step: 13|销售订单|CLICK|销售订单-sel业务人员
2020-07-23 16:05:05,246 [INFO]: #  --- success ---
2020-07-23 16:05:05,455 [INFO]: #  Run the Step: 14|销售订单|CLICK|销售订单-val业务人员-田丰
2020-07-23 16:05:06,187 [INFO]: #  --- success ---
2020-07-23 16:05:06,387 [INFO]: #  Run the Step: 15|销售订单|CLICK|销售订单-sel交货验收
2020-07-23 16:05:07,069 [INFO]: #  --- success ---
2020-07-23 16:05:07,270 [INFO]: #  Run the Step: 16|销售订单|CLICK|销售订单-val交货验收-否
2020-07-23 16:05:07,917 [INFO]: #  --- success ---
2020-07-23 16:05:08,126 [INFO]: #  Run the Step: 17|销售订单|CLICK|销售订单-sel订单等级
2020-07-23 16:05:08,822 [INFO]: #  --- success ---
2020-07-23 16:05:09,026 [INFO]: #  Run the Step: 18|销售订单|CLICK|销售订单-val订单等级-正常
2020-07-23 16:05:09,672 [INFO]: #  --- success ---
2020-07-23 16:05:09,875 [INFO]: #  Run the Step: 19|销售订单|CLICK|销售订单-btn添加
2020-07-23 16:05:10,756 [INFO]: #  --- success ---
2020-07-23 16:05:10,956 [INFO]: #  Run the Step: 20|销售订单|CLICK|销售订单-sel物料编码
2020-07-23 16:05:11,683 [INFO]: #  --- success ---
2020-07-23 16:05:11,884 [INFO]: #  Run the Step: 20|销售订单|INPUT|销售订单-inp选择物料
2020-07-23 16:05:12,698 [INFO]: #  --- success ---
2020-07-23 16:05:12,899 [INFO]: #  Run the Step: 21|销售订单|CLICK|销售订单-val物料编码-风扇罩W1S
2020-07-23 16:05:13,699 [INFO]: #  --- success ---
2020-07-23 16:05:13,899 [INFO]: #  Run the Step: 22|销售订单|INPUT|销售订单-inp数量
2020-07-23 16:05:14,737 [INFO]: #  --- success ---
2020-07-23 16:05:14,937 [INFO]: #  Run the Step: 23|销售订单|CHECK|销售订单-sel订单明细-交货地点
2020-07-23 16:05:15,017 [INFO]: #  DATA:'B2成品货位'
2020-07-23 16:05:15,027 [INFO]: #  REAL:'B2成品货位'
2020-07-23 16:05:15,028 [INFO]: #  --- success ---
2020-07-23 16:05:15,230 [INFO]: #  Run the Step: 24|销售订单|INPUT|销售订单-inp备注
2020-07-23 16:05:16,413 [INFO]: #  --- success ---
2020-07-23 16:05:16,613 [INFO]: #  --- success ---
2020-07-23 16:05:16,819 [INFO]: #  Run the Step: 2|销售订单|CLICK|通用-btn直接提交
2020-07-23 16:05:17,475 [INFO]: #  --- success ---
2020-07-23 16:05:17,676 [INFO]: #  Run the Step: 3|销售订单|CLICK|通用-btn直接提交-确定
2020-07-23 16:05:18,480 [INFO]: #  --- success ---
2020-07-23 16:05:18,681 [INFO]: #  Run the Step: 4|销售订单|CHECK|销售订单-lab销售状态#已提交
2020-07-23 16:05:19,838 [INFO]: #  DATA:'已提交'
2020-07-23 16:05:19,842 [INFO]: #  REAL:'已提交'
2020-07-23 16:05:19,843 [INFO]: #  --- success ---
2020-07-23 16:05:20,043 [INFO]: #  Run the Step: 5|销售订单|CLICK|通用-btn审核
2020-07-23 16:05:21,065 [INFO]: #  --- success ---
2020-07-23 16:05:21,265 [INFO]: #  Run the Step: 6|销售订单|CLICK|通用-sel审核-不通过
2020-07-23 16:05:32,577 [INFO]: #  --- success ---
2020-07-23 16:05:32,779 [INFO]: #  Run the Step: 7|销售订单|CLICK|通用-btn审核-确定
2020-07-23 16:05:33,545 [INFO]: #  --- success ---
2020-07-23 16:05:33,753 [INFO]: #  Run the Step: 8|销售订单|CHECK|销售订单-lab销售状态#不通过
2020-07-23 16:05:34,438 [INFO]: #  DATA:'不通过'
2020-07-23 16:05:34,442 [INFO]: #  REAL:'不通过'
2020-07-23 16:05:34,443 [INFO]: #  --- success ---
2020-07-23 16:05:34,643 [INFO]: #  Run the Step: 9|销售订单|CLICK|通用-btn编辑
2020-07-23 16:05:35,455 [INFO]: #  --- success ---
2020-07-23 16:05:35,660 [INFO]: #  Run the Step: 10|销售订单|INPUT|销售订单-inp备注
2020-07-23 16:05:37,005 [INFO]: #  --- success ---
2020-07-23 16:05:37,206 [INFO]: #  Run the Step: 11|销售订单|CLICK|通用-btn保存
2020-07-23 16:05:37,963 [INFO]: #  --- success ---
2020-07-23 16:05:38,168 [INFO]: #  Run the Step: 12|销售订单|CHECK|销售订单-toast修改成功提醒
2020-07-23 16:05:38,486 [INFO]: #  DATA:'修改成功!'
2020-07-23 16:05:38,487 [INFO]: #  REAL:'修改成功!'
2020-07-23 16:05:38,487 [INFO]: #  --- success ---
2020-07-23 16:05:38,688 [INFO]: #  Run the Step: 13|销售订单|CLICK|通用-btn提交
2020-07-23 16:05:39,450 [INFO]: #  --- success ---
2020-07-23 16:05:39,650 [INFO]: #  Run the Step: 14|销售订单|CLICK|通用-btn提交-确定
2020-07-23 16:05:40,417 [INFO]: #  --- success ---
2020-07-23 16:05:40,623 [INFO]: #  Run the Step: 15|销售订单|CLICK|通用-btn审核
2020-07-23 16:05:42,260 [INFO]: #  --- success ---
2020-07-23 16:05:42,461 [INFO]: #  Run the Step: 16|销售订单|CLICK|通用-sel审核-通过
2020-07-23 16:05:53,668 [INFO]: #  --- success ---
2020-07-23 16:05:53,869 [INFO]: #  Run the Step: 17|销售订单|CLICK|通用-btn审核-确定
2020-07-23 16:05:54,628 [INFO]: #  --- success ---
2020-07-23 16:05:54,828 [INFO]: #  Run the Step: 32|销售订单|CHECK|销售订单-lab销售状态#已审核
2020-07-23 16:05:55,735 [INFO]: #  DATA:'已审核'
2020-07-23 16:05:55,736 [INFO]: #  REAL:'已审核'
2020-07-23 16:05:55,736 [INFO]: #  --- success ---
2020-07-23 16:05:55,936 [INFO]: #  Run the Step: 18|销售订单|CLICK|通用-btn返回列表
2020-07-23 16:05:56,830 [INFO]: #  --- success ---
2020-07-23 16:05:57,031 [INFO]: #  Run the Step: 19|销售订单|CLICK|通用-tab已审核
2020-07-23 16:05:57,849 [INFO]: #  --- success ---
2020-07-23 16:05:58,049 [INFO]: #  Run the Step: 20|销售订单|CLICK|通用-val单号
2020-07-23 16:05:58,711 [INFO]: #  --- success ---
2020-07-23 16:05:58,912 [INFO]: #  Run the Step: 21|销售订单|INPUT|销售订单-inp搜索
2020-07-23 16:06:00,529 [INFO]: #  --- success ---
2020-07-23 16:06:00,730 [INFO]: #  Run the Step: 22|销售订单|CLICK|销售订单-btn搜索
2020-07-23 16:06:01,523 [INFO]: #  --- success ---
2020-07-23 16:06:01,728 [INFO]: #  Run the Step: 23|销售订单|CLICK|通用-tab已审核
2020-07-23 16:06:02,475 [INFO]: #  --- success ---
2020-07-23 16:06:02,680 [INFO]: #  Run the Step: 24|销售订单|CLICK|通用-tab已审核-查看
2020-07-23 16:06:03,502 [INFO]: #  --- success ---
2020-07-23 16:06:03,711 [INFO]: #  Run the Step: 25|销售订单|CLICK|通用-btn关闭
2020-07-23 16:06:04,593 [INFO]: #  --- success ---
2020-07-23 16:06:04,803 [INFO]: #  Run the Step: 26|销售订单|CLICK|通用-btn关闭-确定
2020-07-23 16:06:05,556 [INFO]: #  --- success ---
2020-07-23 16:06:05,765 [INFO]: #  Run the Step: 27|销售订单|CHECK|销售订单-lab销售状态#已关闭
2020-07-23 16:06:06,343 [INFO]: #  DATA:'已关闭'
2020-07-23 16:06:06,343 [INFO]: #  REAL:'已关闭'
2020-07-23 16:06:06,344 [INFO]: #  --- success ---
2020-07-23 16:06:06,545 [INFO]: #  Run the Step: 28|销售订单|CLICK|通用-btn返回列表
2020-07-23 16:06:07,351 [INFO]: #  --- success ---
2020-07-23 16:06:07,552 [INFO]: #  ==================================================
2020-07-23 16:06:07,552 [INFO]: #  ...No SETUP testcase need to run...
2020-07-23 16:06:07,553 [INFO]: #  --------------------------------------------------
2020-07-23 16:06:07,553 [INFO]: #  >>> Run the TestCase: DQ_001|删除销售订单
2020-07-23 16:06:07,553 [INFO]: #  Run the Step: 1|用例片段|EXECUTE|CQ_001
2020-07-23 16:06:07,556 [INFO]: #  >>> Run the TestCase: CQ_001|新增销售订单
2020-07-23 16:06:07,556 [INFO]: #  Run the Step: 1|销售订单|CLICK|通用-左侧栏一级菜单#销售管理
2020-07-23 16:06:08,249 [INFO]: #  --- success ---
2020-07-23 16:06:08,454 [INFO]: #  Run the Step: 2|销售订单|CLICK|通用-左侧栏二级菜单#需求订单
2020-07-23 16:06:09,098 [INFO]: #  --- success ---
2020-07-23 16:06:09,298 [INFO]: #  Run the Step: 3|销售订单|CLICK|通用-左侧栏一级菜单#销售管理
2020-07-23 16:06:09,964 [INFO]: #  --- success ---
2020-07-23 16:06:10,164 [INFO]: #  Run the Step: 4|销售订单|CLICK|销售订单-btn新增
2020-07-23 16:06:11,092 [INFO]: #  --- success ---
2020-07-23 16:06:11,292 [INFO]: #  Run the Step: 5|销售订单|CHECK|销售订单-lab销售状态#未定义
2020-07-23 16:06:11,371 [INFO]: #  DATA:'未定义'
2020-07-23 16:06:11,372 [INFO]: #  REAL:'未定义'
2020-07-23 16:06:11,372 [INFO]: #  --- success ---
2020-07-23 16:06:11,573 [INFO]: #  Run the Step: 6|销售订单|INPUT|销售订单-inp客户PO
2020-07-23 16:06:13,299 [INFO]: #  --- success ---
2020-07-23 16:06:13,499 [INFO]: #  Run the Step: 7|销售订单|CLICK|销售订单-sel客户名称
2020-07-23 16:06:14,164 [INFO]: #  --- success ---
2020-07-23 16:06:14,366 [INFO]: #  Run the Step: 8|销售订单|CLICK|销售订单-val客户名称-美的
2020-07-23 16:06:15,073 [INFO]: #  --- success ---
2020-07-23 16:06:15,273 [INFO]: #  Run the Step: 9|销售订单|CLICK|销售订单-sel预交日期
2020-07-23 16:06:15,966 [INFO]: #  --- success ---
2020-07-23 16:06:16,169 [INFO]: #  Run the Step: 10|销售订单|CLICK|销售订单-val预交日期
2020-07-23 16:06:16,876 [INFO]: #  --- success ---
2020-07-23 16:06:17,077 [INFO]: #  Run the Step: 11|销售订单|CLICK|销售订单-sel业务部门
2020-07-23 16:06:17,772 [INFO]: #  --- success ---
2020-07-23 16:06:17,973 [INFO]: #  Run the Step: 12|销售订单|CLICK|销售订单-val业务部门-办公室
2020-07-23 16:06:18,712 [INFO]: #  --- success ---
2020-07-23 16:06:18,912 [INFO]: #  Run the Step: 13|销售订单|CLICK|销售订单-sel业务人员
2020-07-23 16:06:19,583 [INFO]: #  --- success ---
2020-07-23 16:06:19,784 [INFO]: #  Run the Step: 14|销售订单|CLICK|销售订单-val业务人员-田丰
2020-07-23 16:06:20,513 [INFO]: #  --- success ---
2020-07-23 16:06:20,714 [INFO]: #  Run the Step: 15|销售订单|CLICK|销售订单-sel交货验收
2020-07-23 16:06:21,381 [INFO]: #  --- success ---
2020-07-23 16:06:21,582 [INFO]: #  Run the Step: 16|销售订单|CLICK|销售订单-val交货验收-否
2020-07-23 16:06:22,220 [INFO]: #  --- success ---
2020-07-23 16:06:22,421 [INFO]: #  Run the Step: 17|销售订单|CLICK|销售订单-sel订单等级
2020-07-23 16:06:23,100 [INFO]: #  --- success ---
2020-07-23 16:06:23,300 [INFO]: #  Run the Step: 18|销售订单|CLICK|销售订单-val订单等级-正常
2020-07-23 16:06:23,942 [INFO]: #  --- success ---
2020-07-23 16:06:24,142 [INFO]: #  Run the Step: 19|销售订单|CLICK|销售订单-btn添加
2020-07-23 16:06:24,946 [INFO]: #  --- success ---
2020-07-23 16:06:25,147 [INFO]: #  Run the Step: 20|销售订单|CLICK|销售订单-sel物料编码
2020-07-23 16:06:26,011 [INFO]: #  --- success ---
2020-07-23 16:06:26,218 [INFO]: #  Run the Step: 20|销售订单|INPUT|销售订单-inp选择物料
2020-07-23 16:06:26,886 [INFO]: #  --- success ---
2020-07-23 16:06:27,093 [INFO]: #  Run the Step: 21|销售订单|CLICK|销售订单-val物料编码-风扇罩W1S
2020-07-23 16:06:27,874 [INFO]: #  --- success ---
2020-07-23 16:06:28,076 [INFO]: #  Run the Step: 22|销售订单|INPUT|销售订单-inp数量
2020-07-23 16:06:28,904 [INFO]: #  --- success ---
2020-07-23 16:06:29,104 [INFO]: #  Run the Step: 23|销售订单|CHECK|销售订单-sel订单明细-交货地点
2020-07-23 16:06:29,189 [INFO]: #  DATA:'B2成品货位'
2020-07-23 16:06:29,190 [INFO]: #  REAL:'B2成品货位'
2020-07-23 16:06:29,190 [INFO]: #  --- success ---
2020-07-23 16:06:29,390 [INFO]: #  Run the Step: 24|销售订单|INPUT|销售订单-inp备注
2020-07-23 16:06:30,543 [INFO]: #  --- success ---
2020-07-23 16:06:30,744 [INFO]: #  --- success ---
2020-07-23 16:06:30,944 [INFO]: #  Run the Step: 2|销售订单|CLICK|通用-btn保存草稿
2020-07-23 16:06:31,756 [INFO]: #  --- success ---
2020-07-23 16:06:31,956 [INFO]: #  Run the Step: 3|销售订单|CHECK|销售订单-lab销售状态#已录入
2020-07-23 16:06:32,629 [INFO]: #  DATA:'已录入'
2020-07-23 16:06:32,630 [INFO]: #  REAL:'已录入'
2020-07-23 16:06:32,630 [INFO]: #  --- success ---
2020-07-23 16:06:32,830 [INFO]: #  Run the Step: 4|销售订单|CLICK|通用-btn返回列表
2020-07-23 16:06:33,710 [INFO]: #  --- success ---
2020-07-23 16:06:33,910 [INFO]: #  Run the Step: 5|销售订单|CLICK|通用-tab已录入
2020-07-23 16:06:34,562 [INFO]: #  --- success ---
2020-07-23 16:06:34,766 [INFO]: #  Run the Step: 6|销售订单|CLICK|通用-val单号
2020-07-23 16:06:35,421 [INFO]: #  --- success ---
2020-07-23 16:06:35,621 [INFO]: #  Run the Step: 7|销售订单|INPUT|销售订单-inp搜索
2020-07-23 16:06:37,442 [INFO]: #  --- success ---
2020-07-23 16:06:37,642 [INFO]: #  Run the Step: 8|销售订单|CLICK|销售订单-btn搜索
2020-07-23 16:06:38,510 [INFO]: #  --- success ---
2020-07-23 16:06:38,711 [INFO]: #  Run the Step: 9|销售订单|CLICK|通用-tab已录入
2020-07-23 16:06:39,418 [INFO]: #  --- success ---
2020-07-23 16:06:39,619 [INFO]: #  Run the Step: 10|销售订单|CLICK|通用-btn删除订单
2020-07-23 16:06:40,269 [INFO]: #  --- success ---
2020-07-23 16:06:40,470 [INFO]: #  Run the Step: 11|销售订单|CLICK|通用-btn删除订单-确定
2020-07-23 16:06:41,101 [INFO]: #  --- success ---
2020-07-23 16:06:41,301 [INFO]: #  Run the Step: 12|销售订单|CHECK|通用-toast删除提醒#删除成功!
2020-07-23 16:06:41,373 [INFO]: #  DATA:'删除成功!'
2020-07-23 16:06:41,374 [INFO]: #  REAL:'删除成功!'
2020-07-23 16:06:41,374 [INFO]: #  --- success ---
2020-07-23 16:06:41,575 [INFO]: #  Run the Step: 13|用例片段|EXECUTE|CQ_001
2020-07-23 16:06:41,577 [INFO]: #  >>> Run the TestCase: CQ_001|新增销售订单
2020-07-23 16:06:41,577 [INFO]: #  Run the Step: 1|销售订单|CLICK|通用-左侧栏一级菜单#销售管理
2020-07-23 16:06:42,232 [INFO]: #  --- success ---
2020-07-23 16:06:42,441 [INFO]: #  Run the Step: 2|销售订单|CLICK|通用-左侧栏二级菜单#需求订单
2020-07-23 16:06:43,049 [INFO]: #  --- success ---
2020-07-23 16:06:43,249 [INFO]: #  Run the Step: 3|销售订单|CLICK|通用-左侧栏一级菜单#销售管理
2020-07-23 16:06:43,933 [INFO]: #  --- success ---
2020-07-23 16:06:44,133 [INFO]: #  Run the Step: 4|销售订单|CLICK|销售订单-btn新增
2020-07-23 16:06:45,046 [INFO]: #  --- success ---
2020-07-23 16:06:45,247 [INFO]: #  Run the Step: 5|销售订单|CHECK|销售订单-lab销售状态#未定义
2020-07-23 16:06:45,330 [INFO]: #  DATA:'未定义'
2020-07-23 16:06:45,331 [INFO]: #  REAL:'未定义'
2020-07-23 16:06:45,331 [INFO]: #  --- success ---
2020-07-23 16:06:45,532 [INFO]: #  Run the Step: 6|销售订单|INPUT|销售订单-inp客户PO
2020-07-23 16:06:47,217 [INFO]: #  --- success ---
2020-07-23 16:06:47,418 [INFO]: #  Run the Step: 7|销售订单|CLICK|销售订单-sel客户名称
2020-07-23 16:06:48,094 [INFO]: #  --- success ---
2020-07-23 16:06:48,295 [INFO]: #  Run the Step: 8|销售订单|CLICK|销售订单-val客户名称-美的
2020-07-23 16:06:49,009 [INFO]: #  --- success ---
2020-07-23 16:06:49,215 [INFO]: #  Run the Step: 9|销售订单|CLICK|销售订单-sel预交日期
2020-07-23 16:06:49,916 [INFO]: #  --- success ---
2020-07-23 16:06:50,117 [INFO]: #  Run the Step: 10|销售订单|CLICK|销售订单-val预交日期
2020-07-23 16:06:50,858 [INFO]: #  --- success ---
2020-07-23 16:06:51,058 [INFO]: #  Run the Step: 11|销售订单|CLICK|销售订单-sel业务部门
2020-07-23 16:06:51,770 [INFO]: #  --- success ---
2020-07-23 16:06:51,992 [INFO]: #  Run the Step: 12|销售订单|CLICK|销售订单-val业务部门-办公室
2020-07-23 16:06:52,720 [INFO]: #  --- success ---
2020-07-23 16:06:52,923 [INFO]: #  Run the Step: 13|销售订单|CLICK|销售订单-sel业务人员
2020-07-23 16:06:53,598 [INFO]: #  --- success ---
2020-07-23 16:06:53,799 [INFO]: #  Run the Step: 14|销售订单|CLICK|销售订单-val业务人员-田丰
2020-07-23 16:06:54,535 [INFO]: #  --- success ---
2020-07-23 16:06:54,737 [INFO]: #  Run the Step: 15|销售订单|CLICK|销售订单-sel交货验收
2020-07-23 16:06:55,404 [INFO]: #  --- success ---
2020-07-23 16:06:55,605 [INFO]: #  Run the Step: 16|销售订单|CLICK|销售订单-val交货验收-否
2020-07-23 16:06:56,243 [INFO]: #  --- success ---
2020-07-23 16:06:56,443 [INFO]: #  Run the Step: 17|销售订单|CLICK|销售订单-sel订单等级
2020-07-23 16:06:57,127 [INFO]: #  --- success ---
2020-07-23 16:06:57,327 [INFO]: #  Run the Step: 18|销售订单|CLICK|销售订单-val订单等级-正常
2020-07-23 16:06:57,966 [INFO]: #  --- success ---
2020-07-23 16:06:58,166 [INFO]: #  Run the Step: 19|销售订单|CLICK|销售订单-btn添加
2020-07-23 16:06:58,970 [INFO]: #  --- success ---
2020-07-23 16:06:59,171 [INFO]: #  Run the Step: 20|销售订单|CLICK|销售订单-sel物料编码
2020-07-23 16:06:59,849 [INFO]: #  --- success ---
2020-07-23 16:07:00,051 [INFO]: #  Run the Step: 20|销售订单|INPUT|销售订单-inp选择物料
2020-07-23 16:07:00,764 [INFO]: #  --- success ---
2020-07-23 16:07:00,964 [INFO]: #  Run the Step: 21|销售订单|CLICK|销售订单-val物料编码-风扇罩W1S
2020-07-23 16:07:01,759 [INFO]: #  --- success ---
2020-07-23 16:07:01,963 [INFO]: #  Run the Step: 22|销售订单|INPUT|销售订单-inp数量
2020-07-23 16:07:02,813 [INFO]: #  --- success ---
2020-07-23 16:07:03,019 [INFO]: #  Run the Step: 23|销售订单|CHECK|销售订单-sel订单明细-交货地点
2020-07-23 16:07:03,087 [INFO]: #  DATA:'B2成品货位'
2020-07-23 16:07:03,091 [INFO]: #  REAL:'B2成品货位'
2020-07-23 16:07:03,092 [INFO]: #  --- success ---
2020-07-23 16:07:03,292 [INFO]: #  Run the Step: 24|销售订单|INPUT|销售订单-inp备注
2020-07-23 16:07:04,447 [INFO]: #  --- success ---
2020-07-23 16:07:04,647 [INFO]: #  --- success ---
2020-07-23 16:07:04,848 [INFO]: #  Run the Step: 14|销售订单|CLICK|通用-btn直接提交
2020-07-23 16:07:05,513 [INFO]: #  --- success ---
2020-07-23 16:07:05,713 [INFO]: #  Run the Step: 15|销售订单|CLICK|通用-btn直接提交-确定
2020-07-23 16:07:06,493 [INFO]: #  --- success ---
2020-07-23 16:07:06,694 [INFO]: #  Run the Step: 16|销售订单|CHECK|销售订单-lab销售状态#已提交
2020-07-23 16:07:07,572 [INFO]: #  DATA:'已提交'
2020-07-23 16:07:07,573 [INFO]: #  REAL:'已提交'
2020-07-23 16:07:07,573 [INFO]: #  --- success ---
2020-07-23 16:07:07,774 [INFO]: #  Run the Step: 17|销售订单|CLICK|通用-btn返回列表
2020-07-23 16:07:08,593 [INFO]: #  --- success ---
2020-07-23 16:07:08,794 [INFO]: #  Run the Step: 18|销售订单|CLICK|通用-tab已提交
2020-07-23 16:07:09,880 [INFO]: #  --- success ---
2020-07-23 16:07:10,082 [INFO]: #  Run the Step: 19|销售订单|CLICK|通用-val单号
2020-07-23 16:07:10,731 [INFO]: #  --- success ---
2020-07-23 16:07:10,931 [INFO]: #  Run the Step: 20|销售订单|INPUT|销售订单-inp搜索
2020-07-23 16:07:12,493 [INFO]: #  --- success ---
2020-07-23 16:07:12,693 [INFO]: #  Run the Step: 21|销售订单|CLICK|销售订单-btn搜索
2020-07-23 16:07:13,457 [INFO]: #  --- success ---
2020-07-23 16:07:13,658 [INFO]: #  Run the Step: 22|销售订单|CLICK|通用-tab已提交
2020-07-23 16:07:14,369 [INFO]: #  --- success ---
2020-07-23 16:07:14,577 [INFO]: #  Run the Step: 23|销售订单|CLICK|通用-btn删除订单
2020-07-23 16:07:15,239 [INFO]: #  --- success ---
2020-07-23 16:07:15,439 [INFO]: #  Run the Step: 24|销售订单|CLICK|通用-btn删除订单-确定
2020-07-23 16:07:16,073 [INFO]: #  --- success ---
2020-07-23 16:07:16,273 [INFO]: #  Run the Step: 25|销售订单|CHECK|通用-toast删除提醒#删除成功!
2020-07-23 16:07:16,346 [INFO]: #  DATA:'删除成功!'
2020-07-23 16:07:16,347 [INFO]: #  REAL:'删除成功!'
2020-07-23 16:07:16,347 [INFO]: #  --- success ---
2020-07-23 16:07:16,547 [INFO]: #  Run the Step: 26|用例片段|EXECUTE|CQ_001
2020-07-23 16:07:16,561 [INFO]: #  >>> Run the TestCase: CQ_001|新增销售订单
2020-07-23 16:07:16,562 [INFO]: #  Run the Step: 1|销售订单|CLICK|通用-左侧栏一级菜单#销售管理
2020-07-23 16:07:17,227 [INFO]: #  --- success ---
2020-07-23 16:07:17,435 [INFO]: #  Run the Step: 2|销售订单|CLICK|通用-左侧栏二级菜单#需求订单
2020-07-23 16:07:18,040 [INFO]: #  --- success ---
2020-07-23 16:07:18,240 [INFO]: #  Run the Step: 3|销售订单|CLICK|通用-左侧栏一级菜单#销售管理
2020-07-23 16:07:18,890 [INFO]: #  --- success ---
2020-07-23 16:07:19,091 [INFO]: #  Run the Step: 4|销售订单|CLICK|销售订单-btn新增
2020-07-23 16:07:19,995 [INFO]: #  --- success ---
2020-07-23 16:07:20,196 [INFO]: #  Run the Step: 5|销售订单|CHECK|销售订单-lab销售状态#未定义
2020-07-23 16:07:20,270 [INFO]: #  DATA:'未定义'
2020-07-23 16:07:20,278 [INFO]: #  REAL:'未定义'
2020-07-23 16:07:20,279 [INFO]: #  --- success ---
2020-07-23 16:07:20,479 [INFO]: #  Run the Step: 6|销售订单|INPUT|销售订单-inp客户PO
2020-07-23 16:07:22,138 [INFO]: #  --- success ---
2020-07-23 16:07:22,340 [INFO]: #  Run the Step: 7|销售订单|CLICK|销售订单-sel客户名称
2020-07-23 16:07:23,007 [INFO]: #  --- success ---
2020-07-23 16:07:23,207 [INFO]: #  Run the Step: 8|销售订单|CLICK|销售订单-val客户名称-美的
2020-07-23 16:07:23,906 [INFO]: #  --- success ---
2020-07-23 16:07:24,107 [INFO]: #  Run the Step: 9|销售订单|CLICK|销售订单-sel预交日期
2020-07-23 16:07:24,811 [INFO]: #  --- success ---
2020-07-23 16:07:25,011 [INFO]: #  Run the Step: 10|销售订单|CLICK|销售订单-val预交日期
2020-07-23 16:07:25,724 [INFO]: #  --- success ---
2020-07-23 16:07:25,924 [INFO]: #  Run the Step: 11|销售订单|CLICK|销售订单-sel业务部门
2020-07-23 16:07:26,620 [INFO]: #  --- success ---
2020-07-23 16:07:26,821 [INFO]: #  Run the Step: 12|销售订单|CLICK|销售订单-val业务部门-办公室
2020-07-23 16:07:27,543 [INFO]: #  --- success ---
2020-07-23 16:07:27,743 [INFO]: #  Run the Step: 13|销售订单|CLICK|销售订单-sel业务人员
2020-07-23 16:07:28,411 [INFO]: #  --- success ---
2020-07-23 16:07:28,612 [INFO]: #  Run the Step: 14|销售订单|CLICK|销售订单-val业务人员-田丰
2020-07-23 16:07:29,338 [INFO]: #  --- success ---
2020-07-23 16:07:29,538 [INFO]: #  Run the Step: 15|销售订单|CLICK|销售订单-sel交货验收
2020-07-23 16:07:30,192 [INFO]: #  --- success ---
2020-07-23 16:07:30,396 [INFO]: #  Run the Step: 16|销售订单|CLICK|销售订单-val交货验收-否
2020-07-23 16:07:31,033 [INFO]: #  --- success ---
2020-07-23 16:07:31,234 [INFO]: #  Run the Step: 17|销售订单|CLICK|销售订单-sel订单等级
2020-07-23 16:07:31,911 [INFO]: #  --- success ---
2020-07-23 16:07:32,111 [INFO]: #  Run the Step: 18|销售订单|CLICK|销售订单-val订单等级-正常
2020-07-23 16:07:32,752 [INFO]: #  --- success ---
2020-07-23 16:07:32,957 [INFO]: #  Run the Step: 19|销售订单|CLICK|销售订单-btn添加
2020-07-23 16:07:33,760 [INFO]: #  --- success ---
2020-07-23 16:07:33,960 [INFO]: #  Run the Step: 20|销售订单|CLICK|销售订单-sel物料编码
2020-07-23 16:07:34,637 [INFO]: #  --- success ---
2020-07-23 16:07:34,843 [INFO]: #  Run the Step: 20|销售订单|INPUT|销售订单-inp选择物料
2020-07-23 16:07:35,487 [INFO]: #  --- success ---
2020-07-23 16:07:35,687 [INFO]: #  Run the Step: 21|销售订单|CLICK|销售订单-val物料编码-风扇罩W1S
2020-07-23 16:07:36,474 [INFO]: #  --- success ---
2020-07-23 16:07:36,674 [INFO]: #  Run the Step: 22|销售订单|INPUT|销售订单-inp数量
2020-07-23 16:07:37,504 [INFO]: #  --- success ---
2020-07-23 16:07:37,704 [INFO]: #  Run the Step: 23|销售订单|CHECK|销售订单-sel订单明细-交货地点
2020-07-23 16:07:37,778 [INFO]: #  DATA:'B2成品货位'
2020-07-23 16:07:37,781 [INFO]: #  REAL:'B2成品货位'
2020-07-23 16:07:37,781 [INFO]: #  --- success ---
2020-07-23 16:07:37,981 [INFO]: #  Run the Step: 24|销售订单|INPUT|销售订单-inp备注
2020-07-23 16:07:39,138 [INFO]: #  --- success ---
2020-07-23 16:07:39,338 [INFO]: #  --- success ---
2020-07-23 16:07:39,538 [INFO]: #  Run the Step: 27|销售订单|CLICK|通用-btn直接提交
2020-07-23 16:07:40,207 [INFO]: #  --- success ---
2020-07-23 16:07:40,408 [INFO]: #  Run the Step: 28|销售订单|CLICK|通用-btn直接提交-确定
2020-07-23 16:07:41,203 [INFO]: #  --- success ---
2020-07-23 16:07:41,403 [INFO]: #  Run the Step: 29|销售订单|CLICK|通用-btn审核
2020-07-23 16:07:42,958 [INFO]: #  --- success ---
2020-07-23 16:07:43,161 [INFO]: #  Run the Step: 30|销售订单|CLICK|通用-sel审核-通过
2020-07-23 16:07:54,281 [INFO]: #  --- success ---
2020-07-23 16:07:54,482 [INFO]: #  Run the Step: 31|销售订单|CLICK|通用-btn审核-确定
2020-07-23 16:07:55,272 [INFO]: #  --- success ---
2020-07-23 16:07:55,472 [INFO]: #  Run the Step: 32|销售订单|CHECK|销售订单-lab销售状态#已审核
2020-07-23 16:07:56,118 [INFO]: #  DATA:'已审核'
2020-07-23 16:07:56,119 [INFO]: #  REAL:'已审核'
2020-07-23 16:07:56,119 [INFO]: #  --- success ---
2020-07-23 16:07:56,319 [INFO]: #  Run the Step: 33|销售订单|CLICK|通用-btn返回列表
2020-07-23 16:07:57,141 [INFO]: #  --- success ---
2020-07-23 16:07:57,341 [INFO]: #  Run the Step: 34|销售订单|CLICK|通用-tab已审核
2020-07-23 16:07:58,151 [INFO]: #  --- success ---
2020-07-23 16:07:58,352 [INFO]: #  Run the Step: 35|销售订单|CLICK|通用-val单号
2020-07-23 16:07:59,003 [INFO]: #  --- success ---
2020-07-23 16:07:59,203 [INFO]: #  Run the Step: 36|销售订单|INPUT|销售订单-inp搜索
2020-07-23 16:08:00,783 [INFO]: #  --- success ---
2020-07-23 16:08:00,983 [INFO]: #  Run the Step: 37|销售订单|CLICK|销售订单-btn搜索
2020-07-23 16:08:01,788 [INFO]: #  --- success ---
2020-07-23 16:08:01,989 [INFO]: #  Run the Step: 38|销售订单|CLICK|通用-tab已审核
2020-07-23 16:08:02,698 [INFO]: #  --- success ---
2020-07-23 16:08:02,898 [INFO]: #  Run the Step: 39|销售订单|CLICK|通用-btn删除订单
2020-07-23 16:08:03,567 [INFO]: #  --- success ---
2020-07-23 16:08:03,768 [INFO]: #  Run the Step: 40|销售订单|CLICK|通用-btn删除订单-确定
2020-07-23 16:08:04,409 [INFO]: #  --- success ---
2020-07-23 16:08:04,611 [INFO]: #  Run the Step: 41|销售订单|CHECK|通用-toast删除提醒#当前单据已经通过审核，不得删除
2020-07-23 16:08:04,688 [INFO]: #  DATA:'当前单据已经通过审核，不得删除'
2020-07-23 16:08:04,691 [INFO]: #  REAL:'当前单据已经通过审核，不得删除'
2020-07-23 16:08:04,692 [INFO]: #  --- success ---
2020-07-23 16:08:04,892 [INFO]: #  Run the Step: 42|用例片段|EXECUTE|CQ_001
2020-07-23 16:08:04,895 [INFO]: #  >>> Run the TestCase: CQ_001|新增销售订单
2020-07-23 16:08:04,895 [INFO]: #  Run the Step: 1|销售订单|CLICK|通用-左侧栏一级菜单#销售管理
2020-07-23 16:08:05,552 [INFO]: #  --- success ---
2020-07-23 16:08:05,753 [INFO]: #  Run the Step: 2|销售订单|CLICK|通用-左侧栏二级菜单#需求订单
2020-07-23 16:08:06,364 [INFO]: #  --- success ---
2020-07-23 16:08:06,565 [INFO]: #  Run the Step: 3|销售订单|CLICK|通用-左侧栏一级菜单#销售管理
2020-07-23 16:08:07,238 [INFO]: #  --- success ---
2020-07-23 16:08:07,439 [INFO]: #  Run the Step: 4|销售订单|CLICK|销售订单-btn新增
2020-07-23 16:08:08,457 [INFO]: #  --- success ---
2020-07-23 16:08:08,657 [INFO]: #  Run the Step: 5|销售订单|CHECK|销售订单-lab销售状态#未定义
2020-07-23 16:08:08,751 [INFO]: #  DATA:'未定义'
2020-07-23 16:08:08,752 [INFO]: #  REAL:'未定义'
2020-07-23 16:08:08,752 [INFO]: #  --- success ---
2020-07-23 16:08:08,953 [INFO]: #  Run the Step: 6|销售订单|INPUT|销售订单-inp客户PO
2020-07-23 16:08:10,563 [INFO]: #  --- success ---
2020-07-23 16:08:10,763 [INFO]: #  Run the Step: 7|销售订单|CLICK|销售订单-sel客户名称
2020-07-23 16:08:11,427 [INFO]: #  --- success ---
2020-07-23 16:08:11,627 [INFO]: #  Run the Step: 8|销售订单|CLICK|销售订单-val客户名称-美的
2020-07-23 16:08:12,327 [INFO]: #  --- success ---
2020-07-23 16:08:12,527 [INFO]: #  Run the Step: 9|销售订单|CLICK|销售订单-sel预交日期
2020-07-23 16:08:13,226 [INFO]: #  --- success ---
2020-07-23 16:08:13,431 [INFO]: #  Run the Step: 10|销售订单|CLICK|销售订单-val预交日期
2020-07-23 16:08:14,204 [INFO]: #  --- success ---
2020-07-23 16:08:14,404 [INFO]: #  Run the Step: 11|销售订单|CLICK|销售订单-sel业务部门
2020-07-23 16:08:15,092 [INFO]: #  --- success ---
2020-07-23 16:08:15,298 [INFO]: #  Run the Step: 12|销售订单|CLICK|销售订单-val业务部门-办公室
2020-07-23 16:08:16,009 [INFO]: #  --- success ---
2020-07-23 16:08:16,210 [INFO]: #  Run the Step: 13|销售订单|CLICK|销售订单-sel业务人员
2020-07-23 16:08:16,892 [INFO]: #  --- success ---
2020-07-23 16:08:17,093 [INFO]: #  Run the Step: 14|销售订单|CLICK|销售订单-val业务人员-田丰
2020-07-23 16:08:17,806 [INFO]: #  --- success ---
2020-07-23 16:08:18,006 [INFO]: #  Run the Step: 15|销售订单|CLICK|销售订单-sel交货验收
2020-07-23 16:08:18,670 [INFO]: #  --- success ---
2020-07-23 16:08:18,870 [INFO]: #  Run the Step: 16|销售订单|CLICK|销售订单-val交货验收-否
2020-07-23 16:08:19,508 [INFO]: #  --- success ---
2020-07-23 16:08:19,708 [INFO]: #  Run the Step: 17|销售订单|CLICK|销售订单-sel订单等级
2020-07-23 16:08:20,378 [INFO]: #  --- success ---
2020-07-23 16:08:20,579 [INFO]: #  Run the Step: 18|销售订单|CLICK|销售订单-val订单等级-正常
2020-07-23 16:08:21,208 [INFO]: #  --- success ---
2020-07-23 16:08:21,412 [INFO]: #  Run the Step: 19|销售订单|CLICK|销售订单-btn添加
2020-07-23 16:08:22,211 [INFO]: #  --- success ---
2020-07-23 16:08:22,413 [INFO]: #  Run the Step: 20|销售订单|CLICK|销售订单-sel物料编码
2020-07-23 16:08:23,078 [INFO]: #  --- success ---
2020-07-23 16:08:23,278 [INFO]: #  Run the Step: 20|销售订单|INPUT|销售订单-inp选择物料
2020-07-23 16:08:23,938 [INFO]: #  --- success ---
2020-07-23 16:08:24,138 [INFO]: #  Run the Step: 21|销售订单|CLICK|销售订单-val物料编码-风扇罩W1S
2020-07-23 16:08:24,912 [INFO]: #  --- success ---
2020-07-23 16:08:25,112 [INFO]: #  Run the Step: 22|销售订单|INPUT|销售订单-inp数量
2020-07-23 16:08:25,946 [INFO]: #  --- success ---
2020-07-23 16:08:26,146 [INFO]: #  Run the Step: 23|销售订单|CHECK|销售订单-sel订单明细-交货地点
2020-07-23 16:08:26,224 [INFO]: #  DATA:'B2成品货位'
2020-07-23 16:08:26,224 [INFO]: #  REAL:'B2成品货位'
2020-07-23 16:08:26,225 [INFO]: #  --- success ---
2020-07-23 16:08:26,425 [INFO]: #  Run the Step: 24|销售订单|INPUT|销售订单-inp备注
2020-07-23 16:08:27,541 [INFO]: #  --- success ---
2020-07-23 16:08:27,741 [INFO]: #  --- success ---
2020-07-23 16:08:27,949 [INFO]: #  Run the Step: 43|销售订单|CLICK|通用-btn直接提交
2020-07-23 16:08:28,629 [INFO]: #  --- success ---
2020-07-23 16:08:28,838 [INFO]: #  Run the Step: 44|销售订单|CLICK|通用-btn直接提交-确定
2020-07-23 16:08:29,621 [INFO]: #  --- success ---
2020-07-23 16:08:29,822 [INFO]: #  Run the Step: 45|销售订单|CLICK|通用-btn审核
2020-07-23 16:08:31,340 [INFO]: #  --- success ---
2020-07-23 16:08:31,542 [INFO]: #  Run the Step: 46|销售订单|CLICK|通用-sel审核-不通过
2020-07-23 16:08:42,266 [INFO]: #  --- success ---
2020-07-23 16:08:42,467 [INFO]: #  Run the Step: 47|销售订单|CLICK|通用-btn审核-确定
2020-07-23 16:08:43,231 [INFO]: #  --- success ---
2020-07-23 16:08:43,435 [INFO]: #  Run the Step: 48|销售订单|CHECK|销售订单-lab销售状态#不通过
2020-07-23 16:08:43,967 [INFO]: #  DATA:'不通过'
2020-07-23 16:08:43,969 [INFO]: #  REAL:'不通过'
2020-07-23 16:08:43,970 [INFO]: #  --- success ---
2020-07-23 16:08:44,170 [INFO]: #  Run the Step: 49|销售订单|CLICK|通用-btn返回列表
2020-07-23 16:08:44,977 [INFO]: #  --- success ---
2020-07-23 16:08:45,187 [INFO]: #  Run the Step: 50|销售订单|CLICK|通用-tab不通过
2020-07-23 16:08:45,993 [INFO]: #  --- success ---
2020-07-23 16:08:46,199 [INFO]: #  Run the Step: 51|销售订单|CLICK|通用-val单号
2020-07-23 16:08:46,858 [INFO]: #  --- success ---
2020-07-23 16:08:47,058 [INFO]: #  Run the Step: 52|销售订单|INPUT|销售订单-inp搜索
2020-07-23 16:08:48,279 [INFO]: #  --- success ---
2020-07-23 16:08:48,479 [INFO]: #  Run the Step: 53|销售订单|CLICK|销售订单-btn搜索
2020-07-23 16:08:49,201 [INFO]: #  --- success ---
2020-07-23 16:08:49,409 [INFO]: #  Run the Step: 54|销售订单|CLICK|通用-tab不通过
2020-07-23 16:08:50,107 [INFO]: #  --- success ---
2020-07-23 16:08:50,307 [INFO]: #  Run the Step: 55|销售订单|CLICK|通用-btn删除订单
2020-07-23 16:08:50,976 [INFO]: #  --- success ---
2020-07-23 16:08:51,177 [INFO]: #  Run the Step: 56|销售订单|CLICK|通用-btn删除订单-确定
2020-07-23 16:08:51,798 [INFO]: #  --- success ---
2020-07-23 16:08:51,999 [INFO]: #  Run the Step: 57|销售订单|CHECK|通用-toast删除提醒#删除成功!
2020-07-23 16:08:52,076 [INFO]: #  DATA:'删除成功!'
2020-07-23 16:08:52,076 [INFO]: #  REAL:'删除成功!'
2020-07-23 16:08:52,077 [INFO]: #  --- success ---
2020-07-23 16:08:52,277 [INFO]: #  Run the Step: 58|用例片段|EXECUTE|CQ_001
2020-07-23 16:08:52,279 [INFO]: #  >>> Run the TestCase: CQ_001|新增销售订单
2020-07-23 16:08:52,279 [INFO]: #  Run the Step: 1|销售订单|CLICK|通用-左侧栏一级菜单#销售管理
2020-07-23 16:08:52,938 [INFO]: #  --- success ---
2020-07-23 16:08:53,143 [INFO]: #  Run the Step: 2|销售订单|CLICK|通用-左侧栏二级菜单#需求订单
2020-07-23 16:08:53,752 [INFO]: #  --- success ---
2020-07-23 16:08:53,954 [INFO]: #  Run the Step: 3|销售订单|CLICK|通用-左侧栏一级菜单#销售管理
2020-07-23 16:08:54,625 [INFO]: #  --- success ---
2020-07-23 16:08:54,825 [INFO]: #  Run the Step: 4|销售订单|CLICK|销售订单-btn新增
2020-07-23 16:08:55,790 [INFO]: #  --- success ---
2020-07-23 16:08:55,993 [INFO]: #  Run the Step: 5|销售订单|CHECK|销售订单-lab销售状态#未定义
2020-07-23 16:08:56,085 [INFO]: #  DATA:'未定义'
2020-07-23 16:08:56,085 [INFO]: #  REAL:'未定义'
2020-07-23 16:08:56,086 [INFO]: #  --- success ---
2020-07-23 16:08:56,286 [INFO]: #  Run the Step: 6|销售订单|INPUT|销售订单-inp客户PO
2020-07-23 16:08:57,948 [INFO]: #  --- success ---
2020-07-23 16:08:58,150 [INFO]: #  Run the Step: 7|销售订单|CLICK|销售订单-sel客户名称
2020-07-23 16:08:58,816 [INFO]: #  --- success ---
2020-07-23 16:08:59,020 [INFO]: #  Run the Step: 8|销售订单|CLICK|销售订单-val客户名称-美的
2020-07-23 16:08:59,734 [INFO]: #  --- success ---
2020-07-23 16:08:59,944 [INFO]: #  Run the Step: 9|销售订单|CLICK|销售订单-sel预交日期
2020-07-23 16:09:00,651 [INFO]: #  --- success ---
2020-07-23 16:09:00,851 [INFO]: #  Run the Step: 10|销售订单|CLICK|销售订单-val预交日期
2020-07-23 16:09:01,763 [INFO]: #  --- success ---
2020-07-23 16:09:01,964 [INFO]: #  Run the Step: 11|销售订单|CLICK|销售订单-sel业务部门
2020-07-23 16:09:02,786 [INFO]: #  --- success ---
2020-07-23 16:09:02,987 [INFO]: #  Run the Step: 12|销售订单|CLICK|销售订单-val业务部门-办公室
2020-07-23 16:09:03,720 [INFO]: #  --- success ---
2020-07-23 16:09:03,921 [INFO]: #  Run the Step: 13|销售订单|CLICK|销售订单-sel业务人员
2020-07-23 16:09:04,643 [INFO]: #  --- success ---
2020-07-23 16:09:04,844 [INFO]: #  Run the Step: 14|销售订单|CLICK|销售订单-val业务人员-田丰
2020-07-23 16:09:05,556 [INFO]: #  --- success ---
2020-07-23 16:09:05,763 [INFO]: #  Run the Step: 15|销售订单|CLICK|销售订单-sel交货验收
2020-07-23 16:09:06,426 [INFO]: #  --- success ---
2020-07-23 16:09:06,627 [INFO]: #  Run the Step: 16|销售订单|CLICK|销售订单-val交货验收-否
2020-07-23 16:09:07,284 [INFO]: #  --- success ---
2020-07-23 16:09:07,485 [INFO]: #  Run the Step: 17|销售订单|CLICK|销售订单-sel订单等级
2020-07-23 16:09:08,141 [INFO]: #  --- success ---
2020-07-23 16:09:08,341 [INFO]: #  Run the Step: 18|销售订单|CLICK|销售订单-val订单等级-正常
2020-07-23 16:09:08,983 [INFO]: #  --- success ---
2020-07-23 16:09:09,183 [INFO]: #  Run the Step: 19|销售订单|CLICK|销售订单-btn添加
2020-07-23 16:09:09,990 [INFO]: #  --- success ---
2020-07-23 16:09:10,191 [INFO]: #  Run the Step: 20|销售订单|CLICK|销售订单-sel物料编码
2020-07-23 16:09:10,866 [INFO]: #  --- success ---
2020-07-23 16:09:11,067 [INFO]: #  Run the Step: 20|销售订单|INPUT|销售订单-inp选择物料
2020-07-23 16:09:11,724 [INFO]: #  --- success ---
2020-07-23 16:09:11,926 [INFO]: #  Run the Step: 21|销售订单|CLICK|销售订单-val物料编码-风扇罩W1S
2020-07-23 16:09:12,701 [INFO]: #  --- success ---
2020-07-23 16:09:12,902 [INFO]: #  Run the Step: 22|销售订单|INPUT|销售订单-inp数量
2020-07-23 16:09:13,699 [INFO]: #  --- success ---
2020-07-23 16:09:13,908 [INFO]: #  Run the Step: 23|销售订单|CHECK|销售订单-sel订单明细-交货地点
2020-07-23 16:09:13,994 [INFO]: #  DATA:'B2成品货位'
2020-07-23 16:09:13,994 [INFO]: #  REAL:'B2成品货位'
2020-07-23 16:09:13,995 [INFO]: #  --- success ---
2020-07-23 16:09:14,195 [INFO]: #  Run the Step: 24|销售订单|INPUT|销售订单-inp备注
2020-07-23 16:09:15,348 [INFO]: #  --- success ---
2020-07-23 16:09:15,556 [INFO]: #  --- success ---
2020-07-23 16:09:15,758 [INFO]: #  Run the Step: 59|销售订单|CLICK|通用-btn直接提交
2020-07-23 16:09:16,414 [INFO]: #  --- success ---
2020-07-23 16:09:16,615 [INFO]: #  Run the Step: 60|销售订单|CLICK|通用-btn直接提交-确定
2020-07-23 16:09:17,436 [INFO]: #  --- success ---
2020-07-23 16:09:17,637 [INFO]: #  Run the Step: 61|销售订单|CLICK|通用-btn审核
2020-07-23 16:09:19,038 [INFO]: #  --- success ---
2020-07-23 16:09:19,238 [INFO]: #  Run the Step: 62|销售订单|CLICK|通用-sel审核-通过
2020-07-23 16:09:30,333 [INFO]: #  --- success ---
2020-07-23 16:09:30,533 [INFO]: #  Run the Step: 63|销售订单|CLICK|通用-btn审核-确定
2020-07-23 16:09:31,399 [INFO]: #  --- success ---
2020-07-23 16:09:31,601 [INFO]: #  Run the Step: 64|销售订单|CHECK|销售订单-lab销售状态#已审核
2020-07-23 16:09:32,429 [INFO]: #  DATA:'已审核'
2020-07-23 16:09:32,429 [INFO]: #  REAL:'已审核'
2020-07-23 16:09:32,430 [INFO]: #  --- success ---
2020-07-23 16:09:32,631 [INFO]: #  Run the Step: 65|销售订单|CLICK|通用-btn返回列表
2020-07-23 16:09:33,536 [INFO]: #  --- success ---
2020-07-23 16:09:33,737 [INFO]: #  Run the Step: 66|销售订单|CLICK|通用-tab已审核
2020-07-23 16:09:34,789 [INFO]: #  --- success ---
2020-07-23 16:09:34,990 [INFO]: #  Run the Step: 67|销售订单|CLICK|通用-tab已审核-查看
2020-07-23 16:09:55,477 [ERROR]: #  +++ failure +++
Traceback (most recent call last):
  File "C:\Users\archmage\AppData\Local\Programs\Python\Python38-32\lib\site-packages\sweetest\testcase.py", line 137, in run
    element = getattr(web, step['keyword'].lower())(step)
  File "C:\Users\archmage\AppData\Local\Programs\Python\Python38-32\lib\site-packages\sweetest\keywords\web.py", line 178, in click
    element_location.click()
  File "C:\Users\archmage\AppData\Local\Programs\Python\Python38-32\lib\site-packages\selenium\webdriver\remote\webelement.py", line 80, in click
    self._execute(Command.CLICK_ELEMENT)
  File "C:\Users\archmage\AppData\Local\Programs\Python\Python38-32\lib\site-packages\selenium\webdriver\remote\webelement.py", line 633, in _execute
    return self._parent.execute(command, params)
  File "C:\Users\archmage\AppData\Local\Programs\Python\Python38-32\lib\site-packages\selenium\webdriver\remote\webdriver.py", line 321, in execute
    self.error_handler.check_response(response)
  File "C:\Users\archmage\AppData\Local\Programs\Python\Python38-32\lib\site-packages\selenium\webdriver\remote\errorhandler.py", line 242, in check_response
    raise exception_class(message, screen, stacktrace)
selenium.common.exceptions.ElementNotInteractableException: Message: element not interactable
  (Session info: chrome=84.0.4147.89)

2020-07-23 16:09:55,479 [INFO]: #  ==================================================
2020-07-23 16:09:55,480 [INFO]: #  ...No SETUP testcase need to run...
2020-07-23 16:09:55,480 [INFO]: #  --------------------------------------------------
2020-07-23 16:09:55,480 [INFO]: #  >>> Run the TestCase: CH_001|查看销售订单
2020-07-23 16:09:55,480 [INFO]: #  Run the Step: 1|用例片段|EXECUTE|CQ_001
2020-07-23 16:09:55,482 [INFO]: #  >>> Run the TestCase: CQ_001|新增销售订单
2020-07-23 16:09:55,483 [INFO]: #  Run the Step: 1|销售订单|CLICK|通用-左侧栏一级菜单#销售管理
2020-07-23 16:09:56,152 [INFO]: #  --- success ---
2020-07-23 16:09:56,353 [INFO]: #  Run the Step: 2|销售订单|CLICK|通用-左侧栏二级菜单#需求订单
2020-07-23 16:09:56,990 [INFO]: #  --- success ---
2020-07-23 16:09:57,191 [INFO]: #  Run the Step: 3|销售订单|CLICK|通用-左侧栏一级菜单#销售管理
2020-07-23 16:09:57,853 [INFO]: #  --- success ---
2020-07-23 16:09:58,054 [INFO]: #  Run the Step: 4|销售订单|CLICK|销售订单-btn新增
2020-07-23 16:09:58,982 [INFO]: #  --- success ---
2020-07-23 16:09:59,182 [INFO]: #  Run the Step: 5|销售订单|CHECK|销售订单-lab销售状态#未定义
2020-07-23 16:09:59,261 [INFO]: #  DATA:'未定义'
2020-07-23 16:09:59,261 [INFO]: #  REAL:'未定义'
2020-07-23 16:09:59,262 [INFO]: #  --- success ---
2020-07-23 16:09:59,462 [INFO]: #  Run the Step: 6|销售订单|INPUT|销售订单-inp客户PO
2020-07-23 16:10:01,490 [INFO]: #  --- success ---
2020-07-23 16:10:01,690 [INFO]: #  Run the Step: 7|销售订单|CLICK|销售订单-sel客户名称
2020-07-23 16:10:02,395 [INFO]: #  --- success ---
2020-07-23 16:10:02,595 [INFO]: #  Run the Step: 8|销售订单|CLICK|销售订单-val客户名称-美的
2020-07-23 16:10:03,302 [INFO]: #  --- success ---
2020-07-23 16:10:03,511 [INFO]: #  Run the Step: 9|销售订单|CLICK|销售订单-sel预交日期
2020-07-23 16:10:04,217 [INFO]: #  --- success ---
2020-07-23 16:10:04,418 [INFO]: #  Run the Step: 10|销售订单|CLICK|销售订单-val预交日期
2020-07-23 16:10:05,124 [INFO]: #  --- success ---
2020-07-23 16:10:05,325 [INFO]: #  Run the Step: 11|销售订单|CLICK|销售订单-sel业务部门
2020-07-23 16:10:06,028 [INFO]: #  --- success ---
2020-07-23 16:10:06,228 [INFO]: #  Run the Step: 12|销售订单|CLICK|销售订单-val业务部门-办公室
2020-07-23 16:10:06,972 [INFO]: #  --- success ---
2020-07-23 16:10:07,177 [INFO]: #  Run the Step: 13|销售订单|CLICK|销售订单-sel业务人员
2020-07-23 16:10:07,846 [INFO]: #  --- success ---
2020-07-23 16:10:08,047 [INFO]: #  Run the Step: 14|销售订单|CLICK|销售订单-val业务人员-田丰
2020-07-23 16:10:08,777 [INFO]: #  --- success ---
2020-07-23 16:10:08,977 [INFO]: #  Run the Step: 15|销售订单|CLICK|销售订单-sel交货验收
2020-07-23 16:10:09,630 [INFO]: #  --- success ---
2020-07-23 16:10:09,830 [INFO]: #  Run the Step: 16|销售订单|CLICK|销售订单-val交货验收-否
2020-07-23 16:10:10,468 [INFO]: #  --- success ---
2020-07-23 16:10:10,674 [INFO]: #  Run the Step: 17|销售订单|CLICK|销售订单-sel订单等级
2020-07-23 16:10:11,344 [INFO]: #  --- success ---
2020-07-23 16:10:11,544 [INFO]: #  Run the Step: 18|销售订单|CLICK|销售订单-val订单等级-正常
2020-07-23 16:10:12,170 [INFO]: #  --- success ---
2020-07-23 16:10:12,372 [INFO]: #  Run the Step: 19|销售订单|CLICK|销售订单-btn添加
2020-07-23 16:10:13,177 [INFO]: #  --- success ---
2020-07-23 16:10:13,378 [INFO]: #  Run the Step: 20|销售订单|CLICK|销售订单-sel物料编码
2020-07-23 16:10:14,058 [INFO]: #  --- success ---
2020-07-23 16:10:14,258 [INFO]: #  Run the Step: 20|销售订单|INPUT|销售订单-inp选择物料
2020-07-23 16:10:14,925 [INFO]: #  --- success ---
2020-07-23 16:10:15,135 [INFO]: #  Run the Step: 21|销售订单|CLICK|销售订单-val物料编码-风扇罩W1S
2020-07-23 16:10:15,964 [INFO]: #  --- success ---
2020-07-23 16:10:16,164 [INFO]: #  Run the Step: 22|销售订单|INPUT|销售订单-inp数量
2020-07-23 16:10:16,973 [INFO]: #  --- success ---
2020-07-23 16:10:17,180 [INFO]: #  Run the Step: 23|销售订单|CHECK|销售订单-sel订单明细-交货地点
2020-07-23 16:10:17,303 [INFO]: #  DATA:'B2成品货位'
2020-07-23 16:10:17,303 [INFO]: #  REAL:'B2成品货位'
2020-07-23 16:10:17,304 [INFO]: #  --- success ---
2020-07-23 16:10:17,504 [INFO]: #  Run the Step: 24|销售订单|INPUT|销售订单-inp备注
2020-07-23 16:10:18,654 [INFO]: #  --- success ---
2020-07-23 16:10:18,854 [INFO]: #  --- success ---
2020-07-23 16:10:19,054 [INFO]: #  Run the Step: 2|销售订单|CLICK|通用-btn保存草稿
2020-07-23 16:10:19,816 [INFO]: #  --- success ---
2020-07-23 16:10:20,017 [INFO]: #  Run the Step: 3|销售订单|CHECK|销售订单-lab销售状态#已录入
2020-07-23 16:10:20,439 [INFO]: #  DATA:'已录入'
2020-07-23 16:10:20,441 [INFO]: #  REAL:'已录入'
2020-07-23 16:10:20,442 [INFO]: #  --- success ---
2020-07-23 16:10:20,642 [INFO]: #  Run the Step: 3|销售订单|CLICK|通用-btn返回列表
2020-07-23 16:10:21,481 [INFO]: #  --- success ---
2020-07-23 16:10:21,689 [INFO]: #  Run the Step: 4|销售订单|CLICK|通用-tab已录入
2020-07-23 16:10:22,311 [INFO]: #  --- success ---
2020-07-23 16:10:22,511 [INFO]: #  Run the Step: 6|销售订单|CLICK|通用-val单号
2020-07-23 16:10:23,222 [INFO]: #  --- success ---
2020-07-23 16:10:23,422 [INFO]: #  Run the Step: 7|销售订单|INPUT|销售订单-inp搜索
2020-07-23 16:10:25,266 [INFO]: #  --- success ---
2020-07-23 16:10:25,467 [INFO]: #  Run the Step: 8|销售订单|CLICK|销售订单-btn搜索
2020-07-23 16:10:26,368 [INFO]: #  --- success ---
2020-07-23 16:10:26,571 [INFO]: #  Run the Step: 9|销售订单|CLICK|通用-tab已录入
2020-07-23 16:10:27,273 [INFO]: #  --- success ---
2020-07-23 16:10:27,473 [INFO]: #  Run the Step: 10|销售订单|CLICK|通用-btn查看订单
2020-07-23 16:10:41,617 [ERROR]: #  *** save the screenshot is failure ***
Traceback (most recent call last):
  File "C:\Users\archmage\AppData\Local\Programs\Python\Python38-32\lib\site-packages\urllib3\connection.py", line 159, in _new_conn
    conn = connection.create_connection(
  File "C:\Users\archmage\AppData\Local\Programs\Python\Python38-32\lib\site-packages\urllib3\util\connection.py", line 80, in create_connection
    raise err
  File "C:\Users\archmage\AppData\Local\Programs\Python\Python38-32\lib\site-packages\urllib3\util\connection.py", line 70, in create_connection
    sock.connect(sa)
ConnectionRefusedError: [WinError 10061] 由于目标计算机积极拒绝，无法连接。

During handling of the above exception, another exception occurred:

Traceback (most recent call last):
  File "C:\Users\archmage\AppData\Local\Programs\Python\Python38-32\lib\site-packages\urllib3\connectionpool.py", line 600, in urlopen
    httplib_response = self._make_request(conn, method, url,
  File "C:\Users\archmage\AppData\Local\Programs\Python\Python38-32\lib\site-packages\urllib3\connectionpool.py", line 355, in _make_request
    conn.request(method, url, **httplib_request_kw)
  File "C:\Users\archmage\AppData\Local\Programs\Python\Python38-32\lib\http\client.py", line 1230, in request
    self._send_request(method, url, body, headers, encode_chunked)
  File "C:\Users\archmage\AppData\Local\Programs\Python\Python38-32\lib\http\client.py", line 1276, in _send_request
    self.endheaders(body, encode_chunked=encode_chunked)
  File "C:\Users\archmage\AppData\Local\Programs\Python\Python38-32\lib\http\client.py", line 1225, in endheaders
    self._send_output(message_body, encode_chunked=encode_chunked)
  File "C:\Users\archmage\AppData\Local\Programs\Python\Python38-32\lib\http\client.py", line 1004, in _send_output
    self.send(msg)
  File "C:\Users\archmage\AppData\Local\Programs\Python\Python38-32\lib\http\client.py", line 944, in send
    self.connect()
  File "C:\Users\archmage\AppData\Local\Programs\Python\Python38-32\lib\site-packages\urllib3\connection.py", line 183, in connect
    conn = self._new_conn()
  File "C:\Users\archmage\AppData\Local\Programs\Python\Python38-32\lib\site-packages\urllib3\connection.py", line 168, in _new_conn
    raise NewConnectionError(
urllib3.exceptions.NewConnectionError: <urllib3.connection.HTTPConnection object at 0x09D2B478>: Failed to establish a new connection: [WinError 10061] 由于目标计算机积极拒绝，无法连接。

During handling of the above exception, another exception occurred:

Traceback (most recent call last):
  File "C:\Users\archmage\AppData\Local\Programs\Python\Python38-32\lib\site-packages\sweetest\testcase.py", line 137, in run
    element = getattr(web, step['keyword'].lower())(step)
  File "C:\Users\archmage\AppData\Local\Programs\Python\Python38-32\lib\site-packages\sweetest\keywords\web.py", line 178, in click
    element_location.click()
  File "C:\Users\archmage\AppData\Local\Programs\Python\Python38-32\lib\site-packages\selenium\webdriver\remote\webelement.py", line 80, in click
    self._execute(Command.CLICK_ELEMENT)
  File "C:\Users\archmage\AppData\Local\Programs\Python\Python38-32\lib\site-packages\selenium\webdriver\remote\webelement.py", line 633, in _execute
    return self._parent.execute(command, params)
  File "C:\Users\archmage\AppData\Local\Programs\Python\Python38-32\lib\site-packages\selenium\webdriver\remote\webdriver.py", line 319, in execute
    response = self.command_executor.execute(driver_command, params)
  File "C:\Users\archmage\AppData\Local\Programs\Python\Python38-32\lib\site-packages\selenium\webdriver\remote\remote_connection.py", line 374, in execute
    return self._request(command_info[0], url, body=data)
  File "C:\Users\archmage\AppData\Local\Programs\Python\Python38-32\lib\site-packages\selenium\webdriver\remote\remote_connection.py", line 397, in _request
    resp = self._conn.request(method, url, body=body, headers=headers)
  File "C:\Users\archmage\AppData\Local\Programs\Python\Python38-32\lib\site-packages\urllib3\request.py", line 70, in request
    return self.request_encode_body(method, url, fields=fields,
  File "C:\Users\archmage\AppData\Local\Programs\Python\Python38-32\lib\site-packages\urllib3\request.py", line 150, in request_encode_body
    return self.urlopen(method, url, **extra_kw)
  File "C:\Users\archmage\AppData\Local\Programs\Python\Python38-32\lib\site-packages\urllib3\poolmanager.py", line 326, in urlopen
    response = conn.urlopen(method, u.request_uri, **kw)
  File "C:\Users\archmage\AppData\Local\Programs\Python\Python38-32\lib\site-packages\urllib3\connectionpool.py", line 666, in urlopen
    return self.urlopen(method, url, body, headers, retries,
  File "C:\Users\archmage\AppData\Local\Programs\Python\Python38-32\lib\site-packages\urllib3\connectionpool.py", line 666, in urlopen
    return self.urlopen(method, url, body, headers, retries,
  File "C:\Users\archmage\AppData\Local\Programs\Python\Python38-32\lib\site-packages\urllib3\connectionpool.py", line 666, in urlopen
    return self.urlopen(method, url, body, headers, retries,
  File "C:\Users\archmage\AppData\Local\Programs\Python\Python38-32\lib\site-packages\urllib3\connectionpool.py", line 640, in urlopen
    retries = retries.increment(method, url, error=e, _pool=self,
  File "C:\Users\archmage\AppData\Local\Programs\Python\Python38-32\lib\site-packages\urllib3\util\retry.py", line 399, in increment
    raise MaxRetryError(_pool, url, error or ResponseError(cause))
urllib3.exceptions.MaxRetryError: HTTPConnectionPool(host='127.0.0.1', port=61889): Max retries exceeded with url: /session/1985e54b7fc711d67b86a12c9d148ff0/element/ce305902-3138-4e3d-bb22-1d152117a04c/click (Caused by NewConnectionError('<urllib3.connection.HTTPConnection object at 0x09D2B478>: Failed to establish a new connection: [WinError 10061] 由于目标计算机积极拒绝，无法连接。'))

During handling of the above exception, another exception occurred:

Traceback (most recent call last):
  File "C:\Users\archmage\AppData\Local\Programs\Python\Python38-32\lib\site-packages\urllib3\connection.py", line 159, in _new_conn
    conn = connection.create_connection(
  File "C:\Users\archmage\AppData\Local\Programs\Python\Python38-32\lib\site-packages\urllib3\util\connection.py", line 80, in create_connection
    raise err
  File "C:\Users\archmage\AppData\Local\Programs\Python\Python38-32\lib\site-packages\urllib3\util\connection.py", line 70, in create_connection
    sock.connect(sa)
ConnectionRefusedError: [WinError 10061] 由于目标计算机积极拒绝，无法连接。

During handling of the above exception, another exception occurred:

Traceback (most recent call last):
  File "C:\Users\archmage\AppData\Local\Programs\Python\Python38-32\lib\site-packages\urllib3\connectionpool.py", line 600, in urlopen
    httplib_response = self._make_request(conn, method, url,
  File "C:\Users\archmage\AppData\Local\Programs\Python\Python38-32\lib\site-packages\urllib3\connectionpool.py", line 355, in _make_request
    conn.request(method, url, **httplib_request_kw)
  File "C:\Users\archmage\AppData\Local\Programs\Python\Python38-32\lib\http\client.py", line 1230, in request
    self._send_request(method, url, body, headers, encode_chunked)
  File "C:\Users\archmage\AppData\Local\Programs\Python\Python38-32\lib\http\client.py", line 1276, in _send_request
    self.endheaders(body, encode_chunked=encode_chunked)
  File "C:\Users\archmage\AppData\Local\Programs\Python\Python38-32\lib\http\client.py", line 1225, in endheaders
    self._send_output(message_body, encode_chunked=encode_chunked)
  File "C:\Users\archmage\AppData\Local\Programs\Python\Python38-32\lib\http\client.py", line 1004, in _send_output
    self.send(msg)
  File "C:\Users\archmage\AppData\Local\Programs\Python\Python38-32\lib\http\client.py", line 944, in send
    self.connect()
  File "C:\Users\archmage\AppData\Local\Programs\Python\Python38-32\lib\site-packages\urllib3\connection.py", line 183, in connect
    conn = self._new_conn()
  File "C:\Users\archmage\AppData\Local\Programs\Python\Python38-32\lib\site-packages\urllib3\connection.py", line 168, in _new_conn
    raise NewConnectionError(
urllib3.exceptions.NewConnectionError: <urllib3.connection.HTTPConnection object at 0x09D2B850>: Failed to establish a new connection: [WinError 10061] 由于目标计算机积极拒绝，无法连接。

During handling of the above exception, another exception occurred:

Traceback (most recent call last):
  File "C:\Users\archmage\AppData\Local\Programs\Python\Python38-32\lib\site-packages\sweetest\testcase.py", line 227, in run
    g.driver.get_screenshot_as_file(step['snapshot']['Failure'])
  File "C:\Users\archmage\AppData\Local\Programs\Python\Python38-32\lib\site-packages\selenium\webdriver\remote\webdriver.py", line 1032, in get_screenshot_as_file
    png = self.get_screenshot_as_png()
  File "C:\Users\archmage\AppData\Local\Programs\Python\Python38-32\lib\site-packages\selenium\webdriver\remote\webdriver.py", line 1064, in get_screenshot_as_png
    return base64.b64decode(self.get_screenshot_as_base64().encode('ascii'))
  File "C:\Users\archmage\AppData\Local\Programs\Python\Python38-32\lib\site-packages\selenium\webdriver\remote\webdriver.py", line 1074, in get_screenshot_as_base64
    return self.execute(Command.SCREENSHOT)['value']
  File "C:\Users\archmage\AppData\Local\Programs\Python\Python38-32\lib\site-packages\selenium\webdriver\remote\webdriver.py", line 319, in execute
    response = self.command_executor.execute(driver_command, params)
  File "C:\Users\archmage\AppData\Local\Programs\Python\Python38-32\lib\site-packages\selenium\webdriver\remote\remote_connection.py", line 374, in execute
    return self._request(command_info[0], url, body=data)
  File "C:\Users\archmage\AppData\Local\Programs\Python\Python38-32\lib\site-packages\selenium\webdriver\remote\remote_connection.py", line 397, in _request
    resp = self._conn.request(method, url, body=body, headers=headers)
  File "C:\Users\archmage\AppData\Local\Programs\Python\Python38-32\lib\site-packages\urllib3\request.py", line 66, in request
    return self.request_encode_url(method, url, fields=fields,
  File "C:\Users\archmage\AppData\Local\Programs\Python\Python38-32\lib\site-packages\urllib3\request.py", line 89, in request_encode_url
    return self.urlopen(method, url, **extra_kw)
  File "C:\Users\archmage\AppData\Local\Programs\Python\Python38-32\lib\site-packages\urllib3\poolmanager.py", line 326, in urlopen
    response = conn.urlopen(method, u.request_uri, **kw)
  File "C:\Users\archmage\AppData\Local\Programs\Python\Python38-32\lib\site-packages\urllib3\connectionpool.py", line 666, in urlopen
    return self.urlopen(method, url, body, headers, retries,
  File "C:\Users\archmage\AppData\Local\Programs\Python\Python38-32\lib\site-packages\urllib3\connectionpool.py", line 666, in urlopen
    return self.urlopen(method, url, body, headers, retries,
  File "C:\Users\archmage\AppData\Local\Programs\Python\Python38-32\lib\site-packages\urllib3\connectionpool.py", line 666, in urlopen
    return self.urlopen(method, url, body, headers, retries,
  File "C:\Users\archmage\AppData\Local\Programs\Python\Python38-32\lib\site-packages\urllib3\connectionpool.py", line 640, in urlopen
    retries = retries.increment(method, url, error=e, _pool=self,
  File "C:\Users\archmage\AppData\Local\Programs\Python\Python38-32\lib\site-packages\urllib3\util\retry.py", line 399, in increment
    raise MaxRetryError(_pool, url, error or ResponseError(cause))
urllib3.exceptions.MaxRetryError: HTTPConnectionPool(host='127.0.0.1', port=61889): Max retries exceeded with url: /session/1985e54b7fc711d67b86a12c9d148ff0/screenshot (Caused by NewConnectionError('<urllib3.connection.HTTPConnection object at 0x09D2B850>: Failed to establish a new connection: [WinError 10061] 由于目标计算机积极拒绝，无法连接。'))
2020-07-23 16:10:41,625 [ERROR]: #  +++ failure +++
Traceback (most recent call last):
  File "C:\Users\archmage\AppData\Local\Programs\Python\Python38-32\lib\site-packages\urllib3\connection.py", line 159, in _new_conn
    conn = connection.create_connection(
  File "C:\Users\archmage\AppData\Local\Programs\Python\Python38-32\lib\site-packages\urllib3\util\connection.py", line 80, in create_connection
    raise err
  File "C:\Users\archmage\AppData\Local\Programs\Python\Python38-32\lib\site-packages\urllib3\util\connection.py", line 70, in create_connection
    sock.connect(sa)
ConnectionRefusedError: [WinError 10061] 由于目标计算机积极拒绝，无法连接。

During handling of the above exception, another exception occurred:

Traceback (most recent call last):
  File "C:\Users\archmage\AppData\Local\Programs\Python\Python38-32\lib\site-packages\urllib3\connectionpool.py", line 600, in urlopen
    httplib_response = self._make_request(conn, method, url,
  File "C:\Users\archmage\AppData\Local\Programs\Python\Python38-32\lib\site-packages\urllib3\connectionpool.py", line 355, in _make_request
    conn.request(method, url, **httplib_request_kw)
  File "C:\Users\archmage\AppData\Local\Programs\Python\Python38-32\lib\http\client.py", line 1230, in request
    self._send_request(method, url, body, headers, encode_chunked)
  File "C:\Users\archmage\AppData\Local\Programs\Python\Python38-32\lib\http\client.py", line 1276, in _send_request
    self.endheaders(body, encode_chunked=encode_chunked)
  File "C:\Users\archmage\AppData\Local\Programs\Python\Python38-32\lib\http\client.py", line 1225, in endheaders
    self._send_output(message_body, encode_chunked=encode_chunked)
  File "C:\Users\archmage\AppData\Local\Programs\Python\Python38-32\lib\http\client.py", line 1004, in _send_output
    self.send(msg)
  File "C:\Users\archmage\AppData\Local\Programs\Python\Python38-32\lib\http\client.py", line 944, in send
    self.connect()
  File "C:\Users\archmage\AppData\Local\Programs\Python\Python38-32\lib\site-packages\urllib3\connection.py", line 183, in connect
    conn = self._new_conn()
  File "C:\Users\archmage\AppData\Local\Programs\Python\Python38-32\lib\site-packages\urllib3\connection.py", line 168, in _new_conn
    raise NewConnectionError(
urllib3.exceptions.NewConnectionError: <urllib3.connection.HTTPConnection object at 0x09D2B478>: Failed to establish a new connection: [WinError 10061] 由于目标计算机积极拒绝，无法连接。

During handling of the above exception, another exception occurred:

Traceback (most recent call last):
  File "C:\Users\archmage\AppData\Local\Programs\Python\Python38-32\lib\site-packages\sweetest\testcase.py", line 137, in run
    element = getattr(web, step['keyword'].lower())(step)
  File "C:\Users\archmage\AppData\Local\Programs\Python\Python38-32\lib\site-packages\sweetest\keywords\web.py", line 178, in click
    element_location.click()
  File "C:\Users\archmage\AppData\Local\Programs\Python\Python38-32\lib\site-packages\selenium\webdriver\remote\webelement.py", line 80, in click
    self._execute(Command.CLICK_ELEMENT)
  File "C:\Users\archmage\AppData\Local\Programs\Python\Python38-32\lib\site-packages\selenium\webdriver\remote\webelement.py", line 633, in _execute
    return self._parent.execute(command, params)
  File "C:\Users\archmage\AppData\Local\Programs\Python\Python38-32\lib\site-packages\selenium\webdriver\remote\webdriver.py", line 319, in execute
    response = self.command_executor.execute(driver_command, params)
  File "C:\Users\archmage\AppData\Local\Programs\Python\Python38-32\lib\site-packages\selenium\webdriver\remote\remote_connection.py", line 374, in execute
    return self._request(command_info[0], url, body=data)
  File "C:\Users\archmage\AppData\Local\Programs\Python\Python38-32\lib\site-packages\selenium\webdriver\remote\remote_connection.py", line 397, in _request
    resp = self._conn.request(method, url, body=body, headers=headers)
  File "C:\Users\archmage\AppData\Local\Programs\Python\Python38-32\lib\site-packages\urllib3\request.py", line 70, in request
    return self.request_encode_body(method, url, fields=fields,
  File "C:\Users\archmage\AppData\Local\Programs\Python\Python38-32\lib\site-packages\urllib3\request.py", line 150, in request_encode_body
    return self.urlopen(method, url, **extra_kw)
  File "C:\Users\archmage\AppData\Local\Programs\Python\Python38-32\lib\site-packages\urllib3\poolmanager.py", line 326, in urlopen
    response = conn.urlopen(method, u.request_uri, **kw)
  File "C:\Users\archmage\AppData\Local\Programs\Python\Python38-32\lib\site-packages\urllib3\connectionpool.py", line 666, in urlopen
    return self.urlopen(method, url, body, headers, retries,
  File "C:\Users\archmage\AppData\Local\Programs\Python\Python38-32\lib\site-packages\urllib3\connectionpool.py", line 666, in urlopen
    return self.urlopen(method, url, body, headers, retries,
  File "C:\Users\archmage\AppData\Local\Programs\Python\Python38-32\lib\site-packages\urllib3\connectionpool.py", line 666, in urlopen
    return self.urlopen(method, url, body, headers, retries,
  File "C:\Users\archmage\AppData\Local\Programs\Python\Python38-32\lib\site-packages\urllib3\connectionpool.py", line 640, in urlopen
    retries = retries.increment(method, url, error=e, _pool=self,
  File "C:\Users\archmage\AppData\Local\Programs\Python\Python38-32\lib\site-packages\urllib3\util\retry.py", line 399, in increment
    raise MaxRetryError(_pool, url, error or ResponseError(cause))
urllib3.exceptions.MaxRetryError: HTTPConnectionPool(host='127.0.0.1', port=61889): Max retries exceeded with url: /session/1985e54b7fc711d67b86a12c9d148ff0/element/ce305902-3138-4e3d-bb22-1d152117a04c/click (Caused by NewConnectionError('<urllib3.connection.HTTPConnection object at 0x09D2B478>: Failed to establish a new connection: [WinError 10061] 由于目标计算机积极拒绝，无法连接。'))
2020-07-23 16:10:47,654 [INFO]: #  --- Quit th Driver: Chrome
