2020-07-29 06:37:08,559 [INFO]: #  From Excel import testsuite success
2020-07-29 06:37:10,905 [INFO]: #  --------------------------------------------------
2020-07-29 06:37:10,905 [INFO]: #  >>> Run the TestCase: HOME_001|打开云塑ERP
2020-07-29 06:37:10,915 [INFO]: #  Run the Step: 1|通用|OPEN|通用-首页链接
2020-07-29 06:37:16,206 [ERROR]: #  *** save the screenshot is failure ***
Traceback (most recent call last):
  File "daitest\testcase.py", line 137, in run
  File "daitest\keywords\web.py", line 68, in open
  File "daitest\windows.py", line 88, in open
  File "site-packages\selenium\webdriver\remote\webdriver.py", line 711, in current_window_handle
  File "site-packages\selenium\webdriver\remote\webdriver.py", line 321, in execute
  File "site-packages\selenium\webdriver\remote\errorhandler.py", line 242, in check_response
selenium.common.exceptions.NoSuchWindowException: Message: no such window: target window already closed
from unknown error: web view not found
  (Session info: chrome=84.0.4147.105)


During handling of the above exception, another exception occurred:

Traceback (most recent call last):
  File "daitest\testcase.py", line 227, in run
  File "site-packages\selenium\webdriver\remote\webdriver.py", line 1032, in get_screenshot_as_file
  File "site-packages\selenium\webdriver\remote\webdriver.py", line 1064, in get_screenshot_as_png
  File "site-packages\selenium\webdriver\remote\webdriver.py", line 1074, in get_screenshot_as_base64
  File "site-packages\selenium\webdriver\remote\webdriver.py", line 321, in execute
  File "site-packages\selenium\webdriver\remote\errorhandler.py", line 242, in check_response
selenium.common.exceptions.NoSuchWindowException: Message: no such window: target window already closed
from unknown error: web view not found
  (Session info: chrome=84.0.4147.105)

2020-07-29 06:37:16,209 [ERROR]: #  +++ failure +++
Traceback (most recent call last):
  File "daitest\testcase.py", line 137, in run
  File "daitest\keywords\web.py", line 68, in open
  File "daitest\windows.py", line 88, in open
  File "site-packages\selenium\webdriver\remote\webdriver.py", line 711, in current_window_handle
  File "site-packages\selenium\webdriver\remote\webdriver.py", line 321, in execute
  File "site-packages\selenium\webdriver\remote\errorhandler.py", line 242, in check_response
selenium.common.exceptions.NoSuchWindowException: Message: no such window: target window already closed
from unknown error: web view not found
  (Session info: chrome=84.0.4147.105)

2020-07-29 06:37:16,214 [WARNING]: #  Run the testcase: HOME_001|打开云塑ERP Failure, BASE is not success. Break the AutoTest
2020-07-29 06:37:40,300 [INFO]: #  From Excel import testsuite success
2020-07-29 06:37:42,945 [INFO]: #  --------------------------------------------------
2020-07-29 06:37:42,945 [INFO]: #  >>> Run the TestCase: HOME_001|打开云塑ERP
2020-07-29 06:37:42,945 [INFO]: #  Run the Step: 1|通用|OPEN|通用-首页链接
2020-07-29 06:37:48,747 [INFO]: #  --- success ---
2020-07-29 06:37:48,950 [INFO]: #  Run the Step: 2|通用|CHECK|通用-页面title
2020-07-29 06:37:48,950 [INFO]: #  DATA:'云塑 企业资源计划管理系统'
2020-07-29 06:37:48,980 [INFO]: #  REAL:'云塑 企业资源计划管理系统'
2020-07-29 06:37:49,010 [INFO]: #  --- success ---
2020-07-29 06:37:49,212 [INFO]: #  --------------------------------------------------
2020-07-29 06:37:49,212 [INFO]: #  >>> Run the TestCase: Login_001|登录
2020-07-29 06:37:49,212 [INFO]: #  Run the Step: 1|登录页面|INPUT|登录页面-账号输入框
2020-07-29 06:37:50,456 [INFO]: #  --- success ---
2020-07-29 06:37:50,659 [INFO]: #  Run the Step: 2|登录页面|INPUT|登录页面-密码输入框
2020-07-29 06:37:51,735 [INFO]: #  --- success ---
2020-07-29 06:37:51,942 [INFO]: #  Run the Step: 3|登录页面|CLICK|登录页面-确定按钮
2020-07-29 06:37:52,705 [INFO]: #  --- success ---
2020-07-29 06:37:52,905 [INFO]: #  Run the Step: 4|登录页面|CHECK|通用-页面加载校验
2020-07-29 06:37:55,713 [INFO]: #  DATA:'欢迎进入 云塑企业资源计划管理系统'
2020-07-29 06:37:55,717 [INFO]: #  REAL:'欢迎进入 云塑企业资源计划管理系统'
2020-07-29 06:37:55,718 [INFO]: #  --- success ---
2020-07-29 06:37:55,920 [INFO]: #  ==================================================
2020-07-29 06:37:55,920 [INFO]: #  ...No SETUP testcase need to run...
2020-07-29 06:37:55,920 [INFO]: #  --------------------------------------------------
2020-07-29 06:37:55,920 [INFO]: #  >>> Run the TestCase: AEQ_001|审核编辑
2020-07-29 06:37:55,922 [INFO]: #  Run the Step: 1|用例片段|EXECUTE|CQ_001
2020-07-29 06:37:55,927 [INFO]: #  >>> Run the TestCase: CQ_001|新增需求订单
2020-07-29 06:37:55,930 [INFO]: #  Run the Step: 1|滚动需求订单|CLICK|通用-左侧栏一级菜单#销售管理
2020-07-29 06:37:56,677 [INFO]: #  --- success ---
2020-07-29 06:37:56,878 [INFO]: #  Run the Step: 2|滚动需求订单|CLICK|通用-左侧栏二级菜单#需求订单
2020-07-29 06:37:57,976 [INFO]: #  --- success ---
2020-07-29 06:37:58,177 [INFO]: #  Run the Step: 3|滚动需求订单|CLICK|通用-左侧栏一级菜单#销售管理
2020-07-29 06:37:59,419 [INFO]: #  --- success ---
2020-07-29 06:37:59,624 [INFO]: #  Run the Step: 4|滚动需求订单|CLICK|滚动需求订单-tab滚动需求
2020-07-29 06:38:00,557 [INFO]: #  --- success ---
2020-07-29 06:38:00,757 [INFO]: #  Run the Step: 5|滚动需求订单|CLICK|滚动需求订单-btn新增
2020-07-29 06:38:01,939 [INFO]: #  --- success ---
2020-07-29 06:38:02,142 [INFO]: #  Run the Step: 6|滚动需求订单|CLICK|滚动需求订单-sel预交日期
2020-07-29 06:38:03,005 [INFO]: #  --- success ---
2020-07-29 06:38:03,208 [INFO]: #  Run the Step: 7|滚动需求订单|CLICK|滚动需求订单-val预交日期
2020-07-29 06:38:04,170 [INFO]: #  --- success ---
2020-07-29 06:38:04,373 [INFO]: #  Run the Step: 8|滚动需求订单|CLICK|滚动需求订单-sel客户名称
2020-07-29 06:38:05,197 [INFO]: #  --- success ---
2020-07-29 06:38:05,401 [INFO]: #  Run the Step: 9|滚动需求订单|CLICK|滚动需求订单-val客户名称-美的
2020-07-29 06:38:06,270 [INFO]: #  --- success ---
2020-07-29 06:38:06,473 [INFO]: #  Run the Step: 10|滚动需求订单|CLICK|滚动需求订单-sel订单等级
2020-07-29 06:38:07,220 [INFO]: #  --- success ---
2020-07-29 06:38:07,423 [INFO]: #  Run the Step: 11|滚动需求订单|CLICK|滚动需求订单-val订单等级-正常
2020-07-29 06:38:08,315 [INFO]: #  --- success ---
2020-07-29 06:38:08,517 [INFO]: #  Run the Step: 12|滚动需求订单|CLICK|滚动需求订单-sel业务部门
2020-07-29 06:38:09,286 [INFO]: #  --- success ---
2020-07-29 06:38:09,491 [INFO]: #  Run the Step: 13|滚动需求订单|CLICK|滚动需求订单-val业务部门-办公室
2020-07-29 06:38:10,304 [INFO]: #  --- success ---
2020-07-29 06:38:10,508 [INFO]: #  Run the Step: 14|滚动需求订单|CLICK|滚动需求订单-sel业务人员
2020-07-29 06:38:11,420 [INFO]: #  --- success ---
2020-07-29 06:38:11,623 [INFO]: #  Run the Step: 15|滚动需求订单|CLICK|滚动需求订单-val业务人员-周文杰
2020-07-29 06:38:12,610 [INFO]: #  --- success ---
2020-07-29 06:38:12,813 [INFO]: #  Run the Step: 16|滚动需求订单|CLICK|滚动需求订单-sel交货验收
2020-07-29 06:38:13,712 [INFO]: #  --- success ---
2020-07-29 06:38:13,917 [INFO]: #  Run the Step: 17|滚动需求订单|CLICK|滚动需求订单-val交货验收-否
2020-07-29 06:38:14,708 [INFO]: #  --- success ---
2020-07-29 06:38:14,912 [INFO]: #  Run the Step: 18|滚动需求订单|CLICK|滚动需求订单-btn订单明细-添加
2020-07-29 06:38:15,836 [INFO]: #  --- success ---
2020-07-29 06:38:16,039 [INFO]: #  Run the Step: 19|滚动需求订单|CLICK|滚动需求订单-sel物料编码
2020-07-29 06:38:17,009 [INFO]: #  --- success ---
2020-07-29 06:38:17,214 [INFO]: #  Run the Step: 20|滚动需求订单|INPUT|滚动需求订单-inp选择物料
2020-07-29 06:38:17,997 [INFO]: #  --- success ---
2020-07-29 06:38:18,200 [INFO]: #  Run the Step: 21|滚动需求订单|CLICK|滚动需求订单-val物料编码-风扇罩-K333A0042-W1N-PP-不要求-NW-054
2020-07-29 06:38:19,196 [INFO]: #  --- success ---
2020-07-29 06:38:19,397 [INFO]: #  Run the Step: 22|滚动需求订单|INPUT|滚动需求订单-inp数量
2020-07-29 06:38:20,433 [INFO]: #  --- success ---
2020-07-29 06:38:20,634 [INFO]: #  Run the Step: 23|滚动需求订单|CLICK|滚动需求订单-sel订单明细-单价
2020-07-29 06:38:21,501 [INFO]: #  --- success ---
2020-07-29 06:38:21,705 [INFO]: #  Run the Step: 24|滚动需求订单|CHECK|滚动需求订单-sel订单明细-交货地点
2020-07-29 06:38:21,809 [INFO]: #  DATA:'B2成品货位'
2020-07-29 06:38:21,809 [INFO]: #  REAL:'B2成品货位'
2020-07-29 06:38:21,812 [INFO]: #  --- success ---
2020-07-29 06:38:22,012 [INFO]: #  Run the Step: 25|滚动需求订单|INPUT|滚动需求订单-inp备注
2020-07-29 06:38:23,368 [INFO]: #  --- success ---
2020-07-29 06:38:23,569 [INFO]: #  --- success ---
2020-07-29 06:38:23,773 [INFO]: #  Run the Step: 2|滚动需求订单|CLICK|通用-btn直接提交
2020-07-29 06:38:24,652 [INFO]: #  --- success ---
2020-07-29 06:38:24,855 [INFO]: #  Run the Step: 3|滚动需求订单|CLICK|通用-btn直接提交-确定
2020-07-29 06:38:25,718 [INFO]: #  --- success ---
2020-07-29 06:38:25,921 [INFO]: #  Run the Step: 4|滚动需求订单|CHECK|滚动需求订单-lab滚动单状态#已提交
2020-07-29 06:38:27,018 [INFO]: #  DATA:'已提交'
2020-07-29 06:38:27,021 [INFO]: #  REAL:'已提交'
2020-07-29 06:38:27,021 [INFO]: #  --- success ---
2020-07-29 06:38:27,223 [INFO]: #  Run the Step: 5|滚动需求订单|CLICK|通用-btn审核
2020-07-29 06:38:27,979 [INFO]: #  --- success ---
2020-07-29 06:38:28,183 [INFO]: #  Run the Step: 6|滚动需求订单|CLICK|通用-sel审核-不通过
2020-07-29 06:38:39,210 [INFO]: #  --- success ---
2020-07-29 06:38:39,414 [INFO]: #  Run the Step: 7|滚动需求订单|CLICK|通用-btn审核-确定
2020-07-29 06:38:40,262 [INFO]: #  --- success ---
2020-07-29 06:38:40,463 [INFO]: #  Run the Step: 8|滚动需求订单|CHECK|滚动需求订单-lab滚动单状态#不通过
2020-07-29 06:38:41,067 [INFO]: #  DATA:'不通过'
2020-07-29 06:38:41,068 [INFO]: #  REAL:'不通过'
2020-07-29 06:38:41,069 [INFO]: #  --- success ---
2020-07-29 06:38:41,271 [INFO]: #  Run the Step: 9|滚动需求订单|CLICK|通用-btn编辑
2020-07-29 06:38:42,057 [INFO]: #  --- success ---
2020-07-29 06:38:42,259 [INFO]: #  Run the Step: 10|滚动需求订单|CLICK|通用-btn保存
2020-07-29 06:38:43,065 [INFO]: #  --- success ---
2020-07-29 06:38:43,266 [INFO]: #  Run the Step: 11|滚动需求订单|CLICK|通用-btn提交
2020-07-29 06:38:44,640 [INFO]: #  --- success ---
2020-07-29 06:38:44,845 [INFO]: #  Run the Step: 12|滚动需求订单|CLICK|通用-btn提交-确定
2020-07-29 06:38:45,839 [INFO]: #  --- success ---
2020-07-29 06:38:46,042 [INFO]: #  Run the Step: 13|滚动需求订单|CLICK|通用-btn审核
2020-07-29 06:38:47,542 [INFO]: #  --- success ---
2020-07-29 06:38:47,743 [INFO]: #  Run the Step: 14|滚动需求订单|CLICK|通用-sel审核-通过
2020-07-29 06:38:58,825 [INFO]: #  --- success ---
2020-07-29 06:38:59,028 [INFO]: #  Run the Step: 15|滚动需求订单|CLICK|通用-btn审核-确定
2020-07-29 06:39:00,010 [INFO]: #  --- success ---
2020-07-29 06:39:00,213 [INFO]: #  Run the Step: 16|滚动需求订单|CLICK|通用-btn返回列表
2020-07-29 06:39:01,387 [INFO]: #  --- success ---
2020-07-29 06:39:01,588 [INFO]: #  Run the Step: 17|滚动需求订单|CLICK|通用-tab已审核
2020-07-29 06:39:02,740 [INFO]: #  --- success ---
2020-07-29 06:39:02,940 [INFO]: #  Run the Step: 18|滚动需求订单|CLICK|通用-val单号
2020-07-29 06:39:03,733 [INFO]: #  --- success ---
2020-07-29 06:39:03,933 [INFO]: #  Run the Step: 19|滚动需求订单|INPUT|通用-inp搜索
2020-07-29 06:39:06,069 [INFO]: #  --- success ---
2020-07-29 06:39:06,275 [INFO]: #  Run the Step: 20|滚动需求订单|CLICK|通用-btn搜索
2020-07-29 06:39:07,387 [INFO]: #  --- success ---
2020-07-29 06:39:07,588 [INFO]: #  Run the Step: 21|滚动需求订单|CLICK|通用-tab已审核
2020-07-29 06:39:08,502 [INFO]: #  --- success ---
2020-07-29 06:39:08,705 [INFO]: #  Run the Step: 22|滚动需求订单|CLICK|通用-tab已审核-查看
2020-07-29 06:39:09,767 [INFO]: #  --- success ---
2020-07-29 06:39:09,969 [INFO]: #  Run the Step: 23|滚动需求订单|CLICK|通用-btn关闭
2020-07-29 06:39:11,047 [INFO]: #  --- success ---
2020-07-29 06:39:11,249 [INFO]: #  Run the Step: 24|滚动需求订单|CLICK|通用-btn关闭确定
2020-07-29 06:39:37,806 [ERROR]: #  +++ failure +++
Traceback (most recent call last):
  File "daitest\locator.py", line 32, in locating_element
  File "site-packages\selenium\webdriver\support\wait.py", line 80, in until
selenium.common.exceptions.TimeoutException: Message: 


During handling of the above exception, another exception occurred:

Traceback (most recent call last):
  File "daitest\locator.py", line 37, in locating_element
  File "site-packages\selenium\webdriver\support\wait.py", line 80, in until
selenium.common.exceptions.TimeoutException: Message: 


During handling of the above exception, another exception occurred:

Traceback (most recent call last):
  File "daitest\testcase.py", line 137, in run
  File "daitest\keywords\web.py", line 175, in click
  File "daitest\locator.py", line 40, in locating_element
Exception: Locating the element:通用-btn关闭确定 is Failure: Timeout
2020-07-29 06:39:37,814 [INFO]: #  ==================================================
2020-07-29 06:39:37,814 [INFO]: #  ...No SETUP testcase need to run...
2020-07-29 06:39:37,816 [INFO]: #  --------------------------------------------------
2020-07-29 06:39:37,816 [INFO]: #  >>> Run the TestCase: DQ_001|删除需求订单
2020-07-29 06:39:37,819 [INFO]: #  Run the Step: 1|用例片段|EXECUTE|CQ_001
2020-07-29 06:39:37,824 [INFO]: #  >>> Run the TestCase: CQ_001|新增需求订单
2020-07-29 06:39:37,826 [INFO]: #  Run the Step: 1|滚动需求订单|CLICK|通用-左侧栏一级菜单#销售管理
2020-07-29 06:39:38,613 [INFO]: #  --- success ---
2020-07-29 06:39:38,816 [INFO]: #  Run the Step: 2|滚动需求订单|CLICK|通用-左侧栏二级菜单#需求订单
2020-07-29 06:39:39,602 [INFO]: #  --- success ---
2020-07-29 06:39:39,809 [INFO]: #  Run the Step: 3|滚动需求订单|CLICK|通用-左侧栏一级菜单#销售管理
2020-07-29 06:39:40,766 [INFO]: #  --- success ---
2020-07-29 06:39:40,968 [INFO]: #  Run the Step: 4|滚动需求订单|CLICK|滚动需求订单-tab滚动需求
2020-07-29 06:40:07,426 [ERROR]: #  +++ failure +++
Traceback (most recent call last):
  File "daitest\locator.py", line 32, in locating_element
  File "site-packages\selenium\webdriver\support\wait.py", line 80, in until
selenium.common.exceptions.TimeoutException: Message: 


During handling of the above exception, another exception occurred:

Traceback (most recent call last):
  File "daitest\locator.py", line 37, in locating_element
  File "site-packages\selenium\webdriver\support\wait.py", line 80, in until
selenium.common.exceptions.TimeoutException: Message: 


During handling of the above exception, another exception occurred:

Traceback (most recent call last):
  File "daitest\testcase.py", line 137, in run
  File "daitest\keywords\web.py", line 175, in click
  File "daitest\locator.py", line 40, in locating_element
Exception: Locating the element:滚动需求订单-tab滚动需求 is Failure: Timeout
2020-07-29 06:40:07,431 [INFO]: #  ==================================================
2020-07-29 06:40:07,431 [INFO]: #  ...No SETUP testcase need to run...
2020-07-29 06:40:07,431 [INFO]: #  --------------------------------------------------
2020-07-29 06:40:07,431 [INFO]: #  >>> Run the TestCase: CH_001|查看需求订单
2020-07-29 06:40:07,434 [INFO]: #  Run the Step: 1|用例片段|EXECUTE|CQ_001
2020-07-29 06:40:07,436 [INFO]: #  >>> Run the TestCase: CQ_001|新增需求订单
2020-07-29 06:40:07,439 [INFO]: #  Run the Step: 1|滚动需求订单|CLICK|通用-左侧栏一级菜单#销售管理
2020-07-29 06:40:08,129 [INFO]: #  --- success ---
2020-07-29 06:40:08,335 [INFO]: #  Run the Step: 2|滚动需求订单|CLICK|通用-左侧栏二级菜单#需求订单
2020-07-29 06:40:09,245 [INFO]: #  --- success ---
2020-07-29 06:40:09,446 [INFO]: #  Run the Step: 3|滚动需求订单|CLICK|通用-左侧栏一级菜单#销售管理
2020-07-29 06:40:10,347 [INFO]: #  --- success ---
2020-07-29 06:40:10,549 [INFO]: #  Run the Step: 4|滚动需求订单|CLICK|滚动需求订单-tab滚动需求
2020-07-29 06:40:37,044 [ERROR]: #  +++ failure +++
Traceback (most recent call last):
  File "daitest\locator.py", line 32, in locating_element
  File "site-packages\selenium\webdriver\support\wait.py", line 80, in until
selenium.common.exceptions.TimeoutException: Message: 


During handling of the above exception, another exception occurred:

Traceback (most recent call last):
  File "daitest\locator.py", line 37, in locating_element
  File "site-packages\selenium\webdriver\support\wait.py", line 80, in until
selenium.common.exceptions.TimeoutException: Message: 


During handling of the above exception, another exception occurred:

Traceback (most recent call last):
  File "daitest\testcase.py", line 137, in run
  File "daitest\keywords\web.py", line 175, in click
  File "daitest\locator.py", line 40, in locating_element
Exception: Locating the element:滚动需求订单-tab滚动需求 is Failure: Timeout
2020-07-29 06:40:39,230 [INFO]: #  --- Quit th Driver: Chrome
2020-07-29 07:54:16,361 [INFO]: #  From Excel import testsuite success
2020-07-29 07:54:18,936 [INFO]: #  --------------------------------------------------
2020-07-29 07:54:18,936 [INFO]: #  >>> Run the TestCase: HOME_001|打开云塑ERP
2020-07-29 07:54:18,936 [INFO]: #  Run the Step: 1|通用|OPEN|通用-首页链接
2020-07-29 07:54:24,288 [INFO]: #  --- success ---
2020-07-29 07:54:24,489 [INFO]: #  Run the Step: 2|通用|CHECK|通用-页面title
2020-07-29 07:54:24,489 [INFO]: #  DATA:'云塑 企业资源计划管理系统'
2020-07-29 07:54:24,499 [INFO]: #  REAL:'云塑 企业资源计划管理系统'
2020-07-29 07:54:24,509 [INFO]: #  --- success ---
2020-07-29 07:54:24,710 [INFO]: #  --------------------------------------------------
2020-07-29 07:54:24,710 [INFO]: #  >>> Run the TestCase: Login_001|登录
2020-07-29 07:54:24,711 [INFO]: #  Run the Step: 1|登录页面|INPUT|登录页面-账号输入框
2020-07-29 07:54:25,489 [INFO]: #  --- success ---
2020-07-29 07:54:25,695 [INFO]: #  Run the Step: 2|登录页面|INPUT|登录页面-密码输入框
2020-07-29 07:54:26,523 [INFO]: #  --- success ---
2020-07-29 07:54:26,729 [INFO]: #  Run the Step: 3|登录页面|CLICK|登录页面-确定按钮
2020-07-29 07:54:27,379 [INFO]: #  --- success ---
2020-07-29 07:54:27,579 [INFO]: #  Run the Step: 4|登录页面|CHECK|通用-页面加载校验
2020-07-29 07:54:29,082 [INFO]: #  DATA:'欢迎进入 云塑企业资源计划管理系统'
2020-07-29 07:54:29,082 [INFO]: #  REAL:'欢迎进入 云塑企业资源计划管理系统'
2020-07-29 07:54:29,084 [INFO]: #  --- success ---
2020-07-29 07:54:29,285 [INFO]: #  ==================================================
2020-07-29 07:54:29,285 [INFO]: #  ...No SETUP testcase need to run...
2020-07-29 07:54:29,285 [INFO]: #  --------------------------------------------------
2020-07-29 07:54:29,285 [INFO]: #  >>> Run the TestCase: AEQ_002|审核编辑
2020-07-29 07:54:29,288 [INFO]: #  Run the Step: 1|用例片段|EXECUTE|CQ_001
2020-07-29 07:54:29,293 [INFO]: #  >>> Run the TestCase: CQ_001|新增销售订单
2020-07-29 07:54:29,293 [INFO]: #  Run the Step: 1|销售订单|CLICK|通用-左侧栏一级菜单#销售管理
2020-07-29 07:54:29,999 [INFO]: #  --- success ---
2020-07-29 07:54:30,202 [INFO]: #  Run the Step: 2|销售订单|CLICK|通用-左侧栏二级菜单#需求订单
2020-07-29 07:54:31,317 [INFO]: #  --- success ---
2020-07-29 07:54:31,521 [INFO]: #  Run the Step: 3|销售订单|CLICK|通用-左侧栏一级菜单#销售管理
2020-07-29 07:54:32,728 [INFO]: #  --- success ---
2020-07-29 07:54:32,930 [INFO]: #  Run the Step: 4|销售订单|CLICK|销售订单-btn新增
2020-07-29 07:54:33,871 [INFO]: #  --- success ---
2020-07-29 07:54:34,072 [INFO]: #  Run the Step: 5|销售订单|CHECK|销售订单-lab销售状态#未定义
2020-07-29 07:54:34,137 [INFO]: #  DATA:'未定义'
2020-07-29 07:54:34,139 [INFO]: #  REAL:'未定义'
2020-07-29 07:54:34,139 [INFO]: #  --- success ---
2020-07-29 07:54:34,340 [INFO]: #  Run the Step: 6|销售订单|INPUT|销售订单-inp客户PO
2020-07-29 07:54:35,898 [INFO]: #  --- success ---
2020-07-29 07:54:36,099 [INFO]: #  Run the Step: 7|销售订单|CLICK|销售订单-sel客户名称
2020-07-29 07:54:36,758 [INFO]: #  --- success ---
2020-07-29 07:54:36,960 [INFO]: #  Run the Step: 8|销售订单|CLICK|销售订单-val客户名称-美的
2020-07-29 07:54:37,658 [INFO]: #  --- success ---
2020-07-29 07:54:37,862 [INFO]: #  Run the Step: 9|销售订单|CLICK|销售订单-sel预交日期
2020-07-29 07:54:38,558 [INFO]: #  --- success ---
2020-07-29 07:54:38,758 [INFO]: #  Run the Step: 10|销售订单|CLICK|销售订单-val预交日期
2020-07-29 07:54:39,442 [INFO]: #  --- success ---
2020-07-29 07:54:39,643 [INFO]: #  Run the Step: 11|销售订单|CLICK|销售订单-sel业务部门
2020-07-29 07:54:40,333 [INFO]: #  --- success ---
2020-07-29 07:54:40,534 [INFO]: #  Run the Step: 12|销售订单|CLICK|销售订单-val业务部门-办公室
2020-07-29 07:54:41,250 [INFO]: #  --- success ---
2020-07-29 07:54:41,451 [INFO]: #  Run the Step: 13|销售订单|CLICK|销售订单-sel业务人员
2020-07-29 07:54:42,107 [INFO]: #  --- success ---
2020-07-29 07:54:42,308 [INFO]: #  Run the Step: 14|销售订单|CLICK|销售订单-val业务人员-田丰
2020-07-29 07:54:43,010 [INFO]: #  --- success ---
2020-07-29 07:54:43,210 [INFO]: #  Run the Step: 15|销售订单|CLICK|销售订单-sel交货验收
2020-07-29 07:54:44,015 [INFO]: #  --- success ---
2020-07-29 07:54:44,218 [INFO]: #  Run the Step: 16|销售订单|CLICK|销售订单-val交货验收-否
2020-07-29 07:54:45,079 [INFO]: #  --- success ---
2020-07-29 07:54:45,282 [INFO]: #  Run the Step: 17|销售订单|CLICK|销售订单-sel订单等级
2020-07-29 07:54:46,081 [INFO]: #  --- success ---
2020-07-29 07:54:46,282 [INFO]: #  Run the Step: 18|销售订单|CLICK|销售订单-val订单等级-正常
2020-07-29 07:54:47,035 [INFO]: #  --- success ---
2020-07-29 07:54:47,240 [INFO]: #  Run the Step: 19|销售订单|CLICK|销售订单-btn添加
2020-07-29 07:54:48,159 [INFO]: #  --- success ---
2020-07-29 07:54:48,360 [INFO]: #  Run the Step: 20|销售订单|CLICK|销售订单-sel物料编码
2020-07-29 07:54:49,185 [INFO]: #  --- success ---
2020-07-29 07:54:49,389 [INFO]: #  Run the Step: 20|销售订单|INPUT|销售订单-inp选择物料
2020-07-29 07:54:50,180 [INFO]: #  --- success ---
2020-07-29 07:54:50,384 [INFO]: #  Run the Step: 21|销售订单|CLICK|销售订单-val物料编码-风扇罩W1S
2020-07-29 07:54:51,329 [INFO]: #  --- success ---
2020-07-29 07:54:51,533 [INFO]: #  Run the Step: 22|销售订单|INPUT|销售订单-inp数量
2020-07-29 07:54:52,409 [INFO]: #  --- success ---
2020-07-29 07:54:52,612 [INFO]: #  Run the Step: 23|销售订单|CHECK|销售订单-sel订单明细-交货地点
2020-07-29 07:54:52,815 [INFO]: #  DATA:'B2成品货位'
2020-07-29 07:54:52,818 [INFO]: #  REAL:'B2成品货位'
2020-07-29 07:54:52,818 [INFO]: #  --- success ---
2020-07-29 07:54:53,020 [INFO]: #  Run the Step: 24|销售订单|INPUT|销售订单-inp备注
2020-07-29 07:54:54,273 [INFO]: #  --- success ---
2020-07-29 07:54:54,474 [INFO]: #  --- success ---
2020-07-29 07:54:54,675 [INFO]: #  Run the Step: 2|销售订单|CLICK|通用-btn直接提交
2020-07-29 07:54:55,388 [INFO]: #  --- success ---
2020-07-29 07:54:55,589 [INFO]: #  Run the Step: 3|销售订单|CLICK|通用-btn直接提交-确定
2020-07-29 07:54:56,471 [INFO]: #  --- success ---
2020-07-29 07:54:56,673 [INFO]: #  Run the Step: 4|销售订单|CHECK|销售订单-lab销售状态#已提交
2020-07-29 07:54:57,553 [INFO]: #  DATA:'已提交'
2020-07-29 07:54:57,554 [INFO]: #  REAL:'已提交'
2020-07-29 07:54:57,554 [INFO]: #  --- success ---
2020-07-29 07:54:57,754 [INFO]: #  Run the Step: 5|销售订单|CLICK|通用-btn审核
2020-07-29 07:54:58,822 [INFO]: #  --- success ---
2020-07-29 07:54:59,022 [INFO]: #  Run the Step: 6|销售订单|CLICK|通用-sel审核-不通过
2020-07-29 07:55:10,217 [INFO]: #  --- success ---
2020-07-29 07:55:10,421 [INFO]: #  Run the Step: 7|销售订单|CLICK|通用-btn审核-确定
2020-07-29 07:55:11,561 [INFO]: #  --- success ---
2020-07-29 07:55:11,762 [INFO]: #  Run the Step: 8|销售订单|CHECK|销售订单-lab销售状态#不通过
2020-07-29 07:55:12,461 [INFO]: #  DATA:'不通过'
2020-07-29 07:55:12,464 [INFO]: #  REAL:'不通过'
2020-07-29 07:55:12,464 [INFO]: #  --- success ---
2020-07-29 07:55:12,666 [INFO]: #  Run the Step: 9|销售订单|CLICK|通用-btn编辑
2020-07-29 07:55:13,624 [INFO]: #  --- success ---
2020-07-29 07:55:13,825 [INFO]: #  Run the Step: 10|销售订单|INPUT|销售订单-inp备注
2020-07-29 07:55:15,320 [INFO]: #  --- success ---
2020-07-29 07:55:15,523 [INFO]: #  Run the Step: 11|销售订单|CLICK|通用-btn保存
2020-07-29 07:55:16,566 [INFO]: #  --- success ---
2020-07-29 07:55:16,766 [INFO]: #  Run the Step: 12|销售订单|CHECK|销售订单-toast修改成功提醒
2020-07-29 07:55:16,891 [INFO]: #  DATA:'修改成功!'
2020-07-29 07:55:16,893 [INFO]: #  REAL:'修改成功!'
2020-07-29 07:55:16,893 [INFO]: #  --- success ---
2020-07-29 07:55:17,097 [INFO]: #  Run the Step: 13|销售订单|CLICK|通用-btn提交
2020-07-29 07:55:18,099 [INFO]: #  --- success ---
2020-07-29 07:55:18,301 [INFO]: #  Run the Step: 14|销售订单|CLICK|通用-btn提交-确定
2020-07-29 07:55:19,139 [INFO]: #  --- success ---
2020-07-29 07:55:19,344 [INFO]: #  Run the Step: 15|销售订单|CLICK|通用-btn审核
2020-07-29 07:55:20,594 [INFO]: #  --- success ---
2020-07-29 07:55:20,798 [INFO]: #  Run the Step: 16|销售订单|CLICK|通用-sel审核-通过
2020-07-29 07:55:31,957 [INFO]: #  --- success ---
2020-07-29 07:55:32,158 [INFO]: #  Run the Step: 17|销售订单|CLICK|通用-btn审核-确定
2020-07-29 07:55:33,072 [INFO]: #  --- success ---
2020-07-29 07:55:33,278 [INFO]: #  Run the Step: 32|销售订单|CHECK|销售订单-lab销售状态#已审核
2020-07-29 07:55:33,795 [INFO]: #  DATA:'已审核'
2020-07-29 07:55:33,798 [INFO]: #  REAL:'已审核'
2020-07-29 07:55:33,798 [INFO]: #  --- success ---
2020-07-29 07:55:34,002 [INFO]: #  Run the Step: 18|销售订单|CLICK|通用-btn返回列表
2020-07-29 07:55:34,853 [INFO]: #  --- success ---
2020-07-29 07:55:35,053 [INFO]: #  Run the Step: 19|销售订单|CLICK|通用-tab已审核
2020-07-29 07:55:36,345 [INFO]: #  --- success ---
2020-07-29 07:55:36,547 [INFO]: #  Run the Step: 20|销售订单|CLICK|通用-val单号
2020-07-29 07:55:37,224 [INFO]: #  --- success ---
2020-07-29 07:55:37,426 [INFO]: #  Run the Step: 21|销售订单|INPUT|销售订单-inp搜索
2020-07-29 07:55:39,928 [INFO]: #  --- success ---
2020-07-29 07:55:40,131 [INFO]: #  Run the Step: 22|销售订单|CLICK|销售订单-btn搜索
2020-07-29 07:55:41,138 [INFO]: #  --- success ---
2020-07-29 07:55:41,339 [INFO]: #  Run the Step: 23|销售订单|CLICK|通用-tab已审核
2020-07-29 07:55:42,291 [INFO]: #  --- success ---
2020-07-29 07:55:42,495 [INFO]: #  Run the Step: 24|销售订单|CLICK|通用-tab已审核-查看
2020-07-29 07:55:43,504 [INFO]: #  --- success ---
2020-07-29 07:55:43,706 [INFO]: #  Run the Step: 25|销售订单|CLICK|通用-btn关闭
2020-07-29 07:55:44,590 [INFO]: #  --- success ---
2020-07-29 07:55:44,794 [INFO]: #  Run the Step: 26|销售订单|CLICK|通用-btn关闭-确定
2020-07-29 07:56:06,179 [ERROR]: #  *** save the screenshot is failure ***
Traceback (most recent call last):
  File "daitest\locator.py", line 32, in locating_element
  File "site-packages\selenium\webdriver\support\wait.py", line 80, in until
selenium.common.exceptions.TimeoutException: Message: 


During handling of the above exception, another exception occurred:

Traceback (most recent call last):
  File "daitest\locator.py", line 37, in locating_element
  File "site-packages\selenium\webdriver\support\wait.py", line 71, in until
  File "site-packages\selenium\webdriver\support\expected_conditions.py", line 64, in __call__
  File "site-packages\selenium\webdriver\support\expected_conditions.py", line 415, in _find_element
  File "site-packages\selenium\webdriver\support\expected_conditions.py", line 411, in _find_element
  File "site-packages\selenium\webdriver\remote\webdriver.py", line 976, in find_element
  File "site-packages\selenium\webdriver\remote\webdriver.py", line 321, in execute
  File "site-packages\selenium\webdriver\remote\errorhandler.py", line 242, in check_response
selenium.common.exceptions.NoSuchWindowException: Message: no such window: target window already closed
from unknown error: web view not found
  (Session info: chrome=84.0.4147.105)


During handling of the above exception, another exception occurred:

Traceback (most recent call last):
  File "daitest\testcase.py", line 137, in run
  File "daitest\keywords\web.py", line 175, in click
  File "daitest\locator.py", line 40, in locating_element
Exception: Locating the element:通用-btn关闭-确定 is Failure: Timeout

During handling of the above exception, another exception occurred:

Traceback (most recent call last):
  File "daitest\testcase.py", line 227, in run
  File "site-packages\selenium\webdriver\remote\webdriver.py", line 1032, in get_screenshot_as_file
  File "site-packages\selenium\webdriver\remote\webdriver.py", line 1064, in get_screenshot_as_png
  File "site-packages\selenium\webdriver\remote\webdriver.py", line 1074, in get_screenshot_as_base64
  File "site-packages\selenium\webdriver\remote\webdriver.py", line 321, in execute
  File "site-packages\selenium\webdriver\remote\errorhandler.py", line 242, in check_response
selenium.common.exceptions.NoSuchWindowException: Message: no such window: target window already closed
from unknown error: web view not found
  (Session info: chrome=84.0.4147.105)

2020-07-29 07:56:06,200 [ERROR]: #  +++ failure +++
Traceback (most recent call last):
  File "daitest\locator.py", line 32, in locating_element
  File "site-packages\selenium\webdriver\support\wait.py", line 80, in until
selenium.common.exceptions.TimeoutException: Message: 


During handling of the above exception, another exception occurred:

Traceback (most recent call last):
  File "daitest\locator.py", line 37, in locating_element
  File "site-packages\selenium\webdriver\support\wait.py", line 71, in until
  File "site-packages\selenium\webdriver\support\expected_conditions.py", line 64, in __call__
  File "site-packages\selenium\webdriver\support\expected_conditions.py", line 415, in _find_element
  File "site-packages\selenium\webdriver\support\expected_conditions.py", line 411, in _find_element
  File "site-packages\selenium\webdriver\remote\webdriver.py", line 976, in find_element
  File "site-packages\selenium\webdriver\remote\webdriver.py", line 321, in execute
  File "site-packages\selenium\webdriver\remote\errorhandler.py", line 242, in check_response
selenium.common.exceptions.NoSuchWindowException: Message: no such window: target window already closed
from unknown error: web view not found
  (Session info: chrome=84.0.4147.105)


During handling of the above exception, another exception occurred:

Traceback (most recent call last):
  File "daitest\testcase.py", line 137, in run
  File "daitest\keywords\web.py", line 175, in click
  File "daitest\locator.py", line 40, in locating_element
Exception: Locating the element:通用-btn关闭-确定 is Failure: Timeout
2020-07-29 07:56:06,220 [INFO]: #  ==================================================
2020-07-29 07:56:06,220 [INFO]: #  ...No SETUP testcase need to run...
2020-07-29 07:56:06,220 [INFO]: #  --------------------------------------------------
2020-07-29 07:56:06,220 [INFO]: #  >>> Run the TestCase: DQ_001|删除销售订单
2020-07-29 07:56:06,231 [INFO]: #  Run the Step: 1|用例片段|EXECUTE|CQ_001
2020-07-29 07:56:06,231 [INFO]: #  >>> Run the TestCase: CQ_001|新增销售订单
2020-07-29 07:56:06,241 [INFO]: #  Run the Step: 1|销售订单|CLICK|通用-左侧栏一级菜单#销售管理
2020-07-29 07:56:21,260 [INFO]: #  From Excel import testsuite success
2020-07-29 07:56:23,855 [INFO]: #  --------------------------------------------------
2020-07-29 07:56:23,855 [INFO]: #  >>> Run the TestCase: HOME_001|打开云塑ERP
2020-07-29 07:56:23,855 [INFO]: #  Run the Step: 1|通用|OPEN|通用-首页链接
2020-07-29 07:56:29,561 [INFO]: #  --- success ---
2020-07-29 07:56:29,772 [INFO]: #  Run the Step: 2|通用|CHECK|通用-页面title
2020-07-29 07:56:29,782 [INFO]: #  DATA:'云塑 企业资源计划管理系统'
2020-07-29 07:56:29,809 [INFO]: #  REAL:'云塑 企业资源计划管理系统'
2020-07-29 07:56:29,840 [INFO]: #  --- success ---
2020-07-29 07:56:30,041 [INFO]: #  --------------------------------------------------
2020-07-29 07:56:30,043 [INFO]: #  >>> Run the TestCase: Login_001|登录
2020-07-29 07:56:30,046 [INFO]: #  Run the Step: 1|登录页面|INPUT|登录页面-账号输入框
2020-07-29 07:56:30,985 [INFO]: #  --- success ---
2020-07-29 07:56:31,189 [INFO]: #  Run the Step: 2|登录页面|INPUT|登录页面-密码输入框
2020-07-29 07:56:32,079 [INFO]: #  --- success ---
2020-07-29 07:56:32,283 [INFO]: #  Run the Step: 3|登录页面|CLICK|登录页面-确定按钮
2020-07-29 07:56:32,934 [INFO]: #  --- success ---
2020-07-29 07:56:33,136 [INFO]: #  Run the Step: 4|登录页面|CHECK|通用-页面加载校验
2020-07-29 07:56:34,676 [INFO]: #  DATA:'欢迎进入 云塑企业资源计划管理系统'
2020-07-29 07:56:34,679 [INFO]: #  REAL:'欢迎进入 云塑企业资源计划管理系统'
2020-07-29 07:56:34,679 [INFO]: #  --- success ---
2020-07-29 07:56:34,880 [INFO]: #  ==================================================
2020-07-29 07:56:34,883 [INFO]: #  ...No SETUP testcase need to run...
2020-07-29 07:56:34,885 [INFO]: #  --------------------------------------------------
2020-07-29 07:56:34,888 [INFO]: #  >>> Run the TestCase: AEQ_001|审核编辑
2020-07-29 07:56:34,893 [INFO]: #  Run the Step: 1|用例片段|EXECUTE|CQ_001
2020-07-29 07:56:34,900 [INFO]: #  >>> Run the TestCase: CQ_001|新增需求订单
2020-07-29 07:56:34,903 [INFO]: #  Run the Step: 1|滚动需求订单|CLICK|通用-左侧栏一级菜单#销售管理
2020-07-29 07:56:35,735 [INFO]: #  --- success ---
2020-07-29 07:56:35,939 [INFO]: #  Run the Step: 2|滚动需求订单|CLICK|通用-左侧栏二级菜单#需求订单
2020-07-29 07:56:36,965 [INFO]: #  --- success ---
2020-07-29 07:56:37,166 [INFO]: #  Run the Step: 3|滚动需求订单|CLICK|通用-左侧栏一级菜单#销售管理
2020-07-29 07:56:38,171 [INFO]: #  --- success ---
2020-07-29 07:56:38,374 [INFO]: #  Run the Step: 4|滚动需求订单|CLICK|滚动需求订单-tab滚动需求
2020-07-29 07:56:39,402 [INFO]: #  --- success ---
2020-07-29 07:56:39,603 [INFO]: #  Run the Step: 5|滚动需求订单|CLICK|滚动需求订单-btn新增
2020-07-29 07:56:40,739 [INFO]: #  --- success ---
2020-07-29 07:56:40,954 [INFO]: #  Run the Step: 6|滚动需求订单|CLICK|滚动需求订单-sel预交日期
2020-07-29 07:56:41,711 [INFO]: #  --- success ---
2020-07-29 07:56:41,912 [INFO]: #  Run the Step: 7|滚动需求订单|CLICK|滚动需求订单-val预交日期
2020-07-29 07:56:42,739 [INFO]: #  --- success ---
2020-07-29 07:56:42,943 [INFO]: #  Run the Step: 8|滚动需求订单|CLICK|滚动需求订单-sel客户名称
2020-07-29 07:56:43,815 [INFO]: #  --- success ---
2020-07-29 07:56:44,020 [INFO]: #  Run the Step: 9|滚动需求订单|CLICK|滚动需求订单-val客户名称-美的
2020-07-29 07:56:44,945 [INFO]: #  --- success ---
2020-07-29 07:56:45,145 [INFO]: #  Run the Step: 10|滚动需求订单|CLICK|滚动需求订单-sel订单等级
2020-07-29 07:56:46,008 [INFO]: #  --- success ---
2020-07-29 07:56:46,208 [INFO]: #  Run the Step: 11|滚动需求订单|CLICK|滚动需求订单-val订单等级-正常
2020-07-29 07:56:46,985 [INFO]: #  --- success ---
2020-07-29 07:56:47,188 [INFO]: #  Run the Step: 12|滚动需求订单|CLICK|滚动需求订单-sel业务部门
2020-07-29 07:56:48,036 [INFO]: #  --- success ---
2020-07-29 07:56:48,238 [INFO]: #  Run the Step: 13|滚动需求订单|CLICK|滚动需求订单-val业务部门-办公室
2020-07-29 07:56:49,057 [INFO]: #  --- success ---
2020-07-29 07:56:49,260 [INFO]: #  Run the Step: 14|滚动需求订单|CLICK|滚动需求订单-sel业务人员
2020-07-29 07:56:50,162 [INFO]: #  --- success ---
2020-07-29 07:56:50,363 [INFO]: #  Run the Step: 15|滚动需求订单|CLICK|滚动需求订单-val业务人员-周文杰
2020-07-29 07:56:51,200 [INFO]: #  --- success ---
2020-07-29 07:56:51,403 [INFO]: #  Run the Step: 16|滚动需求订单|CLICK|滚动需求订单-sel交货验收
2020-07-29 07:56:52,346 [INFO]: #  --- success ---
2020-07-29 07:56:52,547 [INFO]: #  Run the Step: 17|滚动需求订单|CLICK|滚动需求订单-val交货验收-否
2020-07-29 07:56:53,366 [INFO]: #  --- success ---
2020-07-29 07:56:53,568 [INFO]: #  Run the Step: 18|滚动需求订单|CLICK|滚动需求订单-btn订单明细-添加
2020-07-29 07:56:54,693 [INFO]: #  --- success ---
2020-07-29 07:56:54,897 [INFO]: #  Run the Step: 19|滚动需求订单|CLICK|滚动需求订单-sel物料编码
2020-07-29 07:56:55,863 [INFO]: #  --- success ---
2020-07-29 07:56:56,065 [INFO]: #  Run the Step: 20|滚动需求订单|INPUT|滚动需求订单-inp选择物料
2020-07-29 07:56:56,924 [INFO]: #  --- success ---
2020-07-29 07:56:57,126 [INFO]: #  Run the Step: 21|滚动需求订单|CLICK|滚动需求订单-val物料编码-风扇罩-K333A0042-W1N-PP-不要求-NW-054
2020-07-29 07:56:58,167 [INFO]: #  --- success ---
2020-07-29 07:56:58,370 [INFO]: #  Run the Step: 22|滚动需求订单|INPUT|滚动需求订单-inp数量
2020-07-29 07:56:59,370 [INFO]: #  --- success ---
2020-07-29 07:56:59,575 [INFO]: #  Run the Step: 23|滚动需求订单|CLICK|滚动需求订单-sel订单明细-单价
2020-07-29 07:57:00,441 [INFO]: #  --- success ---
2020-07-29 07:57:00,647 [INFO]: #  Run the Step: 24|滚动需求订单|CHECK|滚动需求订单-sel订单明细-交货地点
2020-07-29 07:57:00,853 [INFO]: #  DATA:'B2成品货位'
2020-07-29 07:57:00,855 [INFO]: #  REAL:'B2成品货位'
2020-07-29 07:57:00,860 [INFO]: #  --- success ---
2020-07-29 07:57:01,063 [INFO]: #  Run the Step: 25|滚动需求订单|INPUT|滚动需求订单-inp备注
2020-07-29 07:57:02,493 [INFO]: #  --- success ---
2020-07-29 07:57:02,699 [INFO]: #  --- success ---
2020-07-29 07:57:02,901 [INFO]: #  Run the Step: 2|滚动需求订单|CLICK|通用-btn直接提交
2020-07-29 07:57:03,791 [INFO]: #  --- success ---
2020-07-29 07:57:03,994 [INFO]: #  Run the Step: 3|滚动需求订单|CLICK|通用-btn直接提交-确定
2020-07-29 07:57:04,921 [INFO]: #  --- success ---
2020-07-29 07:57:05,123 [INFO]: #  Run the Step: 4|滚动需求订单|CHECK|滚动需求订单-lab滚动单状态#已提交
2020-07-29 07:57:05,930 [INFO]: #  DATA:'已提交'
2020-07-29 07:57:05,930 [INFO]: #  REAL:'已提交'
2020-07-29 07:57:05,930 [INFO]: #  --- success ---
2020-07-29 07:57:06,134 [INFO]: #  Run the Step: 5|滚动需求订单|CLICK|通用-btn审核
2020-07-29 07:57:07,129 [INFO]: #  --- success ---
2020-07-29 07:57:07,332 [INFO]: #  Run the Step: 6|滚动需求订单|CLICK|通用-sel审核-不通过
2020-07-29 07:57:18,587 [INFO]: #  --- success ---
2020-07-29 07:57:18,790 [INFO]: #  Run the Step: 7|滚动需求订单|CLICK|通用-btn审核-确定
2020-07-29 07:57:19,778 [INFO]: #  --- success ---
2020-07-29 07:57:19,982 [INFO]: #  Run the Step: 8|滚动需求订单|CHECK|滚动需求订单-lab滚动单状态#不通过
2020-07-29 07:57:20,686 [INFO]: #  DATA:'不通过'
2020-07-29 07:57:20,687 [INFO]: #  REAL:'不通过'
2020-07-29 07:57:20,688 [INFO]: #  --- success ---
2020-07-29 07:57:20,890 [INFO]: #  Run the Step: 9|滚动需求订单|CLICK|通用-btn编辑
2020-07-29 07:57:21,873 [INFO]: #  --- success ---
2020-07-29 07:57:22,075 [INFO]: #  Run the Step: 10|滚动需求订单|CLICK|通用-btn保存
2020-07-29 07:57:22,965 [INFO]: #  --- success ---
2020-07-29 07:57:23,168 [INFO]: #  Run the Step: 11|滚动需求订单|CLICK|通用-btn提交
2020-07-29 07:57:24,552 [INFO]: #  --- success ---
2020-07-29 07:57:24,758 [INFO]: #  Run the Step: 12|滚动需求订单|CLICK|通用-btn提交-确定
2020-07-29 07:57:25,602 [INFO]: #  --- success ---
2020-07-29 07:57:25,804 [INFO]: #  Run the Step: 13|滚动需求订单|CLICK|通用-btn审核
2020-07-29 07:57:27,213 [INFO]: #  --- success ---
2020-07-29 07:57:27,418 [INFO]: #  Run the Step: 14|滚动需求订单|CLICK|通用-sel审核-通过
2020-07-29 07:57:38,502 [INFO]: #  --- success ---
2020-07-29 07:57:38,707 [INFO]: #  Run the Step: 15|滚动需求订单|CLICK|通用-btn审核-确定
2020-07-29 07:57:39,673 [INFO]: #  --- success ---
2020-07-29 07:57:39,875 [INFO]: #  Run the Step: 16|滚动需求订单|CLICK|通用-btn返回列表
2020-07-29 07:57:40,708 [INFO]: #  --- success ---
2020-07-29 07:57:40,911 [INFO]: #  Run the Step: 17|滚动需求订单|CLICK|通用-tab已审核
2020-07-29 07:57:41,795 [INFO]: #  --- success ---
2020-07-29 07:57:41,996 [INFO]: #  Run the Step: 18|滚动需求订单|CLICK|通用-val单号
2020-07-29 07:57:46,026 [INFO]: #  --- success ---
2020-07-29 07:57:46,230 [INFO]: #  Run the Step: 19|滚动需求订单|INPUT|通用-inp搜索
2020-07-29 07:57:48,614 [INFO]: #  --- success ---
2020-07-29 07:57:48,817 [INFO]: #  Run the Step: 20|滚动需求订单|CLICK|通用-btn搜索
2020-07-29 07:57:49,818 [INFO]: #  --- success ---
2020-07-29 07:57:50,018 [INFO]: #  Run the Step: 21|滚动需求订单|CLICK|通用-tab已审核
2020-07-29 07:57:50,788 [INFO]: #  --- success ---
2020-07-29 07:57:50,991 [INFO]: #  Run the Step: 22|滚动需求订单|CLICK|通用-tab已审核-查看
2020-07-29 07:58:18,764 [ERROR]: #  +++ failure +++
Traceback (most recent call last):
  File "daitest\locator.py", line 32, in locating_element
  File "site-packages\selenium\webdriver\support\wait.py", line 80, in until
selenium.common.exceptions.TimeoutException: Message: 


During handling of the above exception, another exception occurred:

Traceback (most recent call last):
  File "daitest\locator.py", line 37, in locating_element
  File "site-packages\selenium\webdriver\support\wait.py", line 80, in until
selenium.common.exceptions.TimeoutException: Message: 


During handling of the above exception, another exception occurred:

Traceback (most recent call last):
  File "daitest\testcase.py", line 137, in run
  File "daitest\keywords\web.py", line 175, in click
  File "daitest\locator.py", line 40, in locating_element
Exception: Locating the element:通用-tab已审核-查看 is Failure: Timeout
2020-07-29 07:58:18,769 [INFO]: #  ==================================================
2020-07-29 07:58:18,771 [INFO]: #  ...No SETUP testcase need to run...
2020-07-29 07:58:18,774 [INFO]: #  --------------------------------------------------
2020-07-29 07:58:18,776 [INFO]: #  >>> Run the TestCase: DQ_001|删除需求订单
2020-07-29 07:58:18,779 [INFO]: #  Run the Step: 1|用例片段|EXECUTE|CQ_001
2020-07-29 07:58:18,785 [INFO]: #  >>> Run the TestCase: CQ_001|新增需求订单
2020-07-29 07:58:18,790 [INFO]: #  Run the Step: 1|滚动需求订单|CLICK|通用-左侧栏一级菜单#销售管理
2020-07-29 07:58:19,470 [INFO]: #  --- success ---
2020-07-29 07:58:19,674 [INFO]: #  Run the Step: 2|滚动需求订单|CLICK|通用-左侧栏二级菜单#需求订单
2020-07-29 07:58:40,303 [ERROR]: #  +++ failure +++
Traceback (most recent call last):
  File "daitest\testcase.py", line 137, in run
  File "daitest\keywords\web.py", line 178, in click
  File "site-packages\selenium\webdriver\remote\webelement.py", line 80, in click
  File "site-packages\selenium\webdriver\remote\webelement.py", line 633, in _execute
  File "site-packages\selenium\webdriver\remote\webdriver.py", line 321, in execute
  File "site-packages\selenium\webdriver\remote\errorhandler.py", line 242, in check_response
selenium.common.exceptions.ElementNotInteractableException: Message: element not interactable
  (Session info: chrome=84.0.4147.105)

2020-07-29 07:58:40,311 [INFO]: #  ==================================================
2020-07-29 07:58:40,311 [INFO]: #  ...No SETUP testcase need to run...
2020-07-29 07:58:40,313 [INFO]: #  --------------------------------------------------
2020-07-29 07:58:40,316 [INFO]: #  >>> Run the TestCase: CH_001|查看需求订单
2020-07-29 07:58:40,318 [INFO]: #  Run the Step: 1|用例片段|EXECUTE|CQ_001
2020-07-29 07:58:40,323 [INFO]: #  >>> Run the TestCase: CQ_001|新增需求订单
2020-07-29 07:58:40,326 [INFO]: #  Run the Step: 1|滚动需求订单|CLICK|通用-左侧栏一级菜单#销售管理
2020-07-29 07:58:41,030 [INFO]: #  --- success ---
2020-07-29 07:58:41,234 [INFO]: #  Run the Step: 2|滚动需求订单|CLICK|通用-左侧栏二级菜单#需求订单
2020-07-29 07:58:41,997 [INFO]: #  --- success ---
2020-07-29 07:58:42,198 [INFO]: #  Run the Step: 3|滚动需求订单|CLICK|通用-左侧栏一级菜单#销售管理
2020-07-29 07:58:43,032 [INFO]: #  --- success ---
2020-07-29 07:58:43,234 [INFO]: #  Run the Step: 4|滚动需求订单|CLICK|滚动需求订单-tab滚动需求
2020-07-29 07:58:46,812 [ERROR]: #  +++ failure +++
Traceback (most recent call last):
  File "daitest\keywords\web.py", line 178, in click
  File "site-packages\selenium\webdriver\remote\webelement.py", line 80, in click
  File "site-packages\selenium\webdriver\remote\webelement.py", line 633, in _execute
  File "site-packages\selenium\webdriver\remote\webdriver.py", line 321, in execute
  File "site-packages\selenium\webdriver\remote\errorhandler.py", line 242, in check_response
selenium.common.exceptions.ElementClickInterceptedException: Message: element click intercepted: Element <div role="tab" aria-disabled="false" aria-selected="false" class=" ant-tabs-tab">...</div> is not clickable at point (194, 105). Other element would receive the click: <div class="ant-drawer-wrapper-body" style="overflow: auto; height: 100%;">...</div>
  (Session info: chrome=84.0.4147.105)


During handling of the above exception, another exception occurred:

Traceback (most recent call last):
  File "daitest\testcase.py", line 137, in run
  File "daitest\keywords\web.py", line 184, in click
  File "site-packages\selenium\webdriver\remote\webelement.py", line 80, in click
  File "site-packages\selenium\webdriver\remote\webelement.py", line 633, in _execute
  File "site-packages\selenium\webdriver\remote\webdriver.py", line 321, in execute
  File "site-packages\selenium\webdriver\remote\errorhandler.py", line 242, in check_response
selenium.common.exceptions.ElementClickInterceptedException: Message: element click intercepted: Element <div role="tab" aria-disabled="false" aria-selected="false" class=" ant-tabs-tab">...</div> is not clickable at point (194, 105). Other element would receive the click: <div class="ant-drawer-wrapper-body" style="overflow: auto; height: 100%;">...</div>
  (Session info: chrome=84.0.4147.105)

2020-07-29 07:58:49,004 [INFO]: #  --- Quit th Driver: Chrome
