2020-08-04 17:13:35,237 [INFO]: #  From Excel import testsuite success
2020-08-04 17:13:35,241 [ERROR]: #  *** Init global object failure ***
Traceback (most recent call last):
  File "site-packages\selenium\webdriver\common\service.py", line 72, in start
  File "subprocess.py", line 854, in __init__
  File "subprocess.py", line 1307, in _execute_child
FileNotFoundError: [WinError 2] 系统找不到指定的文件。

During handling of the above exception, another exception occurred:

Traceback (most recent call last):
  File "daitest\autotest.py", line 105, in run
  File "daitest\globals.py", line 98, in set_driver
  File "site-packages\selenium\webdriver\chrome\webdriver.py", line 73, in __init__
  File "site-packages\selenium\webdriver\common\service.py", line 81, in start
selenium.common.exceptions.WebDriverException: Message: 'chromedriver' executable needs to be in PATH. Please see https://sites.google.com/a/chromium.org/chromedriver/home

2020-08-04 17:14:56,765 [INFO]: #  From Excel import testsuite success
2020-08-04 17:14:56,765 [ERROR]: #  *** Init global object failure ***
Traceback (most recent call last):
  File "site-packages\selenium\webdriver\common\service.py", line 72, in start
  File "subprocess.py", line 854, in __init__
  File "subprocess.py", line 1307, in _execute_child
FileNotFoundError: [WinError 2] 系统找不到指定的文件。

During handling of the above exception, another exception occurred:

Traceback (most recent call last):
  File "daitest\autotest.py", line 105, in run
  File "daitest\globals.py", line 98, in set_driver
  File "site-packages\selenium\webdriver\chrome\webdriver.py", line 73, in __init__
  File "site-packages\selenium\webdriver\common\service.py", line 81, in start
selenium.common.exceptions.WebDriverException: Message: 'chromedriver' executable needs to be in PATH. Please see https://sites.google.com/a/chromium.org/chromedriver/home

2020-08-04 17:15:45,492 [INFO]: #  From Excel import testsuite success
2020-08-04 17:15:45,502 [ERROR]: #  *** Init global object failure ***
Traceback (most recent call last):
  File "site-packages\selenium\webdriver\common\service.py", line 72, in start
  File "subprocess.py", line 854, in __init__
  File "subprocess.py", line 1307, in _execute_child
FileNotFoundError: [WinError 2] 系统找不到指定的文件。

During handling of the above exception, another exception occurred:

Traceback (most recent call last):
  File "daitest\autotest.py", line 105, in run
  File "daitest\globals.py", line 98, in set_driver
  File "site-packages\selenium\webdriver\chrome\webdriver.py", line 73, in __init__
  File "site-packages\selenium\webdriver\common\service.py", line 81, in start
selenium.common.exceptions.WebDriverException: Message: 'chromedriver' executable needs to be in PATH. Please see https://sites.google.com/a/chromium.org/chromedriver/home

2020-08-04 20:12:28,747 [INFO]: #  From Excel import testsuite success
2020-08-04 20:12:28,757 [ERROR]: #  *** Init global object failure ***
Traceback (most recent call last):
  File "site-packages\selenium\webdriver\common\service.py", line 72, in start
  File "subprocess.py", line 854, in __init__
  File "subprocess.py", line 1307, in _execute_child
FileNotFoundError: [WinError 2] 系统找不到指定的文件。

During handling of the above exception, another exception occurred:

Traceback (most recent call last):
  File "daitest\autotest.py", line 105, in run
  File "daitest\globals.py", line 98, in set_driver
  File "site-packages\selenium\webdriver\chrome\webdriver.py", line 73, in __init__
  File "site-packages\selenium\webdriver\common\service.py", line 81, in start
selenium.common.exceptions.WebDriverException: Message: 'chromedriver' executable needs to be in PATH. Please see https://sites.google.com/a/chromium.org/chromedriver/home

2020-08-04 20:14:58,696 [INFO]: #  From Excel import testsuite success
2020-08-04 20:15:01,495 [INFO]: #  --------------------------------------------------
2020-08-04 20:15:01,495 [INFO]: #  >>> Run the TestCase: HOME_001|打开云塑ERP
2020-08-04 20:15:01,495 [INFO]: #  Run the Step: 1|通用|OPEN|通用-首页链接
2020-08-04 20:15:05,160 [INFO]: #  --- success ---
2020-08-04 20:15:05,360 [INFO]: #  Run the Step: 2|通用|CHECK|通用-页面title
2020-08-04 20:15:05,361 [INFO]: #  DATA:'云塑 企业资源计划管理系统'
2020-08-04 20:15:05,368 [INFO]: #  REAL:'云塑 企业资源计划管理系统'
2020-08-04 20:15:05,377 [INFO]: #  --- success ---
2020-08-04 20:15:05,577 [INFO]: #  --------------------------------------------------
2020-08-04 20:15:05,577 [INFO]: #  >>> Run the TestCase: Login_001|登录
2020-08-04 20:15:05,578 [INFO]: #  Run the Step: 1|登录页面|INPUT|登录页面-账号输入框
2020-08-04 20:15:06,364 [INFO]: #  --- success ---
2020-08-04 20:15:06,567 [INFO]: #  Run the Step: 2|登录页面|INPUT|登录页面-密码输入框
2020-08-04 20:15:07,407 [INFO]: #  --- success ---
2020-08-04 20:15:07,611 [INFO]: #  Run the Step: 3|登录页面|CLICK|登录页面-确定按钮
2020-08-04 20:15:08,320 [INFO]: #  --- success ---
2020-08-04 20:15:08,522 [INFO]: #  Run the Step: 4|登录页面|CHECK|通用-页面加载校验
2020-08-04 20:15:11,133 [INFO]: #  DATA:'欢迎进入 云塑企业资源计划管理系统'
2020-08-04 20:15:11,136 [INFO]: #  REAL:'欢迎进入 云塑企业资源计划管理系统'
2020-08-04 20:15:11,139 [INFO]: #  --- success ---
2020-08-04 20:15:11,340 [INFO]: #  ==================================================
2020-08-04 20:15:11,341 [INFO]: #  ...No SETUP testcase need to run...
2020-08-04 20:15:11,342 [INFO]: #  --------------------------------------------------
2020-08-04 20:15:11,343 [INFO]: #  >>> Run the TestCase: AEQ_001|审核编辑
2020-08-04 20:15:11,345 [INFO]: #  Run the Step: 1|用例片段|EXECUTE|CQ_001
2020-08-04 20:15:11,349 [INFO]: #  >>> Run the TestCase: CQ_001|新增需求订单
2020-08-04 20:15:11,350 [INFO]: #  Run the Step: 1|滚动需求订单|CLICK|通用-左侧栏一级菜单#销售管理
2020-08-04 20:15:12,183 [INFO]: #  --- success ---
2020-08-04 20:15:12,383 [INFO]: #  Run the Step: 2|滚动需求订单|CLICK|通用-左侧栏二级菜单#需求订单
2020-08-04 20:15:14,184 [INFO]: #  --- success ---
2020-08-04 20:15:14,385 [INFO]: #  Run the Step: 3|滚动需求订单|CLICK|通用-左侧栏一级菜单#销售管理
2020-08-04 20:15:16,875 [INFO]: #  --- success ---
2020-08-04 20:15:17,077 [INFO]: #  Run the Step: 4|滚动需求订单|CLICK|滚动需求订单-tab滚动需求
2020-08-04 20:15:18,163 [INFO]: #  --- success ---
2020-08-04 20:15:18,365 [INFO]: #  Run the Step: 5|滚动需求订单|CLICK|滚动需求订单-btn新增
2020-08-04 20:15:20,981 [INFO]: #  --- success ---
2020-08-04 20:15:21,181 [INFO]: #  Run the Step: 6|滚动需求订单|CLICK|滚动需求订单-sel预交日期
2020-08-04 20:15:21,949 [INFO]: #  --- success ---
2020-08-04 20:15:22,150 [INFO]: #  Run the Step: 7|滚动需求订单|CLICK|滚动需求订单-val预交日期
2020-08-04 20:15:22,943 [INFO]: #  --- success ---
2020-08-04 20:15:23,143 [INFO]: #  Run the Step: 8|滚动需求订单|CLICK|滚动需求订单-sel客户名称
2020-08-04 20:15:23,877 [INFO]: #  --- success ---
2020-08-04 20:15:24,078 [INFO]: #  Run the Step: 9|滚动需求订单|CLICK|滚动需求订单-val客户名称-美的
2020-08-04 20:15:24,818 [INFO]: #  --- success ---
2020-08-04 20:15:25,018 [INFO]: #  Run the Step: 10|滚动需求订单|CLICK|滚动需求订单-sel订单等级
2020-08-04 20:15:25,731 [INFO]: #  --- success ---
2020-08-04 20:15:25,932 [INFO]: #  Run the Step: 11|滚动需求订单|CLICK|滚动需求订单-val订单等级-正常
2020-08-04 20:15:26,608 [INFO]: #  --- success ---
2020-08-04 20:15:26,810 [INFO]: #  Run the Step: 12|滚动需求订单|CLICK|滚动需求订单-sel业务部门
2020-08-04 20:15:27,557 [INFO]: #  --- success ---
2020-08-04 20:15:27,758 [INFO]: #  Run the Step: 13|滚动需求订单|CLICK|滚动需求订单-val业务部门-办公室
2020-08-04 20:15:28,586 [INFO]: #  --- success ---
2020-08-04 20:15:28,786 [INFO]: #  Run the Step: 14|滚动需求订单|CLICK|滚动需求订单-sel业务人员
2020-08-04 20:15:29,524 [INFO]: #  --- success ---
2020-08-04 20:15:29,725 [INFO]: #  Run the Step: 15|滚动需求订单|CLICK|滚动需求订单-val业务人员-周文杰
2020-08-04 20:15:30,587 [INFO]: #  --- success ---
2020-08-04 20:15:30,788 [INFO]: #  Run the Step: 16|滚动需求订单|CLICK|滚动需求订单-sel交货验收
2020-08-04 20:15:31,450 [INFO]: #  --- success ---
2020-08-04 20:15:31,651 [INFO]: #  Run the Step: 17|滚动需求订单|CLICK|滚动需求订单-val交货验收-否
2020-08-04 20:17:17,478 [INFO]: #  From Excel import testsuite success
2020-08-04 20:17:20,114 [INFO]: #  --------------------------------------------------
2020-08-04 20:17:20,114 [INFO]: #  >>> Run the TestCase: HOME_001|打开云塑ERP
2020-08-04 20:17:20,115 [INFO]: #  Run the Step: 1|通用|OPEN|通用-首页链接
2020-08-04 20:17:23,444 [INFO]: #  --- success ---
2020-08-04 20:17:23,646 [INFO]: #  Run the Step: 2|通用|CHECK|通用-页面title
2020-08-04 20:17:23,646 [INFO]: #  DATA:'云塑 企业资源计划管理系统'
2020-08-04 20:17:23,646 [INFO]: #  REAL:'云塑 企业资源计划管理系统'
2020-08-04 20:17:23,656 [INFO]: #  --- success ---
2020-08-04 20:17:23,868 [INFO]: #  --------------------------------------------------
2020-08-04 20:17:23,874 [INFO]: #  >>> Run the TestCase: Login_001|登录
2020-08-04 20:17:23,877 [INFO]: #  Run the Step: 1|登录页面|INPUT|登录页面-账号输入框
2020-08-04 20:17:24,688 [INFO]: #  --- success ---
2020-08-04 20:17:24,889 [INFO]: #  Run the Step: 2|登录页面|INPUT|登录页面-密码输入框
2020-08-04 20:17:25,759 [INFO]: #  --- success ---
2020-08-04 20:17:25,962 [INFO]: #  Run the Step: 3|登录页面|CLICK|登录页面-确定按钮
2020-08-04 20:17:26,608 [INFO]: #  --- success ---
2020-08-04 20:17:26,811 [INFO]: #  Run the Step: 4|登录页面|CHECK|通用-页面加载校验
2020-08-04 20:17:28,761 [INFO]: #  DATA:'欢迎进入 云塑企业资源计划管理系统'
2020-08-04 20:17:28,762 [INFO]: #  REAL:'欢迎进入 云塑企业资源计划管理系统'
2020-08-04 20:17:28,764 [INFO]: #  --- success ---
2020-08-04 20:17:28,964 [INFO]: #  ==================================================
2020-08-04 20:17:28,964 [INFO]: #  ...No SETUP testcase need to run...
2020-08-04 20:17:28,965 [INFO]: #  --------------------------------------------------
2020-08-04 20:17:28,966 [INFO]: #  >>> Run the TestCase: CQ_001|编辑
2020-08-04 20:17:28,968 [INFO]: #  Run the Step: 1|用例片段|EXECUTE|CQ_003
2020-08-04 20:17:28,971 [INFO]: #  >>> Run the TestCase: CQ_003|新增主生产计划
2020-08-04 20:17:28,972 [INFO]: #  Run the Step: 1|主生产计划|CLICK|通用-左侧栏一级菜单#计划管理
2020-08-04 20:17:29,720 [INFO]: #  --- success ---
2020-08-04 20:17:29,921 [INFO]: #  Run the Step: 2|主生产计划|CLICK|通用-左侧栏二级菜单#主生产计划
2020-08-04 20:17:31,148 [INFO]: #  --- success ---
2020-08-04 20:17:31,349 [INFO]: #  Run the Step: 3|主生产计划|CLICK|通用-左侧栏一级菜单#计划管理
2020-08-04 20:17:32,128 [INFO]: #  --- success ---
2020-08-04 20:17:32,328 [INFO]: #  Run the Step: 4|主生产计划|CLICK|主生产计划-btn新增
2020-08-04 20:17:33,393 [INFO]: #  --- success ---
2020-08-04 20:17:33,594 [INFO]: #  Run the Step: 5|主生产计划|CHECK|主生产计划-lab状态#未定义
2020-08-04 20:17:33,692 [INFO]: #  DATA:'未定义'
2020-08-04 20:17:33,693 [INFO]: #  REAL:'未定义'
2020-08-04 20:17:33,695 [INFO]: #  --- success ---
2020-08-04 20:17:33,895 [INFO]: #  Run the Step: 6|主生产计划|CLICK|主生产计划-sel计划时间范围
2020-08-04 20:17:34,685 [INFO]: #  --- success ---
2020-08-04 20:17:34,885 [INFO]: #  Run the Step: 7|主生产计划|INPUT|主生产计划-val开始时间
2020-08-04 20:17:35,663 [INFO]: #  --- success ---
2020-08-04 20:17:35,864 [INFO]: #  Run the Step: 8|主生产计划|INPUT|主生产计划-val结束时间
2020-08-04 20:17:36,737 [INFO]: #  --- success ---
2020-08-04 20:17:36,938 [INFO]: #  Run the Step: 9|主生产计划|CLICK|主生产计划-sel计划部门
2020-08-04 20:17:37,688 [INFO]: #  --- success ---
2020-08-04 20:17:37,889 [INFO]: #  Run the Step: 10|主生产计划|CLICK|主生产计划-val计划部门-办公室
2020-08-04 20:17:38,632 [INFO]: #  --- success ---
2020-08-04 20:17:38,833 [INFO]: #  Run the Step: 11|主生产计划|CLICK|主生产计划-sel计划人员
2020-08-04 20:17:39,515 [INFO]: #  --- success ---
2020-08-04 20:17:39,716 [INFO]: #  Run the Step: 12|主生产计划|CLICK|主生产计划-val计划人员-周文杰
2020-08-04 20:17:40,440 [INFO]: #  --- success ---
2020-08-04 20:17:40,640 [INFO]: #  Run the Step: 13|主生产计划|CLICK|主生产计划-btn从需求订单中选择物料
2020-08-04 20:17:41,490 [INFO]: #  --- success ---
2020-08-04 20:17:41,691 [INFO]: #  Run the Step: 14|主生产计划|CLICK|主生产计划-btn多选1
2020-08-04 20:17:52,767 [INFO]: #  --- success ---
2020-08-04 20:17:52,968 [INFO]: #  Run the Step: 15|主生产计划|CLICK|主生产计划-btn多选2
2020-08-04 20:18:04,093 [INFO]: #  --- success ---
2020-08-04 20:18:04,294 [INFO]: #  Run the Step: 16|主生产计划|CLICK|主生产计划-btn选择需求订单-确定
2020-08-04 20:18:05,242 [INFO]: #  --- success ---
2020-08-04 20:18:05,443 [INFO]: #  Run the Step: 17|主生产计划|CLICK|主生产计划-sel库存透视1
2020-08-04 20:18:06,180 [INFO]: #  --- success ---
2020-08-04 20:18:06,381 [INFO]: #  Run the Step: 18|主生产计划|CLICK|主生产计划-val库存透视1-注塑成品合格库位(合格 / 0)
2020-08-04 20:18:07,417 [INFO]: #  --- success ---
2020-08-04 20:18:07,617 [INFO]: #  Run the Step: 19|主生产计划|CLICK|主生产计划-sel库存透视1
2020-08-04 20:18:08,239 [INFO]: #  --- success ---
2020-08-04 20:18:08,440 [INFO]: #  Run the Step: 20|主生产计划|CHECK|主生产计划-val净需求量#5000.000
2020-08-04 20:18:08,521 [INFO]: #  DATA:'5000.000'
2020-08-04 20:18:08,521 [INFO]: #  REAL:'5000.000'
2020-08-04 20:18:08,522 [INFO]: #  --- success ---
2020-08-04 20:18:08,723 [INFO]: #  Run the Step: 21|主生产计划|CLICK|主生产计划-selBOM配方1
2020-08-04 20:18:09,907 [INFO]: #  --- success ---
2020-08-04 20:18:10,108 [INFO]: #  Run the Step: 22|主生产计划|CLICK|主生产计划-btnBOM配方-确定
2020-08-04 20:18:11,512 [INFO]: #  --- success ---
2020-08-04 20:18:11,712 [INFO]: #  Run the Step: 23|主生产计划|CLICK|主生产计划-sel库存透视2
2020-08-04 20:18:12,432 [INFO]: #  --- success ---
2020-08-04 20:18:12,632 [INFO]: #  Run the Step: 24|主生产计划|CLICK|主生产计划-val库存透视2-B2成品待处理库位(待处理 / 0)
2020-08-04 20:18:13,622 [INFO]: #  --- success ---
2020-08-04 20:18:13,822 [INFO]: #  Run the Step: 25|主生产计划|CHECK|主生产计划-val净需求量2#1000.000
2020-08-04 20:18:13,898 [INFO]: #  DATA:'1000.000'
2020-08-04 20:18:13,898 [INFO]: #  REAL:'1000.000'
2020-08-04 20:18:13,899 [INFO]: #  --- success ---
2020-08-04 20:18:14,100 [INFO]: #  Run the Step: 26|主生产计划|CLICK|主生产计划-selBOM配方2
2020-08-04 20:18:15,153 [INFO]: #  --- success ---
2020-08-04 20:18:15,354 [INFO]: #  Run the Step: 27|主生产计划|CLICK|主生产计划-btnBOM配方-确定
2020-08-04 20:18:16,672 [INFO]: #  --- success ---
2020-08-04 20:18:16,875 [INFO]: #  --- success ---
2020-08-04 20:18:17,078 [INFO]: #  Run the Step: 2|主生产计划|CLICK|通用-btn直接提交
2020-08-04 20:18:17,760 [INFO]: #  --- success ---
2020-08-04 20:18:17,961 [INFO]: #  Run the Step: 3|主生产计划|CLICK|通用-btn直接提交-确定
2020-08-04 20:18:18,818 [INFO]: #  --- success ---
2020-08-04 20:18:19,018 [INFO]: #  Run the Step: 4|主生产计划|CLICK|通用-btn审核
2020-08-04 20:18:20,585 [INFO]: #  --- success ---
2020-08-04 20:18:20,785 [INFO]: #  Run the Step: 5|主生产计划|CLICK|通用-sel审核-通过
2020-08-04 20:18:31,819 [INFO]: #  --- success ---
2020-08-04 20:18:32,020 [INFO]: #  Run the Step: 6|主生产计划|CLICK|通用-btn审核-确定
2020-08-04 20:18:52,880 [ERROR]: #  +++ failure +++
Traceback (most recent call last):
  File "daitest\testcase.py", line 137, in run
  File "daitest\keywords\web.py", line 178, in click
  File "site-packages\selenium\webdriver\remote\webelement.py", line 80, in click
  File "site-packages\selenium\webdriver\remote\webelement.py", line 633, in _execute
  File "site-packages\selenium\webdriver\remote\webdriver.py", line 321, in execute
  File "site-packages\selenium\webdriver\remote\errorhandler.py", line 242, in check_response
selenium.common.exceptions.ElementNotVisibleException: Message: element not interactable
  (Session info: chrome=84.0.4147.105)
  (Driver info: chromedriver=2.44.609538 (b655c5a60b0b544917107a59d4153d4bf78e1b90),platform=Windows NT 6.1.7601 SP1 x86_64)

2020-08-04 20:18:55,097 [INFO]: #  --- Quit th Driver: Chrome
2020-08-04 20:23:00,257 [INFO]: #  From Excel import testsuite success
2020-08-04 20:23:02,872 [INFO]: #  --------------------------------------------------
2020-08-04 20:23:02,874 [INFO]: #  >>> Run the TestCase: HOME_001|打开云塑ERP
2020-08-04 20:23:02,875 [INFO]: #  Run the Step: 1|通用|OPEN|通用-首页链接
2020-08-04 20:23:06,290 [INFO]: #  --- success ---
2020-08-04 20:23:06,495 [INFO]: #  Run the Step: 2|通用|CHECK|通用-页面title
2020-08-04 20:23:06,495 [INFO]: #  DATA:'云塑 企业资源计划管理系统'
2020-08-04 20:23:06,505 [INFO]: #  REAL:'云塑 企业资源计划管理系统'
2020-08-04 20:23:06,515 [INFO]: #  --- success ---
2020-08-04 20:23:06,715 [INFO]: #  --------------------------------------------------
2020-08-04 20:23:06,715 [INFO]: #  >>> Run the TestCase: Login_001|登录
2020-08-04 20:23:06,715 [INFO]: #  Run the Step: 1|登录页面|INPUT|登录页面-账号输入框
2020-08-04 20:23:07,656 [INFO]: #  --- success ---
2020-08-04 20:23:07,856 [INFO]: #  Run the Step: 2|登录页面|INPUT|登录页面-密码输入框
2020-08-04 20:23:09,201 [INFO]: #  --- success ---
2020-08-04 20:23:09,406 [INFO]: #  Run the Step: 3|登录页面|CLICK|登录页面-确定按钮
2020-08-04 20:23:10,125 [INFO]: #  --- success ---
2020-08-04 20:23:10,326 [INFO]: #  Run the Step: 4|登录页面|CHECK|通用-页面加载校验
2020-08-04 20:23:13,007 [INFO]: #  DATA:'欢迎进入 云塑企业资源计划管理系统'
2020-08-04 20:23:13,009 [INFO]: #  REAL:'欢迎进入 云塑企业资源计划管理系统'
2020-08-04 20:23:13,010 [INFO]: #  --- success ---
2020-08-04 20:23:13,211 [INFO]: #  ==================================================
2020-08-04 20:23:13,212 [INFO]: #  ...No SETUP testcase need to run...
2020-08-04 20:23:13,213 [INFO]: #  --------------------------------------------------
2020-08-04 20:23:13,214 [INFO]: #  >>> Run the TestCase: CQ_001|编辑
2020-08-04 20:23:13,216 [INFO]: #  Run the Step: 1|用例片段|EXECUTE|CQ_003
2020-08-04 20:23:13,221 [INFO]: #  >>> Run the TestCase: CQ_003|新增主生产计划
2020-08-04 20:23:13,224 [INFO]: #  Run the Step: 1|主生产计划|CLICK|通用-左侧栏一级菜单#计划管理
2020-08-04 20:23:14,558 [INFO]: #  --- success ---
2020-08-04 20:23:14,758 [INFO]: #  Run the Step: 2|主生产计划|CLICK|通用-左侧栏二级菜单#主生产计划
2020-08-04 20:23:15,996 [INFO]: #  --- success ---
2020-08-04 20:23:16,197 [INFO]: #  Run the Step: 3|主生产计划|CLICK|通用-左侧栏一级菜单#计划管理
2020-08-04 20:23:16,888 [INFO]: #  --- success ---
2020-08-04 20:23:17,088 [INFO]: #  Run the Step: 4|主生产计划|CLICK|主生产计划-btn新增
2020-08-04 20:23:18,010 [INFO]: #  --- success ---
2020-08-04 20:23:18,212 [INFO]: #  Run the Step: 5|主生产计划|CHECK|主生产计划-lab状态#未定义
2020-08-04 20:23:18,293 [INFO]: #  DATA:'未定义'
2020-08-04 20:23:18,294 [INFO]: #  REAL:'未定义'
2020-08-04 20:23:18,296 [INFO]: #  --- success ---
2020-08-04 20:23:18,496 [INFO]: #  Run the Step: 6|主生产计划|CLICK|主生产计划-sel计划时间范围
2020-08-04 20:23:19,243 [INFO]: #  --- success ---
2020-08-04 20:23:19,444 [INFO]: #  Run the Step: 7|主生产计划|INPUT|主生产计划-val开始时间
2020-08-04 20:23:20,226 [INFO]: #  --- success ---
2020-08-04 20:23:20,427 [INFO]: #  Run the Step: 8|主生产计划|INPUT|主生产计划-val结束时间
2020-08-04 20:23:21,235 [INFO]: #  --- success ---
2020-08-04 20:23:21,436 [INFO]: #  Run the Step: 9|主生产计划|CLICK|主生产计划-sel计划部门
2020-08-04 20:23:22,288 [INFO]: #  --- success ---
2020-08-04 20:23:22,489 [INFO]: #  Run the Step: 10|主生产计划|CLICK|主生产计划-val计划部门-办公室
2020-08-04 20:23:23,208 [INFO]: #  --- success ---
2020-08-04 20:23:23,408 [INFO]: #  Run the Step: 11|主生产计划|CLICK|主生产计划-sel计划人员
2020-08-04 20:23:24,076 [INFO]: #  --- success ---
2020-08-04 20:23:24,277 [INFO]: #  Run the Step: 12|主生产计划|CLICK|主生产计划-val计划人员-周文杰
2020-08-04 20:23:25,013 [INFO]: #  --- success ---
2020-08-04 20:23:25,213 [INFO]: #  Run the Step: 13|主生产计划|CLICK|主生产计划-btn从需求订单中选择物料
2020-08-04 20:23:26,059 [INFO]: #  --- success ---
2020-08-04 20:23:26,259 [INFO]: #  Run the Step: 14|主生产计划|CLICK|主生产计划-btn多选1
2020-08-04 20:23:37,381 [INFO]: #  --- success ---
2020-08-04 20:23:37,582 [INFO]: #  Run the Step: 15|主生产计划|CLICK|主生产计划-btn多选2
2020-08-04 20:23:48,320 [INFO]: #  --- success ---
2020-08-04 20:23:48,521 [INFO]: #  Run the Step: 16|主生产计划|CLICK|主生产计划-btn选择需求订单-确定
2020-08-04 20:23:49,487 [INFO]: #  --- success ---
2020-08-04 20:23:49,687 [INFO]: #  Run the Step: 17|主生产计划|CLICK|主生产计划-sel库存透视1
2020-08-04 20:23:50,442 [INFO]: #  --- success ---
2020-08-04 20:23:50,642 [INFO]: #  Run the Step: 18|主生产计划|CLICK|主生产计划-val库存透视1-注塑成品合格库位(合格 / 0)
2020-08-04 20:23:51,746 [INFO]: #  --- success ---
2020-08-04 20:23:51,947 [INFO]: #  Run the Step: 19|主生产计划|CLICK|主生产计划-sel库存透视1
2020-08-04 20:23:52,589 [INFO]: #  --- success ---
2020-08-04 20:23:52,789 [INFO]: #  Run the Step: 20|主生产计划|CHECK|主生产计划-val净需求量#5000.000
2020-08-04 20:23:52,871 [INFO]: #  DATA:'5000.000'
2020-08-04 20:23:52,872 [INFO]: #  REAL:'5000.000'
2020-08-04 20:23:52,873 [INFO]: #  --- success ---
2020-08-04 20:23:53,073 [INFO]: #  Run the Step: 21|主生产计划|CLICK|主生产计划-selBOM配方1
2020-08-04 20:23:54,252 [INFO]: #  --- success ---
2020-08-04 20:23:54,453 [INFO]: #  Run the Step: 22|主生产计划|CLICK|主生产计划-btnBOM配方-确定
2020-08-04 20:23:55,872 [INFO]: #  --- success ---
2020-08-04 20:23:56,072 [INFO]: #  Run the Step: 23|主生产计划|CLICK|主生产计划-sel库存透视2
2020-08-04 20:23:56,821 [INFO]: #  --- success ---
2020-08-04 20:23:57,022 [INFO]: #  Run the Step: 24|主生产计划|CLICK|主生产计划-val库存透视2-B2成品待处理库位(待处理 / 0)
2020-08-04 20:23:58,033 [INFO]: #  --- success ---
2020-08-04 20:23:58,234 [INFO]: #  Run the Step: 25|主生产计划|CHECK|主生产计划-val净需求量2#1000.000
2020-08-04 20:23:58,326 [INFO]: #  DATA:'1000.000'
2020-08-04 20:23:58,327 [INFO]: #  REAL:'1000.000'
2020-08-04 20:23:58,327 [INFO]: #  --- success ---
2020-08-04 20:23:58,528 [INFO]: #  Run the Step: 26|主生产计划|CLICK|主生产计划-selBOM配方2
2020-08-04 20:23:59,651 [INFO]: #  --- success ---
2020-08-04 20:23:59,854 [INFO]: #  Run the Step: 27|主生产计划|CLICK|主生产计划-btnBOM配方-确定
2020-08-04 20:24:01,261 [INFO]: #  --- success ---
2020-08-04 20:24:01,461 [INFO]: #  --- success ---
2020-08-04 20:24:01,662 [INFO]: #  Run the Step: 2|主生产计划|CLICK|通用-btn直接提交
2020-08-04 20:24:02,328 [INFO]: #  --- success ---
2020-08-04 20:24:02,530 [INFO]: #  Run the Step: 3|主生产计划|CLICK|通用-btn直接提交-确定
2020-08-04 20:24:03,391 [INFO]: #  --- success ---
2020-08-04 20:24:03,596 [INFO]: #  Run the Step: 4|主生产计划|CLICK|通用-btn审核
2020-08-04 20:24:05,102 [INFO]: #  --- success ---
2020-08-04 20:24:05,302 [INFO]: #  Run the Step: 5|主生产计划|CLICK|通用-sel审核-通过
2020-08-04 20:24:16,330 [INFO]: #  --- success ---
2020-08-04 20:24:16,530 [INFO]: #  Run the Step: 6|主生产计划|CLICK|通用-btn审核-确定
2020-08-04 20:24:37,411 [ERROR]: #  +++ failure +++
Traceback (most recent call last):
  File "daitest\testcase.py", line 137, in run
  File "daitest\keywords\web.py", line 178, in click
  File "site-packages\selenium\webdriver\remote\webelement.py", line 80, in click
  File "site-packages\selenium\webdriver\remote\webelement.py", line 633, in _execute
  File "site-packages\selenium\webdriver\remote\webdriver.py", line 321, in execute
  File "site-packages\selenium\webdriver\remote\errorhandler.py", line 242, in check_response
selenium.common.exceptions.ElementNotVisibleException: Message: element not interactable
  (Session info: chrome=84.0.4147.105)
  (Driver info: chromedriver=2.44.609538 (b655c5a60b0b544917107a59d4153d4bf78e1b90),platform=Windows NT 6.1.7601 SP1 x86_64)

2020-08-04 20:24:39,644 [INFO]: #  --- Quit th Driver: Chrome
2020-08-04 20:25:46,260 [INFO]: #  From Excel import testsuite success
2020-08-04 20:25:49,383 [INFO]: #  --------------------------------------------------
2020-08-04 20:25:49,383 [INFO]: #  >>> Run the TestCase: HOME_001|打开云塑ERP
2020-08-04 20:25:49,383 [INFO]: #  Run the Step: 1|通用|OPEN|通用-首页链接
2020-08-04 20:25:53,037 [INFO]: #  --- success ---
2020-08-04 20:25:53,237 [INFO]: #  Run the Step: 2|通用|CHECK|通用-页面title
2020-08-04 20:25:53,239 [INFO]: #  DATA:'云塑 企业资源计划管理系统'
2020-08-04 20:25:53,247 [INFO]: #  REAL:'云塑 企业资源计划管理系统'
2020-08-04 20:25:53,262 [INFO]: #  --- success ---
2020-08-04 20:25:53,466 [INFO]: #  --------------------------------------------------
2020-08-04 20:25:53,466 [INFO]: #  >>> Run the TestCase: Login_001|登录
2020-08-04 20:25:53,466 [INFO]: #  Run the Step: 1|登录页面|INPUT|登录页面-账号输入框
2020-08-04 20:25:54,246 [INFO]: #  --- success ---
2020-08-04 20:25:54,454 [INFO]: #  Run the Step: 2|登录页面|INPUT|登录页面-密码输入框
2020-08-04 20:25:55,333 [INFO]: #  --- success ---
2020-08-04 20:25:55,533 [INFO]: #  Run the Step: 3|登录页面|CLICK|登录页面-确定按钮
2020-08-04 20:25:56,265 [INFO]: #  --- success ---
2020-08-04 20:25:56,465 [INFO]: #  Run the Step: 4|登录页面|CHECK|通用-页面加载校验
2020-08-04 20:25:58,326 [INFO]: #  DATA:'欢迎进入 云塑企业资源计划管理系统'
2020-08-04 20:25:58,328 [INFO]: #  REAL:'欢迎进入 云塑企业资源计划管理系统'
2020-08-04 20:25:58,330 [INFO]: #  --- success ---
2020-08-04 20:25:58,532 [INFO]: #  ==================================================
2020-08-04 20:25:58,534 [INFO]: #  ...No SETUP testcase need to run...
2020-08-04 20:25:58,538 [INFO]: #  --------------------------------------------------
2020-08-04 20:25:58,543 [INFO]: #  >>> Run the TestCase: CQ_001|编辑
2020-08-04 20:25:58,548 [INFO]: #  Run the Step: 1|用例片段|EXECUTE|CQ_003
2020-08-04 20:25:58,562 [INFO]: #  >>> Run the TestCase: CQ_003|新增主生产计划
2020-08-04 20:25:58,565 [INFO]: #  Run the Step: 1|主生产计划|CLICK|通用-左侧栏一级菜单#计划管理
2020-08-04 20:25:59,437 [INFO]: #  --- success ---
2020-08-04 20:25:59,637 [INFO]: #  Run the Step: 2|主生产计划|CLICK|通用-左侧栏二级菜单#主生产计划
2020-08-04 20:26:01,060 [INFO]: #  --- success ---
2020-08-04 20:26:01,261 [INFO]: #  Run the Step: 3|主生产计划|CLICK|通用-左侧栏一级菜单#计划管理
2020-08-04 20:26:02,065 [INFO]: #  --- success ---
2020-08-04 20:26:02,266 [INFO]: #  Run the Step: 4|主生产计划|CLICK|主生产计划-btn新增
2020-08-04 20:26:03,332 [INFO]: #  --- success ---
2020-08-04 20:26:03,533 [INFO]: #  Run the Step: 5|主生产计划|CHECK|主生产计划-lab状态#未定义
2020-08-04 20:26:03,606 [INFO]: #  DATA:'未定义'
2020-08-04 20:26:03,608 [INFO]: #  REAL:'未定义'
2020-08-04 20:26:03,609 [INFO]: #  --- success ---
2020-08-04 20:26:03,810 [INFO]: #  Run the Step: 6|主生产计划|CLICK|主生产计划-sel计划时间范围
2020-08-04 20:26:04,551 [INFO]: #  --- success ---
2020-08-04 20:26:04,751 [INFO]: #  Run the Step: 7|主生产计划|INPUT|主生产计划-val开始时间
2020-08-04 20:26:05,535 [INFO]: #  --- success ---
2020-08-04 20:26:05,737 [INFO]: #  Run the Step: 8|主生产计划|INPUT|主生产计划-val结束时间
2020-08-04 20:26:06,603 [INFO]: #  --- success ---
2020-08-04 20:26:06,804 [INFO]: #  Run the Step: 9|主生产计划|CLICK|主生产计划-sel计划部门
2020-08-04 20:26:07,525 [INFO]: #  --- success ---
2020-08-04 20:26:07,726 [INFO]: #  Run the Step: 10|主生产计划|CLICK|主生产计划-val计划部门-办公室
2020-08-04 20:26:08,442 [INFO]: #  --- success ---
2020-08-04 20:26:08,643 [INFO]: #  Run the Step: 11|主生产计划|CLICK|主生产计划-sel计划人员
2020-08-04 20:26:09,335 [INFO]: #  --- success ---
2020-08-04 20:26:09,535 [INFO]: #  Run the Step: 12|主生产计划|CLICK|主生产计划-val计划人员-周文杰
2020-08-04 20:26:10,245 [INFO]: #  --- success ---
2020-08-04 20:26:10,445 [INFO]: #  Run the Step: 13|主生产计划|CLICK|主生产计划-btn从需求订单中选择物料
2020-08-04 20:26:11,304 [INFO]: #  --- success ---
2020-08-04 20:26:11,505 [INFO]: #  Run the Step: 14|主生产计划|CLICK|主生产计划-btn多选1
2020-08-04 20:26:22,592 [INFO]: #  --- success ---
2020-08-04 20:26:22,792 [INFO]: #  Run the Step: 15|主生产计划|CLICK|主生产计划-btn多选2
2020-08-04 20:26:33,899 [INFO]: #  --- success ---
2020-08-04 20:26:34,099 [INFO]: #  Run the Step: 16|主生产计划|CLICK|主生产计划-btn选择需求订单-确定
2020-08-04 20:26:35,078 [INFO]: #  --- success ---
2020-08-04 20:26:35,279 [INFO]: #  Run the Step: 17|主生产计划|CLICK|主生产计划-sel库存透视1
2020-08-04 20:26:36,018 [INFO]: #  --- success ---
2020-08-04 20:26:36,219 [INFO]: #  Run the Step: 18|主生产计划|CLICK|主生产计划-val库存透视1-注塑成品合格库位(合格 / 0)
2020-08-04 20:26:37,266 [INFO]: #  --- success ---
2020-08-04 20:26:37,467 [INFO]: #  Run the Step: 19|主生产计划|CLICK|主生产计划-sel库存透视1
2020-08-04 20:26:38,093 [INFO]: #  --- success ---
2020-08-04 20:26:38,294 [INFO]: #  Run the Step: 20|主生产计划|CHECK|主生产计划-val净需求量#5000.000
2020-08-04 20:26:38,376 [INFO]: #  DATA:'5000.000'
2020-08-04 20:26:38,377 [INFO]: #  REAL:'5000.000'
2020-08-04 20:26:38,378 [INFO]: #  --- success ---
2020-08-04 20:26:38,578 [INFO]: #  Run the Step: 21|主生产计划|CLICK|主生产计划-selBOM配方1
2020-08-04 20:26:39,714 [INFO]: #  --- success ---
2020-08-04 20:26:39,914 [INFO]: #  Run the Step: 22|主生产计划|CLICK|主生产计划-btnBOM配方-确定
2020-08-04 20:26:41,245 [INFO]: #  --- success ---
2020-08-04 20:26:41,447 [INFO]: #  Run the Step: 23|主生产计划|CLICK|主生产计划-sel库存透视2
2020-08-04 20:26:42,181 [INFO]: #  --- success ---
2020-08-04 20:26:42,382 [INFO]: #  Run the Step: 24|主生产计划|CLICK|主生产计划-val库存透视2-B2成品待处理库位(待处理 / 0)
2020-08-04 20:26:43,361 [INFO]: #  --- success ---
2020-08-04 20:26:43,565 [INFO]: #  Run the Step: 25|主生产计划|CHECK|主生产计划-val净需求量2#1000.000
2020-08-04 20:26:43,635 [INFO]: #  DATA:'1000.000'
2020-08-04 20:26:43,636 [INFO]: #  REAL:'1000.000'
2020-08-04 20:26:43,637 [INFO]: #  --- success ---
2020-08-04 20:26:43,837 [INFO]: #  Run the Step: 26|主生产计划|CLICK|主生产计划-selBOM配方2
2020-08-04 20:26:44,923 [INFO]: #  --- success ---
2020-08-04 20:26:45,125 [INFO]: #  Run the Step: 27|主生产计划|CLICK|主生产计划-btnBOM配方-确定
2020-08-04 20:26:46,371 [INFO]: #  --- success ---
2020-08-04 20:26:46,571 [INFO]: #  --- success ---
2020-08-04 20:26:46,772 [INFO]: #  Run the Step: 2|主生产计划|CLICK|通用-btn直接提交
2020-08-04 20:26:47,446 [INFO]: #  --- success ---
2020-08-04 20:26:47,646 [INFO]: #  Run the Step: 3|主生产计划|CLICK|通用-btn直接提交-确定
2020-08-04 20:26:48,548 [INFO]: #  --- success ---
2020-08-04 20:26:48,749 [INFO]: #  Run the Step: 4|主生产计划|CLICK|通用-btn审核
2020-08-04 20:26:50,216 [INFO]: #  --- success ---
2020-08-04 20:26:50,418 [INFO]: #  Run the Step: 5|主生产计划|CLICK|通用-btn审核-确定
2020-08-04 20:27:11,315 [ERROR]: #  +++ failure +++
Traceback (most recent call last):
  File "daitest\testcase.py", line 137, in run
  File "daitest\keywords\web.py", line 178, in click
  File "site-packages\selenium\webdriver\remote\webelement.py", line 80, in click
  File "site-packages\selenium\webdriver\remote\webelement.py", line 633, in _execute
  File "site-packages\selenium\webdriver\remote\webdriver.py", line 321, in execute
  File "site-packages\selenium\webdriver\remote\errorhandler.py", line 242, in check_response
selenium.common.exceptions.ElementNotVisibleException: Message: element not interactable
  (Session info: chrome=84.0.4147.105)
  (Driver info: chromedriver=2.44.609538 (b655c5a60b0b544917107a59d4153d4bf78e1b90),platform=Windows NT 6.1.7601 SP1 x86_64)

2020-08-04 20:27:13,635 [INFO]: #  --- Quit th Driver: Chrome
2020-08-04 20:29:17,616 [INFO]: #  From Excel import testsuite success
2020-08-04 20:29:20,319 [INFO]: #  --------------------------------------------------
2020-08-04 20:29:20,319 [INFO]: #  >>> Run the TestCase: HOME_001|打开云塑ERP
2020-08-04 20:29:20,320 [INFO]: #  Run the Step: 1|通用|OPEN|通用-首页链接
2020-08-04 20:29:23,068 [INFO]: #  --- success ---
2020-08-04 20:29:23,268 [INFO]: #  Run the Step: 2|通用|CHECK|通用-页面title
2020-08-04 20:29:23,273 [INFO]: #  DATA:'云塑 企业资源计划管理系统'
2020-08-04 20:29:23,287 [INFO]: #  REAL:'云塑 企业资源计划管理系统'
2020-08-04 20:29:23,304 [INFO]: #  --- success ---
2020-08-04 20:29:23,513 [INFO]: #  --------------------------------------------------
2020-08-04 20:29:23,513 [INFO]: #  >>> Run the TestCase: Login_001|登录
2020-08-04 20:29:23,513 [INFO]: #  Run the Step: 1|登录页面|INPUT|登录页面-账号输入框
2020-08-04 20:29:24,362 [INFO]: #  --- success ---
2020-08-04 20:29:24,563 [INFO]: #  Run the Step: 2|登录页面|INPUT|登录页面-密码输入框
2020-08-04 20:29:26,240 [INFO]: #  --- success ---
2020-08-04 20:29:26,444 [INFO]: #  Run the Step: 3|登录页面|CLICK|登录页面-确定按钮
2020-08-04 20:29:27,184 [INFO]: #  --- success ---
2020-08-04 20:29:27,384 [INFO]: #  Run the Step: 4|登录页面|CHECK|通用-页面加载校验
2020-08-04 20:29:29,369 [INFO]: #  DATA:'欢迎进入 云塑企业资源计划管理系统'
2020-08-04 20:29:29,372 [INFO]: #  REAL:'欢迎进入 云塑企业资源计划管理系统'
2020-08-04 20:29:29,375 [INFO]: #  --- success ---
2020-08-04 20:29:29,576 [INFO]: #  ==================================================
2020-08-04 20:29:29,576 [INFO]: #  ...No SETUP testcase need to run...
2020-08-04 20:29:29,577 [INFO]: #  --------------------------------------------------
2020-08-04 20:29:29,578 [INFO]: #  >>> Run the TestCase: CQ_001|编辑
2020-08-04 20:29:29,579 [INFO]: #  Run the Step: 1|用例片段|EXECUTE|CQ_003
2020-08-04 20:29:29,583 [INFO]: #  >>> Run the TestCase: CQ_003|新增主生产计划
2020-08-04 20:29:29,584 [INFO]: #  Run the Step: 1|主生产计划|CLICK|通用-左侧栏一级菜单#计划管理
2020-08-04 20:29:30,302 [INFO]: #  --- success ---
2020-08-04 20:29:30,502 [INFO]: #  Run the Step: 2|主生产计划|CLICK|通用-左侧栏二级菜单#主生产计划
2020-08-04 20:29:31,602 [INFO]: #  --- success ---
2020-08-04 20:29:31,802 [INFO]: #  Run the Step: 3|主生产计划|CLICK|通用-左侧栏一级菜单#计划管理
2020-08-04 20:29:32,489 [INFO]: #  --- success ---
2020-08-04 20:29:32,691 [INFO]: #  Run the Step: 4|主生产计划|CLICK|主生产计划-btn新增
2020-08-04 20:29:33,616 [INFO]: #  --- success ---
2020-08-04 20:29:33,817 [INFO]: #  Run the Step: 5|主生产计划|CHECK|主生产计划-lab状态#未定义
2020-08-04 20:29:33,884 [INFO]: #  DATA:'未定义'
2020-08-04 20:29:33,884 [INFO]: #  REAL:'未定义'
2020-08-04 20:29:33,885 [INFO]: #  --- success ---
2020-08-04 20:29:34,086 [INFO]: #  Run the Step: 6|主生产计划|CLICK|主生产计划-sel计划时间范围
2020-08-04 20:29:34,834 [INFO]: #  --- success ---
2020-08-04 20:29:35,034 [INFO]: #  Run the Step: 7|主生产计划|INPUT|主生产计划-val开始时间
2020-08-04 20:29:35,823 [INFO]: #  --- success ---
2020-08-04 20:29:36,024 [INFO]: #  Run the Step: 8|主生产计划|INPUT|主生产计划-val结束时间
2020-08-04 20:29:36,868 [INFO]: #  --- success ---
2020-08-04 20:29:37,069 [INFO]: #  Run the Step: 9|主生产计划|CLICK|主生产计划-sel计划部门
2020-08-04 20:29:37,829 [INFO]: #  --- success ---
2020-08-04 20:29:38,030 [INFO]: #  Run the Step: 10|主生产计划|CLICK|主生产计划-val计划部门-办公室
2020-08-04 20:29:38,744 [INFO]: #  --- success ---
2020-08-04 20:29:38,945 [INFO]: #  Run the Step: 11|主生产计划|CLICK|主生产计划-sel计划人员
2020-08-04 20:29:39,651 [INFO]: #  --- success ---
2020-08-04 20:29:39,852 [INFO]: #  Run the Step: 12|主生产计划|CLICK|主生产计划-val计划人员-周文杰
2020-08-04 20:29:40,566 [INFO]: #  --- success ---
2020-08-04 20:29:40,767 [INFO]: #  Run the Step: 13|主生产计划|CLICK|主生产计划-btn从需求订单中选择物料
2020-08-04 20:29:41,641 [INFO]: #  --- success ---
2020-08-04 20:29:41,841 [INFO]: #  Run the Step: 14|主生产计划|CLICK|主生产计划-btn多选1
2020-08-04 20:29:52,897 [INFO]: #  --- success ---
2020-08-04 20:29:53,097 [INFO]: #  Run the Step: 15|主生产计划|CLICK|主生产计划-btn多选2
2020-08-04 20:30:03,757 [INFO]: #  --- success ---
2020-08-04 20:30:03,957 [INFO]: #  Run the Step: 16|主生产计划|CLICK|主生产计划-btn选择需求订单-确定
2020-08-04 20:30:04,944 [INFO]: #  --- success ---
2020-08-04 20:30:05,144 [INFO]: #  Run the Step: 17|主生产计划|CLICK|主生产计划-sel库存透视1
2020-08-04 20:30:05,894 [INFO]: #  --- success ---
2020-08-04 20:30:06,094 [INFO]: #  Run the Step: 18|主生产计划|CLICK|主生产计划-val库存透视1-注塑成品合格库位(合格 / 0)
2020-08-04 20:30:07,163 [INFO]: #  --- success ---
2020-08-04 20:30:07,379 [INFO]: #  Run the Step: 19|主生产计划|CLICK|主生产计划-sel库存透视1
2020-08-04 20:30:08,097 [INFO]: #  --- success ---
2020-08-04 20:30:08,297 [INFO]: #  Run the Step: 20|主生产计划|CHECK|主生产计划-val净需求量#5000.000
2020-08-04 20:30:08,380 [INFO]: #  DATA:'5000.000'
2020-08-04 20:30:08,381 [INFO]: #  REAL:'5000.000'
2020-08-04 20:30:08,382 [INFO]: #  --- success ---
2020-08-04 20:30:08,582 [INFO]: #  Run the Step: 21|主生产计划|CLICK|主生产计划-selBOM配方1
2020-08-04 20:30:09,769 [INFO]: #  --- success ---
2020-08-04 20:30:09,971 [INFO]: #  Run the Step: 22|主生产计划|CLICK|主生产计划-btnBOM配方-确定
2020-08-04 20:30:11,397 [INFO]: #  --- success ---
2020-08-04 20:30:11,598 [INFO]: #  Run the Step: 23|主生产计划|CLICK|主生产计划-sel库存透视2
2020-08-04 20:30:12,353 [INFO]: #  --- success ---
2020-08-04 20:30:12,553 [INFO]: #  Run the Step: 24|主生产计划|CLICK|主生产计划-val库存透视2-B2成品待处理库位(待处理 / 0)
2020-08-04 20:30:13,580 [INFO]: #  --- success ---
2020-08-04 20:30:13,781 [INFO]: #  Run the Step: 25|主生产计划|CHECK|主生产计划-val净需求量2#1000.000
2020-08-04 20:30:13,860 [INFO]: #  DATA:'1000.000'
2020-08-04 20:30:13,860 [INFO]: #  REAL:'1000.000'
2020-08-04 20:30:13,861 [INFO]: #  --- success ---
2020-08-04 20:30:14,062 [INFO]: #  Run the Step: 26|主生产计划|CLICK|主生产计划-selBOM配方2
2020-08-04 20:30:15,257 [INFO]: #  --- success ---
2020-08-04 20:30:15,460 [INFO]: #  Run the Step: 27|主生产计划|CLICK|主生产计划-btnBOM配方-确定
2020-08-04 20:30:16,581 [INFO]: #  --- success ---
2020-08-04 20:30:16,781 [INFO]: #  --- success ---
2020-08-04 20:30:16,981 [INFO]: #  Run the Step: 2|主生产计划|CLICK|通用-btn直接提交
2020-08-04 20:30:17,650 [INFO]: #  --- success ---
2020-08-04 20:30:17,851 [INFO]: #  Run the Step: 3|主生产计划|CLICK|通用-btn直接提交-确定
2020-08-04 20:30:18,704 [INFO]: #  --- success ---
2020-08-04 20:30:18,906 [INFO]: #  Run the Step: 4|主生产计划|CLICK|通用-btn审核
2020-08-04 20:30:20,571 [INFO]: #  --- success ---
2020-08-04 20:30:20,772 [INFO]: #  Run the Step: 5|主生产计划|CLICK|通用-btn审核-确定
2020-08-04 20:30:41,745 [ERROR]: #  +++ failure +++
Traceback (most recent call last):
  File "daitest\testcase.py", line 137, in run
  File "daitest\keywords\web.py", line 178, in click
  File "site-packages\selenium\webdriver\remote\webelement.py", line 80, in click
  File "site-packages\selenium\webdriver\remote\webelement.py", line 633, in _execute
  File "site-packages\selenium\webdriver\remote\webdriver.py", line 321, in execute
  File "site-packages\selenium\webdriver\remote\errorhandler.py", line 242, in check_response
selenium.common.exceptions.ElementNotVisibleException: Message: element not interactable
  (Session info: chrome=84.0.4147.105)
  (Driver info: chromedriver=2.44.609538 (b655c5a60b0b544917107a59d4153d4bf78e1b90),platform=Windows NT 6.1.7601 SP1 x86_64)

2020-08-04 20:30:43,969 [INFO]: #  --- Quit th Driver: Chrome
2020-08-04 20:33:25,335 [INFO]: #  From Excel import testsuite success
2020-08-04 20:33:27,890 [INFO]: #  --------------------------------------------------
2020-08-04 20:33:27,900 [INFO]: #  >>> Run the TestCase: HOME_001|打开云塑ERP
2020-08-04 20:33:27,900 [INFO]: #  Run the Step: 1|通用|OPEN|通用-首页链接
2020-08-04 20:33:30,949 [INFO]: #  --- success ---
2020-08-04 20:33:31,151 [INFO]: #  Run the Step: 2|通用|CHECK|通用-页面title
2020-08-04 20:33:31,151 [INFO]: #  DATA:'云塑 企业资源计划管理系统'
2020-08-04 20:33:31,151 [INFO]: #  REAL:'云塑 企业资源计划管理系统'
2020-08-04 20:33:31,161 [INFO]: #  --- success ---
2020-08-04 20:33:31,364 [INFO]: #  --------------------------------------------------
2020-08-04 20:33:31,364 [INFO]: #  >>> Run the TestCase: Login_001|登录
2020-08-04 20:33:31,364 [INFO]: #  Run the Step: 1|登录页面|INPUT|登录页面-账号输入框
2020-08-04 20:33:32,170 [INFO]: #  --- success ---
2020-08-04 20:33:32,379 [INFO]: #  Run the Step: 2|登录页面|INPUT|登录页面-密码输入框
2020-08-04 20:33:33,219 [INFO]: #  --- success ---
2020-08-04 20:33:33,425 [INFO]: #  Run the Step: 3|登录页面|CLICK|登录页面-确定按钮
2020-08-04 20:33:34,096 [INFO]: #  --- success ---
2020-08-04 20:33:34,297 [INFO]: #  Run the Step: 4|登录页面|CHECK|通用-页面加载校验
2020-08-04 20:33:36,706 [INFO]: #  DATA:'欢迎进入 云塑企业资源计划管理系统'
2020-08-04 20:33:36,710 [INFO]: #  REAL:'欢迎进入 云塑企业资源计划管理系统'
2020-08-04 20:33:36,712 [INFO]: #  --- success ---
2020-08-04 20:33:36,914 [INFO]: #  ==================================================
2020-08-04 20:33:36,915 [INFO]: #  ...No SETUP testcase need to run...
2020-08-04 20:33:36,916 [INFO]: #  --------------------------------------------------
2020-08-04 20:33:36,917 [INFO]: #  >>> Run the TestCase: CQ_001|编辑
2020-08-04 20:33:36,919 [INFO]: #  Run the Step: 1|用例片段|EXECUTE|CQ_003
2020-08-04 20:33:36,924 [INFO]: #  >>> Run the TestCase: CQ_003|新增主生产计划
2020-08-04 20:33:36,925 [INFO]: #  Run the Step: 1|主生产计划|CLICK|通用-左侧栏一级菜单#计划管理
2020-08-04 20:33:37,736 [INFO]: #  --- success ---
2020-08-04 20:33:37,936 [INFO]: #  Run the Step: 2|主生产计划|CLICK|通用-左侧栏二级菜单#主生产计划
2020-08-04 20:33:39,035 [INFO]: #  --- success ---
2020-08-04 20:33:39,235 [INFO]: #  Run the Step: 3|主生产计划|CLICK|通用-左侧栏一级菜单#计划管理
2020-08-04 20:33:39,923 [INFO]: #  --- success ---
2020-08-04 20:33:40,124 [INFO]: #  Run the Step: 4|主生产计划|CLICK|主生产计划-btn新增
2020-08-04 20:33:41,053 [INFO]: #  --- success ---
2020-08-04 20:33:41,254 [INFO]: #  Run the Step: 5|主生产计划|CHECK|主生产计划-lab状态#未定义
2020-08-04 20:33:41,322 [INFO]: #  DATA:'未定义'
2020-08-04 20:33:41,323 [INFO]: #  REAL:'未定义'
2020-08-04 20:33:41,325 [INFO]: #  --- success ---
2020-08-04 20:33:41,525 [INFO]: #  Run the Step: 6|主生产计划|CLICK|主生产计划-sel计划时间范围
2020-08-04 20:33:42,255 [INFO]: #  --- success ---
2020-08-04 20:33:42,455 [INFO]: #  Run the Step: 7|主生产计划|INPUT|主生产计划-val开始时间
2020-08-04 20:33:43,270 [INFO]: #  --- success ---
2020-08-04 20:33:43,470 [INFO]: #  Run the Step: 8|主生产计划|INPUT|主生产计划-val结束时间
2020-08-04 20:33:44,291 [INFO]: #  --- success ---
2020-08-04 20:33:44,492 [INFO]: #  Run the Step: 9|主生产计划|CLICK|主生产计划-sel计划部门
2020-08-04 20:33:45,277 [INFO]: #  --- success ---
2020-08-04 20:33:45,477 [INFO]: #  Run the Step: 10|主生产计划|CLICK|主生产计划-val计划部门-办公室
2020-08-04 20:33:46,191 [INFO]: #  --- success ---
2020-08-04 20:33:46,391 [INFO]: #  Run the Step: 11|主生产计划|CLICK|主生产计划-sel计划人员
2020-08-04 20:33:47,061 [INFO]: #  --- success ---
2020-08-04 20:33:47,262 [INFO]: #  Run the Step: 12|主生产计划|CLICK|主生产计划-val计划人员-周文杰
2020-08-04 20:33:47,983 [INFO]: #  --- success ---
2020-08-04 20:33:48,183 [INFO]: #  Run the Step: 13|主生产计划|CLICK|主生产计划-btn从需求订单中选择物料
2020-08-04 20:33:49,063 [INFO]: #  --- success ---
2020-08-04 20:33:49,264 [INFO]: #  Run the Step: 14|主生产计划|CLICK|主生产计划-btn多选1
2020-08-04 20:34:00,350 [INFO]: #  --- success ---
2020-08-04 20:34:00,551 [INFO]: #  Run the Step: 15|主生产计划|CLICK|主生产计划-btn多选2
2020-08-04 20:34:11,697 [INFO]: #  --- success ---
2020-08-04 20:34:11,898 [INFO]: #  Run the Step: 16|主生产计划|CLICK|主生产计划-btn选择需求订单-确定
2020-08-04 20:34:12,893 [INFO]: #  --- success ---
2020-08-04 20:34:13,093 [INFO]: #  Run the Step: 17|主生产计划|CLICK|主生产计划-sel库存透视1
2020-08-04 20:34:13,846 [INFO]: #  --- success ---
2020-08-04 20:34:14,046 [INFO]: #  Run the Step: 18|主生产计划|CLICK|主生产计划-val库存透视1-注塑成品合格库位(合格 / 0)
2020-08-04 20:34:15,077 [INFO]: #  --- success ---
2020-08-04 20:34:15,290 [INFO]: #  Run the Step: 19|主生产计划|CLICK|主生产计划-sel库存透视1
2020-08-04 20:34:16,043 [INFO]: #  --- success ---
2020-08-04 20:34:16,244 [INFO]: #  Run the Step: 20|主生产计划|CHECK|主生产计划-val净需求量#5000.000
2020-08-04 20:34:16,331 [INFO]: #  DATA:'5000.000'
2020-08-04 20:34:16,332 [INFO]: #  REAL:'5000.000'
2020-08-04 20:34:16,332 [INFO]: #  --- success ---
2020-08-04 20:34:16,533 [INFO]: #  Run the Step: 21|主生产计划|CLICK|主生产计划-selBOM配方1
2020-08-04 20:34:17,699 [INFO]: #  --- success ---
2020-08-04 20:34:17,904 [INFO]: #  Run the Step: 22|主生产计划|CLICK|主生产计划-btnBOM配方-确定
2020-08-04 20:34:19,342 [INFO]: #  --- success ---
2020-08-04 20:34:19,547 [INFO]: #  Run the Step: 23|主生产计划|CLICK|主生产计划-sel库存透视2
2020-08-04 20:34:20,290 [INFO]: #  --- success ---
2020-08-04 20:34:20,490 [INFO]: #  Run the Step: 24|主生产计划|CLICK|主生产计划-val库存透视2-B2成品待处理库位(待处理 / 0)
2020-08-04 20:34:21,513 [INFO]: #  --- success ---
2020-08-04 20:34:21,713 [INFO]: #  Run the Step: 25|主生产计划|CHECK|主生产计划-val净需求量2#1000.000
2020-08-04 20:34:21,804 [INFO]: #  DATA:'1000.000'
2020-08-04 20:34:21,805 [INFO]: #  REAL:'1000.000'
2020-08-04 20:34:21,806 [INFO]: #  --- success ---
2020-08-04 20:34:22,007 [INFO]: #  Run the Step: 26|主生产计划|CLICK|主生产计划-selBOM配方2
2020-08-04 20:34:23,124 [INFO]: #  --- success ---
2020-08-04 20:34:23,325 [INFO]: #  Run the Step: 27|主生产计划|CLICK|主生产计划-btnBOM配方-确定
2020-08-04 20:34:24,476 [INFO]: #  --- success ---
2020-08-04 20:34:24,677 [INFO]: #  --- success ---
2020-08-04 20:34:24,877 [INFO]: #  Run the Step: 2|主生产计划|CLICK|通用-btn直接提交
2020-08-04 20:34:25,564 [INFO]: #  --- success ---
2020-08-04 20:34:25,765 [INFO]: #  Run the Step: 3|主生产计划|CLICK|通用-btn直接提交-确定
2020-08-04 20:34:26,645 [INFO]: #  --- success ---
2020-08-04 20:34:26,846 [INFO]: #  Run the Step: 4|主生产计划|CHECK|主生产计划-lab状态#已提交
2020-08-04 20:34:27,619 [INFO]: #  DATA:'已提交'
2020-08-04 20:34:27,620 [INFO]: #  REAL:'已提交'
2020-08-04 20:34:27,621 [INFO]: #  --- success ---
2020-08-04 20:34:27,821 [INFO]: #  Run the Step: 5|主生产计划|CLICK|通用-btn审核
2020-08-04 20:34:28,648 [INFO]: #  --- success ---
2020-08-04 20:34:28,848 [INFO]: #  Run the Step: 6|主生产计划|CLICK|通用-sel审核-不通过
2020-08-04 20:34:40,059 [INFO]: #  --- success ---
2020-08-04 20:34:40,260 [INFO]: #  Run the Step: 7|主生产计划|CLICK|通用-btn审核-确定
2020-08-04 20:35:01,327 [ERROR]: #  +++ failure +++
Traceback (most recent call last):
  File "daitest\testcase.py", line 137, in run
  File "daitest\keywords\web.py", line 178, in click
  File "site-packages\selenium\webdriver\remote\webelement.py", line 80, in click
  File "site-packages\selenium\webdriver\remote\webelement.py", line 633, in _execute
  File "site-packages\selenium\webdriver\remote\webdriver.py", line 321, in execute
  File "site-packages\selenium\webdriver\remote\errorhandler.py", line 242, in check_response
selenium.common.exceptions.ElementNotVisibleException: Message: element not interactable
  (Session info: chrome=84.0.4147.105)
  (Driver info: chromedriver=2.44.609538 (b655c5a60b0b544917107a59d4153d4bf78e1b90),platform=Windows NT 6.1.7601 SP1 x86_64)

2020-08-04 20:35:03,555 [INFO]: #  --- Quit th Driver: Chrome
2020-08-04 20:39:06,130 [INFO]: #  From Excel import testsuite success
2020-08-04 20:39:08,728 [INFO]: #  --------------------------------------------------
2020-08-04 20:39:08,728 [INFO]: #  >>> Run the TestCase: HOME_001|打开云塑ERP
2020-08-04 20:39:08,728 [INFO]: #  Run the Step: 1|通用|OPEN|通用-首页链接
2020-08-04 20:39:12,565 [INFO]: #  --- success ---
2020-08-04 20:39:12,767 [INFO]: #  Run the Step: 2|通用|CHECK|通用-页面title
2020-08-04 20:39:12,767 [INFO]: #  DATA:'云塑 企业资源计划管理系统'
2020-08-04 20:39:12,767 [INFO]: #  REAL:'云塑 企业资源计划管理系统'
2020-08-04 20:39:12,777 [INFO]: #  --- success ---
2020-08-04 20:39:12,996 [INFO]: #  --------------------------------------------------
2020-08-04 20:39:12,996 [INFO]: #  >>> Run the TestCase: Login_001|登录
2020-08-04 20:39:12,996 [INFO]: #  Run the Step: 1|登录页面|INPUT|登录页面-账号输入框
2020-08-04 20:39:13,777 [INFO]: #  --- success ---
2020-08-04 20:39:13,984 [INFO]: #  Run the Step: 2|登录页面|INPUT|登录页面-密码输入框
2020-08-04 20:39:14,985 [INFO]: #  --- success ---
2020-08-04 20:39:15,192 [INFO]: #  Run the Step: 3|登录页面|CLICK|登录页面-确定按钮
2020-08-04 20:39:15,903 [INFO]: #  --- success ---
2020-08-04 20:39:16,107 [INFO]: #  Run the Step: 4|登录页面|CHECK|通用-页面加载校验
2020-08-04 20:39:18,305 [INFO]: #  DATA:'欢迎进入 云塑企业资源计划管理系统'
2020-08-04 20:39:18,307 [INFO]: #  REAL:'欢迎进入 云塑企业资源计划管理系统'
2020-08-04 20:39:18,309 [INFO]: #  --- success ---
2020-08-04 20:39:18,512 [INFO]: #  ==================================================
2020-08-04 20:39:18,512 [INFO]: #  ...No SETUP testcase need to run...
2020-08-04 20:39:18,513 [INFO]: #  --------------------------------------------------
2020-08-04 20:39:18,515 [INFO]: #  >>> Run the TestCase: CQ_001|编辑
2020-08-04 20:39:18,516 [INFO]: #  Run the Step: 1|用例片段|EXECUTE|CQ_003
2020-08-04 20:39:18,519 [INFO]: #  >>> Run the TestCase: CQ_003|新增主生产计划
2020-08-04 20:39:18,521 [INFO]: #  Run the Step: 1|主生产计划|CLICK|通用-左侧栏一级菜单#计划管理
2020-08-04 20:39:19,306 [INFO]: #  --- success ---
2020-08-04 20:39:19,507 [INFO]: #  Run the Step: 2|主生产计划|CLICK|通用-左侧栏二级菜单#主生产计划
2020-08-04 20:39:20,606 [INFO]: #  --- success ---
2020-08-04 20:39:20,807 [INFO]: #  Run the Step: 3|主生产计划|CLICK|通用-左侧栏一级菜单#计划管理
2020-08-04 20:39:21,521 [INFO]: #  --- success ---
2020-08-04 20:39:21,722 [INFO]: #  Run the Step: 4|主生产计划|CLICK|主生产计划-btn新增
2020-08-04 20:39:22,651 [INFO]: #  --- success ---
2020-08-04 20:39:22,851 [INFO]: #  Run the Step: 5|主生产计划|CHECK|主生产计划-lab状态#未定义
2020-08-04 20:39:22,942 [INFO]: #  DATA:'未定义'
2020-08-04 20:39:22,942 [INFO]: #  REAL:'未定义'
2020-08-04 20:39:22,943 [INFO]: #  --- success ---
2020-08-04 20:39:23,144 [INFO]: #  Run the Step: 6|主生产计划|CLICK|主生产计划-sel计划时间范围
2020-08-04 20:39:23,909 [INFO]: #  --- success ---
2020-08-04 20:39:24,109 [INFO]: #  Run the Step: 7|主生产计划|INPUT|主生产计划-val开始时间
2020-08-04 20:39:24,956 [INFO]: #  --- success ---
2020-08-04 20:39:25,157 [INFO]: #  Run the Step: 8|主生产计划|INPUT|主生产计划-val结束时间
2020-08-04 20:39:26,009 [INFO]: #  --- success ---
2020-08-04 20:39:26,210 [INFO]: #  Run the Step: 9|主生产计划|CLICK|主生产计划-sel计划部门
2020-08-04 20:39:26,985 [INFO]: #  --- success ---
2020-08-04 20:39:27,186 [INFO]: #  Run the Step: 10|主生产计划|CLICK|主生产计划-val计划部门-办公室
2020-08-04 20:39:27,972 [INFO]: #  --- success ---
2020-08-04 20:39:28,173 [INFO]: #  Run the Step: 11|主生产计划|CLICK|主生产计划-sel计划人员
2020-08-04 20:39:28,850 [INFO]: #  --- success ---
2020-08-04 20:39:29,050 [INFO]: #  Run the Step: 12|主生产计划|CLICK|主生产计划-val计划人员-周文杰
2020-08-04 20:39:29,774 [INFO]: #  --- success ---
2020-08-04 20:39:29,974 [INFO]: #  Run the Step: 13|主生产计划|CLICK|主生产计划-btn从需求订单中选择物料
2020-08-04 20:39:30,820 [INFO]: #  --- success ---
2020-08-04 20:39:31,021 [INFO]: #  Run the Step: 14|主生产计划|CLICK|主生产计划-btn多选1
2020-08-04 20:39:42,084 [INFO]: #  --- success ---
2020-08-04 20:39:42,286 [INFO]: #  Run the Step: 15|主生产计划|CLICK|主生产计划-btn多选2
2020-08-04 20:39:53,499 [INFO]: #  --- success ---
2020-08-04 20:39:53,699 [INFO]: #  Run the Step: 16|主生产计划|CLICK|主生产计划-btn选择需求订单-确定
2020-08-04 20:39:54,661 [INFO]: #  --- success ---
2020-08-04 20:39:54,861 [INFO]: #  Run the Step: 17|主生产计划|CLICK|主生产计划-sel库存透视1
2020-08-04 20:39:55,596 [INFO]: #  --- success ---
2020-08-04 20:39:55,797 [INFO]: #  Run the Step: 18|主生产计划|CLICK|主生产计划-val库存透视1-注塑成品合格库位(合格 / 0)
2020-08-04 20:39:56,819 [INFO]: #  --- success ---
2020-08-04 20:39:57,021 [INFO]: #  Run the Step: 19|主生产计划|CLICK|主生产计划-sel库存透视1
2020-08-04 20:39:57,650 [INFO]: #  --- success ---
2020-08-04 20:39:57,850 [INFO]: #  Run the Step: 20|主生产计划|CHECK|主生产计划-val净需求量#5000.000
2020-08-04 20:39:57,928 [INFO]: #  DATA:'5000.000'
2020-08-04 20:39:57,928 [INFO]: #  REAL:'5000.000'
2020-08-04 20:39:57,930 [INFO]: #  --- success ---
2020-08-04 20:39:58,130 [INFO]: #  Run the Step: 21|主生产计划|CLICK|主生产计划-selBOM配方1
2020-08-04 20:39:59,267 [INFO]: #  --- success ---
2020-08-04 20:39:59,472 [INFO]: #  Run the Step: 22|主生产计划|CLICK|主生产计划-btnBOM配方-确定
2020-08-04 20:40:00,994 [INFO]: #  --- success ---
2020-08-04 20:40:01,194 [INFO]: #  Run the Step: 23|主生产计划|CLICK|主生产计划-sel库存透视2
2020-08-04 20:40:01,922 [INFO]: #  --- success ---
2020-08-04 20:40:02,122 [INFO]: #  Run the Step: 24|主生产计划|CLICK|主生产计划-val库存透视2-B2成品待处理库位(待处理 / 0)
2020-08-04 20:40:03,110 [INFO]: #  --- success ---
2020-08-04 20:40:03,311 [INFO]: #  Run the Step: 25|主生产计划|CHECK|主生产计划-val净需求量2#1000.000
2020-08-04 20:40:03,383 [INFO]: #  DATA:'1000.000'
2020-08-04 20:40:03,384 [INFO]: #  REAL:'1000.000'
2020-08-04 20:40:03,385 [INFO]: #  --- success ---
2020-08-04 20:40:03,586 [INFO]: #  Run the Step: 26|主生产计划|CLICK|主生产计划-selBOM配方2
2020-08-04 20:40:04,653 [INFO]: #  --- success ---
2020-08-04 20:40:04,854 [INFO]: #  Run the Step: 27|主生产计划|CLICK|主生产计划-btnBOM配方-确定
2020-08-04 20:40:06,150 [INFO]: #  --- success ---
2020-08-04 20:40:06,350 [INFO]: #  --- success ---
2020-08-04 20:40:06,551 [INFO]: #  Run the Step: 2|主生产计划|CLICK|通用-btn直接提交
2020-08-04 20:40:07,227 [INFO]: #  --- success ---
2020-08-04 20:40:07,427 [INFO]: #  Run the Step: 3|主生产计划|CLICK|通用-btn直接提交-确定
2020-08-04 20:40:08,296 [INFO]: #  --- success ---
2020-08-04 20:40:08,500 [INFO]: #  Run the Step: 4|主生产计划|CHECK|主生产计划-lab状态#已提交
2020-08-04 20:40:09,227 [INFO]: #  DATA:'已提交'
2020-08-04 20:40:09,228 [INFO]: #  REAL:'已提交'
2020-08-04 20:40:09,230 [INFO]: #  --- success ---
2020-08-04 20:40:09,431 [INFO]: #  Run the Step: 5|主生产计划|CLICK|通用-btn审核
2020-08-04 20:40:10,259 [INFO]: #  --- success ---
2020-08-04 20:40:10,460 [INFO]: #  Run the Step: 6|主生产计划|CLICK|通用-sel审核-不通过
2020-08-04 20:40:21,650 [INFO]: #  --- success ---
2020-08-04 20:40:21,851 [INFO]: #  Run the Step: 7|主生产计划|CLICK|通用-btn审核-确定
2020-08-04 20:40:42,830 [ERROR]: #  +++ failure +++
Traceback (most recent call last):
  File "daitest\testcase.py", line 137, in run
  File "daitest\keywords\web.py", line 178, in click
  File "site-packages\selenium\webdriver\remote\webelement.py", line 80, in click
  File "site-packages\selenium\webdriver\remote\webelement.py", line 633, in _execute
  File "site-packages\selenium\webdriver\remote\webdriver.py", line 321, in execute
  File "site-packages\selenium\webdriver\remote\errorhandler.py", line 242, in check_response
selenium.common.exceptions.ElementNotVisibleException: Message: element not interactable
  (Session info: chrome=84.0.4147.105)
  (Driver info: chromedriver=2.44.609538 (b655c5a60b0b544917107a59d4153d4bf78e1b90),platform=Windows NT 6.1.7601 SP1 x86_64)

2020-08-04 20:40:45,098 [INFO]: #  --- Quit th Driver: Chrome
2020-08-04 20:41:36,996 [INFO]: #  From Excel import testsuite success
2020-08-04 20:41:39,554 [INFO]: #  --------------------------------------------------
2020-08-04 20:41:39,554 [INFO]: #  >>> Run the TestCase: HOME_001|打开云塑ERP
2020-08-04 20:41:39,554 [INFO]: #  Run the Step: 1|通用|OPEN|通用-首页链接
2020-08-04 20:41:42,386 [INFO]: #  --- success ---
2020-08-04 20:41:42,592 [INFO]: #  Run the Step: 2|通用|CHECK|通用-页面title
2020-08-04 20:41:42,592 [INFO]: #  DATA:'云塑 企业资源计划管理系统'
2020-08-04 20:41:42,622 [INFO]: #  REAL:'云塑 企业资源计划管理系统'
2020-08-04 20:41:42,653 [INFO]: #  --- success ---
2020-08-04 20:41:42,853 [INFO]: #  --------------------------------------------------
2020-08-04 20:41:42,853 [INFO]: #  >>> Run the TestCase: Login_001|登录
2020-08-04 20:41:42,854 [INFO]: #  Run the Step: 1|登录页面|INPUT|登录页面-账号输入框
2020-08-04 20:41:43,629 [INFO]: #  --- success ---
2020-08-04 20:41:43,829 [INFO]: #  Run the Step: 2|登录页面|INPUT|登录页面-密码输入框
2020-08-04 20:41:44,668 [INFO]: #  --- success ---
2020-08-04 20:41:44,868 [INFO]: #  Run the Step: 3|登录页面|CLICK|登录页面-确定按钮
2020-08-04 20:41:45,603 [INFO]: #  --- success ---
2020-08-04 20:41:45,805 [INFO]: #  Run the Step: 4|登录页面|CHECK|通用-页面加载校验
2020-08-04 20:41:48,068 [INFO]: #  DATA:'欢迎进入 云塑企业资源计划管理系统'
2020-08-04 20:41:48,071 [INFO]: #  REAL:'欢迎进入 云塑企业资源计划管理系统'
2020-08-04 20:41:48,077 [INFO]: #  --- success ---
2020-08-04 20:41:48,279 [INFO]: #  ==================================================
2020-08-04 20:41:48,282 [INFO]: #  ...No SETUP testcase need to run...
2020-08-04 20:41:48,286 [INFO]: #  --------------------------------------------------
2020-08-04 20:41:48,293 [INFO]: #  >>> Run the TestCase: CQ_001|编辑
2020-08-04 20:41:48,295 [INFO]: #  Run the Step: 1|用例片段|EXECUTE|CQ_003
2020-08-04 20:41:48,305 [INFO]: #  >>> Run the TestCase: CQ_003|新增主生产计划
2020-08-04 20:41:48,308 [INFO]: #  Run the Step: 1|登录页面|CLICK|通用-左侧栏一级菜单#计划管理
2020-08-04 20:41:49,216 [INFO]: #  --- success ---
2020-08-04 20:41:49,417 [INFO]: #  Run the Step: 2|登录页面|CLICK|通用-左侧栏二级菜单#主生产计划
2020-08-04 20:41:50,550 [INFO]: #  --- success ---
2020-08-04 20:41:50,751 [INFO]: #  Run the Step: 3|登录页面|CLICK|通用-左侧栏一级菜单#计划管理
2020-08-04 20:41:51,463 [INFO]: #  --- success ---
2020-08-04 20:41:51,663 [INFO]: #  Run the Step: 4|主生产计划|CLICK|主生产计划-btn新增
2020-08-04 20:41:52,581 [INFO]: #  --- success ---
2020-08-04 20:41:52,782 [INFO]: #  Run the Step: 5|主生产计划|CHECK|主生产计划-lab状态#未定义
2020-08-04 20:41:52,856 [INFO]: #  DATA:'未定义'
2020-08-04 20:41:52,859 [INFO]: #  REAL:'未定义'
2020-08-04 20:41:52,862 [INFO]: #  --- success ---
2020-08-04 20:41:53,064 [INFO]: #  Run the Step: 6|主生产计划|CLICK|主生产计划-sel计划时间范围
2020-08-04 20:41:53,800 [INFO]: #  --- success ---
2020-08-04 20:41:54,000 [INFO]: #  Run the Step: 7|主生产计划|INPUT|主生产计划-val开始时间
2020-08-04 20:41:54,810 [INFO]: #  --- success ---
2020-08-04 20:41:55,011 [INFO]: #  Run the Step: 8|主生产计划|INPUT|主生产计划-val结束时间
2020-08-04 20:41:55,827 [INFO]: #  --- success ---
2020-08-04 20:41:56,027 [INFO]: #  Run the Step: 9|主生产计划|CLICK|主生产计划-sel计划部门
2020-08-04 20:41:56,793 [INFO]: #  --- success ---
2020-08-04 20:41:56,994 [INFO]: #  Run the Step: 10|主生产计划|CLICK|主生产计划-val计划部门-办公室
2020-08-04 20:41:57,735 [INFO]: #  --- success ---
2020-08-04 20:41:57,936 [INFO]: #  Run the Step: 11|主生产计划|CLICK|主生产计划-sel计划人员
2020-08-04 20:41:58,610 [INFO]: #  --- success ---
2020-08-04 20:41:58,811 [INFO]: #  Run the Step: 12|主生产计划|CLICK|主生产计划-val计划人员-周文杰
2020-08-04 20:41:59,541 [INFO]: #  --- success ---
2020-08-04 20:41:59,741 [INFO]: #  Run the Step: 13|主生产计划|CLICK|主生产计划-btn从需求订单中选择物料
2020-08-04 20:42:00,602 [INFO]: #  --- success ---
2020-08-04 20:42:00,803 [INFO]: #  Run the Step: 14|主生产计划|CLICK|主生产计划-btn多选1
2020-08-04 20:42:11,908 [INFO]: #  --- success ---
2020-08-04 20:42:12,109 [INFO]: #  Run the Step: 15|主生产计划|CLICK|主生产计划-btn多选2
2020-08-04 20:42:23,258 [INFO]: #  --- success ---
2020-08-04 20:42:23,459 [INFO]: #  Run the Step: 16|主生产计划|CLICK|主生产计划-btn选择需求订单-确定
2020-08-04 20:42:24,456 [INFO]: #  --- success ---
2020-08-04 20:42:24,656 [INFO]: #  Run the Step: 17|主生产计划|CLICK|主生产计划-sel库存透视1
2020-08-04 20:42:25,423 [INFO]: #  --- success ---
2020-08-04 20:42:25,624 [INFO]: #  Run the Step: 18|主生产计划|CLICK|主生产计划-val库存透视1-注塑成品合格库位(合格 / 0)
2020-08-04 20:42:26,637 [INFO]: #  --- success ---
2020-08-04 20:42:26,838 [INFO]: #  Run the Step: 19|主生产计划|CLICK|主生产计划-sel库存透视1
2020-08-04 20:42:27,584 [INFO]: #  --- success ---
2020-08-04 20:42:27,785 [INFO]: #  Run the Step: 20|主生产计划|CHECK|主生产计划-val净需求量#5000.000
2020-08-04 20:42:27,864 [INFO]: #  DATA:'5000.000'
2020-08-04 20:42:27,865 [INFO]: #  REAL:'5000.000'
2020-08-04 20:42:27,866 [INFO]: #  --- success ---
2020-08-04 20:42:28,066 [INFO]: #  Run the Step: 21|主生产计划|CLICK|主生产计划-selBOM配方1
2020-08-04 20:42:29,245 [INFO]: #  --- success ---
2020-08-04 20:42:29,446 [INFO]: #  Run the Step: 22|主生产计划|CLICK|主生产计划-btnBOM配方-确定
2020-08-04 20:42:30,819 [INFO]: #  --- success ---
2020-08-04 20:42:31,020 [INFO]: #  Run the Step: 23|主生产计划|CLICK|主生产计划-sel库存透视2
2020-08-04 20:42:31,760 [INFO]: #  --- success ---
2020-08-04 20:42:31,961 [INFO]: #  Run the Step: 24|主生产计划|CLICK|主生产计划-val库存透视2-B2成品待处理库位(待处理 / 0)
2020-08-04 20:42:32,931 [INFO]: #  --- success ---
2020-08-04 20:42:33,131 [INFO]: #  Run the Step: 25|主生产计划|CHECK|主生产计划-val净需求量2#1000.000
2020-08-04 20:42:33,198 [INFO]: #  DATA:'1000.000'
2020-08-04 20:42:33,199 [INFO]: #  REAL:'1000.000'
2020-08-04 20:42:33,200 [INFO]: #  --- success ---
2020-08-04 20:42:33,403 [INFO]: #  Run the Step: 26|主生产计划|CLICK|主生产计划-selBOM配方2
2020-08-04 20:42:34,481 [INFO]: #  --- success ---
2020-08-04 20:42:34,682 [INFO]: #  Run the Step: 27|主生产计划|CLICK|主生产计划-btnBOM配方-确定
2020-08-04 20:42:35,913 [INFO]: #  --- success ---
2020-08-04 20:42:36,113 [INFO]: #  --- success ---
2020-08-04 20:42:36,313 [INFO]: #  Run the Step: 2|主生产计划|CLICK|通用-btn直接提交
2020-08-04 20:42:36,983 [INFO]: #  --- success ---
2020-08-04 20:42:37,183 [INFO]: #  Run the Step: 3|主生产计划|CLICK|通用-btn直接提交-确定
2020-08-04 20:42:38,035 [INFO]: #  --- success ---
2020-08-04 20:42:38,237 [INFO]: #  Run the Step: 4|主生产计划|CHECK|主生产计划-lab状态#已提交
2020-08-04 20:42:38,941 [INFO]: #  DATA:'已提交'
2020-08-04 20:42:38,942 [INFO]: #  REAL:'已提交'
2020-08-04 20:42:38,943 [INFO]: #  --- success ---
2020-08-04 20:42:39,144 [INFO]: #  Run the Step: 5|主生产计划|CLICK|通用-btn审核
2020-08-04 20:42:39,990 [INFO]: #  --- success ---
2020-08-04 20:42:40,191 [INFO]: #  Run the Step: 6|主生产计划|CLICK|通用-sel审核-不通过
2020-08-04 20:42:51,393 [INFO]: #  --- success ---
2020-08-04 20:42:51,593 [INFO]: #  Run the Step: 7|主生产计划|CLICK|通用-btn审核-确定
2020-08-04 20:43:12,521 [ERROR]: #  +++ failure +++
Traceback (most recent call last):
  File "daitest\testcase.py", line 137, in run
  File "daitest\keywords\web.py", line 178, in click
  File "site-packages\selenium\webdriver\remote\webelement.py", line 80, in click
  File "site-packages\selenium\webdriver\remote\webelement.py", line 633, in _execute
  File "site-packages\selenium\webdriver\remote\webdriver.py", line 321, in execute
  File "site-packages\selenium\webdriver\remote\errorhandler.py", line 242, in check_response
selenium.common.exceptions.ElementNotVisibleException: Message: element not interactable
  (Session info: chrome=84.0.4147.105)
  (Driver info: chromedriver=2.44.609538 (b655c5a60b0b544917107a59d4153d4bf78e1b90),platform=Windows NT 6.1.7601 SP1 x86_64)

2020-08-04 20:43:14,723 [INFO]: #  --- Quit th Driver: Chrome
2020-08-04 20:44:44,907 [INFO]: #  From Excel import testsuite success
2020-08-04 20:44:47,477 [INFO]: #  --------------------------------------------------
2020-08-04 20:44:47,477 [INFO]: #  >>> Run the TestCase: HOME_001|打开云塑ERP
2020-08-04 20:44:47,477 [INFO]: #  Run the Step: 1|通用|OPEN|通用-首页链接
2020-08-04 20:44:50,474 [INFO]: #  --- success ---
2020-08-04 20:44:50,677 [INFO]: #  Run the Step: 2|通用|CHECK|通用-页面title
2020-08-04 20:44:50,678 [INFO]: #  DATA:'云塑 企业资源计划管理系统'
2020-08-04 20:44:50,678 [INFO]: #  REAL:'云塑 企业资源计划管理系统'
2020-08-04 20:44:50,698 [INFO]: #  --- success ---
2020-08-04 20:44:50,898 [INFO]: #  --------------------------------------------------
2020-08-04 20:44:50,901 [INFO]: #  >>> Run the TestCase: Login_001|登录
2020-08-04 20:44:50,902 [INFO]: #  Run the Step: 1|登录页面|INPUT|登录页面-账号输入框
2020-08-04 20:44:51,977 [INFO]: #  --- success ---
2020-08-04 20:44:52,182 [INFO]: #  Run the Step: 2|登录页面|INPUT|登录页面-密码输入框
2020-08-04 20:44:53,213 [INFO]: #  --- success ---
2020-08-04 20:44:53,414 [INFO]: #  Run the Step: 3|登录页面|CLICK|登录页面-确定按钮
2020-08-04 20:44:54,115 [INFO]: #  --- success ---
2020-08-04 20:44:54,317 [INFO]: #  Run the Step: 4|登录页面|CHECK|通用-页面加载校验
2020-08-04 20:44:57,465 [INFO]: #  DATA:'欢迎进入 云塑企业资源计划管理系统'
2020-08-04 20:44:57,466 [INFO]: #  REAL:'欢迎进入 云塑企业资源计划管理系统'
2020-08-04 20:44:57,469 [INFO]: #  --- success ---
2020-08-04 20:44:57,669 [INFO]: #  ==================================================
2020-08-04 20:44:57,669 [INFO]: #  ...No SETUP testcase need to run...
2020-08-04 20:44:57,670 [INFO]: #  --------------------------------------------------
2020-08-04 20:44:57,670 [INFO]: #  >>> Run the TestCase: CQ_001|编辑
2020-08-04 20:44:57,671 [INFO]: #  Run the Step: 1|用例片段|EXECUTE|CQ_003
2020-08-04 20:44:57,675 [INFO]: #  >>> Run the TestCase: CQ_003|新增主生产计划
2020-08-04 20:44:57,676 [INFO]: #  Run the Step: 1|登录页面|CLICK|通用-左侧栏一级菜单#计划管理
2020-08-04 20:44:58,418 [INFO]: #  --- success ---
2020-08-04 20:44:58,620 [INFO]: #  Run the Step: 2|登录页面|CLICK|通用-左侧栏二级菜单#主生产计划
2020-08-04 20:44:59,787 [INFO]: #  --- success ---
2020-08-04 20:44:59,988 [INFO]: #  Run the Step: 3|登录页面|CLICK|通用-左侧栏一级菜单#计划管理
2020-08-04 20:45:00,705 [INFO]: #  --- success ---
2020-08-04 20:45:00,906 [INFO]: #  Run the Step: 4|主生产计划|CLICK|主生产计划-btn新增
2020-08-04 20:45:01,798 [INFO]: #  --- success ---
2020-08-04 20:45:01,998 [INFO]: #  Run the Step: 5|主生产计划|CHECK|主生产计划-lab状态#未定义
2020-08-04 20:45:02,076 [INFO]: #  DATA:'未定义'
2020-08-04 20:45:02,077 [INFO]: #  REAL:'未定义'
2020-08-04 20:45:02,078 [INFO]: #  --- success ---
2020-08-04 20:45:02,279 [INFO]: #  Run the Step: 6|主生产计划|CLICK|主生产计划-sel计划时间范围
2020-08-04 20:45:03,007 [INFO]: #  --- success ---
2020-08-04 20:45:03,209 [INFO]: #  Run the Step: 7|主生产计划|INPUT|主生产计划-val开始时间
2020-08-04 20:45:03,996 [INFO]: #  --- success ---
2020-08-04 20:45:04,196 [INFO]: #  Run the Step: 8|主生产计划|INPUT|主生产计划-val结束时间
2020-08-04 20:45:05,017 [INFO]: #  --- success ---
2020-08-04 20:45:05,218 [INFO]: #  Run the Step: 9|主生产计划|CLICK|主生产计划-sel计划部门
2020-08-04 20:45:05,940 [INFO]: #  --- success ---
2020-08-04 20:45:06,140 [INFO]: #  Run the Step: 10|主生产计划|CLICK|主生产计划-val计划部门-办公室
2020-08-04 20:45:06,843 [INFO]: #  --- success ---
2020-08-04 20:45:07,043 [INFO]: #  Run the Step: 11|主生产计划|CLICK|主生产计划-sel计划人员
2020-08-04 20:45:07,695 [INFO]: #  --- success ---
2020-08-04 20:45:07,896 [INFO]: #  Run the Step: 12|主生产计划|CLICK|主生产计划-val计划人员-周文杰
2020-08-04 20:45:08,612 [INFO]: #  --- success ---
2020-08-04 20:45:08,813 [INFO]: #  Run the Step: 13|主生产计划|CLICK|主生产计划-btn从需求订单中选择物料
2020-08-04 20:45:09,644 [INFO]: #  --- success ---
2020-08-04 20:45:09,844 [INFO]: #  Run the Step: 14|主生产计划|CLICK|主生产计划-btn多选1
2020-08-04 20:45:20,924 [INFO]: #  --- success ---
2020-08-04 20:45:21,124 [INFO]: #  Run the Step: 15|主生产计划|CLICK|主生产计划-btn多选2
2020-08-04 20:45:32,269 [INFO]: #  --- success ---
2020-08-04 20:45:32,469 [INFO]: #  Run the Step: 16|主生产计划|CLICK|主生产计划-btn选择需求订单-确定
2020-08-04 20:45:33,439 [INFO]: #  --- success ---
2020-08-04 20:45:33,639 [INFO]: #  Run the Step: 17|主生产计划|CLICK|主生产计划-sel库存透视1
2020-08-04 20:45:34,377 [INFO]: #  --- success ---
2020-08-04 20:45:34,577 [INFO]: #  Run the Step: 18|主生产计划|CLICK|主生产计划-val库存透视1-注塑成品合格库位(合格 / 0)
2020-08-04 20:45:35,687 [INFO]: #  --- success ---
2020-08-04 20:45:35,887 [INFO]: #  Run the Step: 19|主生产计划|CLICK|主生产计划-sel库存透视1
2020-08-04 20:45:36,533 [INFO]: #  --- success ---
2020-08-04 20:45:36,734 [INFO]: #  Run the Step: 20|主生产计划|CHECK|主生产计划-val净需求量#5000.000
2020-08-04 20:45:36,830 [INFO]: #  DATA:'5000.000'
2020-08-04 20:45:36,830 [INFO]: #  REAL:'5000.000'
2020-08-04 20:45:36,833 [INFO]: #  --- success ---
2020-08-04 20:45:37,034 [INFO]: #  Run the Step: 21|主生产计划|CLICK|主生产计划-selBOM配方1
2020-08-04 20:45:38,193 [INFO]: #  --- success ---
2020-08-04 20:45:38,394 [INFO]: #  Run the Step: 22|主生产计划|CLICK|主生产计划-btnBOM配方-确定
2020-08-04 20:45:39,822 [INFO]: #  --- success ---
2020-08-04 20:45:40,023 [INFO]: #  Run the Step: 23|主生产计划|CLICK|主生产计划-sel库存透视2
2020-08-04 20:45:40,768 [INFO]: #  --- success ---
2020-08-04 20:45:40,968 [INFO]: #  Run the Step: 24|主生产计划|CLICK|主生产计划-val库存透视2-B2成品待处理库位(待处理 / 0)
2020-08-04 20:45:41,969 [INFO]: #  --- success ---
2020-08-04 20:45:42,170 [INFO]: #  Run the Step: 25|主生产计划|CHECK|主生产计划-val净需求量2#1000.000
2020-08-04 20:45:42,237 [INFO]: #  DATA:'1000.000'
2020-08-04 20:45:42,237 [INFO]: #  REAL:'1000.000'
2020-08-04 20:45:42,238 [INFO]: #  --- success ---
2020-08-04 20:45:42,439 [INFO]: #  Run the Step: 26|主生产计划|CLICK|主生产计划-selBOM配方2
2020-08-04 20:45:43,567 [INFO]: #  --- success ---
2020-08-04 20:45:43,768 [INFO]: #  Run the Step: 27|主生产计划|CLICK|主生产计划-btnBOM配方-确定
2020-08-04 20:45:44,894 [INFO]: #  --- success ---
2020-08-04 20:45:45,097 [INFO]: #  --- success ---
2020-08-04 20:45:45,298 [INFO]: #  Run the Step: 2|主生产计划|CLICK|通用-btn直接提交
2020-08-04 20:45:45,976 [INFO]: #  --- success ---
2020-08-04 20:45:46,176 [INFO]: #  Run the Step: 3|主生产计划|CLICK|通用-btn直接提交-确定
2020-08-04 20:45:47,053 [INFO]: #  --- success ---
2020-08-04 20:45:47,254 [INFO]: #  Run the Step: 4|主生产计划|CHECK|主生产计划-lab状态#已提交
2020-08-04 20:45:48,038 [INFO]: #  DATA:'已提交'
2020-08-04 20:45:48,039 [INFO]: #  REAL:'已提交'
2020-08-04 20:45:48,040 [INFO]: #  --- success ---
2020-08-04 20:45:48,241 [INFO]: #  Run the Step: 5|主生产计划|CLICK|通用-btn审核
2020-08-04 20:45:49,051 [INFO]: #  --- success ---
2020-08-04 20:45:49,251 [INFO]: #  Run the Step: 6|主生产计划|CLICK|通用-sel审核-不通过
2020-08-04 20:46:00,460 [INFO]: #  --- success ---
2020-08-04 20:46:00,661 [INFO]: #  Run the Step: 7|主生产计划|CLICK|通用-btn审核-确定
2020-08-04 20:46:21,515 [ERROR]: #  +++ failure +++
Traceback (most recent call last):
  File "daitest\testcase.py", line 137, in run
  File "daitest\keywords\web.py", line 178, in click
  File "site-packages\selenium\webdriver\remote\webelement.py", line 80, in click
  File "site-packages\selenium\webdriver\remote\webelement.py", line 633, in _execute
  File "site-packages\selenium\webdriver\remote\webdriver.py", line 321, in execute
  File "site-packages\selenium\webdriver\remote\errorhandler.py", line 242, in check_response
selenium.common.exceptions.ElementNotVisibleException: Message: element not interactable
  (Session info: chrome=84.0.4147.105)
  (Driver info: chromedriver=2.44.609538 (b655c5a60b0b544917107a59d4153d4bf78e1b90),platform=Windows NT 6.1.7601 SP1 x86_64)

2020-08-04 20:46:23,736 [INFO]: #  --- Quit th Driver: Chrome
2020-08-04 20:47:05,413 [INFO]: #  From Excel import testsuite success
2020-08-04 20:47:08,048 [INFO]: #  --------------------------------------------------
2020-08-04 20:47:08,048 [INFO]: #  >>> Run the TestCase: HOME_001|打开云塑ERP
2020-08-04 20:47:08,048 [INFO]: #  Run the Step: 1|通用|OPEN|通用-首页链接
2020-08-04 20:47:10,849 [INFO]: #  --- success ---
2020-08-04 20:47:11,049 [INFO]: #  Run the Step: 2|通用|CHECK|通用-页面title
2020-08-04 20:47:11,051 [INFO]: #  DATA:'云塑 企业资源计划管理系统'
2020-08-04 20:47:11,060 [INFO]: #  REAL:'云塑 企业资源计划管理系统'
2020-08-04 20:47:11,071 [INFO]: #  --- success ---
2020-08-04 20:47:11,271 [INFO]: #  --------------------------------------------------
2020-08-04 20:47:11,271 [INFO]: #  >>> Run the TestCase: Login_001|登录
2020-08-04 20:47:11,272 [INFO]: #  Run the Step: 1|登录页面|INPUT|登录页面-账号输入框
2020-08-04 20:47:12,161 [INFO]: #  --- success ---
2020-08-04 20:47:12,362 [INFO]: #  Run the Step: 2|登录页面|INPUT|登录页面-密码输入框
2020-08-04 20:47:13,516 [INFO]: #  --- success ---
2020-08-04 20:47:13,719 [INFO]: #  Run the Step: 3|登录页面|CLICK|登录页面-确定按钮
2020-08-04 20:47:14,372 [INFO]: #  --- success ---
2020-08-04 20:47:14,573 [INFO]: #  Run the Step: 4|登录页面|CHECK|通用-页面加载校验
2020-08-04 20:47:16,329 [INFO]: #  DATA:'欢迎进入 云塑企业资源计划管理系统'
2020-08-04 20:47:16,330 [INFO]: #  REAL:'欢迎进入 云塑企业资源计划管理系统'
2020-08-04 20:47:16,332 [INFO]: #  --- success ---
2020-08-04 20:47:16,534 [INFO]: #  ==================================================
2020-08-04 20:47:16,536 [INFO]: #  ...No SETUP testcase need to run...
2020-08-04 20:47:16,537 [INFO]: #  --------------------------------------------------
2020-08-04 20:47:16,538 [INFO]: #  >>> Run the TestCase: CQ_001|编辑
2020-08-04 20:47:16,539 [INFO]: #  Run the Step: 1|用例片段|EXECUTE|CQ_003
2020-08-04 20:47:16,542 [INFO]: #  >>> Run the TestCase: CQ_003|新增主生产计划
2020-08-04 20:47:16,543 [INFO]: #  Run the Step: 1|登录页面|CLICK|通用-左侧栏一级菜单#计划管理
2020-08-04 20:47:17,262 [INFO]: #  --- success ---
2020-08-04 20:47:17,463 [INFO]: #  Run the Step: 2|登录页面|CLICK|通用-左侧栏二级菜单#主生产计划
2020-08-04 20:47:18,576 [INFO]: #  --- success ---
2020-08-04 20:47:18,777 [INFO]: #  Run the Step: 3|登录页面|CLICK|通用-左侧栏一级菜单#计划管理
2020-08-04 20:47:19,620 [INFO]: #  --- success ---
2020-08-04 20:47:19,821 [INFO]: #  Run the Step: 4|主生产计划|CLICK|主生产计划-btn新增
2020-08-04 20:47:20,846 [INFO]: #  --- success ---
2020-08-04 20:47:21,047 [INFO]: #  Run the Step: 5|主生产计划|CHECK|主生产计划-lab状态#未定义
2020-08-04 20:47:21,117 [INFO]: #  DATA:'未定义'
2020-08-04 20:47:21,118 [INFO]: #  REAL:'未定义'
2020-08-04 20:47:21,119 [INFO]: #  --- success ---
2020-08-04 20:47:21,320 [INFO]: #  Run the Step: 6|主生产计划|CLICK|主生产计划-sel计划时间范围
2020-08-04 20:47:22,055 [INFO]: #  --- success ---
2020-08-04 20:47:22,255 [INFO]: #  Run the Step: 7|主生产计划|INPUT|主生产计划-val开始时间
2020-08-04 20:47:23,080 [INFO]: #  --- success ---
2020-08-04 20:47:23,280 [INFO]: #  Run the Step: 8|主生产计划|INPUT|主生产计划-val结束时间
2020-08-04 20:47:24,112 [INFO]: #  --- success ---
2020-08-04 20:47:24,332 [INFO]: #  Run the Step: 9|主生产计划|CLICK|主生产计划-sel计划部门
2020-08-04 20:47:25,110 [INFO]: #  --- success ---
2020-08-04 20:47:25,311 [INFO]: #  Run the Step: 10|主生产计划|CLICK|主生产计划-val计划部门-办公室
2020-08-04 20:47:26,005 [INFO]: #  --- success ---
2020-08-04 20:47:26,205 [INFO]: #  Run the Step: 11|主生产计划|CLICK|主生产计划-sel计划人员
2020-08-04 20:47:26,890 [INFO]: #  --- success ---
2020-08-04 20:47:27,091 [INFO]: #  Run the Step: 12|主生产计划|CLICK|主生产计划-val计划人员-周文杰
2020-08-04 20:47:27,826 [INFO]: #  --- success ---
2020-08-04 20:47:28,027 [INFO]: #  Run the Step: 13|主生产计划|CLICK|主生产计划-btn从需求订单中选择物料
2020-08-04 20:47:28,859 [INFO]: #  --- success ---
2020-08-04 20:47:29,060 [INFO]: #  Run the Step: 14|主生产计划|CLICK|主生产计划-btn多选1
2020-08-04 20:47:40,125 [INFO]: #  --- success ---
2020-08-04 20:47:40,325 [INFO]: #  Run the Step: 15|主生产计划|CLICK|主生产计划-btn多选2
2020-08-04 20:47:51,385 [INFO]: #  --- success ---
2020-08-04 20:47:51,585 [INFO]: #  Run the Step: 16|主生产计划|CLICK|主生产计划-btn选择需求订单-确定
2020-08-04 20:47:52,628 [INFO]: #  --- success ---
2020-08-04 20:47:52,845 [INFO]: #  Run the Step: 17|主生产计划|CLICK|主生产计划-sel库存透视1
2020-08-04 20:47:53,607 [INFO]: #  --- success ---
2020-08-04 20:47:53,808 [INFO]: #  Run the Step: 18|主生产计划|CLICK|主生产计划-val库存透视1-注塑成品合格库位(合格 / 0)
2020-08-04 20:47:54,835 [INFO]: #  --- success ---
2020-08-04 20:47:55,035 [INFO]: #  Run the Step: 19|主生产计划|CLICK|主生产计划-sel库存透视1
2020-08-04 20:47:55,789 [INFO]: #  --- success ---
2020-08-04 20:47:55,989 [INFO]: #  Run the Step: 20|主生产计划|CHECK|主生产计划-val净需求量#5000.000
2020-08-04 20:47:56,069 [INFO]: #  DATA:'5000.000'
2020-08-04 20:47:56,070 [INFO]: #  REAL:'5000.000'
2020-08-04 20:47:56,071 [INFO]: #  --- success ---
2020-08-04 20:47:56,272 [INFO]: #  Run the Step: 21|主生产计划|CLICK|主生产计划-selBOM配方1
2020-08-04 20:47:57,458 [INFO]: #  --- success ---
2020-08-04 20:47:57,659 [INFO]: #  Run the Step: 22|主生产计划|CLICK|主生产计划-btnBOM配方-确定
2020-08-04 20:47:58,955 [INFO]: #  --- success ---
2020-08-04 20:47:59,156 [INFO]: #  Run the Step: 23|主生产计划|CLICK|主生产计划-sel库存透视2
2020-08-04 20:47:59,878 [INFO]: #  --- success ---
2020-08-04 20:48:00,079 [INFO]: #  Run the Step: 24|主生产计划|CLICK|主生产计划-val库存透视2-B2成品待处理库位(待处理 / 0)
2020-08-04 20:48:01,104 [INFO]: #  --- success ---
2020-08-04 20:48:01,305 [INFO]: #  Run the Step: 25|主生产计划|CHECK|主生产计划-val净需求量2#1000.000
2020-08-04 20:48:01,375 [INFO]: #  DATA:'1000.000'
2020-08-04 20:48:01,375 [INFO]: #  REAL:'1000.000'
2020-08-04 20:48:01,376 [INFO]: #  --- success ---
2020-08-04 20:48:01,577 [INFO]: #  Run the Step: 26|主生产计划|CLICK|主生产计划-selBOM配方2
2020-08-04 20:48:02,665 [INFO]: #  --- success ---
2020-08-04 20:48:02,866 [INFO]: #  Run the Step: 27|主生产计划|CLICK|主生产计划-btnBOM配方-确定
2020-08-04 20:48:04,064 [INFO]: #  --- success ---
2020-08-04 20:48:04,266 [INFO]: #  --- success ---
2020-08-04 20:48:04,466 [INFO]: #  Run the Step: 2|主生产计划|CLICK|通用-btn直接提交
2020-08-04 20:48:05,132 [INFO]: #  --- success ---
2020-08-04 20:48:05,333 [INFO]: #  Run the Step: 3|主生产计划|CLICK|通用-btn直接提交-确定
2020-08-04 20:48:06,182 [INFO]: #  --- success ---
2020-08-04 20:48:06,382 [INFO]: #  Run the Step: 4|主生产计划|CHECK|主生产计划-lab状态#已提交
2020-08-04 20:48:07,096 [INFO]: #  DATA:'已提交'
2020-08-04 20:48:07,097 [INFO]: #  REAL:'已提交'
2020-08-04 20:48:07,100 [INFO]: #  --- success ---
2020-08-04 20:48:07,300 [INFO]: #  Run the Step: 5|主生产计划|CLICK|通用-btn审核
2020-08-04 20:48:08,181 [INFO]: #  --- success ---
2020-08-04 20:48:08,381 [INFO]: #  Run the Step: 6|主生产计划|CLICK|通用-sel审核-不通过
2020-08-04 20:48:19,573 [INFO]: #  --- success ---
2020-08-04 20:48:19,774 [INFO]: #  Run the Step: 7|主生产计划|CLICK|通用-btn审核-确定
2020-08-04 20:48:40,706 [ERROR]: #  +++ failure +++
Traceback (most recent call last):
  File "daitest\testcase.py", line 137, in run
  File "daitest\keywords\web.py", line 178, in click
  File "site-packages\selenium\webdriver\remote\webelement.py", line 80, in click
  File "site-packages\selenium\webdriver\remote\webelement.py", line 633, in _execute
  File "site-packages\selenium\webdriver\remote\webdriver.py", line 321, in execute
  File "site-packages\selenium\webdriver\remote\errorhandler.py", line 242, in check_response
selenium.common.exceptions.ElementNotVisibleException: Message: element not interactable
  (Session info: chrome=84.0.4147.105)
  (Driver info: chromedriver=2.44.609538 (b655c5a60b0b544917107a59d4153d4bf78e1b90),platform=Windows NT 6.1.7601 SP1 x86_64)

2020-08-04 20:48:42,911 [INFO]: #  --- Quit th Driver: Chrome
2020-08-04 20:50:36,239 [INFO]: #  From Excel import testsuite success
2020-08-04 20:50:38,860 [INFO]: #  --------------------------------------------------
2020-08-04 20:50:38,861 [INFO]: #  >>> Run the TestCase: HOME_001|打开云塑ERP
2020-08-04 20:50:38,861 [INFO]: #  Run the Step: 1|通用|OPEN|通用-首页链接
2020-08-04 20:50:41,614 [INFO]: #  --- success ---
2020-08-04 20:50:41,825 [INFO]: #  Run the Step: 2|通用|CHECK|通用-页面title
2020-08-04 20:50:41,827 [INFO]: #  DATA:'云塑 企业资源计划管理系统'
2020-08-04 20:50:41,863 [INFO]: #  REAL:'云塑 企业资源计划管理系统'
2020-08-04 20:50:41,896 [INFO]: #  --- success ---
2020-08-04 20:50:42,099 [INFO]: #  --------------------------------------------------
2020-08-04 20:50:42,099 [INFO]: #  >>> Run the TestCase: Login_001|登录
2020-08-04 20:50:42,099 [INFO]: #  Run the Step: 1|登录页面|INPUT|登录页面-账号输入框
2020-08-04 20:50:42,869 [INFO]: #  --- success ---
2020-08-04 20:50:43,076 [INFO]: #  Run the Step: 2|登录页面|INPUT|登录页面-密码输入框
2020-08-04 20:50:43,916 [INFO]: #  --- success ---
2020-08-04 20:50:44,121 [INFO]: #  Run the Step: 3|登录页面|CLICK|登录页面-确定按钮
2020-08-04 20:50:44,772 [INFO]: #  --- success ---
2020-08-04 20:50:44,972 [INFO]: #  Run the Step: 4|登录页面|CHECK|通用-页面加载校验
2020-08-04 20:50:46,981 [INFO]: #  DATA:'欢迎进入 云塑企业资源计划管理系统'
2020-08-04 20:50:46,983 [INFO]: #  REAL:'欢迎进入 云塑企业资源计划管理系统'
2020-08-04 20:50:46,985 [INFO]: #  --- success ---
2020-08-04 20:50:47,186 [INFO]: #  ==================================================
2020-08-04 20:50:47,186 [INFO]: #  ...No SETUP testcase need to run...
2020-08-04 20:50:47,187 [INFO]: #  --------------------------------------------------
2020-08-04 20:50:47,188 [INFO]: #  >>> Run the TestCase: AEQ_001|审核编辑
2020-08-04 20:50:47,189 [INFO]: #  Page:登录页面 element:CQ_001
2020-08-04 20:50:47,190 [INFO]: #  Run the Step: 1|登录页面|EXECUTE|CQ_001
2020-08-04 20:50:47,194 [INFO]: #  >>> Run the TestCase: CQ_001|新增意向订单
2020-08-04 20:50:47,196 [INFO]: #  Run the Step: 1|登录页面|CLICK|通用-左侧栏一级菜单#销售管理
2020-08-04 20:50:48,002 [INFO]: #  --- success ---
2020-08-04 20:50:48,203 [INFO]: #  Run the Step: 2|登录页面|CLICK|通用-左侧栏二级菜单#需求订单
2020-08-04 20:50:49,350 [INFO]: #  --- success ---
2020-08-04 20:50:49,550 [INFO]: #  Run the Step: 3|登录页面|CLICK|通用-左侧栏一级菜单#销售管理
2020-08-04 20:50:50,758 [INFO]: #  --- success ---
2020-08-04 20:50:50,958 [INFO]: #  Run the Step: 4|意向订单|CLICK|意向订单-tab意向订单
2020-08-04 20:50:51,794 [INFO]: #  --- success ---
2020-08-04 20:50:51,995 [INFO]: #  Run the Step: 5|意向订单|CLICK|意向订单-btn新增
2020-08-04 20:50:52,934 [INFO]: #  --- success ---
2020-08-04 20:50:53,140 [INFO]: #  Run the Step: 6|意向订单|CHECK|意向订单-lab意向订单状态#未定义
2020-08-04 20:50:53,216 [INFO]: #  DATA:'未定义'
2020-08-04 20:50:53,217 [INFO]: #  REAL:'未定义'
2020-08-04 20:50:53,219 [INFO]: #  --- success ---
2020-08-04 20:50:53,419 [INFO]: #  Run the Step: 7|意向订单|CLICK|意向订单-sel预交日期
2020-08-04 20:50:54,147 [INFO]: #  --- success ---
2020-08-04 20:50:54,347 [INFO]: #  Run the Step: 8|意向订单|CLICK|意向订单-val预交日期
2020-08-04 20:50:55,077 [INFO]: #  --- success ---
2020-08-04 20:50:55,278 [INFO]: #  Run the Step: 9|意向订单|CLICK|意向订单-sel客户名称
2020-08-04 20:50:55,955 [INFO]: #  --- success ---
2020-08-04 20:50:56,156 [INFO]: #  Run the Step: 10|意向订单|CLICK|意向订单-val客户名称-美的
2020-08-04 20:50:56,878 [INFO]: #  --- success ---
2020-08-04 20:50:57,078 [INFO]: #  Run the Step: 11|意向订单|CLICK|意向订单-sel业务部门
2020-08-04 20:50:57,796 [INFO]: #  --- success ---
2020-08-04 20:50:57,997 [INFO]: #  Run the Step: 12|意向订单|CLICK|意向订单-val业务部门-办公室
2020-08-04 20:50:58,711 [INFO]: #  --- success ---
2020-08-04 20:50:58,912 [INFO]: #  Run the Step: 13|意向订单|CLICK|意向订单-sel业务人员
2020-08-04 20:50:59,588 [INFO]: #  --- success ---
2020-08-04 20:50:59,794 [INFO]: #  Run the Step: 14|意向订单|CLICK|意向订单-val业务人员-田丰
2020-08-04 20:51:00,532 [INFO]: #  --- success ---
2020-08-04 20:51:00,733 [INFO]: #  Run the Step: 15|意向订单|CLICK|意向订单-btn订单明细-添加
2020-08-04 20:51:01,519 [INFO]: #  --- success ---
2020-08-04 20:51:01,720 [INFO]: #  Run the Step: 16|意向订单|CLICK|意向订单-sel物料编码
2020-08-04 20:51:02,419 [INFO]: #  --- success ---
2020-08-04 20:51:02,621 [INFO]: #  Run the Step: 17|意向订单|INPUT|意向订单-inp选择物料
2020-08-04 20:51:03,261 [INFO]: #  --- success ---
2020-08-04 20:51:03,462 [INFO]: #  Run the Step: 18|意向订单|CLICK|意向订单-val物料编码-风扇罩-K33A0042-W1N-PP-不要求-NW-054
2020-08-04 20:51:29,914 [ERROR]: #  +++ failure +++
Traceback (most recent call last):
  File "daitest\locator.py", line 32, in locating_element
  File "site-packages\selenium\webdriver\support\wait.py", line 80, in until
selenium.common.exceptions.TimeoutException: Message: 


During handling of the above exception, another exception occurred:

Traceback (most recent call last):
  File "daitest\locator.py", line 37, in locating_element
  File "site-packages\selenium\webdriver\support\wait.py", line 80, in until
selenium.common.exceptions.TimeoutException: Message: 


During handling of the above exception, another exception occurred:

Traceback (most recent call last):
  File "daitest\testcase.py", line 137, in run
  File "daitest\keywords\web.py", line 175, in click
  File "daitest\locator.py", line 40, in locating_element
Exception: Locating the element:意向订单-val物料编码-风扇罩-K33A0042-W1N-PP-不要求-NW-054 is Failure: Timeout
2020-08-04 20:51:29,918 [INFO]: #  ==================================================
2020-08-04 20:51:29,919 [INFO]: #  ...No SETUP testcase need to run...
2020-08-04 20:51:29,919 [INFO]: #  --------------------------------------------------
2020-08-04 20:51:29,921 [INFO]: #  >>> Run the TestCase: DQ_001|删除需求订单
2020-08-04 20:51:29,922 [INFO]: #  Run the Step: 1|用例片段|EXECUTE|CQ_001
2020-08-04 20:51:29,925 [INFO]: #  >>> Run the TestCase: CQ_001|新增意向订单
2020-08-04 20:51:29,927 [INFO]: #  Run the Step: 1|意向订单|CLICK|通用-左侧栏一级菜单#销售管理
2020-08-04 20:51:30,599 [INFO]: #  --- success ---
2020-08-04 20:51:30,799 [INFO]: #  Run the Step: 2|意向订单|CLICK|通用-左侧栏二级菜单#需求订单
2020-08-04 20:51:31,406 [INFO]: #  --- success ---
2020-08-04 20:51:31,607 [INFO]: #  Run the Step: 3|意向订单|CLICK|通用-左侧栏一级菜单#销售管理
2020-08-04 20:51:32,283 [INFO]: #  --- success ---
2020-08-04 20:51:32,483 [INFO]: #  Run the Step: 4|意向订单|CLICK|意向订单-tab意向订单
2020-08-04 20:51:51,667 [ERROR]: #  *** save the screenshot is failure ***
Traceback (most recent call last):
  File "daitest\locator.py", line 32, in locating_element
  File "site-packages\selenium\webdriver\support\wait.py", line 80, in until
selenium.common.exceptions.TimeoutException: Message: 


During handling of the above exception, another exception occurred:

Traceback (most recent call last):
  File "daitest\locator.py", line 37, in locating_element
  File "site-packages\selenium\webdriver\support\wait.py", line 71, in until
  File "site-packages\selenium\webdriver\support\expected_conditions.py", line 64, in __call__
  File "site-packages\selenium\webdriver\support\expected_conditions.py", line 415, in _find_element
  File "site-packages\selenium\webdriver\support\expected_conditions.py", line 411, in _find_element
  File "site-packages\selenium\webdriver\remote\webdriver.py", line 976, in find_element
  File "site-packages\selenium\webdriver\remote\webdriver.py", line 321, in execute
  File "site-packages\selenium\webdriver\remote\errorhandler.py", line 242, in check_response
selenium.common.exceptions.NoSuchWindowException: Message: no such window: target window already closed
from unknown error: web view not found
  (Session info: chrome=84.0.4147.105)
  (Driver info: chromedriver=2.44.609538 (b655c5a60b0b544917107a59d4153d4bf78e1b90),platform=Windows NT 6.1.7601 SP1 x86_64)


During handling of the above exception, another exception occurred:

Traceback (most recent call last):
  File "daitest\testcase.py", line 137, in run
  File "daitest\keywords\web.py", line 175, in click
  File "daitest\locator.py", line 40, in locating_element
Exception: Locating the element:意向订单-tab意向订单 is Failure: Timeout

During handling of the above exception, another exception occurred:

Traceback (most recent call last):
  File "daitest\testcase.py", line 227, in run
  File "site-packages\selenium\webdriver\remote\webdriver.py", line 1032, in get_screenshot_as_file
  File "site-packages\selenium\webdriver\remote\webdriver.py", line 1064, in get_screenshot_as_png
  File "site-packages\selenium\webdriver\remote\webdriver.py", line 1074, in get_screenshot_as_base64
  File "site-packages\selenium\webdriver\remote\webdriver.py", line 321, in execute
  File "site-packages\selenium\webdriver\remote\errorhandler.py", line 242, in check_response
selenium.common.exceptions.NoSuchWindowException: Message: no such window: target window already closed
from unknown error: web view not found
  (Session info: chrome=84.0.4147.105)
  (Driver info: chromedriver=2.44.609538 (b655c5a60b0b544917107a59d4153d4bf78e1b90),platform=Windows NT 6.1.7601 SP1 x86_64)

2020-08-04 20:51:51,677 [ERROR]: #  +++ failure +++
Traceback (most recent call last):
  File "daitest\locator.py", line 32, in locating_element
  File "site-packages\selenium\webdriver\support\wait.py", line 80, in until
selenium.common.exceptions.TimeoutException: Message: 


During handling of the above exception, another exception occurred:

Traceback (most recent call last):
  File "daitest\locator.py", line 37, in locating_element
  File "site-packages\selenium\webdriver\support\wait.py", line 71, in until
  File "site-packages\selenium\webdriver\support\expected_conditions.py", line 64, in __call__
  File "site-packages\selenium\webdriver\support\expected_conditions.py", line 415, in _find_element
  File "site-packages\selenium\webdriver\support\expected_conditions.py", line 411, in _find_element
  File "site-packages\selenium\webdriver\remote\webdriver.py", line 976, in find_element
  File "site-packages\selenium\webdriver\remote\webdriver.py", line 321, in execute
  File "site-packages\selenium\webdriver\remote\errorhandler.py", line 242, in check_response
selenium.common.exceptions.NoSuchWindowException: Message: no such window: target window already closed
from unknown error: web view not found
  (Session info: chrome=84.0.4147.105)
  (Driver info: chromedriver=2.44.609538 (b655c5a60b0b544917107a59d4153d4bf78e1b90),platform=Windows NT 6.1.7601 SP1 x86_64)


During handling of the above exception, another exception occurred:

Traceback (most recent call last):
  File "daitest\testcase.py", line 137, in run
  File "daitest\keywords\web.py", line 175, in click
  File "daitest\locator.py", line 40, in locating_element
Exception: Locating the element:意向订单-tab意向订单 is Failure: Timeout
2020-08-04 20:51:51,677 [INFO]: #  ==================================================
2020-08-04 20:51:51,677 [INFO]: #  ...No SETUP testcase need to run...
2020-08-04 20:51:51,687 [INFO]: #  --------------------------------------------------
2020-08-04 20:51:51,687 [INFO]: #  >>> Run the TestCase: CH_001|查看需求订单
2020-08-04 20:51:51,687 [INFO]: #  Run the Step: 1|用例片段|EXECUTE|CQ_001
2020-08-04 20:51:51,687 [INFO]: #  >>> Run the TestCase: CQ_001|新增意向订单
2020-08-04 20:51:51,687 [INFO]: #  Run the Step: 1|意向订单|CLICK|通用-左侧栏一级菜单#销售管理
2020-08-04 20:52:20,885 [INFO]: #  From Excel import testsuite success
2020-08-04 20:52:23,485 [INFO]: #  --------------------------------------------------
2020-08-04 20:52:23,485 [INFO]: #  >>> Run the TestCase: HOME_001|打开云塑ERP
2020-08-04 20:52:23,485 [INFO]: #  Run the Step: 1|通用|OPEN|通用-首页链接
2020-08-04 20:52:26,133 [INFO]: #  --- success ---
2020-08-04 20:52:26,333 [INFO]: #  Run the Step: 2|通用|CHECK|通用-页面title
2020-08-04 20:52:26,333 [INFO]: #  DATA:'云塑 企业资源计划管理系统'
2020-08-04 20:52:26,333 [INFO]: #  REAL:'云塑 企业资源计划管理系统'
2020-08-04 20:52:26,351 [INFO]: #  --- success ---
2020-08-04 20:52:26,558 [INFO]: #  --------------------------------------------------
2020-08-04 20:52:26,559 [INFO]: #  >>> Run the TestCase: Login_001|登录
2020-08-04 20:52:26,559 [INFO]: #  Run the Step: 1|登录页面|INPUT|登录页面-账号输入框
2020-08-04 20:52:27,346 [INFO]: #  --- success ---
2020-08-04 20:52:27,553 [INFO]: #  Run the Step: 2|登录页面|INPUT|登录页面-密码输入框
2020-08-04 20:52:28,391 [INFO]: #  --- success ---
2020-08-04 20:52:28,599 [INFO]: #  Run the Step: 3|登录页面|CLICK|登录页面-确定按钮
2020-08-04 20:52:29,269 [INFO]: #  --- success ---
2020-08-04 20:52:29,470 [INFO]: #  Run the Step: 4|登录页面|CHECK|通用-页面加载校验
2020-08-04 20:52:31,101 [INFO]: #  DATA:'欢迎进入 云塑企业资源计划管理系统'
2020-08-04 20:52:31,102 [INFO]: #  REAL:'欢迎进入 云塑企业资源计划管理系统'
2020-08-04 20:52:31,103 [INFO]: #  --- success ---
2020-08-04 20:52:31,304 [INFO]: #  ==================================================
2020-08-04 20:52:31,304 [INFO]: #  ...No SETUP testcase need to run...
2020-08-04 20:52:31,305 [INFO]: #  --------------------------------------------------
2020-08-04 20:52:31,306 [INFO]: #  >>> Run the TestCase: AEQ_002|审核编辑
2020-08-04 20:52:31,307 [INFO]: #  Run the Step: 1|用例片段|EXECUTE|CQ_001
2020-08-04 20:52:31,309 [INFO]: #  >>> Run the TestCase: CQ_001|新增销售订单
2020-08-04 20:52:31,310 [INFO]: #  Run the Step: 1|销售订单|CLICK|通用-左侧栏一级菜单#销售管理
2020-08-04 20:52:32,055 [INFO]: #  --- success ---
2020-08-04 20:52:32,256 [INFO]: #  Run the Step: 2|销售订单|CLICK|通用-左侧栏二级菜单#需求订单
2020-08-04 20:52:33,500 [INFO]: #  --- success ---
2020-08-04 20:52:33,700 [INFO]: #  Run the Step: 3|销售订单|CLICK|通用-左侧栏一级菜单#销售管理
2020-08-04 20:52:35,278 [INFO]: #  --- success ---
2020-08-04 20:52:35,479 [INFO]: #  Run the Step: 4|销售订单|CLICK|销售订单-btn新增
2020-08-04 20:52:36,495 [INFO]: #  --- success ---
2020-08-04 20:52:36,695 [INFO]: #  Run the Step: 5|销售订单|CHECK|销售订单-lab销售状态#未定义
2020-08-04 20:52:36,775 [INFO]: #  DATA:'未定义'
2020-08-04 20:52:36,776 [INFO]: #  REAL:'未定义'
2020-08-04 20:52:36,777 [INFO]: #  --- success ---
2020-08-04 20:52:36,977 [INFO]: #  Run the Step: 6|销售订单|INPUT|销售订单-inp客户PO
2020-08-04 20:52:38,684 [INFO]: #  --- success ---
2020-08-04 20:52:38,885 [INFO]: #  Run the Step: 7|销售订单|CLICK|销售订单-sel客户名称
2020-08-04 20:52:39,598 [INFO]: #  --- success ---
2020-08-04 20:52:39,800 [INFO]: #  Run the Step: 8|销售订单|CLICK|销售订单-val客户名称-美的
2020-08-04 20:52:40,545 [INFO]: #  --- success ---
2020-08-04 20:52:40,746 [INFO]: #  Run the Step: 9|销售订单|CLICK|销售订单-sel预交日期
2020-08-04 20:52:41,439 [INFO]: #  --- success ---
2020-08-04 20:52:41,639 [INFO]: #  Run the Step: 10|销售订单|CLICK|销售订单-val预交日期
2020-08-04 20:52:42,392 [INFO]: #  --- success ---
2020-08-04 20:52:42,595 [INFO]: #  Run the Step: 11|销售订单|CLICK|销售订单-sel业务部门
2020-08-04 20:52:43,308 [INFO]: #  --- success ---
2020-08-04 20:52:43,509 [INFO]: #  Run the Step: 12|销售订单|CLICK|销售订单-val业务部门-办公室
2020-08-04 20:52:44,227 [INFO]: #  --- success ---
2020-08-04 20:52:44,429 [INFO]: #  Run the Step: 13|销售订单|CLICK|销售订单-sel业务人员
2020-08-04 20:52:45,110 [INFO]: #  --- success ---
2020-08-04 20:52:45,311 [INFO]: #  Run the Step: 14|销售订单|CLICK|销售订单-val业务人员-田丰
2020-08-04 20:52:46,050 [INFO]: #  --- success ---
2020-08-04 20:52:46,250 [INFO]: #  Run the Step: 15|销售订单|CLICK|销售订单-sel交货验收
2020-08-04 20:52:46,952 [INFO]: #  --- success ---
2020-08-04 20:52:47,152 [INFO]: #  Run the Step: 16|销售订单|CLICK|销售订单-val交货验收-否
2020-08-04 20:52:47,805 [INFO]: #  --- success ---
2020-08-04 20:52:48,005 [INFO]: #  Run the Step: 17|销售订单|CLICK|销售订单-sel订单等级
2020-08-04 20:52:48,664 [INFO]: #  --- success ---
2020-08-04 20:52:48,864 [INFO]: #  Run the Step: 18|销售订单|CLICK|销售订单-val订单等级-正常
2020-08-04 20:52:49,501 [INFO]: #  --- success ---
2020-08-04 20:52:49,702 [INFO]: #  Run the Step: 19|销售订单|CLICK|销售订单-btn添加
2020-08-04 20:52:50,548 [INFO]: #  --- success ---
2020-08-04 20:52:50,748 [INFO]: #  Run the Step: 20|销售订单|CLICK|销售订单-sel物料编码
2020-08-04 20:52:51,485 [INFO]: #  --- success ---
2020-08-04 20:52:51,686 [INFO]: #  Run the Step: 20|销售订单|INPUT|销售订单-inp选择物料
2020-08-04 20:52:52,337 [INFO]: #  --- success ---
2020-08-04 20:52:52,538 [INFO]: #  Run the Step: 21|销售订单|CLICK|销售订单-val物料编码-风扇罩W1S
2020-08-04 20:52:53,345 [INFO]: #  --- success ---
2020-08-04 20:52:53,546 [INFO]: #  Run the Step: 22|销售订单|INPUT|销售订单-inp数量
2020-08-04 20:52:54,334 [INFO]: #  --- success ---
2020-08-04 20:52:54,534 [INFO]: #  Run the Step: 23|销售订单|CHECK|销售订单-sel订单明细-交货地点
2020-08-04 20:52:54,606 [INFO]: #  DATA:'B2成品货位'
2020-08-04 20:52:54,606 [INFO]: #  REAL:'B2成品货位'
2020-08-04 20:52:54,609 [INFO]: #  --- success ---
2020-08-04 20:52:54,809 [INFO]: #  Run the Step: 24|销售订单|INPUT|销售订单-inp备注
2020-08-04 20:52:55,971 [INFO]: #  --- success ---
2020-08-04 20:52:56,171 [INFO]: #  --- success ---
2020-08-04 20:52:56,371 [INFO]: #  Run the Step: 2|销售订单|CLICK|通用-btn直接提交
2020-08-04 20:52:57,039 [INFO]: #  --- success ---
2020-08-04 20:52:57,239 [INFO]: #  Run the Step: 3|销售订单|CLICK|通用-btn直接提交-确定
2020-08-04 20:52:58,047 [INFO]: #  --- success ---
2020-08-04 20:52:58,247 [INFO]: #  Run the Step: 4|销售订单|CHECK|销售订单-lab销售状态#已提交
2020-08-04 20:52:58,974 [INFO]: #  DATA:'已提交'
2020-08-04 20:52:58,975 [INFO]: #  REAL:'已提交'
2020-08-04 20:52:58,977 [INFO]: #  --- success ---
2020-08-04 20:52:59,177 [INFO]: #  Run the Step: 5|销售订单|CLICK|通用-btn审核
2020-08-04 20:52:59,981 [INFO]: #  --- success ---
2020-08-04 20:53:00,181 [INFO]: #  Run the Step: 6|销售订单|CLICK|通用-sel审核-不通过
2020-08-04 20:53:11,365 [INFO]: #  --- success ---
2020-08-04 20:53:11,565 [INFO]: #  Run the Step: 7|销售订单|CLICK|通用-btn审核-确定
2020-08-04 20:53:12,333 [INFO]: #  --- success ---
2020-08-04 20:53:12,534 [INFO]: #  Run the Step: 8|销售订单|CHECK|销售订单-lab销售状态#不通过
2020-08-04 20:53:13,084 [INFO]: #  DATA:'不通过'
2020-08-04 20:53:13,085 [INFO]: #  REAL:'不通过'
2020-08-04 20:53:13,086 [INFO]: #  --- success ---
2020-08-04 20:53:13,287 [INFO]: #  Run the Step: 9|销售订单|CLICK|通用-btn编辑
2020-08-04 20:53:14,107 [INFO]: #  --- success ---
2020-08-04 20:53:14,308 [INFO]: #  Run the Step: 10|销售订单|INPUT|销售订单-inp备注
2020-08-04 20:53:15,641 [INFO]: #  --- success ---
2020-08-04 20:53:15,841 [INFO]: #  Run the Step: 11|销售订单|CLICK|通用-btn保存
2020-08-04 20:53:16,642 [INFO]: #  --- success ---
2020-08-04 20:53:16,843 [INFO]: #  Run the Step: 12|销售订单|CHECK|销售订单-toast修改成功提醒
2020-08-04 20:53:17,281 [INFO]: #  DATA:'修改成功!'
2020-08-04 20:53:17,282 [INFO]: #  REAL:'修改成功!'
2020-08-04 20:53:17,284 [INFO]: #  --- success ---
2020-08-04 20:53:17,486 [INFO]: #  Run the Step: 13|销售订单|CLICK|通用-btn提交
2020-08-04 20:53:18,173 [INFO]: #  --- success ---
2020-08-04 20:53:18,374 [INFO]: #  Run the Step: 14|销售订单|CLICK|通用-btn提交-确定
2020-08-04 20:53:19,179 [INFO]: #  --- success ---
2020-08-04 20:53:19,380 [INFO]: #  Run the Step: 15|销售订单|CLICK|通用-btn审核
2020-08-04 21:00:32,372 [INFO]: #  From Excel import testsuite success
2020-08-04 21:00:34,967 [INFO]: #  --------------------------------------------------
2020-08-04 21:00:34,967 [INFO]: #  >>> Run the TestCase: HOME_001|打开云塑ERP
2020-08-04 21:00:34,967 [INFO]: #  Run the Step: 1|通用|OPEN|通用-首页链接
2020-08-04 21:00:38,171 [INFO]: #  --- success ---
2020-08-04 21:00:38,371 [INFO]: #  Run the Step: 2|通用|CHECK|通用-页面title
2020-08-04 21:00:38,372 [INFO]: #  DATA:'云塑 企业资源计划管理系统'
2020-08-04 21:00:38,379 [INFO]: #  REAL:'云塑 企业资源计划管理系统'
2020-08-04 21:00:38,387 [INFO]: #  --- success ---
2020-08-04 21:00:38,587 [INFO]: #  --------------------------------------------------
2020-08-04 21:00:38,587 [INFO]: #  >>> Run the TestCase: Login_001|登录
2020-08-04 21:00:38,587 [INFO]: #  Run the Step: 1|登录页面|INPUT|登录页面-账号输入框
2020-08-04 21:00:39,355 [INFO]: #  --- success ---
2020-08-04 21:00:39,556 [INFO]: #  Run the Step: 2|登录页面|INPUT|登录页面-密码输入框
2020-08-04 21:00:40,799 [INFO]: #  --- success ---
2020-08-04 21:00:41,007 [INFO]: #  Run the Step: 3|登录页面|CLICK|登录页面-确定按钮
2020-08-04 21:00:41,659 [INFO]: #  --- success ---
2020-08-04 21:00:41,860 [INFO]: #  Run the Step: 4|登录页面|CHECK|通用-页面加载校验
2020-08-04 21:00:43,630 [INFO]: #  DATA:'欢迎进入 云塑企业资源计划管理系统'
2020-08-04 21:00:43,631 [INFO]: #  REAL:'欢迎进入 云塑企业资源计划管理系统'
2020-08-04 21:00:43,633 [INFO]: #  --- success ---
2020-08-04 21:00:43,834 [INFO]: #  ==================================================
2020-08-04 21:00:43,835 [INFO]: #  ...No SETUP testcase need to run...
2020-08-04 21:00:43,838 [INFO]: #  --------------------------------------------------
2020-08-04 21:00:43,841 [INFO]: #  >>> Run the TestCase: CQ_001|编辑
2020-08-04 21:00:43,843 [INFO]: #  Run the Step: 1|用例片段|EXECUTE|CQ_003
2020-08-04 21:00:43,848 [INFO]: #  >>> Run the TestCase: CQ_003|新增主生产计划
2020-08-04 21:00:43,850 [INFO]: #  Run the Step: 1|登录页面|CLICK|通用-左侧栏一级菜单#计划管理
2020-08-04 21:00:44,586 [INFO]: #  --- success ---
2020-08-04 21:00:44,787 [INFO]: #  Run the Step: 2|登录页面|CLICK|通用-左侧栏二级菜单#主生产计划
2020-08-04 21:00:46,010 [INFO]: #  --- success ---
2020-08-04 21:00:46,211 [INFO]: #  Run the Step: 3|登录页面|CLICK|通用-左侧栏一级菜单#计划管理
2020-08-04 21:00:46,987 [INFO]: #  --- success ---
2020-08-04 21:00:47,187 [INFO]: #  Run the Step: 4|主生产计划|CLICK|主生产计划-btn新增
2020-08-04 21:00:48,228 [INFO]: #  --- success ---
2020-08-04 21:00:48,428 [INFO]: #  Run the Step: 5|主生产计划|CHECK|主生产计划-lab状态#未定义
2020-08-04 21:00:48,504 [INFO]: #  DATA:'未定义'
2020-08-04 21:00:48,504 [INFO]: #  REAL:'未定义'
2020-08-04 21:00:48,505 [INFO]: #  --- success ---
2020-08-04 21:00:48,706 [INFO]: #  Run the Step: 6|主生产计划|CLICK|主生产计划-sel计划时间范围
2020-08-04 21:00:49,426 [INFO]: #  --- success ---
2020-08-04 21:00:49,626 [INFO]: #  Run the Step: 7|主生产计划|INPUT|主生产计划-val开始时间
2020-08-04 21:00:50,432 [INFO]: #  --- success ---
2020-08-04 21:00:50,633 [INFO]: #  Run the Step: 8|主生产计划|INPUT|主生产计划-val结束时间
2020-08-04 21:00:51,482 [INFO]: #  --- success ---
2020-08-04 21:00:51,683 [INFO]: #  Run the Step: 9|主生产计划|CLICK|主生产计划-sel计划部门
2020-08-04 21:00:52,433 [INFO]: #  --- success ---
2020-08-04 21:00:52,633 [INFO]: #  Run the Step: 10|主生产计划|CLICK|主生产计划-val计划部门-办公室
2020-08-04 21:00:53,345 [INFO]: #  --- success ---
2020-08-04 21:00:53,546 [INFO]: #  Run the Step: 11|主生产计划|CLICK|主生产计划-sel计划人员
2020-08-04 21:00:54,201 [INFO]: #  --- success ---
2020-08-04 21:00:54,402 [INFO]: #  Run the Step: 12|主生产计划|CLICK|主生产计划-val计划人员-周文杰
2020-08-04 21:00:55,155 [INFO]: #  --- success ---
2020-08-04 21:00:55,356 [INFO]: #  Run the Step: 13|主生产计划|CLICK|主生产计划-btn从需求订单中选择物料
2020-08-04 21:00:56,199 [INFO]: #  --- success ---
2020-08-04 21:00:56,399 [INFO]: #  Run the Step: 14|主生产计划|CLICK|主生产计划-btn多选1
2020-08-04 21:01:07,467 [INFO]: #  --- success ---
2020-08-04 21:01:07,668 [INFO]: #  Run the Step: 15|主生产计划|CLICK|主生产计划-btn多选2
2020-08-04 21:01:18,814 [INFO]: #  --- success ---
2020-08-04 21:01:19,015 [INFO]: #  Run the Step: 16|主生产计划|CLICK|主生产计划-btn选择需求订单-确定
2020-08-04 21:01:19,955 [INFO]: #  --- success ---
2020-08-04 21:01:20,156 [INFO]: #  Run the Step: 17|主生产计划|CLICK|主生产计划-sel库存透视1
2020-08-04 21:01:20,898 [INFO]: #  --- success ---
2020-08-04 21:01:21,099 [INFO]: #  Run the Step: 18|主生产计划|CLICK|主生产计划-val库存透视1-注塑成品合格库位(合格 / 0)
2020-08-04 21:01:22,152 [INFO]: #  --- success ---
2020-08-04 21:01:22,353 [INFO]: #  Run the Step: 19|主生产计划|CLICK|主生产计划-sel库存透视1
2020-08-04 21:01:22,988 [INFO]: #  --- success ---
2020-08-04 21:01:23,189 [INFO]: #  Run the Step: 20|主生产计划|CHECK|主生产计划-val净需求量#5000.000
2020-08-04 21:01:23,270 [INFO]: #  DATA:'5000.000'
2020-08-04 21:01:23,270 [INFO]: #  REAL:'5000.000'
2020-08-04 21:01:23,271 [INFO]: #  --- success ---
2020-08-04 21:01:23,472 [INFO]: #  Run the Step: 21|主生产计划|CLICK|主生产计划-selBOM配方1
2020-08-04 21:01:24,632 [INFO]: #  --- success ---
2020-08-04 21:01:24,835 [INFO]: #  Run the Step: 22|主生产计划|CLICK|主生产计划-btnBOM配方-确定
2020-08-04 21:01:26,175 [INFO]: #  --- success ---
2020-08-04 21:01:26,375 [INFO]: #  Run the Step: 23|主生产计划|CLICK|主生产计划-sel库存透视2
2020-08-04 21:01:27,099 [INFO]: #  --- success ---
2020-08-04 21:01:27,300 [INFO]: #  Run the Step: 24|主生产计划|CLICK|主生产计划-val库存透视2-B2成品待处理库位(待处理 / 0)
2020-08-04 21:01:28,313 [INFO]: #  --- success ---
2020-08-04 21:01:28,514 [INFO]: #  Run the Step: 25|主生产计划|CHECK|主生产计划-val净需求量2#1000.000
2020-08-04 21:01:28,579 [INFO]: #  DATA:'1000.000'
2020-08-04 21:01:28,580 [INFO]: #  REAL:'1000.000'
2020-08-04 21:01:28,581 [INFO]: #  --- success ---
2020-08-04 21:01:28,781 [INFO]: #  Run the Step: 26|主生产计划|CLICK|主生产计划-selBOM配方2
2020-08-04 21:01:29,880 [INFO]: #  --- success ---
2020-08-04 21:01:30,081 [INFO]: #  Run the Step: 27|主生产计划|CLICK|主生产计划-btnBOM配方-确定
2020-08-04 21:01:31,241 [INFO]: #  --- success ---
2020-08-04 21:01:31,441 [INFO]: #  --- success ---
2020-08-04 21:01:31,642 [INFO]: #  Run the Step: 2|主生产计划|CLICK|通用-btn直接提交
2020-08-04 21:01:32,293 [INFO]: #  --- success ---
2020-08-04 21:01:32,494 [INFO]: #  Run the Step: 3|主生产计划|CLICK|通用-btn直接提交-确定
2020-08-04 21:01:53,111 [ERROR]: #  +++ failure +++
Traceback (most recent call last):
  File "daitest\testcase.py", line 137, in run
  File "daitest\keywords\web.py", line 178, in click
  File "site-packages\selenium\webdriver\remote\webelement.py", line 80, in click
  File "site-packages\selenium\webdriver\remote\webelement.py", line 633, in _execute
  File "site-packages\selenium\webdriver\remote\webdriver.py", line 321, in execute
  File "site-packages\selenium\webdriver\remote\errorhandler.py", line 242, in check_response
selenium.common.exceptions.ElementNotVisibleException: Message: element not interactable
  (Session info: chrome=84.0.4147.105)
  (Driver info: chromedriver=2.44.609538 (b655c5a60b0b544917107a59d4153d4bf78e1b90),platform=Windows NT 6.1.7601 SP1 x86_64)

2020-08-04 21:01:55,384 [INFO]: #  --- Quit th Driver: Chrome
2020-08-04 21:02:28,789 [INFO]: #  From Excel import testsuite success
2020-08-04 21:02:31,383 [INFO]: #  --------------------------------------------------
2020-08-04 21:02:31,383 [INFO]: #  >>> Run the TestCase: HOME_001|打开云塑ERP
2020-08-04 21:02:31,383 [INFO]: #  Run the Step: 1|通用|OPEN|通用-首页链接
2020-08-04 21:02:34,048 [INFO]: #  --- success ---
2020-08-04 21:02:34,249 [INFO]: #  Run the Step: 2|通用|CHECK|通用-页面title
2020-08-04 21:02:34,250 [INFO]: #  DATA:'云塑 企业资源计划管理系统'
2020-08-04 21:02:34,256 [INFO]: #  REAL:'云塑 企业资源计划管理系统'
2020-08-04 21:02:34,265 [INFO]: #  --- success ---
2020-08-04 21:02:34,470 [INFO]: #  --------------------------------------------------
2020-08-04 21:02:34,470 [INFO]: #  >>> Run the TestCase: Login_001|登录
2020-08-04 21:02:34,470 [INFO]: #  Run the Step: 1|登录页面|INPUT|登录页面-账号输入框
2020-08-04 21:02:35,250 [INFO]: #  --- success ---
2020-08-04 21:02:35,450 [INFO]: #  Run the Step: 2|登录页面|INPUT|登录页面-密码输入框
2020-08-04 21:02:36,357 [INFO]: #  --- success ---
2020-08-04 21:02:36,562 [INFO]: #  Run the Step: 3|登录页面|CLICK|登录页面-确定按钮
2020-08-04 21:02:37,289 [INFO]: #  --- success ---
2020-08-04 21:02:37,490 [INFO]: #  Run the Step: 4|登录页面|CHECK|通用-页面加载校验
2020-08-04 21:02:39,443 [INFO]: #  DATA:'欢迎进入 云塑企业资源计划管理系统'
2020-08-04 21:02:39,444 [INFO]: #  REAL:'欢迎进入 云塑企业资源计划管理系统'
2020-08-04 21:02:39,445 [INFO]: #  --- success ---
2020-08-04 21:02:39,646 [INFO]: #  ==================================================
2020-08-04 21:02:39,646 [INFO]: #  ...No SETUP testcase need to run...
2020-08-04 21:02:39,647 [INFO]: #  --------------------------------------------------
2020-08-04 21:02:39,648 [INFO]: #  >>> Run the TestCase: CQ_001|编辑
2020-08-04 21:02:39,649 [INFO]: #  Run the Step: 1|用例片段|EXECUTE|CQ_003
2020-08-04 21:02:39,652 [INFO]: #  >>> Run the TestCase: CQ_003|新增主生产计划
2020-08-04 21:02:39,653 [INFO]: #  Run the Step: 1|登录页面|CLICK|通用-左侧栏一级菜单#计划管理
2020-08-04 21:02:40,420 [INFO]: #  --- success ---
2020-08-04 21:02:40,620 [INFO]: #  Run the Step: 2|登录页面|CLICK|通用-左侧栏二级菜单#主生产计划
2020-08-04 21:02:41,711 [INFO]: #  --- success ---
2020-08-04 21:02:41,912 [INFO]: #  Run the Step: 3|登录页面|CLICK|通用-左侧栏一级菜单#计划管理
2020-08-04 21:02:42,616 [INFO]: #  --- success ---
2020-08-04 21:02:42,816 [INFO]: #  Run the Step: 4|主生产计划|CLICK|主生产计划-btn新增
2020-08-04 21:02:43,731 [INFO]: #  --- success ---
2020-08-04 21:02:43,932 [INFO]: #  Run the Step: 5|主生产计划|CHECK|主生产计划-lab状态#未定义
2020-08-04 21:02:44,012 [INFO]: #  DATA:'未定义'
2020-08-04 21:02:44,013 [INFO]: #  REAL:'未定义'
2020-08-04 21:02:44,014 [INFO]: #  --- success ---
2020-08-04 21:02:44,215 [INFO]: #  Run the Step: 6|主生产计划|CLICK|主生产计划-sel计划时间范围
2020-08-04 21:02:44,939 [INFO]: #  --- success ---
2020-08-04 21:02:45,140 [INFO]: #  Run the Step: 7|主生产计划|INPUT|主生产计划-val开始时间
2020-08-04 21:02:45,911 [INFO]: #  --- success ---
2020-08-04 21:02:46,112 [INFO]: #  Run the Step: 8|主生产计划|INPUT|主生产计划-val结束时间
2020-08-04 21:02:46,924 [INFO]: #  --- success ---
2020-08-04 21:02:47,124 [INFO]: #  Run the Step: 9|主生产计划|CLICK|主生产计划-sel计划部门
2020-08-04 21:02:47,859 [INFO]: #  --- success ---
2020-08-04 21:02:48,060 [INFO]: #  Run the Step: 10|主生产计划|CLICK|主生产计划-val计划部门-办公室
2020-08-04 21:02:48,770 [INFO]: #  --- success ---
2020-08-04 21:02:48,971 [INFO]: #  Run the Step: 11|主生产计划|CLICK|主生产计划-sel计划人员
2020-08-04 21:02:49,644 [INFO]: #  --- success ---
2020-08-04 21:02:49,845 [INFO]: #  Run the Step: 12|主生产计划|CLICK|主生产计划-val计划人员-周文杰
2020-08-04 21:02:50,567 [INFO]: #  --- success ---
2020-08-04 21:02:50,769 [INFO]: #  Run the Step: 13|主生产计划|CLICK|主生产计划-btn从需求订单中选择物料
2020-08-04 21:02:51,621 [INFO]: #  --- success ---
2020-08-04 21:02:51,821 [INFO]: #  Run the Step: 14|主生产计划|CLICK|主生产计划-btn多选1
2020-08-04 21:03:02,913 [INFO]: #  --- success ---
2020-08-04 21:03:03,118 [INFO]: #  Run the Step: 15|主生产计划|CLICK|主生产计划-btn多选2
2020-08-04 21:03:14,227 [INFO]: #  --- success ---
2020-08-04 21:03:14,428 [INFO]: #  Run the Step: 16|主生产计划|CLICK|主生产计划-btn选择需求订单-确定
2020-08-04 21:03:15,424 [INFO]: #  --- success ---
2020-08-04 21:03:15,626 [INFO]: #  Run the Step: 17|主生产计划|CLICK|主生产计划-sel库存透视1
2020-08-04 21:03:16,379 [INFO]: #  --- success ---
2020-08-04 21:03:16,579 [INFO]: #  Run the Step: 18|主生产计划|CLICK|主生产计划-val库存透视1-注塑成品合格库位(合格 / 0)
2020-08-04 21:03:17,629 [INFO]: #  --- success ---
2020-08-04 21:03:17,829 [INFO]: #  Run the Step: 19|主生产计划|CLICK|主生产计划-sel库存透视1
2020-08-04 21:03:18,459 [INFO]: #  --- success ---
2020-08-04 21:03:18,660 [INFO]: #  Run the Step: 20|主生产计划|CHECK|主生产计划-val净需求量#5000.000
2020-08-04 21:03:18,759 [INFO]: #  DATA:'5000.000'
2020-08-04 21:03:18,760 [INFO]: #  REAL:'5000.000'
2020-08-04 21:03:18,760 [INFO]: #  --- success ---
2020-08-04 21:03:18,961 [INFO]: #  Run the Step: 21|主生产计划|CLICK|主生产计划-selBOM配方1
2020-08-04 21:03:20,066 [INFO]: #  --- success ---
2020-08-04 21:03:20,267 [INFO]: #  Run the Step: 22|主生产计划|CLICK|主生产计划-btnBOM配方-确定
2020-08-04 21:03:21,492 [INFO]: #  --- success ---
2020-08-04 21:03:21,693 [INFO]: #  Run the Step: 23|主生产计划|CLICK|主生产计划-sel库存透视2
2020-08-04 21:03:22,435 [INFO]: #  --- success ---
2020-08-04 21:03:22,635 [INFO]: #  Run the Step: 24|主生产计划|CLICK|主生产计划-val库存透视2-B2成品待处理库位(待处理 / 0)
2020-08-04 21:03:23,683 [INFO]: #  --- success ---
2020-08-04 21:03:23,883 [INFO]: #  Run the Step: 25|主生产计划|CHECK|主生产计划-val净需求量2#1000.000
2020-08-04 21:03:23,948 [INFO]: #  DATA:'1000.000'
2020-08-04 21:03:23,949 [INFO]: #  REAL:'1000.000'
2020-08-04 21:03:23,950 [INFO]: #  --- success ---
2020-08-04 21:03:24,150 [INFO]: #  Run the Step: 26|主生产计划|CLICK|主生产计划-selBOM配方2
2020-08-04 21:03:25,264 [INFO]: #  --- success ---
2020-08-04 21:03:25,465 [INFO]: #  Run the Step: 27|主生产计划|CLICK|主生产计划-btnBOM配方-确定
2020-08-04 21:03:26,561 [INFO]: #  --- success ---
2020-08-04 21:03:26,762 [INFO]: #  --- success ---
2020-08-04 21:03:26,962 [INFO]: #  Run the Step: 2|主生产计划|CLICK|通用-btn直接提交
2020-08-04 21:03:27,634 [INFO]: #  --- success ---
2020-08-04 21:03:27,835 [INFO]: #  Run the Step: 3|主生产计划|CLICK|通用-btn直接提交-确定
2020-08-04 21:03:28,684 [INFO]: #  --- success ---
2020-08-04 21:03:28,885 [INFO]: #  Run the Step: 4|主生产计划|CHECK|主生产计划-lab状态#已提交
2020-08-04 21:03:29,525 [INFO]: #  DATA:'已提交'
2020-08-04 21:03:29,526 [INFO]: #  REAL:'已提交'
2020-08-04 21:03:29,527 [INFO]: #  --- success ---
2020-08-04 21:03:29,727 [INFO]: #  Run the Step: 5|主生产计划|CLICK|通用-btn审核
2020-08-04 21:03:30,559 [INFO]: #  --- success ---
2020-08-04 21:03:30,761 [INFO]: #  Run the Step: 6|主生产计划|CLICK|通用-sel审核-不通过
2020-08-04 21:03:41,964 [INFO]: #  --- success ---
2020-08-04 21:03:42,166 [INFO]: #  Run the Step: 7|主生产计划|CLICK|通用-btn审核-确定
2020-08-04 21:03:59,267 [ERROR]: #  +++ failure +++
Traceback (most recent call last):
  File "daitest\testcase.py", line 137, in run
  File "daitest\keywords\web.py", line 178, in click
  File "site-packages\selenium\webdriver\remote\webelement.py", line 80, in click
  File "site-packages\selenium\webdriver\remote\webelement.py", line 633, in _execute
  File "site-packages\selenium\webdriver\remote\webdriver.py", line 321, in execute
  File "site-packages\selenium\webdriver\remote\errorhandler.py", line 242, in check_response
selenium.common.exceptions.StaleElementReferenceException: Message: stale element reference: element is not attached to the page document
  (Session info: chrome=84.0.4147.105)
  (Driver info: chromedriver=2.44.609538 (b655c5a60b0b544917107a59d4153d4bf78e1b90),platform=Windows NT 6.1.7601 SP1 x86_64)

2020-08-04 21:04:01,486 [INFO]: #  --- Quit th Driver: Chrome
2020-08-04 21:06:45,896 [INFO]: #  From Excel import testsuite success
2020-08-04 21:06:49,068 [INFO]: #  --------------------------------------------------
2020-08-04 21:06:49,078 [INFO]: #  >>> Run the TestCase: HOME_001|打开云塑ERP
2020-08-04 21:06:49,078 [INFO]: #  Run the Step: 1|通用|OPEN|通用-首页链接
2020-08-04 21:06:51,820 [INFO]: #  --- success ---
2020-08-04 21:06:52,030 [INFO]: #  Run the Step: 2|通用|CHECK|通用-页面title
2020-08-04 21:06:52,030 [INFO]: #  DATA:'云塑 企业资源计划管理系统'
2020-08-04 21:06:52,030 [INFO]: #  REAL:'云塑 企业资源计划管理系统'
2020-08-04 21:06:52,040 [INFO]: #  --- success ---
2020-08-04 21:06:52,240 [INFO]: #  --------------------------------------------------
2020-08-04 21:06:52,240 [INFO]: #  >>> Run the TestCase: Login_001|登录
2020-08-04 21:06:52,241 [INFO]: #  Run the Step: 1|登录页面|INPUT|登录页面-账号输入框
2020-08-04 21:06:53,008 [INFO]: #  --- success ---
2020-08-04 21:06:53,208 [INFO]: #  Run the Step: 2|登录页面|INPUT|登录页面-密码输入框
2020-08-04 21:06:54,086 [INFO]: #  --- success ---
2020-08-04 21:06:54,293 [INFO]: #  Run the Step: 3|登录页面|CLICK|登录页面-确定按钮
2020-08-04 21:06:54,962 [INFO]: #  --- success ---
2020-08-04 21:06:55,163 [INFO]: #  Run the Step: 4|登录页面|CHECK|通用-页面加载校验
2020-08-04 21:06:56,916 [INFO]: #  DATA:'欢迎进入 云塑企业资源计划管理系统'
2020-08-04 21:06:56,917 [INFO]: #  REAL:'欢迎进入 云塑企业资源计划管理系统'
2020-08-04 21:06:56,919 [INFO]: #  --- success ---
2020-08-04 21:06:57,120 [INFO]: #  ==================================================
2020-08-04 21:06:57,120 [INFO]: #  ...No SETUP testcase need to run...
2020-08-04 21:06:57,122 [INFO]: #  --------------------------------------------------
2020-08-04 21:06:57,124 [INFO]: #  >>> Run the TestCase: CQ_001|编辑
2020-08-04 21:06:57,126 [INFO]: #  Run the Step: 1|用例片段|EXECUTE|CQ_003
2020-08-04 21:06:57,129 [INFO]: #  >>> Run the TestCase: CQ_003|新增主生产计划
2020-08-04 21:06:57,130 [INFO]: #  Run the Step: 1|登录页面|CLICK|通用-左侧栏一级菜单#计划管理
2020-08-04 21:06:57,910 [INFO]: #  --- success ---
2020-08-04 21:06:58,111 [INFO]: #  Run the Step: 2|登录页面|CLICK|通用-左侧栏二级菜单#主生产计划
2020-08-04 21:06:59,415 [INFO]: #  --- success ---
2020-08-04 21:06:59,615 [INFO]: #  Run the Step: 3|登录页面|CLICK|通用-左侧栏一级菜单#计划管理
2020-08-04 21:07:00,374 [INFO]: #  --- success ---
2020-08-04 21:07:00,579 [INFO]: #  Run the Step: 4|主生产计划|CLICK|主生产计划-btn新增
2020-08-04 21:07:01,525 [INFO]: #  --- success ---
2020-08-04 21:07:01,726 [INFO]: #  Run the Step: 5|主生产计划|CHECK|主生产计划-lab状态#未定义
2020-08-04 21:07:01,805 [INFO]: #  DATA:'未定义'
2020-08-04 21:07:01,806 [INFO]: #  REAL:'未定义'
2020-08-04 21:07:01,807 [INFO]: #  --- success ---
2020-08-04 21:07:02,007 [INFO]: #  Run the Step: 6|主生产计划|CLICK|主生产计划-sel计划时间范围
2020-08-04 21:07:02,730 [INFO]: #  --- success ---
2020-08-04 21:07:02,931 [INFO]: #  Run the Step: 7|主生产计划|INPUT|主生产计划-val开始时间
2020-08-04 21:07:03,706 [INFO]: #  --- success ---
2020-08-04 21:07:03,907 [INFO]: #  Run the Step: 8|主生产计划|INPUT|主生产计划-val结束时间
2020-08-04 21:07:04,731 [INFO]: #  --- success ---
2020-08-04 21:07:04,931 [INFO]: #  Run the Step: 9|主生产计划|CLICK|主生产计划-sel计划部门
2020-08-04 21:07:05,676 [INFO]: #  --- success ---
2020-08-04 21:07:05,876 [INFO]: #  Run the Step: 10|主生产计划|CLICK|主生产计划-val计划部门-办公室
2020-08-04 21:07:06,599 [INFO]: #  --- success ---
2020-08-04 21:07:06,800 [INFO]: #  Run the Step: 11|主生产计划|CLICK|主生产计划-sel计划人员
2020-08-04 21:07:07,477 [INFO]: #  --- success ---
2020-08-04 21:07:07,678 [INFO]: #  Run the Step: 12|主生产计划|CLICK|主生产计划-val计划人员-周文杰
2020-08-04 21:07:08,385 [INFO]: #  --- success ---
2020-08-04 21:07:08,586 [INFO]: #  Run the Step: 13|主生产计划|CLICK|主生产计划-btn从需求订单中选择物料
2020-08-04 21:07:09,443 [INFO]: #  --- success ---
2020-08-04 21:07:09,644 [INFO]: #  Run the Step: 14|主生产计划|CLICK|主生产计划-btn多选1
2020-08-04 21:07:20,770 [INFO]: #  --- success ---
2020-08-04 21:07:20,971 [INFO]: #  Run the Step: 15|主生产计划|CLICK|主生产计划-btn多选2
2020-08-04 21:07:32,115 [INFO]: #  --- success ---
2020-08-04 21:07:32,328 [INFO]: #  Run the Step: 16|主生产计划|CLICK|主生产计划-btn选择需求订单-确定
2020-08-04 21:07:33,372 [INFO]: #  --- success ---
2020-08-04 21:07:33,573 [INFO]: #  Run the Step: 17|主生产计划|CLICK|主生产计划-sel库存透视1
2020-08-04 21:07:34,301 [INFO]: #  --- success ---
2020-08-04 21:07:34,502 [INFO]: #  Run the Step: 18|主生产计划|CLICK|主生产计划-val库存透视1-注塑成品合格库位(合格 / 0)
2020-08-04 21:07:35,542 [INFO]: #  --- success ---
2020-08-04 21:07:35,743 [INFO]: #  Run the Step: 19|主生产计划|CLICK|主生产计划-sel库存透视1
2020-08-04 21:07:36,370 [INFO]: #  --- success ---
2020-08-04 21:07:36,574 [INFO]: #  Run the Step: 20|主生产计划|CHECK|主生产计划-val净需求量#5000.000
2020-08-04 21:07:36,667 [INFO]: #  DATA:'5000.000'
2020-08-04 21:07:36,668 [INFO]: #  REAL:'5000.000'
2020-08-04 21:07:36,669 [INFO]: #  --- success ---
2020-08-04 21:07:36,869 [INFO]: #  Run the Step: 21|主生产计划|CLICK|主生产计划-selBOM配方1
2020-08-04 21:07:37,956 [INFO]: #  --- success ---
2020-08-04 21:07:38,156 [INFO]: #  Run the Step: 22|主生产计划|CLICK|主生产计划-btnBOM配方-确定
2020-08-04 21:07:39,240 [INFO]: #  --- success ---
2020-08-04 21:07:39,440 [INFO]: #  Run the Step: 23|主生产计划|CLICK|主生产计划-sel库存透视2
2020-08-04 21:07:40,172 [INFO]: #  --- success ---
2020-08-04 21:07:40,373 [INFO]: #  Run the Step: 24|主生产计划|CLICK|主生产计划-val库存透视2-B2成品待处理库位(待处理 / 0)
2020-08-04 21:07:41,355 [INFO]: #  --- success ---
2020-08-04 21:07:41,556 [INFO]: #  Run the Step: 25|主生产计划|CHECK|主生产计划-val净需求量2#1000.000
2020-08-04 21:07:41,642 [INFO]: #  DATA:'1000.000'
2020-08-04 21:07:41,642 [INFO]: #  REAL:'1000.000'
2020-08-04 21:07:41,643 [INFO]: #  --- success ---
2020-08-04 21:07:41,844 [INFO]: #  Run the Step: 26|主生产计划|CLICK|主生产计划-selBOM配方2
2020-08-04 21:07:42,881 [INFO]: #  --- success ---
2020-08-04 21:07:43,082 [INFO]: #  Run the Step: 27|主生产计划|CLICK|主生产计划-btnBOM配方-确定
2020-08-04 21:07:43,986 [INFO]: #  --- success ---
2020-08-04 21:07:44,188 [INFO]: #  --- success ---
2020-08-04 21:07:44,389 [INFO]: #  Run the Step: 2|主生产计划|CLICK|通用-btn直接提交
2020-08-04 21:07:45,053 [INFO]: #  --- success ---
2020-08-04 21:07:45,253 [INFO]: #  Run the Step: 3|主生产计划|CLICK|通用-btn直接提交-确定
2020-08-04 21:07:46,133 [INFO]: #  --- success ---
2020-08-04 21:07:46,334 [INFO]: #  Run the Step: 4|主生产计划|CHECK|主生产计划-lab状态#已提交
2020-08-04 21:07:46,877 [INFO]: #  DATA:'已提交'
2020-08-04 21:07:46,879 [INFO]: #  REAL:'已提交'
2020-08-04 21:07:46,881 [INFO]: #  --- success ---
2020-08-04 21:07:47,082 [INFO]: #  Run the Step: 5|主生产计划|CLICK|通用-btn审核
2020-08-04 21:07:47,882 [INFO]: #  --- success ---
2020-08-04 21:07:48,082 [INFO]: #  Run the Step: 6|主生产计划|CLICK|通用-sel审核-不通过
2020-08-04 21:07:59,248 [INFO]: #  --- success ---
2020-08-04 21:07:59,448 [INFO]: #  Run the Step: 7|主生产计划|CLICK|通用-btn审核-确定
2020-08-04 21:08:20,276 [ERROR]: #  +++ failure +++
Traceback (most recent call last):
  File "daitest\testcase.py", line 137, in run
  File "daitest\keywords\web.py", line 178, in click
  File "site-packages\selenium\webdriver\remote\webelement.py", line 80, in click
  File "site-packages\selenium\webdriver\remote\webelement.py", line 633, in _execute
  File "site-packages\selenium\webdriver\remote\webdriver.py", line 321, in execute
  File "site-packages\selenium\webdriver\remote\errorhandler.py", line 242, in check_response
selenium.common.exceptions.ElementNotVisibleException: Message: element not interactable
  (Session info: chrome=84.0.4147.105)
  (Driver info: chromedriver=2.44.609538 (b655c5a60b0b544917107a59d4153d4bf78e1b90),platform=Windows NT 6.1.7601 SP1 x86_64)

2020-08-04 21:08:22,506 [INFO]: #  --- Quit th Driver: Chrome
2020-08-04 21:46:19,999 [INFO]: #  From Excel import testsuite success
2020-08-04 21:46:22,647 [INFO]: #  --------------------------------------------------
2020-08-04 21:46:22,647 [INFO]: #  >>> Run the TestCase: HOME_001|打开云塑ERP
2020-08-04 21:46:22,648 [INFO]: #  Run the Step: 1|通用|OPEN|通用-首页链接
2020-08-04 21:46:25,960 [INFO]: #  --- success ---
2020-08-04 21:46:26,161 [INFO]: #  Run the Step: 2|通用|CHECK|通用-页面title
2020-08-04 21:46:26,166 [INFO]: #  DATA:'云塑 企业资源计划管理系统'
2020-08-04 21:46:26,187 [INFO]: #  REAL:'云塑 企业资源计划管理系统'
2020-08-04 21:46:26,204 [INFO]: #  --- success ---
2020-08-04 21:46:26,407 [INFO]: #  --------------------------------------------------
2020-08-04 21:46:26,407 [INFO]: #  >>> Run the TestCase: Login_001|登录
2020-08-04 21:46:26,407 [INFO]: #  Run the Step: 1|登录页面|INPUT|登录页面-账号输入框
2020-08-04 21:46:27,198 [INFO]: #  --- success ---
2020-08-04 21:46:27,407 [INFO]: #  Run the Step: 2|登录页面|INPUT|登录页面-密码输入框
2020-08-04 21:46:28,242 [INFO]: #  --- success ---
2020-08-04 21:46:28,448 [INFO]: #  Run the Step: 3|登录页面|CLICK|登录页面-确定按钮
2020-08-04 21:46:29,140 [INFO]: #  --- success ---
2020-08-04 21:46:29,341 [INFO]: #  Run the Step: 4|登录页面|CHECK|通用-页面加载校验
2020-08-04 21:46:30,814 [INFO]: #  DATA:'欢迎进入 云塑企业资源计划管理系统'
2020-08-04 21:46:30,816 [INFO]: #  REAL:'欢迎进入 云塑企业资源计划管理系统'
2020-08-04 21:46:30,818 [INFO]: #  --- success ---
2020-08-04 21:46:31,018 [INFO]: #  ==================================================
2020-08-04 21:46:31,019 [INFO]: #  ...No SETUP testcase need to run...
2020-08-04 21:46:31,021 [INFO]: #  --------------------------------------------------
2020-08-04 21:46:31,022 [INFO]: #  >>> Run the TestCase: CQ_001|编辑
2020-08-04 21:46:31,024 [INFO]: #  Run the Step: 1|用例片段|EXECUTE|CQ_003
2020-08-04 21:46:31,031 [INFO]: #  >>> Run the TestCase: CQ_003|新增主生产计划
2020-08-04 21:46:31,033 [INFO]: #  Run the Step: 1|登录页面|CLICK|通用-左侧栏一级菜单#计划管理
2020-08-04 21:46:31,759 [INFO]: #  --- success ---
2020-08-04 21:46:31,960 [INFO]: #  Run the Step: 2|登录页面|CLICK|通用-左侧栏二级菜单#主生产计划
2020-08-04 21:46:32,980 [INFO]: #  --- success ---
2020-08-04 21:46:33,181 [INFO]: #  Run the Step: 3|登录页面|CLICK|通用-左侧栏一级菜单#计划管理
2020-08-04 21:46:33,889 [INFO]: #  --- success ---
2020-08-04 21:46:34,090 [INFO]: #  Run the Step: 4|主生产计划|CLICK|主生产计划-btn新增
2020-08-04 21:46:35,046 [INFO]: #  --- success ---
2020-08-04 21:46:35,247 [INFO]: #  Run the Step: 5|主生产计划|CHECK|主生产计划-lab状态#未定义
2020-08-04 21:46:35,314 [INFO]: #  DATA:'未定义'
2020-08-04 21:46:35,315 [INFO]: #  REAL:'未定义'
2020-08-04 21:46:35,316 [INFO]: #  --- success ---
2020-08-04 21:46:35,517 [INFO]: #  Run the Step: 6|主生产计划|CLICK|主生产计划-sel计划时间范围
2020-08-04 21:46:36,267 [INFO]: #  --- success ---
2020-08-04 21:46:36,469 [INFO]: #  Run the Step: 7|主生产计划|INPUT|主生产计划-val开始时间
2020-08-04 21:46:37,269 [INFO]: #  --- success ---
2020-08-04 21:46:37,470 [INFO]: #  Run the Step: 8|主生产计划|INPUT|主生产计划-val结束时间
2020-08-04 21:46:38,289 [INFO]: #  --- success ---
2020-08-04 21:46:38,490 [INFO]: #  Run the Step: 9|主生产计划|CLICK|主生产计划-sel计划部门
2020-08-04 21:46:39,246 [INFO]: #  --- success ---
2020-08-04 21:46:39,447 [INFO]: #  Run the Step: 10|主生产计划|CLICK|主生产计划-val计划部门-办公室
2020-08-04 21:46:40,149 [INFO]: #  --- success ---
2020-08-04 21:46:40,350 [INFO]: #  Run the Step: 11|主生产计划|CLICK|主生产计划-sel计划人员
2020-08-04 21:46:41,020 [INFO]: #  --- success ---
2020-08-04 21:46:41,220 [INFO]: #  Run the Step: 12|主生产计划|CLICK|主生产计划-val计划人员-周文杰
2020-08-04 21:46:41,935 [INFO]: #  --- success ---
2020-08-04 21:46:42,136 [INFO]: #  Run the Step: 13|主生产计划|CLICK|主生产计划-btn从需求订单中选择物料
2020-08-04 21:46:42,972 [INFO]: #  --- success ---
2020-08-04 21:46:43,172 [INFO]: #  Run the Step: 14|主生产计划|CLICK|主生产计划-btn多选1
2020-08-04 21:46:54,011 [INFO]: #  --- success ---
2020-08-04 21:46:54,212 [INFO]: #  Run the Step: 15|主生产计划|CLICK|主生产计划-btn多选2
2020-08-04 21:47:05,057 [INFO]: #  --- success ---
2020-08-04 21:47:05,260 [INFO]: #  Run the Step: 16|主生产计划|CLICK|主生产计划-btn选择需求订单-确定
2020-08-04 21:47:06,230 [INFO]: #  --- success ---
2020-08-04 21:47:06,432 [INFO]: #  Run the Step: 17|主生产计划|CLICK|主生产计划-sel库存透视1
2020-08-04 21:47:07,158 [INFO]: #  --- success ---
2020-08-04 21:47:07,360 [INFO]: #  Run the Step: 18|主生产计划|CLICK|主生产计划-val库存透视1-注塑成品合格库位(合格 / 0)
2020-08-04 21:47:08,389 [INFO]: #  --- success ---
2020-08-04 21:47:08,590 [INFO]: #  Run the Step: 19|主生产计划|CLICK|主生产计划-sel库存透视1
2020-08-04 21:47:09,248 [INFO]: #  --- success ---
2020-08-04 21:47:09,449 [INFO]: #  Run the Step: 20|主生产计划|CHECK|主生产计划-val净需求量#5000.000
2020-08-04 21:47:09,556 [INFO]: #  DATA:'5000.000'
2020-08-04 21:47:09,557 [INFO]: #  REAL:'5000.000'
2020-08-04 21:47:09,558 [INFO]: #  --- success ---
2020-08-04 21:47:09,758 [INFO]: #  Run the Step: 21|主生产计划|CLICK|主生产计划-selBOM配方1
2020-08-04 21:47:10,809 [INFO]: #  --- success ---
2020-08-04 21:47:11,009 [INFO]: #  Run the Step: 22|主生产计划|CLICK|主生产计划-btnBOM配方-确定
2020-08-04 21:47:12,004 [INFO]: #  --- success ---
2020-08-04 21:47:12,206 [INFO]: #  Run the Step: 23|主生产计划|CLICK|主生产计划-sel库存透视2
2020-08-04 21:47:12,967 [INFO]: #  --- success ---
2020-08-04 21:47:13,169 [INFO]: #  Run the Step: 24|主生产计划|CLICK|主生产计划-val库存透视2-B2成品待处理库位(待处理 / 0)
2020-08-04 21:47:14,202 [INFO]: #  --- success ---
2020-08-04 21:47:14,403 [INFO]: #  Run the Step: 25|主生产计划|CHECK|主生产计划-val净需求量2#1000.000
2020-08-04 21:47:14,493 [INFO]: #  DATA:'1000.000'
2020-08-04 21:47:14,493 [INFO]: #  REAL:'1000.000'
2020-08-04 21:47:14,494 [INFO]: #  --- success ---
2020-08-04 21:47:14,695 [INFO]: #  Run the Step: 26|主生产计划|CLICK|主生产计划-selBOM配方2
2020-08-04 21:47:15,722 [INFO]: #  --- success ---
2020-08-04 21:47:15,922 [INFO]: #  Run the Step: 27|主生产计划|CLICK|主生产计划-btnBOM配方-确定
2020-08-04 21:47:16,888 [INFO]: #  --- success ---
2020-08-04 21:47:17,090 [INFO]: #  --- success ---
2020-08-04 21:47:17,292 [INFO]: #  Run the Step: 2|主生产计划|CLICK|通用-btn直接提交
2020-08-04 21:47:17,972 [INFO]: #  --- success ---
2020-08-04 21:47:18,174 [INFO]: #  Run the Step: 3|主生产计划|CLICK|通用-btn直接提交-确定
2020-08-04 21:47:18,989 [INFO]: #  --- success ---
2020-08-04 21:47:19,190 [INFO]: #  Run the Step: 4|主生产计划|CHECK|主生产计划-lab状态#已提交
2020-08-04 21:47:19,624 [INFO]: #  DATA:'已提交'
2020-08-04 21:47:19,625 [INFO]: #  REAL:'已提交'
2020-08-04 21:47:19,628 [INFO]: #  --- success ---
2020-08-04 21:47:19,830 [INFO]: #  Run the Step: 5|主生产计划|CLICK|通用-btn审核
2020-08-04 21:47:20,619 [INFO]: #  --- success ---
2020-08-04 21:47:20,819 [INFO]: #  Run the Step: 6|主生产计划|CLICK|通用-sel审核-不通过
2020-08-04 21:47:31,762 [INFO]: #  --- success ---
2020-08-04 21:47:31,963 [INFO]: #  Run the Step: 7|主生产计划|CLICK|通用-btn审核-确定
2020-08-04 21:47:58,484 [ERROR]: #  +++ failure +++
Traceback (most recent call last):
  File "daitest\locator.py", line 32, in locating_element
  File "site-packages\selenium\webdriver\support\wait.py", line 80, in until
selenium.common.exceptions.TimeoutException: Message: 


During handling of the above exception, another exception occurred:

Traceback (most recent call last):
  File "daitest\locator.py", line 37, in locating_element
  File "site-packages\selenium\webdriver\support\wait.py", line 80, in until
selenium.common.exceptions.TimeoutException: Message: 


During handling of the above exception, another exception occurred:

Traceback (most recent call last):
  File "daitest\testcase.py", line 137, in run
  File "daitest\keywords\web.py", line 175, in click
  File "daitest\locator.py", line 40, in locating_element
Exception: Locating the element:通用-btn审核-确定 is Failure: Timeout
2020-08-04 21:48:00,712 [INFO]: #  --- Quit th Driver: Chrome
2020-08-04 21:51:04,527 [INFO]: #  From Excel import testsuite success
2020-08-04 21:51:07,158 [INFO]: #  --------------------------------------------------
2020-08-04 21:51:07,159 [INFO]: #  >>> Run the TestCase: HOME_001|打开云塑ERP
2020-08-04 21:51:07,160 [INFO]: #  Run the Step: 1|通用|OPEN|通用-首页链接
2020-08-04 21:51:09,983 [INFO]: #  --- success ---
2020-08-04 21:51:10,184 [INFO]: #  Run the Step: 2|通用|CHECK|通用-页面title
2020-08-04 21:51:10,186 [INFO]: #  DATA:'云塑 企业资源计划管理系统'
2020-08-04 21:51:10,195 [INFO]: #  REAL:'云塑 企业资源计划管理系统'
2020-08-04 21:51:10,206 [INFO]: #  --- success ---
2020-08-04 21:51:10,407 [INFO]: #  --------------------------------------------------
2020-08-04 21:51:10,410 [INFO]: #  >>> Run the TestCase: Login_001|登录
2020-08-04 21:51:10,412 [INFO]: #  Run the Step: 1|登录页面|INPUT|登录页面-账号输入框
2020-08-04 21:51:11,177 [INFO]: #  --- success ---
2020-08-04 21:51:11,383 [INFO]: #  Run the Step: 2|登录页面|INPUT|登录页面-密码输入框
2020-08-04 21:51:12,228 [INFO]: #  --- success ---
2020-08-04 21:51:12,432 [INFO]: #  Run the Step: 3|登录页面|CLICK|登录页面-确定按钮
2020-08-04 21:51:13,086 [INFO]: #  --- success ---
2020-08-04 21:51:13,287 [INFO]: #  Run the Step: 4|登录页面|CHECK|通用-页面加载校验
2020-08-04 21:51:15,125 [INFO]: #  DATA:'欢迎进入 云塑企业资源计划管理系统'
2020-08-04 21:51:15,126 [INFO]: #  REAL:'欢迎进入 云塑企业资源计划管理系统'
2020-08-04 21:51:15,128 [INFO]: #  --- success ---
2020-08-04 21:51:15,329 [INFO]: #  ==================================================
2020-08-04 21:51:15,329 [INFO]: #  ...No SETUP testcase need to run...
2020-08-04 21:51:15,331 [INFO]: #  --------------------------------------------------
2020-08-04 21:51:15,332 [INFO]: #  >>> Run the TestCase: CQ_001|编辑
2020-08-04 21:51:15,334 [INFO]: #  Run the Step: 1|用例片段|EXECUTE|CQ_003
2020-08-04 21:51:15,338 [INFO]: #  >>> Run the TestCase: CQ_003|新增主生产计划
2020-08-04 21:51:15,339 [INFO]: #  Run the Step: 1|登录页面|CLICK|通用-左侧栏一级菜单#计划管理
2020-08-04 21:51:16,076 [INFO]: #  --- success ---
2020-08-04 21:51:16,276 [INFO]: #  Run the Step: 2|登录页面|CLICK|通用-左侧栏二级菜单#主生产计划
2020-08-04 21:51:17,440 [INFO]: #  --- success ---
2020-08-04 21:51:17,641 [INFO]: #  Run the Step: 3|登录页面|CLICK|通用-左侧栏一级菜单#计划管理
2020-08-04 21:51:18,345 [INFO]: #  --- success ---
2020-08-04 21:51:18,547 [INFO]: #  Run the Step: 4|主生产计划|CLICK|主生产计划-btn新增
2020-08-04 21:51:19,434 [INFO]: #  --- success ---
2020-08-04 21:51:19,636 [INFO]: #  Run the Step: 5|主生产计划|CHECK|主生产计划-lab状态#未定义
2020-08-04 21:51:19,731 [INFO]: #  DATA:'未定义'
2020-08-04 21:51:19,732 [INFO]: #  REAL:'未定义'
2020-08-04 21:51:19,733 [INFO]: #  --- success ---
2020-08-04 21:51:19,934 [INFO]: #  Run the Step: 6|主生产计划|CLICK|主生产计划-sel计划时间范围
2020-08-04 21:51:20,679 [INFO]: #  --- success ---
2020-08-04 21:51:20,880 [INFO]: #  Run the Step: 7|主生产计划|INPUT|主生产计划-val开始时间
2020-08-04 21:51:21,657 [INFO]: #  --- success ---
2020-08-04 21:51:21,859 [INFO]: #  Run the Step: 8|主生产计划|INPUT|主生产计划-val结束时间
2020-08-04 21:51:22,748 [INFO]: #  --- success ---
2020-08-04 21:51:22,961 [INFO]: #  Run the Step: 9|主生产计划|CLICK|主生产计划-sel计划部门
2020-08-04 21:51:23,761 [INFO]: #  --- success ---
2020-08-04 21:51:23,961 [INFO]: #  Run the Step: 10|主生产计划|CLICK|主生产计划-val计划部门-办公室
2020-08-04 21:51:24,678 [INFO]: #  --- success ---
2020-08-04 21:51:24,879 [INFO]: #  Run the Step: 11|主生产计划|CLICK|主生产计划-sel计划人员
2020-08-04 21:51:25,637 [INFO]: #  --- success ---
2020-08-04 21:51:25,838 [INFO]: #  Run the Step: 12|主生产计划|CLICK|主生产计划-val计划人员-周文杰
2020-08-04 21:51:26,591 [INFO]: #  --- success ---
2020-08-04 21:51:26,791 [INFO]: #  Run the Step: 13|主生产计划|CLICK|主生产计划-btn从需求订单中选择物料
2020-08-04 21:51:27,620 [INFO]: #  --- success ---
2020-08-04 21:51:27,821 [INFO]: #  Run the Step: 14|主生产计划|CLICK|主生产计划-btn多选1
2020-08-04 21:51:38,490 [INFO]: #  --- success ---
2020-08-04 21:51:38,692 [INFO]: #  Run the Step: 15|主生产计划|CLICK|主生产计划-btn多选2
2020-08-04 21:51:49,499 [INFO]: #  --- success ---
2020-08-04 21:51:49,699 [INFO]: #  Run the Step: 16|主生产计划|CLICK|主生产计划-btn选择需求订单-确定
2020-08-04 21:51:50,736 [INFO]: #  --- success ---
2020-08-04 21:51:50,937 [INFO]: #  Run the Step: 17|主生产计划|CLICK|主生产计划-sel库存透视1
2020-08-04 21:51:51,664 [INFO]: #  --- success ---
2020-08-04 21:51:51,866 [INFO]: #  Run the Step: 18|主生产计划|CLICK|主生产计划-val库存透视1-注塑成品合格库位(合格 / 0)
2020-08-04 21:51:52,830 [INFO]: #  --- success ---
2020-08-04 21:51:53,031 [INFO]: #  Run the Step: 19|主生产计划|CLICK|主生产计划-sel库存透视1
2020-08-04 21:51:53,684 [INFO]: #  --- success ---
2020-08-04 21:51:53,885 [INFO]: #  Run the Step: 20|主生产计划|CHECK|主生产计划-val净需求量#5000.000
2020-08-04 21:51:53,985 [INFO]: #  DATA:'5000.000'
2020-08-04 21:51:53,986 [INFO]: #  REAL:'5000.000'
2020-08-04 21:51:53,987 [INFO]: #  --- success ---
2020-08-04 21:51:54,187 [INFO]: #  Run the Step: 21|主生产计划|CLICK|主生产计划-selBOM配方1
2020-08-04 21:51:55,264 [INFO]: #  --- success ---
2020-08-04 21:51:55,469 [INFO]: #  Run the Step: 22|主生产计划|CLICK|主生产计划-btnBOM配方-确定
2020-08-04 21:51:56,710 [INFO]: #  --- success ---
2020-08-04 21:51:56,912 [INFO]: #  Run the Step: 23|主生产计划|CLICK|主生产计划-sel库存透视2
2020-08-04 21:51:57,695 [INFO]: #  --- success ---
2020-08-04 21:51:57,895 [INFO]: #  Run the Step: 24|主生产计划|CLICK|主生产计划-val库存透视2-B2成品待处理库位(待处理 / 0)
2020-08-04 21:51:58,885 [INFO]: #  --- success ---
2020-08-04 21:51:59,085 [INFO]: #  Run the Step: 25|主生产计划|CHECK|主生产计划-val净需求量2#1000.000
2020-08-04 21:51:59,167 [INFO]: #  DATA:'1000.000'
2020-08-04 21:51:59,168 [INFO]: #  REAL:'1000.000'
2020-08-04 21:51:59,169 [INFO]: #  --- success ---
2020-08-04 21:51:59,369 [INFO]: #  Run the Step: 26|主生产计划|CLICK|主生产计划-selBOM配方2
2020-08-04 21:52:00,417 [INFO]: #  --- success ---
2020-08-04 21:52:00,618 [INFO]: #  Run the Step: 27|主生产计划|CLICK|主生产计划-btnBOM配方-确定
2020-08-04 21:52:01,542 [INFO]: #  --- success ---
2020-08-04 21:52:01,742 [INFO]: #  --- success ---
2020-08-04 21:52:01,942 [INFO]: #  Run the Step: 2|主生产计划|CLICK|通用-btn直接提交
2020-08-04 21:52:02,633 [INFO]: #  --- success ---
2020-08-04 21:52:02,833 [INFO]: #  Run the Step: 3|主生产计划|CLICK|通用-btn直接提交-确定
2020-08-04 21:52:03,766 [INFO]: #  --- success ---
2020-08-04 21:52:03,970 [INFO]: #  Run the Step: 4|主生产计划|CHECK|主生产计划-lab状态#已提交
2020-08-04 21:52:04,732 [INFO]: #  DATA:'已提交'
2020-08-04 21:52:04,733 [INFO]: #  REAL:'已提交'
2020-08-04 21:52:04,734 [INFO]: #  --- success ---
2020-08-04 21:52:04,935 [INFO]: #  Run the Step: 5|主生产计划|CLICK|通用-btn审核
2020-08-04 21:52:05,779 [INFO]: #  --- success ---
2020-08-04 21:52:05,981 [INFO]: #  Run the Step: 6|主生产计划|CLICK|通用-sel审核-不通过
2020-08-04 21:52:16,834 [INFO]: #  --- success ---
2020-08-04 21:52:17,035 [INFO]: #  Run the Step: 7|主生产计划|CLICK|通用-btn确定
2020-08-04 21:52:38,101 [ERROR]: #  +++ failure +++
Traceback (most recent call last):
  File "daitest\testcase.py", line 137, in run
  File "daitest\keywords\web.py", line 178, in click
  File "site-packages\selenium\webdriver\remote\webelement.py", line 80, in click
  File "site-packages\selenium\webdriver\remote\webelement.py", line 633, in _execute
  File "site-packages\selenium\webdriver\remote\webdriver.py", line 321, in execute
  File "site-packages\selenium\webdriver\remote\errorhandler.py", line 242, in check_response
selenium.common.exceptions.ElementNotVisibleException: Message: element not interactable
  (Session info: chrome=84.0.4147.105)
  (Driver info: chromedriver=2.44.609538 (b655c5a60b0b544917107a59d4153d4bf78e1b90),platform=Windows NT 6.1.7601 SP1 x86_64)

2020-08-04 21:52:40,347 [INFO]: #  --- Quit th Driver: Chrome
2020-08-04 21:53:44,735 [INFO]: #  From Excel import testsuite success
2020-08-04 21:53:47,303 [INFO]: #  --------------------------------------------------
2020-08-04 21:53:47,303 [INFO]: #  >>> Run the TestCase: HOME_001|打开云塑ERP
2020-08-04 21:53:47,303 [INFO]: #  Run the Step: 1|通用|OPEN|通用-首页链接
2020-08-04 21:53:50,050 [INFO]: #  --- success ---
2020-08-04 21:53:50,250 [INFO]: #  Run the Step: 2|通用|CHECK|通用-页面title
2020-08-04 21:53:50,253 [INFO]: #  DATA:'云塑 企业资源计划管理系统'
2020-08-04 21:53:50,300 [INFO]: #  REAL:'云塑 企业资源计划管理系统'
2020-08-04 21:53:50,320 [INFO]: #  --- success ---
2020-08-04 21:53:50,520 [INFO]: #  --------------------------------------------------
2020-08-04 21:53:50,520 [INFO]: #  >>> Run the TestCase: Login_001|登录
2020-08-04 21:53:50,520 [INFO]: #  Run the Step: 1|登录页面|INPUT|登录页面-账号输入框
2020-08-04 21:53:51,303 [INFO]: #  --- success ---
2020-08-04 21:53:51,503 [INFO]: #  Run the Step: 2|登录页面|INPUT|登录页面-密码输入框
2020-08-04 21:53:52,385 [INFO]: #  --- success ---
2020-08-04 21:53:52,592 [INFO]: #  Run the Step: 3|登录页面|CLICK|登录页面-确定按钮
2020-08-04 21:53:53,266 [INFO]: #  --- success ---
2020-08-04 21:53:53,466 [INFO]: #  Run the Step: 4|登录页面|CHECK|通用-页面加载校验
2020-08-04 21:53:55,091 [INFO]: #  DATA:'欢迎进入 云塑企业资源计划管理系统'
2020-08-04 21:53:55,092 [INFO]: #  REAL:'欢迎进入 云塑企业资源计划管理系统'
2020-08-04 21:53:55,093 [INFO]: #  --- success ---
2020-08-04 21:53:55,294 [INFO]: #  ==================================================
2020-08-04 21:53:55,294 [INFO]: #  ...No SETUP testcase need to run...
2020-08-04 21:53:55,295 [INFO]: #  --------------------------------------------------
2020-08-04 21:53:55,297 [INFO]: #  >>> Run the TestCase: CQ_001|编辑
2020-08-04 21:53:55,298 [INFO]: #  Run the Step: 1|用例片段|EXECUTE|CQ_003
2020-08-04 21:53:55,304 [INFO]: #  >>> Run the TestCase: CQ_003|新增主生产计划
2020-08-04 21:53:55,305 [INFO]: #  Run the Step: 1|登录页面|CLICK|通用-左侧栏一级菜单#计划管理
2020-08-04 21:53:56,046 [INFO]: #  --- success ---
2020-08-04 21:53:56,247 [INFO]: #  Run the Step: 2|登录页面|CLICK|通用-左侧栏二级菜单#主生产计划
2020-08-04 21:53:57,347 [INFO]: #  --- success ---
2020-08-04 21:53:57,548 [INFO]: #  Run the Step: 3|登录页面|CLICK|通用-左侧栏一级菜单#计划管理
2020-08-04 21:53:58,221 [INFO]: #  --- success ---
2020-08-04 21:53:58,423 [INFO]: #  Run the Step: 4|主生产计划|CLICK|主生产计划-btn新增
2020-08-04 21:53:59,335 [INFO]: #  --- success ---
2020-08-04 21:53:59,536 [INFO]: #  Run the Step: 5|主生产计划|CHECK|主生产计划-lab状态#未定义
2020-08-04 21:53:59,648 [INFO]: #  DATA:'未定义'
2020-08-04 21:53:59,649 [INFO]: #  REAL:'未定义'
2020-08-04 21:53:59,651 [INFO]: #  --- success ---
2020-08-04 21:53:59,851 [INFO]: #  Run the Step: 6|主生产计划|CLICK|主生产计划-sel计划时间范围
2020-08-04 21:54:00,565 [INFO]: #  --- success ---
2020-08-04 21:54:00,766 [INFO]: #  Run the Step: 7|主生产计划|INPUT|主生产计划-val开始时间
2020-08-04 21:54:01,567 [INFO]: #  --- success ---
2020-08-04 21:54:01,770 [INFO]: #  Run the Step: 8|主生产计划|INPUT|主生产计划-val结束时间
2020-08-04 21:54:02,569 [INFO]: #  --- success ---
2020-08-04 21:54:02,770 [INFO]: #  Run the Step: 9|主生产计划|CLICK|主生产计划-sel计划部门
2020-08-04 21:54:03,512 [INFO]: #  --- success ---
2020-08-04 21:54:03,713 [INFO]: #  Run the Step: 10|主生产计划|CLICK|主生产计划-val计划部门-办公室
2020-08-04 21:54:04,439 [INFO]: #  --- success ---
2020-08-04 21:54:04,640 [INFO]: #  Run the Step: 11|主生产计划|CLICK|主生产计划-sel计划人员
2020-08-04 21:54:05,317 [INFO]: #  --- success ---
2020-08-04 21:54:05,518 [INFO]: #  Run the Step: 12|主生产计划|CLICK|主生产计划-val计划人员-周文杰
2020-08-04 21:54:06,233 [INFO]: #  --- success ---
2020-08-04 21:54:06,434 [INFO]: #  Run the Step: 13|主生产计划|CLICK|主生产计划-btn从需求订单中选择物料
2020-08-04 21:54:07,263 [INFO]: #  --- success ---
2020-08-04 21:54:07,464 [INFO]: #  Run the Step: 14|主生产计划|CLICK|主生产计划-btn多选1
2020-08-04 21:54:18,352 [INFO]: #  --- success ---
2020-08-04 21:54:18,553 [INFO]: #  Run the Step: 15|主生产计划|CLICK|主生产计划-btn多选2
2020-08-04 21:54:29,478 [INFO]: #  --- success ---
2020-08-04 21:54:29,679 [INFO]: #  Run the Step: 16|主生产计划|CLICK|主生产计划-btn选择需求订单-确定
2020-08-04 21:54:30,681 [INFO]: #  --- success ---
2020-08-04 21:54:30,882 [INFO]: #  Run the Step: 17|主生产计划|CLICK|主生产计划-sel库存透视1
2020-08-04 21:54:31,642 [INFO]: #  --- success ---
2020-08-04 21:54:31,844 [INFO]: #  Run the Step: 18|主生产计划|CLICK|主生产计划-val库存透视1-注塑成品合格库位(合格 / 0)
2020-08-04 21:54:32,821 [INFO]: #  --- success ---
2020-08-04 21:54:33,022 [INFO]: #  Run the Step: 19|主生产计划|CLICK|主生产计划-sel库存透视1
2020-08-04 21:54:33,718 [INFO]: #  --- success ---
2020-08-04 21:54:33,921 [INFO]: #  Run the Step: 20|主生产计划|CHECK|主生产计划-val净需求量#5000.000
2020-08-04 21:54:34,022 [INFO]: #  DATA:'5000.000'
2020-08-04 21:54:34,023 [INFO]: #  REAL:'5000.000'
2020-08-04 21:54:34,024 [INFO]: #  --- success ---
2020-08-04 21:54:34,224 [INFO]: #  Run the Step: 21|主生产计划|CLICK|主生产计划-selBOM配方1
2020-08-04 21:54:35,304 [INFO]: #  --- success ---
2020-08-04 21:54:35,505 [INFO]: #  Run the Step: 22|主生产计划|CLICK|主生产计划-btnBOM配方-确定
2020-08-04 21:54:36,545 [INFO]: #  --- success ---
2020-08-04 21:54:36,746 [INFO]: #  Run the Step: 23|主生产计划|CLICK|主生产计划-sel库存透视2
2020-08-04 21:54:37,522 [INFO]: #  --- success ---
2020-08-04 21:54:37,724 [INFO]: #  Run the Step: 24|主生产计划|CLICK|主生产计划-val库存透视2-B2成品待处理库位(待处理 / 0)
2020-08-04 21:54:38,694 [INFO]: #  --- success ---
2020-08-04 21:54:38,896 [INFO]: #  Run the Step: 25|主生产计划|CHECK|主生产计划-val净需求量2#1000.000
2020-08-04 21:54:38,988 [INFO]: #  DATA:'1000.000'
2020-08-04 21:54:38,988 [INFO]: #  REAL:'1000.000'
2020-08-04 21:54:38,989 [INFO]: #  --- success ---
2020-08-04 21:54:39,190 [INFO]: #  Run the Step: 26|主生产计划|CLICK|主生产计划-selBOM配方2
2020-08-04 21:54:40,264 [INFO]: #  --- success ---
2020-08-04 21:54:40,464 [INFO]: #  Run the Step: 27|主生产计划|CLICK|主生产计划-btnBOM配方-确定
2020-08-04 21:54:41,350 [INFO]: #  --- success ---
2020-08-04 21:54:41,551 [INFO]: #  --- success ---
2020-08-04 21:54:41,752 [INFO]: #  Run the Step: 2|主生产计划|CLICK|通用-btn直接提交
2020-08-04 21:54:42,432 [INFO]: #  --- success ---
2020-08-04 21:54:42,632 [INFO]: #  Run the Step: 3|主生产计划|CLICK|通用-btn直接提交-确定
2020-08-04 21:54:43,436 [INFO]: #  --- success ---
2020-08-04 21:54:43,638 [INFO]: #  Run the Step: 4|主生产计划|CHECK|主生产计划-lab状态#已提交
2020-08-04 21:54:44,109 [INFO]: #  DATA:'已提交'
2020-08-04 21:54:44,111 [INFO]: #  REAL:'已提交'
2020-08-04 21:54:44,113 [INFO]: #  --- success ---
2020-08-04 21:54:44,314 [INFO]: #  Run the Step: 5|主生产计划|CLICK|通用-btn审核
2020-08-04 21:54:45,114 [INFO]: #  --- success ---
2020-08-04 21:54:45,315 [INFO]: #  Run the Step: 6|主生产计划|CLICK|通用-sel审核-不通过
2020-08-04 21:54:56,321 [INFO]: #  --- success ---
2020-08-04 21:54:56,524 [INFO]: #  Run the Step: 7|主生产计划|CLICK|通用-btn确定
2020-08-04 21:54:57,316 [INFO]: #  --- success ---
2020-08-04 21:54:57,517 [INFO]: #  Run the Step: 8|主生产计划|CHECK|主生产计划-lab状态#已审核
2020-08-04 21:55:24,099 [ERROR]: #  +++ failure +++
Traceback (most recent call last):
  File "daitest\locator.py", line 32, in locating_element
  File "site-packages\selenium\webdriver\support\wait.py", line 80, in until
selenium.common.exceptions.TimeoutException: Message: 


During handling of the above exception, another exception occurred:

Traceback (most recent call last):
  File "daitest\locator.py", line 37, in locating_element
  File "site-packages\selenium\webdriver\support\wait.py", line 80, in until
selenium.common.exceptions.TimeoutException: Message: 


During handling of the above exception, another exception occurred:

Traceback (most recent call last):
  File "daitest\testcase.py", line 137, in run
  File "daitest\keywords\web.py", line 83, in check
  File "daitest\locator.py", line 40, in locating_element
Exception: Locating the element:主生产计划-lab状态#已审核 is Failure: Timeout
2020-08-04 21:55:26,354 [INFO]: #  --- Quit th Driver: Chrome
2020-08-04 21:58:50,738 [INFO]: #  From Excel import testsuite success
2020-08-04 21:58:53,363 [INFO]: #  --------------------------------------------------
2020-08-04 21:58:53,363 [INFO]: #  >>> Run the TestCase: HOME_001|打开云塑ERP
2020-08-04 21:58:53,363 [INFO]: #  Run the Step: 1|通用|OPEN|通用-首页链接
2020-08-04 21:58:55,991 [INFO]: #  --- success ---
2020-08-04 21:58:56,192 [INFO]: #  Run the Step: 2|通用|CHECK|通用-页面title
2020-08-04 21:58:56,197 [INFO]: #  DATA:'云塑 企业资源计划管理系统'
2020-08-04 21:58:56,216 [INFO]: #  REAL:'云塑 企业资源计划管理系统'
2020-08-04 21:58:56,232 [INFO]: #  --- success ---
2020-08-04 21:58:56,438 [INFO]: #  --------------------------------------------------
2020-08-04 21:58:56,439 [INFO]: #  >>> Run the TestCase: Login_001|登录
2020-08-04 21:58:56,441 [INFO]: #  Run the Step: 1|登录页面|INPUT|登录页面-账号输入框
2020-08-04 21:58:57,258 [INFO]: #  --- success ---
2020-08-04 21:58:57,463 [INFO]: #  Run the Step: 2|登录页面|INPUT|登录页面-密码输入框
2020-08-04 21:58:58,388 [INFO]: #  --- success ---
2020-08-04 21:58:58,591 [INFO]: #  Run the Step: 3|登录页面|CLICK|登录页面-确定按钮
2020-08-04 21:58:59,257 [INFO]: #  --- success ---
2020-08-04 21:58:59,457 [INFO]: #  Run the Step: 4|登录页面|CHECK|通用-页面加载校验
2020-08-04 21:59:01,035 [INFO]: #  DATA:'欢迎进入 云塑企业资源计划管理系统'
2020-08-04 21:59:01,036 [INFO]: #  REAL:'欢迎进入 云塑企业资源计划管理系统'
2020-08-04 21:59:01,037 [INFO]: #  --- success ---
2020-08-04 21:59:01,237 [INFO]: #  ==================================================
2020-08-04 21:59:01,241 [INFO]: #  ...No SETUP testcase need to run...
2020-08-04 21:59:01,243 [INFO]: #  --------------------------------------------------
2020-08-04 21:59:01,244 [INFO]: #  >>> Run the TestCase: CQ_001|编辑
2020-08-04 21:59:01,247 [INFO]: #  Run the Step: 1|用例片段|EXECUTE|CQ_003
2020-08-04 21:59:01,252 [INFO]: #  >>> Run the TestCase: CQ_003|新增主生产计划
2020-08-04 21:59:01,253 [INFO]: #  Run the Step: 1|登录页面|CLICK|通用-左侧栏一级菜单#计划管理
2020-08-04 21:59:01,951 [INFO]: #  --- success ---
2020-08-04 21:59:02,151 [INFO]: #  Run the Step: 2|登录页面|CLICK|通用-左侧栏二级菜单#主生产计划
2020-08-04 21:59:03,164 [INFO]: #  --- success ---
2020-08-04 21:59:03,364 [INFO]: #  Run the Step: 3|登录页面|CLICK|通用-左侧栏一级菜单#计划管理
2020-08-04 21:59:04,043 [INFO]: #  --- success ---
2020-08-04 21:59:04,244 [INFO]: #  Run the Step: 4|主生产计划|CLICK|主生产计划-btn新增
2020-08-04 21:59:05,139 [INFO]: #  --- success ---
2020-08-04 21:59:05,340 [INFO]: #  Run the Step: 5|主生产计划|CHECK|主生产计划-lab状态#未定义
2020-08-04 21:59:05,425 [INFO]: #  DATA:'未定义'
2020-08-04 21:59:05,425 [INFO]: #  REAL:'未定义'
2020-08-04 21:59:05,426 [INFO]: #  --- success ---
2020-08-04 21:59:05,627 [INFO]: #  Run the Step: 6|主生产计划|CLICK|主生产计划-sel计划时间范围
2020-08-04 21:59:06,355 [INFO]: #  --- success ---
2020-08-04 21:59:06,555 [INFO]: #  Run the Step: 7|主生产计划|INPUT|主生产计划-val开始时间
2020-08-04 21:59:07,364 [INFO]: #  --- success ---
2020-08-04 21:59:07,565 [INFO]: #  Run the Step: 8|主生产计划|INPUT|主生产计划-val结束时间
2020-08-04 21:59:08,382 [INFO]: #  --- success ---
2020-08-04 21:59:08,584 [INFO]: #  Run the Step: 9|主生产计划|CLICK|主生产计划-sel计划部门
2020-08-04 21:59:09,360 [INFO]: #  --- success ---
2020-08-04 21:59:09,561 [INFO]: #  Run the Step: 10|主生产计划|CLICK|主生产计划-val计划部门-办公室
2020-08-04 21:59:10,276 [INFO]: #  --- success ---
2020-08-04 21:59:10,477 [INFO]: #  Run the Step: 11|主生产计划|CLICK|主生产计划-sel计划人员
2020-08-04 21:59:11,150 [INFO]: #  --- success ---
2020-08-04 21:59:11,352 [INFO]: #  Run the Step: 12|主生产计划|CLICK|主生产计划-val计划人员-周文杰
2020-08-04 21:59:12,076 [INFO]: #  --- success ---
2020-08-04 21:59:12,278 [INFO]: #  Run the Step: 13|主生产计划|CLICK|主生产计划-btn从需求订单中选择物料
2020-08-04 21:59:13,117 [INFO]: #  --- success ---
2020-08-04 21:59:13,318 [INFO]: #  Run the Step: 14|主生产计划|CLICK|主生产计划-btn多选1
2020-08-04 21:59:24,163 [INFO]: #  --- success ---
2020-08-04 21:59:24,364 [INFO]: #  Run the Step: 15|主生产计划|CLICK|主生产计划-btn多选2
2020-08-04 21:59:35,282 [INFO]: #  --- success ---
2020-08-04 21:59:35,484 [INFO]: #  Run the Step: 16|主生产计划|CLICK|主生产计划-btn选择需求订单-确定
2020-08-04 21:59:36,419 [INFO]: #  --- success ---
2020-08-04 21:59:36,621 [INFO]: #  Run the Step: 17|主生产计划|CLICK|主生产计划-sel库存透视1
2020-08-04 21:59:37,467 [INFO]: #  --- success ---
2020-08-04 21:59:37,669 [INFO]: #  Run the Step: 18|主生产计划|CLICK|主生产计划-val库存透视1-注塑成品合格库位(合格 / 0)
2020-08-04 21:59:38,703 [INFO]: #  --- success ---
2020-08-04 21:59:38,904 [INFO]: #  Run the Step: 19|主生产计划|CLICK|主生产计划-sel库存透视1
2020-08-04 21:59:39,571 [INFO]: #  --- success ---
2020-08-04 21:59:39,773 [INFO]: #  Run the Step: 20|主生产计划|CHECK|主生产计划-val净需求量#5000.000
2020-08-04 21:59:39,874 [INFO]: #  DATA:'5000.000'
2020-08-04 21:59:39,875 [INFO]: #  REAL:'5000.000'
2020-08-04 21:59:39,875 [INFO]: #  --- success ---
2020-08-04 21:59:40,076 [INFO]: #  Run the Step: 21|主生产计划|CLICK|主生产计划-selBOM配方1
2020-08-04 21:59:41,094 [INFO]: #  --- success ---
2020-08-04 21:59:41,295 [INFO]: #  Run the Step: 22|主生产计划|CLICK|主生产计划-btnBOM配方-确定
2020-08-04 21:59:42,294 [INFO]: #  --- success ---
2020-08-04 21:59:42,495 [INFO]: #  Run the Step: 23|主生产计划|CLICK|主生产计划-sel库存透视2
2020-08-04 21:59:43,256 [INFO]: #  --- success ---
2020-08-04 21:59:43,457 [INFO]: #  Run the Step: 24|主生产计划|CLICK|主生产计划-val库存透视2-B2成品待处理库位(待处理 / 0)
2020-08-04 21:59:44,433 [INFO]: #  --- success ---
2020-08-04 21:59:44,634 [INFO]: #  Run the Step: 25|主生产计划|CHECK|主生产计划-val净需求量2#1000.000
2020-08-04 21:59:44,731 [INFO]: #  DATA:'1000.000'
2020-08-04 21:59:44,732 [INFO]: #  REAL:'1000.000'
2020-08-04 21:59:44,732 [INFO]: #  --- success ---
2020-08-04 21:59:44,933 [INFO]: #  Run the Step: 26|主生产计划|CLICK|主生产计划-selBOM配方2
2020-08-04 21:59:45,923 [INFO]: #  --- success ---
2020-08-04 21:59:46,124 [INFO]: #  Run the Step: 27|主生产计划|CLICK|主生产计划-btnBOM配方-确定
2020-08-04 21:59:46,989 [INFO]: #  --- success ---
2020-08-04 21:59:47,191 [INFO]: #  --- success ---
2020-08-04 21:59:47,393 [INFO]: #  Run the Step: 2|主生产计划|CLICK|通用-btn直接提交
2020-08-04 21:59:48,061 [INFO]: #  --- success ---
2020-08-04 21:59:48,262 [INFO]: #  Run the Step: 3|主生产计划|CLICK|通用-btn直接提交-确定
2020-08-04 21:59:49,071 [INFO]: #  --- success ---
2020-08-04 21:59:49,272 [INFO]: #  Run the Step: 4|主生产计划|CHECK|主生产计划-lab状态#已提交
2020-08-04 21:59:49,765 [INFO]: #  DATA:'已提交'
2020-08-04 21:59:49,765 [INFO]: #  REAL:'已提交'
2020-08-04 21:59:49,766 [INFO]: #  --- success ---
2020-08-04 21:59:49,967 [INFO]: #  Run the Step: 5|主生产计划|CLICK|通用-btn审核
2020-08-04 21:59:50,778 [INFO]: #  --- success ---
2020-08-04 21:59:50,979 [INFO]: #  Run the Step: 6|主生产计划|CLICK|通用-sel审核-不通过
2020-08-04 22:00:01,996 [INFO]: #  --- success ---
2020-08-04 22:00:02,198 [INFO]: #  Run the Step: 7|主生产计划|CLICK|通用-id#check_confirm
2020-08-04 22:00:02,709 [ERROR]: #  +++ failure +++
Traceback (most recent call last):
  File "daitest\testcase.py", line 137, in run
  File "daitest\keywords\web.py", line 178, in click
  File "site-packages\selenium\webdriver\remote\webelement.py", line 80, in click
  File "site-packages\selenium\webdriver\remote\webelement.py", line 633, in _execute
  File "site-packages\selenium\webdriver\remote\webdriver.py", line 321, in execute
  File "site-packages\selenium\webdriver\remote\errorhandler.py", line 242, in check_response
selenium.common.exceptions.WebDriverException: Message: unknown error: Element <span data-v-085808f6="" id="check_confirm">...</span> is not clickable at point (1142, 420). Other element would receive the click: <button type="button" class="ant-btn ant-btn-primary ant-btn-two-chinese-chars">...</button>
  (Session info: chrome=84.0.4147.105)
  (Driver info: chromedriver=2.44.609538 (b655c5a60b0b544917107a59d4153d4bf78e1b90),platform=Windows NT 6.1.7601 SP1 x86_64)

2020-08-04 22:00:04,908 [INFO]: #  --- Quit th Driver: Chrome
2020-08-04 22:01:54,162 [INFO]: #  From Excel import testsuite success
2020-08-04 22:01:56,803 [INFO]: #  --------------------------------------------------
2020-08-04 22:01:56,804 [INFO]: #  >>> Run the TestCase: HOME_001|打开云塑ERP
2020-08-04 22:01:56,805 [INFO]: #  Run the Step: 1|通用|OPEN|通用-首页链接
2020-08-04 22:01:59,344 [INFO]: #  --- success ---
2020-08-04 22:01:59,552 [INFO]: #  Run the Step: 2|通用|CHECK|通用-页面title
2020-08-04 22:01:59,554 [INFO]: #  DATA:'云塑 企业资源计划管理系统'
2020-08-04 22:01:59,567 [INFO]: #  REAL:'云塑 企业资源计划管理系统'
2020-08-04 22:01:59,577 [INFO]: #  --- success ---
2020-08-04 22:01:59,777 [INFO]: #  --------------------------------------------------
2020-08-04 22:01:59,777 [INFO]: #  >>> Run the TestCase: Login_001|登录
2020-08-04 22:01:59,778 [INFO]: #  Run the Step: 1|登录页面|INPUT|登录页面-账号输入框
2020-08-04 22:02:00,560 [INFO]: #  --- success ---
2020-08-04 22:02:00,764 [INFO]: #  Run the Step: 2|登录页面|INPUT|登录页面-密码输入框
2020-08-04 22:02:01,677 [INFO]: #  --- success ---
2020-08-04 22:02:01,877 [INFO]: #  Run the Step: 3|登录页面|CLICK|登录页面-确定按钮
2020-08-04 22:02:02,555 [INFO]: #  --- success ---
2020-08-04 22:02:02,755 [INFO]: #  Run the Step: 4|登录页面|CHECK|通用-页面加载校验
2020-08-04 22:02:04,180 [INFO]: #  DATA:'欢迎进入 云塑企业资源计划管理系统'
2020-08-04 22:02:04,181 [INFO]: #  REAL:'欢迎进入 云塑企业资源计划管理系统'
2020-08-04 22:02:04,183 [INFO]: #  --- success ---
2020-08-04 22:02:04,383 [INFO]: #  ==================================================
2020-08-04 22:02:04,384 [INFO]: #  ...No SETUP testcase need to run...
2020-08-04 22:02:04,387 [INFO]: #  --------------------------------------------------
2020-08-04 22:02:04,389 [INFO]: #  >>> Run the TestCase: CQ_001|编辑
2020-08-04 22:02:04,391 [INFO]: #  Run the Step: 1|用例片段|EXECUTE|CQ_003
2020-08-04 22:02:04,396 [INFO]: #  >>> Run the TestCase: CQ_003|新增主生产计划
2020-08-04 22:02:04,398 [INFO]: #  Run the Step: 1|登录页面|CLICK|通用-左侧栏一级菜单#计划管理
2020-08-04 22:02:05,121 [INFO]: #  --- success ---
2020-08-04 22:02:05,322 [INFO]: #  Run the Step: 2|登录页面|CLICK|通用-左侧栏二级菜单#主生产计划
2020-08-04 22:02:06,357 [INFO]: #  --- success ---
2020-08-04 22:02:06,557 [INFO]: #  Run the Step: 3|登录页面|CLICK|通用-左侧栏一级菜单#计划管理
2020-08-04 22:02:07,237 [INFO]: #  --- success ---
2020-08-04 22:02:07,439 [INFO]: #  Run the Step: 4|主生产计划|CLICK|主生产计划-btn新增
2020-08-04 22:02:08,333 [INFO]: #  --- success ---
2020-08-04 22:02:08,534 [INFO]: #  Run the Step: 5|主生产计划|CHECK|主生产计划-lab状态#未定义
2020-08-04 22:02:08,618 [INFO]: #  DATA:'未定义'
2020-08-04 22:02:08,619 [INFO]: #  REAL:'未定义'
2020-08-04 22:02:08,620 [INFO]: #  --- success ---
2020-08-04 22:02:08,820 [INFO]: #  Run the Step: 6|主生产计划|CLICK|主生产计划-sel计划时间范围
2020-08-04 22:02:09,554 [INFO]: #  --- success ---
2020-08-04 22:02:09,756 [INFO]: #  Run the Step: 7|主生产计划|INPUT|主生产计划-val开始时间
2020-08-04 22:02:10,544 [INFO]: #  --- success ---
2020-08-04 22:02:10,746 [INFO]: #  Run the Step: 8|主生产计划|INPUT|主生产计划-val结束时间
2020-08-04 22:02:11,536 [INFO]: #  --- success ---
2020-08-04 22:02:11,736 [INFO]: #  Run the Step: 9|主生产计划|CLICK|主生产计划-sel计划部门
2020-08-04 22:02:12,538 [INFO]: #  --- success ---
2020-08-04 22:02:12,741 [INFO]: #  Run the Step: 10|主生产计划|CLICK|主生产计划-val计划部门-办公室
2020-08-04 22:02:13,450 [INFO]: #  --- success ---
2020-08-04 22:02:13,651 [INFO]: #  Run the Step: 11|主生产计划|CLICK|主生产计划-sel计划人员
2020-08-04 22:02:14,325 [INFO]: #  --- success ---
2020-08-04 22:02:14,526 [INFO]: #  Run the Step: 12|主生产计划|CLICK|主生产计划-val计划人员-周文杰
2020-08-04 22:02:15,247 [INFO]: #  --- success ---
2020-08-04 22:02:15,449 [INFO]: #  Run the Step: 13|主生产计划|CLICK|主生产计划-btn从需求订单中选择物料
2020-08-04 22:02:16,279 [INFO]: #  --- success ---
2020-08-04 22:02:16,480 [INFO]: #  Run the Step: 14|主生产计划|CLICK|主生产计划-btn多选1
2020-08-04 22:02:27,357 [INFO]: #  --- success ---
2020-08-04 22:02:27,559 [INFO]: #  Run the Step: 15|主生产计划|CLICK|主生产计划-btn多选2
2020-08-04 22:02:38,469 [INFO]: #  --- success ---
2020-08-04 22:02:38,670 [INFO]: #  Run the Step: 16|主生产计划|CLICK|主生产计划-btn选择需求订单-确定
2020-08-04 22:02:39,630 [INFO]: #  --- success ---
2020-08-04 22:02:39,832 [INFO]: #  Run the Step: 17|主生产计划|CLICK|主生产计划-sel库存透视1
2020-08-04 22:02:40,577 [INFO]: #  --- success ---
2020-08-04 22:02:40,777 [INFO]: #  Run the Step: 18|主生产计划|CLICK|主生产计划-val库存透视1-注塑成品合格库位(合格 / 0)
2020-08-04 22:02:41,809 [INFO]: #  --- success ---
2020-08-04 22:02:42,010 [INFO]: #  Run the Step: 19|主生产计划|CLICK|主生产计划-sel库存透视1
2020-08-04 22:02:42,625 [INFO]: #  --- success ---
2020-08-04 22:02:42,826 [INFO]: #  Run the Step: 20|主生产计划|CHECK|主生产计划-val净需求量#5000.000
2020-08-04 22:02:42,909 [INFO]: #  DATA:'5000.000'
2020-08-04 22:02:42,909 [INFO]: #  REAL:'5000.000'
2020-08-04 22:02:42,910 [INFO]: #  --- success ---
2020-08-04 22:02:43,111 [INFO]: #  Run the Step: 21|主生产计划|CLICK|主生产计划-selBOM配方1
2020-08-04 22:02:44,156 [INFO]: #  --- success ---
2020-08-04 22:02:44,362 [INFO]: #  Run the Step: 22|主生产计划|CLICK|主生产计划-btnBOM配方-确定
2020-08-04 22:02:45,443 [INFO]: #  --- success ---
2020-08-04 22:02:45,644 [INFO]: #  Run the Step: 23|主生产计划|CLICK|主生产计划-sel库存透视2
2020-08-04 22:02:46,403 [INFO]: #  --- success ---
2020-08-04 22:02:46,604 [INFO]: #  Run the Step: 24|主生产计划|CLICK|主生产计划-val库存透视2-B2成品待处理库位(待处理 / 0)
2020-08-04 22:02:47,587 [INFO]: #  --- success ---
2020-08-04 22:02:47,789 [INFO]: #  Run the Step: 25|主生产计划|CHECK|主生产计划-val净需求量2#1000.000
2020-08-04 22:02:47,872 [INFO]: #  DATA:'1000.000'
2020-08-04 22:02:47,873 [INFO]: #  REAL:'1000.000'
2020-08-04 22:02:47,874 [INFO]: #  --- success ---
2020-08-04 22:02:48,074 [INFO]: #  Run the Step: 26|主生产计划|CLICK|主生产计划-selBOM配方2
2020-08-04 22:02:49,321 [INFO]: #  --- success ---
2020-08-04 22:02:49,523 [INFO]: #  Run the Step: 27|主生产计划|CLICK|主生产计划-btnBOM配方-确定
2020-08-04 22:02:50,321 [INFO]: #  --- success ---
2020-08-04 22:02:50,523 [INFO]: #  --- success ---
2020-08-04 22:02:50,731 [INFO]: #  Run the Step: 2|主生产计划|CLICK|通用-btn直接提交
2020-08-04 22:02:51,422 [INFO]: #  --- success ---
2020-08-04 22:02:51,624 [INFO]: #  Run the Step: 3|主生产计划|CLICK|通用-btn直接提交-确定
2020-08-04 22:02:52,427 [INFO]: #  --- success ---
2020-08-04 22:02:52,627 [INFO]: #  Run the Step: 4|主生产计划|CHECK|主生产计划-lab状态#已提交
2020-08-04 22:02:53,101 [INFO]: #  DATA:'已提交'
2020-08-04 22:02:53,102 [INFO]: #  REAL:'已提交'
2020-08-04 22:02:53,103 [INFO]: #  --- success ---
2020-08-04 22:02:53,304 [INFO]: #  Run the Step: 5|主生产计划|CLICK|通用-btn审核
2020-08-04 22:02:54,115 [INFO]: #  --- success ---
2020-08-04 22:02:54,316 [INFO]: #  Run the Step: 6|主生产计划|CLICK|通用-sel审核-不通过
2020-08-04 22:03:05,166 [INFO]: #  --- success ---
2020-08-04 22:03:05,367 [INFO]: #  Run the Step: 7|主生产计划|CLICK|通用-link#确定
2020-08-04 22:03:31,907 [ERROR]: #  +++ failure +++
Traceback (most recent call last):
  File "daitest\locator.py", line 32, in locating_element
  File "site-packages\selenium\webdriver\support\wait.py", line 80, in until
selenium.common.exceptions.TimeoutException: Message: 


During handling of the above exception, another exception occurred:

Traceback (most recent call last):
  File "daitest\locator.py", line 37, in locating_element
  File "site-packages\selenium\webdriver\support\wait.py", line 80, in until
selenium.common.exceptions.TimeoutException: Message: 


During handling of the above exception, another exception occurred:

Traceback (most recent call last):
  File "daitest\testcase.py", line 137, in run
  File "daitest\keywords\web.py", line 175, in click
  File "daitest\locator.py", line 40, in locating_element
Exception: Locating the element:通用-link#确定 is Failure: Timeout
2020-08-04 22:03:34,090 [INFO]: #  --- Quit th Driver: Chrome
2020-08-04 22:04:15,506 [INFO]: #  From Excel import testsuite success
2020-08-04 22:04:18,133 [INFO]: #  --------------------------------------------------
2020-08-04 22:04:18,133 [INFO]: #  >>> Run the TestCase: HOME_001|打开云塑ERP
2020-08-04 22:04:18,143 [INFO]: #  Run the Step: 1|通用|OPEN|通用-首页链接
2020-08-04 22:04:20,790 [INFO]: #  --- success ---
2020-08-04 22:04:20,998 [INFO]: #  Run the Step: 2|通用|CHECK|通用-页面title
2020-08-04 22:04:21,004 [INFO]: #  DATA:'云塑 企业资源计划管理系统'
2020-08-04 22:04:21,027 [INFO]: #  REAL:'云塑 企业资源计划管理系统'
2020-08-04 22:04:21,071 [INFO]: #  --- success ---
2020-08-04 22:04:21,282 [INFO]: #  --------------------------------------------------
2020-08-04 22:04:21,283 [INFO]: #  >>> Run the TestCase: Login_001|登录
2020-08-04 22:04:21,283 [INFO]: #  Run the Step: 1|登录页面|INPUT|登录页面-账号输入框
2020-08-04 22:04:22,097 [INFO]: #  --- success ---
2020-08-04 22:04:22,303 [INFO]: #  Run the Step: 2|登录页面|INPUT|登录页面-密码输入框
2020-08-04 22:04:23,193 [INFO]: #  --- success ---
2020-08-04 22:04:23,399 [INFO]: #  Run the Step: 3|登录页面|CLICK|登录页面-确定按钮
2020-08-04 22:04:24,069 [INFO]: #  --- success ---
2020-08-04 22:04:24,270 [INFO]: #  Run the Step: 4|登录页面|CHECK|通用-页面加载校验
2020-08-04 22:04:25,909 [INFO]: #  DATA:'欢迎进入 云塑企业资源计划管理系统'
2020-08-04 22:04:25,910 [INFO]: #  REAL:'欢迎进入 云塑企业资源计划管理系统'
2020-08-04 22:04:25,911 [INFO]: #  --- success ---
2020-08-04 22:04:26,112 [INFO]: #  ==================================================
2020-08-04 22:04:26,112 [INFO]: #  ...No SETUP testcase need to run...
2020-08-04 22:04:26,113 [INFO]: #  --------------------------------------------------
2020-08-04 22:04:26,114 [INFO]: #  >>> Run the TestCase: CQ_001|编辑
2020-08-04 22:04:26,115 [INFO]: #  Run the Step: 1|用例片段|EXECUTE|CQ_003
2020-08-04 22:04:26,122 [INFO]: #  >>> Run the TestCase: CQ_003|新增主生产计划
2020-08-04 22:04:26,123 [INFO]: #  Run the Step: 1|登录页面|CLICK|通用-左侧栏一级菜单#计划管理
2020-08-04 22:04:26,864 [INFO]: #  --- success ---
2020-08-04 22:04:27,065 [INFO]: #  Run the Step: 2|登录页面|CLICK|通用-左侧栏二级菜单#主生产计划
2020-08-04 22:04:28,078 [INFO]: #  --- success ---
2020-08-04 22:04:28,279 [INFO]: #  Run the Step: 3|登录页面|CLICK|通用-左侧栏一级菜单#计划管理
2020-08-04 22:04:28,948 [INFO]: #  --- success ---
2020-08-04 22:04:29,150 [INFO]: #  Run the Step: 4|主生产计划|CLICK|主生产计划-btn新增
2020-08-04 22:04:30,036 [INFO]: #  --- success ---
2020-08-04 22:04:30,237 [INFO]: #  Run the Step: 5|主生产计划|CHECK|主生产计划-lab状态#未定义
2020-08-04 22:04:30,324 [INFO]: #  DATA:'未定义'
2020-08-04 22:04:30,325 [INFO]: #  REAL:'未定义'
2020-08-04 22:04:30,326 [INFO]: #  --- success ---
2020-08-04 22:04:30,527 [INFO]: #  Run the Step: 6|主生产计划|CLICK|主生产计划-sel计划时间范围
2020-08-04 22:04:31,255 [INFO]: #  --- success ---
2020-08-04 22:04:31,456 [INFO]: #  Run the Step: 7|主生产计划|INPUT|主生产计划-val开始时间
2020-08-04 22:04:32,277 [INFO]: #  --- success ---
2020-08-04 22:04:32,479 [INFO]: #  Run the Step: 8|主生产计划|INPUT|主生产计划-val结束时间
2020-08-04 22:04:33,281 [INFO]: #  --- success ---
2020-08-04 22:04:33,483 [INFO]: #  Run the Step: 9|主生产计划|CLICK|主生产计划-sel计划部门
2020-08-04 22:04:34,261 [INFO]: #  --- success ---
2020-08-04 22:04:34,462 [INFO]: #  Run the Step: 10|主生产计划|CLICK|主生产计划-val计划部门-办公室
2020-08-04 22:04:35,180 [INFO]: #  --- success ---
2020-08-04 22:04:35,382 [INFO]: #  Run the Step: 11|主生产计划|CLICK|主生产计划-sel计划人员
2020-08-04 22:04:36,083 [INFO]: #  --- success ---
2020-08-04 22:04:36,284 [INFO]: #  Run the Step: 12|主生产计划|CLICK|主生产计划-val计划人员-周文杰
2020-08-04 22:04:37,088 [INFO]: #  --- success ---
2020-08-04 22:04:37,289 [INFO]: #  Run the Step: 13|主生产计划|CLICK|主生产计划-btn从需求订单中选择物料
2020-08-04 22:04:38,125 [INFO]: #  --- success ---
2020-08-04 22:04:38,326 [INFO]: #  Run the Step: 14|主生产计划|CLICK|主生产计划-btn多选1
2020-08-04 22:04:49,085 [INFO]: #  --- success ---
2020-08-04 22:04:49,287 [INFO]: #  Run the Step: 15|主生产计划|CLICK|主生产计划-btn多选2
2020-08-04 22:05:00,199 [INFO]: #  --- success ---
2020-08-04 22:05:00,401 [INFO]: #  Run the Step: 16|主生产计划|CLICK|主生产计划-btn选择需求订单-确定
2020-08-04 22:05:01,489 [INFO]: #  --- success ---
2020-08-04 22:05:01,691 [INFO]: #  Run the Step: 17|主生产计划|CLICK|主生产计划-sel库存透视1
2020-08-04 22:05:02,483 [INFO]: #  --- success ---
2020-08-04 22:05:02,684 [INFO]: #  Run the Step: 18|主生产计划|CLICK|主生产计划-val库存透视1-注塑成品合格库位(合格 / 0)
2020-08-04 22:05:03,738 [INFO]: #  --- success ---
2020-08-04 22:05:03,939 [INFO]: #  Run the Step: 19|主生产计划|CLICK|主生产计划-sel库存透视1
2020-08-04 22:05:04,647 [INFO]: #  --- success ---
2020-08-04 22:05:04,848 [INFO]: #  Run the Step: 20|主生产计划|CHECK|主生产计划-val净需求量#5000.000
2020-08-04 22:05:04,953 [INFO]: #  DATA:'5000.000'
2020-08-04 22:05:04,953 [INFO]: #  REAL:'5000.000'
2020-08-04 22:05:04,954 [INFO]: #  --- success ---
2020-08-04 22:05:05,154 [INFO]: #  Run the Step: 21|主生产计划|CLICK|主生产计划-selBOM配方1
2020-08-04 22:05:06,227 [INFO]: #  --- success ---
2020-08-04 22:05:06,427 [INFO]: #  Run the Step: 22|主生产计划|CLICK|主生产计划-btnBOM配方-确定
2020-08-04 22:05:07,549 [INFO]: #  --- success ---
2020-08-04 22:05:07,750 [INFO]: #  Run the Step: 23|主生产计划|CLICK|主生产计划-sel库存透视2
2020-08-04 22:05:08,486 [INFO]: #  --- success ---
2020-08-04 22:05:08,687 [INFO]: #  Run the Step: 24|主生产计划|CLICK|主生产计划-val库存透视2-B2成品待处理库位(待处理 / 0)
2020-08-04 22:05:09,660 [INFO]: #  --- success ---
2020-08-04 22:05:09,861 [INFO]: #  Run the Step: 25|主生产计划|CHECK|主生产计划-val净需求量2#1000.000
2020-08-04 22:05:09,944 [INFO]: #  DATA:'1000.000'
2020-08-04 22:05:09,945 [INFO]: #  REAL:'1000.000'
2020-08-04 22:05:09,946 [INFO]: #  --- success ---
2020-08-04 22:05:10,146 [INFO]: #  Run the Step: 26|主生产计划|CLICK|主生产计划-selBOM配方2
2020-08-04 22:05:11,169 [INFO]: #  --- success ---
2020-08-04 22:05:11,370 [INFO]: #  Run the Step: 27|主生产计划|CLICK|主生产计划-btnBOM配方-确定
2020-08-04 22:05:12,293 [INFO]: #  --- success ---
2020-08-04 22:05:12,494 [INFO]: #  --- success ---
2020-08-04 22:05:12,695 [INFO]: #  Run the Step: 2|主生产计划|CLICK|通用-btn直接提交
2020-08-04 22:05:13,372 [INFO]: #  --- success ---
2020-08-04 22:05:13,573 [INFO]: #  Run the Step: 3|主生产计划|CLICK|通用-btn直接提交-确定
2020-08-04 22:05:14,403 [INFO]: #  --- success ---
2020-08-04 22:05:14,603 [INFO]: #  Run the Step: 4|主生产计划|CHECK|主生产计划-lab状态#已提交
2020-08-04 22:05:15,513 [INFO]: #  DATA:'已提交'
2020-08-04 22:05:15,514 [INFO]: #  REAL:'已提交'
2020-08-04 22:05:15,515 [INFO]: #  --- success ---
2020-08-04 22:05:15,715 [INFO]: #  Run the Step: 5|主生产计划|CLICK|通用-btn审核
2020-08-04 22:05:16,532 [INFO]: #  --- success ---
2020-08-04 22:05:16,733 [INFO]: #  Run the Step: 6|主生产计划|CLICK|通用-sel审核-不通过
2020-08-04 22:05:27,648 [INFO]: #  --- success ---
2020-08-04 22:05:27,849 [INFO]: #  Run the Step: 7|主生产计划|CLICK|通用-btn确定
2020-08-04 22:05:28,627 [INFO]: #  --- success ---
2020-08-04 22:05:28,828 [INFO]: #  Run the Step: 8|主生产计划|CHECK|主生产计划-lab状态#已审核
2020-08-04 22:05:55,385 [ERROR]: #  +++ failure +++
Traceback (most recent call last):
  File "daitest\locator.py", line 32, in locating_element
  File "site-packages\selenium\webdriver\support\wait.py", line 80, in until
selenium.common.exceptions.TimeoutException: Message: 


During handling of the above exception, another exception occurred:

Traceback (most recent call last):
  File "daitest\locator.py", line 37, in locating_element
  File "site-packages\selenium\webdriver\support\wait.py", line 80, in until
selenium.common.exceptions.TimeoutException: Message: 


During handling of the above exception, another exception occurred:

Traceback (most recent call last):
  File "daitest\testcase.py", line 137, in run
  File "daitest\keywords\web.py", line 83, in check
  File "daitest\locator.py", line 40, in locating_element
Exception: Locating the element:主生产计划-lab状态#已审核 is Failure: Timeout
2020-08-04 22:05:57,579 [INFO]: #  --- Quit th Driver: Chrome
