<?xml version="1.0" ?>
<testsuites>
	<testsuite name="DEMO" hostname="demo" timestamp="2020-08-04T21:58:50.738898" tests="3" failures="1" failures_detail="H:0 M:1 L:0" errors="0" errors_detail="H:0 M:0 L:0" time="71.973943" skipped="0" disabled="0">
		<testcase name="打开云塑ERP" classname="HOME_001" priority="H" time="3.074149"/>
		<testcase name="登录" classname="Login_001" priority="M" time="4.799206"/>
		<testcase name="编辑" classname="CQ_001" priority="M" time="61.475516">
			<failure type="Failure" message="step-7|CLICK|通用-id#check_confirm: Message: unknown error: Element &lt;span data-v-085808f6=&quot;&quot; id=&quot;check_confirm&quot;&gt;...&lt;/span&gt; is not clickable at point (1142, 420). Other element would receive the click: &lt;button type=&quot;button&quot; class=&quot;ant-btn ant-btn-primary ant-btn-two-chinese-chars&quot;&gt;...&lt;/button&gt;
  (Session info: chrome=84.0.4147.105)
  (Driver info: chromedriver=2.44.609538 (b655c5a60b0b544917107a59d4153d4bf78e1b90),platform=Windows NT 6.1.7601 SP1 x86_64)
"/>
		</testcase>
	</testsuite>
</testsuites>
