<?xml version="1.0" ?>
<testsuites>
	<testsuite name="DEMO" hostname="demo" timestamp="2020-08-04T22:01:54.162368" tests="3" failures="1" failures_detail="H:0 M:1 L:0" errors="0" errors_detail="H:0 M:0 L:0" time="97.748419" skipped="0" disabled="0">
		<testcase name="打开云塑ERP" classname="HOME_001" priority="H" time="2.974143"/>
		<testcase name="登录" classname="Login_001" priority="M" time="4.606202"/>
		<testcase name="编辑" classname="CQ_001" priority="M" time="87.527007">
			<failure type="Failure" message="step-7|CLICK|通用-link#确定: Locating the element:通用-link#确定 is Failure: Timeout"/>
		</testcase>
	</testsuite>
</testsuites>
