<?xml version="1.0" ?>
<testsuites>
	<testsuite name="DEMO" hostname="demo" timestamp="2020-08-04T22:04:15.496328" tests="3" failures="1" failures_detail="H:0 M:1 L:0" errors="0" errors_detail="H:0 M:0 L:0" time="99.893526" skipped="0" disabled="0">
		<testcase name="打开云塑ERP" classname="HOME_001" priority="H" time="3.149148"/>
		<testcase name="登录" classname="Login_001" priority="M" time="4.830207"/>
		<testcase name="编辑" classname="CQ_001" priority="M" time="89.277106">
			<failure type="Failure" message="step-8|CHECK|主生产计划-lab状态#已审核: Locating the element:主生产计划-lab状态#已审核 is Failure: Timeout"/>
		</testcase>
	</testsuite>
</testsuites>
