<?xml version="1.0" ?>
<testsuites>
	<testsuite name="Roll" hostname="roll" timestamp="2020-07-29T07:56:21.260651" tests="5" failures="3" failures_detail="H:0 M:3 L:0" errors="0" errors_detail="H:0 M:0 L:0" time="145.559501" skipped="0" disabled="0">
		<testcase name="打开云塑ERP" classname="HOME_001" priority="H" time="6.186143"/>
		<testcase name="登录" classname="Login_001" priority="M" time="4.839085"/>
		<testcase name="审核编辑" classname="AEQ_001" priority="M" time="103.888173">
			<failure type="Failure" message="step-22|CLICK|通用-tab已审核-查看: Locating the element:通用-tab已审核-查看 is Failure: Timeout"/>
		</testcase>
		<testcase name="删除需求订单" classname="DQ_001" priority="M" time="21.541919">
			<failure type="Failure" message=""/>
		</testcase>
		<testcase name="查看需求订单" classname="CH_001" priority="M" time="6.509135">
			<failure type="Failure" message=""/>
		</testcase>
	</testsuite>
</testsuites>
