2020-08-20 18:00:56,760 [INFO]: #  From Excel import testsuite success
2020-08-20 18:00:59,406 [INFO]: #  --------------------------------------------------
2020-08-20 18:00:59,407 [INFO]: #  >>> Run the TestCase: HOME_001|打开云塑ERP
2020-08-20 18:00:59,407 [INFO]: #  Run the Step: 1|通用|OPEN|通用-首页链接
2020-08-20 18:01:02,507 [INFO]: #  --- success ---
2020-08-20 18:01:02,707 [INFO]: #  Run the Step: 2|通用|CHECK|通用-页面title
2020-08-20 18:01:02,708 [INFO]: #  DATA:'云塑 企业资源计划管理系统'
2020-08-20 18:01:02,714 [INFO]: #  REAL:'云塑 企业资源计划管理系统'
2020-08-20 18:01:02,722 [INFO]: #  --- success ---
2020-08-20 18:01:02,922 [INFO]: #  --------------------------------------------------
2020-08-20 18:01:02,928 [INFO]: #  >>> Run the TestCase: Login_001|登录
2020-08-20 18:01:02,928 [INFO]: #  Run the Step: 1|登录页面|INPUT|登录页面-账号输入框
2020-08-20 18:01:03,700 [INFO]: #  --- success ---
2020-08-20 18:01:03,907 [INFO]: #  Run the Step: 2|登录页面|INPUT|登录页面-密码输入框
2020-08-20 18:01:04,814 [INFO]: #  --- success ---
2020-08-20 18:01:05,014 [INFO]: #  Run the Step: 3|登录页面|CLICK|登录页面-确定按钮
2020-08-20 18:01:05,662 [INFO]: #  --- success ---
2020-08-20 18:01:05,863 [INFO]: #  Run the Step: 4|登录页面|CHECK|通用-页面加载校验
2020-08-20 18:01:09,512 [INFO]: #  DATA:'欢迎进入 云塑企业资源计划管理系统'
2020-08-20 18:01:09,512 [INFO]: #  REAL:'欢迎进入 云塑企业资源计划管理系统'
2020-08-20 18:01:09,519 [INFO]: #  --- success ---
2020-08-20 18:01:09,726 [INFO]: #  Page:通用 element:window.alert("hello");
2020-08-20 18:01:09,726 [INFO]: #  Run the Step: 5|通用|SCRIPT|window.alert("hello");
2020-08-20 18:01:09,740 [INFO]: #  --- success ---
2020-08-20 18:01:09,940 [INFO]: #  Page:通用 element:window.alert("wo");
2020-08-20 18:01:09,940 [INFO]: #  Run the Step: 6|通用|SCRIPT|window.alert("wo");
2020-08-20 18:01:09,945 [ERROR]: #  *** save the screenshot is failure ***
Traceback (most recent call last):
  File "D:\daitest\daitest2\daitest\testcase.py", line 137, in run
    element = getattr(web, step['keyword'].lower())(step)
  File "D:\daitest\daitest2\daitest\keywords\web.py", line 284, in script
    g.driver.execute_script(value)
  File "C:\Users\archmage\AppData\Local\Programs\Python\Python38\lib\site-packages\selenium\webdriver\remote\webdriver.py", line 634, in execute_script
    return self.execute(command, {
  File "C:\Users\archmage\AppData\Local\Programs\Python\Python38\lib\site-packages\selenium\webdriver\remote\webdriver.py", line 321, in execute
    self.error_handler.check_response(response)
  File "C:\Users\archmage\AppData\Local\Programs\Python\Python38\lib\site-packages\selenium\webdriver\remote\errorhandler.py", line 241, in check_response
    raise exception_class(message, screen, stacktrace, alert_text)
selenium.common.exceptions.UnexpectedAlertPresentException: Alert Text: None
Message: unexpected alert open: {Alert text : hello}
  (Session info: chrome=84.0.4147.135)
  (Driver info: chromedriver=2.44.609538 (b655c5a60b0b544917107a59d4153d4bf78e1b90),platform=Windows NT 6.1.7601 SP1 x86_64)


During handling of the above exception, another exception occurred:

Traceback (most recent call last):
  File "D:\daitest\daitest2\daitest\testcase.py", line 227, in run
    g.driver.get_screenshot_as_file(step['snapshot']['Failure'])
  File "C:\Users\archmage\AppData\Local\Programs\Python\Python38\lib\site-packages\selenium\webdriver\remote\webdriver.py", line 1032, in get_screenshot_as_file
    png = self.get_screenshot_as_png()
  File "C:\Users\archmage\AppData\Local\Programs\Python\Python38\lib\site-packages\selenium\webdriver\remote\webdriver.py", line 1064, in get_screenshot_as_png
    return base64.b64decode(self.get_screenshot_as_base64().encode('ascii'))
  File "C:\Users\archmage\AppData\Local\Programs\Python\Python38\lib\site-packages\selenium\webdriver\remote\webdriver.py", line 1074, in get_screenshot_as_base64
    return self.execute(Command.SCREENSHOT)['value']
  File "C:\Users\archmage\AppData\Local\Programs\Python\Python38\lib\site-packages\selenium\webdriver\remote\webdriver.py", line 321, in execute
    self.error_handler.check_response(response)
  File "C:\Users\archmage\AppData\Local\Programs\Python\Python38\lib\site-packages\selenium\webdriver\remote\errorhandler.py", line 241, in check_response
    raise exception_class(message, screen, stacktrace, alert_text)
selenium.common.exceptions.UnexpectedAlertPresentException: Alert Text: None
Message: unexpected alert open: {Alert text : hello}
  (Session info: chrome=84.0.4147.135)
  (Driver info: chromedriver=2.44.609538 (b655c5a60b0b544917107a59d4153d4bf78e1b90),platform=Windows NT 6.1.7601 SP1 x86_64)

2020-08-20 18:01:09,949 [ERROR]: #  +++ failure +++
Traceback (most recent call last):
  File "D:\daitest\daitest2\daitest\testcase.py", line 137, in run
    element = getattr(web, step['keyword'].lower())(step)
  File "D:\daitest\daitest2\daitest\keywords\web.py", line 284, in script
    g.driver.execute_script(value)
  File "C:\Users\archmage\AppData\Local\Programs\Python\Python38\lib\site-packages\selenium\webdriver\remote\webdriver.py", line 634, in execute_script
    return self.execute(command, {
  File "C:\Users\archmage\AppData\Local\Programs\Python\Python38\lib\site-packages\selenium\webdriver\remote\webdriver.py", line 321, in execute
    self.error_handler.check_response(response)
  File "C:\Users\archmage\AppData\Local\Programs\Python\Python38\lib\site-packages\selenium\webdriver\remote\errorhandler.py", line 241, in check_response
    raise exception_class(message, screen, stacktrace, alert_text)
selenium.common.exceptions.UnexpectedAlertPresentException: Alert Text: None
Message: unexpected alert open: {Alert text : hello}
  (Session info: chrome=84.0.4147.135)
  (Driver info: chromedriver=2.44.609538 (b655c5a60b0b544917107a59d4153d4bf78e1b90),platform=Windows NT 6.1.7601 SP1 x86_64)

2020-08-20 18:01:09,950 [WARNING]: #  Run the testcase: Login_001|登录 Failure, BASE is not success. Break the AutoTest
2020-08-20 18:01:13,423 [INFO]: #  --- Quit th Driver: Chrome
2020-08-20 18:01:13,445 [INFO]: #  From Excel import testsuite success
2020-08-20 18:01:16,572 [INFO]: #  --------------------------------------------------
2020-08-20 18:01:16,572 [INFO]: #  >>> Run the TestCase: HOME_001|打开云塑ERP
2020-08-20 18:01:16,573 [INFO]: #  Run the Step: 1|通用|OPEN|通用-首页链接
2020-08-20 18:01:19,565 [ERROR]: #  *** save the screenshot is failure ***
Traceback (most recent call last):
  File "D:\daitest\daitest2\daitest\testcase.py", line 137, in run
    element = getattr(web, step['keyword'].lower())(step)
  File "D:\daitest\daitest2\daitest\keywords\web.py", line 68, in open
    w.open(step)
  File "D:\daitest\daitest2\daitest\windows.py", line 88, in open
    handle = g.driver.current_window_handle
  File "C:\Users\archmage\AppData\Local\Programs\Python\Python38\lib\site-packages\selenium\webdriver\remote\webdriver.py", line 713, in current_window_handle
    return self.execute(Command.GET_CURRENT_WINDOW_HANDLE)['value']
  File "C:\Users\archmage\AppData\Local\Programs\Python\Python38\lib\site-packages\selenium\webdriver\remote\webdriver.py", line 321, in execute
    self.error_handler.check_response(response)
  File "C:\Users\archmage\AppData\Local\Programs\Python\Python38\lib\site-packages\selenium\webdriver\remote\errorhandler.py", line 242, in check_response
    raise exception_class(message, screen, stacktrace)
selenium.common.exceptions.NoSuchWindowException: Message: no such window: target window already closed
from unknown error: web view not found
  (Session info: chrome=84.0.4147.135)
  (Driver info: chromedriver=2.44.609538 (b655c5a60b0b544917107a59d4153d4bf78e1b90),platform=Windows NT 6.1.7601 SP1 x86_64)


During handling of the above exception, another exception occurred:

Traceback (most recent call last):
  File "D:\daitest\daitest2\daitest\testcase.py", line 227, in run
    g.driver.get_screenshot_as_file(step['snapshot']['Failure'])
  File "C:\Users\archmage\AppData\Local\Programs\Python\Python38\lib\site-packages\selenium\webdriver\remote\webdriver.py", line 1032, in get_screenshot_as_file
    png = self.get_screenshot_as_png()
  File "C:\Users\archmage\AppData\Local\Programs\Python\Python38\lib\site-packages\selenium\webdriver\remote\webdriver.py", line 1064, in get_screenshot_as_png
    return base64.b64decode(self.get_screenshot_as_base64().encode('ascii'))
  File "C:\Users\archmage\AppData\Local\Programs\Python\Python38\lib\site-packages\selenium\webdriver\remote\webdriver.py", line 1074, in get_screenshot_as_base64
    return self.execute(Command.SCREENSHOT)['value']
  File "C:\Users\archmage\AppData\Local\Programs\Python\Python38\lib\site-packages\selenium\webdriver\remote\webdriver.py", line 321, in execute
    self.error_handler.check_response(response)
  File "C:\Users\archmage\AppData\Local\Programs\Python\Python38\lib\site-packages\selenium\webdriver\remote\errorhandler.py", line 242, in check_response
    raise exception_class(message, screen, stacktrace)
selenium.common.exceptions.NoSuchWindowException: Message: no such window: target window already closed
from unknown error: web view not found
  (Session info: chrome=84.0.4147.135)
  (Driver info: chromedriver=2.44.609538 (b655c5a60b0b544917107a59d4153d4bf78e1b90),platform=Windows NT 6.1.7601 SP1 x86_64)

2020-08-20 18:01:19,607 [ERROR]: #  +++ failure +++
Traceback (most recent call last):
  File "D:\daitest\daitest2\daitest\testcase.py", line 137, in run
    element = getattr(web, step['keyword'].lower())(step)
  File "D:\daitest\daitest2\daitest\keywords\web.py", line 68, in open
    w.open(step)
  File "D:\daitest\daitest2\daitest\windows.py", line 88, in open
    handle = g.driver.current_window_handle
  File "C:\Users\archmage\AppData\Local\Programs\Python\Python38\lib\site-packages\selenium\webdriver\remote\webdriver.py", line 713, in current_window_handle
    return self.execute(Command.GET_CURRENT_WINDOW_HANDLE)['value']
  File "C:\Users\archmage\AppData\Local\Programs\Python\Python38\lib\site-packages\selenium\webdriver\remote\webdriver.py", line 321, in execute
    self.error_handler.check_response(response)
  File "C:\Users\archmage\AppData\Local\Programs\Python\Python38\lib\site-packages\selenium\webdriver\remote\errorhandler.py", line 242, in check_response
    raise exception_class(message, screen, stacktrace)
selenium.common.exceptions.NoSuchWindowException: Message: no such window: target window already closed
from unknown error: web view not found
  (Session info: chrome=84.0.4147.135)
  (Driver info: chromedriver=2.44.609538 (b655c5a60b0b544917107a59d4153d4bf78e1b90),platform=Windows NT 6.1.7601 SP1 x86_64)

2020-08-20 18:01:19,617 [WARNING]: #  Run the testcase: HOME_001|打开云塑ERP Failure, BASE is not success. Break the AutoTest
2020-08-20 18:01:21,842 [INFO]: #  --- Quit th Driver: Chrome
