<?xml version="1.0" ?>
<testsuites>
	<testsuite name="Echo" hostname="echo" timestamp="2020-10-26T17:43:01.875180" tests="2" failures="1" failures_detail="H:0 M:1 L:0" errors="0" errors_detail="H:0 M:0 L:0" time="3.15918" skipped="0" disabled="0">
		<testcase name="Echo get" classname="echo_001" priority="M" time="1.667095">
			<failure type="Failure" message="step-1|GET|分页列表查询: status_code | EXPECTED:'200', REAL:404"/>
		</testcase>
		<testcase name="Echo post" classname="echo_002" priority="M" time="1.490085"/>
	</testsuite>
</testsuites>
