<?xml version="1.0" ?>
<testsuites>
	<testsuite name="IntentionO" hostname="intentiono" timestamp="2020-07-28T01:10:43.987379" tests="5" failures="3" failures_detail="H:0 M:3 L:0" errors="0" errors_detail="H:0 M:0 L:0" time="92.824219" skipped="0" disabled="0">
		<testcase name="打开云塑ERP" classname="HOME_001" priority="H" time="6.996366"/>
		<testcase name="登录" classname="Login_001" priority="M" time="4.76124"/>
		<testcase name="审核编辑" classname="AEQ_001" priority="M" time="20.219156">
			<failure type="Failure" message=""/>
		</testcase>
		<testcase name="删除需求订单" classname="DQ_001" priority="M" time="29.112665">
			<failure type="Failure" message=""/>
		</testcase>
		<testcase name="查看需求订单" classname="CH_001" priority="M" time="29.095665">
			<failure type="Failure" message=""/>
		</testcase>
	</testsuite>
</testsuites>
