<?xml version="1.0" ?>
<testsuites>
	<testsuite name="IntentionO" hostname="intentiono" timestamp="2020-07-28T00:30:48.929638" tests="1" failures="1" failures_detail="H:1 M:0 L:0" errors="0" errors_detail="H:0 M:0 L:0" time="92.990313" skipped="0" disabled="0">
		<testcase name="打开云塑ERP" classname="HOME_001" priority="H" time="90.410171">
			<failure type="Failure" message="step-1|OPEN|通用-首页链接: Message: timeout: Timed out receiving message from renderer: 76.802
  (Session info: chrome=84.0.4147.89)
"/>
		</testcase>
	</testsuite>
</testsuites>
