<?xml version="1.0" ?>
<testsuites>
	<testsuite name="IntentionO" hostname="intentiono" timestamp="2020-07-28T00:32:32.397249" tests="5" failures="1" failures_detail="H:0 M:1 L:0" errors="0" errors_detail="H:0 M:0 L:0" time="354.356195" skipped="0" disabled="0">
		<testcase name="打开云塑ERP" classname="HOME_001" priority="H" time="11.884668"/>
		<testcase name="登录" classname="Login_001" priority="M" time="5.037281"/>
		<testcase name="审核编辑" classname="AEQ_001" priority="M" time="68.995947"/>
		<testcase name="删除需求订单" classname="DQ_001" priority="M" time="54.303106">
			<failure type="Failure" message="step-12|CHECK|意向订单-toast删除提醒#删除成功!: Locating the element:意向订单-toast删除提醒#删除成功! is Failure: Timeout"/>
		</testcase>
		<testcase name="查看需求订单" classname="CH_001" priority="M" time="211.579101"/>
	</testsuite>
</testsuites>
