<?xml version="1.0" ?>
<testsuites>
	<testsuite name="IntentionO" hostname="intentiono" timestamp="2020-07-27T16:05:47.149138" tests="5" failures="3" failures_detail="H:0 M:3 L:0" errors="0" errors_detail="H:0 M:0 L:0" time="145.148242" skipped="0" disabled="0">
		<testcase name="打开云塑ERP" classname="HOME_001" priority="H" time="9.159515"/>
		<testcase name="登录" classname="Login_001" priority="M" time="5.50931"/>
		<testcase name="审核编辑" classname="AEQ_001" priority="M" time="69.618982">
			<failure type="Failure" message="step-27|CLICK|btn关闭-确定: Locating the element:btn关闭-确定 is Failure, this element is not define"/>
		</testcase>
		<testcase name="删除需求订单" classname="DQ_001" priority="M" time="29.054661">
			<failure type="Failure" message=""/>
		</testcase>
		<testcase name="查看需求订单" classname="CH_001" priority="M" time="29.131667">
			<failure type="Failure" message=""/>
		</testcase>
	</testsuite>
</testsuites>
