<?xml version="1.0" ?>
<testsuites>
	<testsuite name="IntentionO" hostname="intentiono" timestamp="2020-07-28T01:15:18.011712" tests="5" failures="3" failures_detail="H:0 M:3 L:0" errors="0" errors_detail="H:0 M:0 L:0" time="92.647169" skipped="0" disabled="0">
		<testcase name="打开云塑ERP" classname="HOME_001" priority="H" time="7.057377"/>
		<testcase name="登录" classname="Login_001" priority="M" time="4.724252"/>
		<testcase name="审核编辑" classname="AEQ_001" priority="M" time="20.092149">
			<failure type="Failure" message=""/>
		</testcase>
		<testcase name="删除需求订单" classname="DQ_001" priority="M" time="29.036661">
			<failure type="Failure" message=""/>
		</testcase>
		<testcase name="查看需求订单" classname="CH_001" priority="M" time="29.115666">
			<failure type="Failure" message=""/>
		</testcase>
	</testsuite>
</testsuites>
