<?xml version="1.0" ?>
<testsuites>
	<testsuite name="IntentionO" hostname="intentiono" timestamp="2020-07-28T00:40:10.696810" tests="5" failures="0" failures_detail="H:0 M:0 L:0" errors="0" errors_detail="H:0 M:0 L:0" time="528.645114" skipped="0" disabled="0">
		<testcase name="打开云塑ERP" classname="HOME_001" priority="H" time="9.640521"/>
		<testcase name="登录" classname="Login_001" priority="M" time="5.360243"/>
		<testcase name="审核编辑" classname="AEQ_001" priority="M" time="73.996232"/>
		<testcase name="删除需求订单" classname="DQ_001" priority="M" time="219.529557"/>
		<testcase name="查看需求订单" classname="CH_001" priority="M" time="217.516441"/>
	</testsuite>
</testsuites>
