<?xml version="1.0" ?>
<testsuites>
	<testsuite name="IntentionO" hostname="intentiono" timestamp="2020-07-28T00:59:23.348238" tests="5" failures="0" failures_detail="H:0 M:0 L:0" errors="0" errors_detail="H:0 M:0 L:0" time="490.58996" skipped="0" disabled="0">
		<testcase name="打开云塑ERP" classname="HOME_001" priority="H" time="6.977391"/>
		<testcase name="登录" classname="Login_001" priority="M" time="6.173323"/>
		<testcase name="审核编辑" classname="AEQ_001" priority="M" time="71.953115"/>
		<testcase name="删除需求订单" classname="DQ_001" priority="M" time="200.097445"/>
		<testcase name="查看需求订单" classname="CH_001" priority="M" time="202.492582"/>
	</testsuite>
</testsuites>
