<?xml version="1.0" ?>
<testsuites>
	<testsuite name="OsM" hostname="osm" timestamp="2020-07-09T11:13:12.418147" tests="4" failures="2" failures_detail="H:0 M:2 L:0" errors="0" errors_detail="H:0 M:0 L:0" time="119.1984" skipped="0" disabled="0">
		<testcase name="打开云塑ERP" classname="HOME_001" priority="H" time="16.970941"/>
		<testcase name="登录" classname="Login_001" priority="M" time="5.033746"/>
		<testcase name="新增委外工单" classname="CreateOs_001" priority="M" time="43.879008">
			<failure type="Failure" message="step-4|CLICK|通用-btn#新增: Locating the element:通用-btn#新增 is Failure: Timeout"/>
		</testcase>
		<testcase name="新增发料单" classname="CreateIssue_001" priority="M" time="50.7136">
			<failure type="Failure" message="step-1|CLICK|通用-左侧栏一级菜单#委外管理: Locating the element:通用-左侧栏一级菜单#委外管理 is Failure: Timeout"/>
		</testcase>
	</testsuite>
</testsuites>
