<?xml version="1.0" ?>
<testsuites>
	<testsuite name="OsM" hostname="osm" timestamp="2020-07-09T16:10:41.689649" tests="4" failures="0" failures_detail="H:0 M:0 L:0" errors="1" errors_detail="H:0 M:1 L:0" time="87.677387" skipped="0" disabled="0">
		<testcase name="打开云塑ERP" classname="HOME_001" priority="H" time="17.139451"/>
		<testcase name="登录" classname="Login_001" priority="M" time="5.074245"/>
		<testcase name="新增委外工单" classname="CreateOs_001" priority="M" time="40.227798"/>
		<testcase name="新增发料单" classname="CreateIssue_001" priority="M" time="22.633292">
			<error type="Error" message="Remark: |||Exception:'NoneType' object has no attribute 'upper'"/>
		</testcase>
	</testsuite>
</testsuites>
