<?xml version="1.0" ?>
<testsuites>
	<testsuite name="OsM" hostname="osm" timestamp="2020-06-30T10:44:15.070982" tests="4" failures="1" failures_detail="H:0 M:1 L:0" errors="0" errors_detail="H:0 M:0 L:0" time="74.264066" skipped="0" disabled="0">
		<testcase name="打开云塑ERP" classname="HOME_001" priority="H" time="13.564732"/>
		<testcase name="登录" classname="Login_001" priority="M" time="7.848387"/>
		<testcase name="新增委外工单" classname="CreateOs_001" priority="M" time="36.588086"/>
		<testcase name="新增发料单" classname="CreateIssue_001" priority="M" time="13.689783">
			<failure type="Failure" message="step-9|CLICK|发料单-sel塑胶有限公司: Locating the element:发料单-sel塑胶有限公司 is Failure: Timeout"/>
		</testcase>
	</testsuite>
</testsuites>
