<?xml version="1.0" ?>
<testsuites>
	<testsuite name="OsM" hostname="osm" timestamp="2020-06-28T17:55:35.083183" tests="2" failures="0" failures_detail="H:0 M:0 L:0" errors="1" errors_detail="H:0 M:0 L:0" time="90.42295" skipped="0" disabled="1">
		<testcase name="新增委外工单" classname="CreateOs_001" priority="M" time="60.411347"/>
		<testcase name="新增发料单" classname="CreateIssue_001" priority="M" time="27.395546">
			<blocked type="Blocked" message="SETUP is not success"/>
		</testcase>
	</testsuite>
</testsuites>
