<?xml version="1.0" ?>
<testsuites>
	<testsuite name="OsM" hostname="osm" timestamp="2020-06-30T11:46:25.843902" tests="4" failures="1" failures_detail="H:0 M:1 L:0" errors="0" errors_detail="H:0 M:0 L:0" time="143.315008" skipped="0" disabled="0">
		<testcase name="打开云塑ERP" classname="HOME_001" priority="H" time="16.957928"/>
		<testcase name="登录" classname="Login_001" priority="M" time="5.139228"/>
		<testcase name="新增委外工单" classname="CreateOs_001" priority="M" time="52.891016"/>
		<testcase name="新增发料单" classname="CreateIssue_001" priority="M" time="65.724748">
			<failure type="Failure" message="step-10|CLICK|发料单-sel发料人员: Locating the element:发料单-sel发料人员 is Failure: Timeout"/>
		</testcase>
	</testsuite>
</testsuites>
