<?xml version="1.0" ?>
<testsuites>
	<testsuite name="OsM" hostname="osm" timestamp="2020-06-28T17:53:00.448495" tests="2" failures="0" failures_detail="H:0 M:0 L:0" errors="1" errors_detail="H:0 M:0 L:0" time="96.420322" skipped="0" disabled="1">
		<testcase name="新增委外工单" classname="CreateOs_001" priority="M" time="62.469452"/>
		<testcase name="新增发料单" classname="CreateIssue_001" priority="M" time="31.421796">
			<blocked type="Blocked" message="SETUP is not success"/>
		</testcase>
	</testsuite>
</testsuites>
