<?xml version="1.0" ?>
<testsuites>
	<testsuite name="OsM" hostname="osm" timestamp="2020-07-06T17:32:57.665234" tests="3" failures="1" failures_detail="H:0 M:1 L:0" errors="0" errors_detail="H:0 M:0 L:0" time="60.689872" skipped="0" disabled="0">
		<testcase name="打开云塑ERP" classname="HOME_001" priority="H" time="18.921055"/>
		<testcase name="登录" classname="Login_001" priority="M" time="4.937243"/>
		<testcase name="新增发料单" classname="CreateIssue_001" priority="M" time="34.273458">
			<failure type="Failure" message="step-9|CLICK|发料单-val混料车间: Locating the element:发料单-val混料车间 is Failure: Timeout"/>
		</testcase>
	</testsuite>
</testsuites>
