<?xml version="1.0" ?>
<testsuites>
	<testsuite name="OsM" hostname="osm" timestamp="2020-07-09T15:59:59.118454" tests="4" failures="0" failures_detail="H:0 M:0 L:0" errors="0" errors_detail="H:0 M:0 L:0" time="105.873944" skipped="0" disabled="0">
		<testcase name="打开云塑ERP" classname="HOME_001" priority="H" time="16.937437"/>
		<testcase name="登录" classname="Login_001" priority="M" time="5.438769"/>
		<testcase name="新增委外工单" classname="CreateOs_001" priority="M" time="39.671266"/>
		<testcase name="新增发料单" classname="CreateIssue_001" priority="M" time="41.138349"/>
	</testsuite>
</testsuites>
