<?xml version="1.0" ?>
<testsuites>
	<testsuite name="OsM" hostname="osm" timestamp="2020-06-30T16:10:38.105850" tests="4" failures="2" failures_detail="H:0 M:2 L:0" errors="0" errors_detail="H:0 M:0 L:0" time="15520.240189" skipped="0" disabled="0">
		<testcase name="打开云塑ERP" classname="HOME_001" priority="H" time="13.401741"/>
		<testcase name="登录" classname="Login_001" priority="M" time="7.753378"/>
		<testcase name="" classname="SNIPPET_001" priority="M" time="3352.866005">
			<failure type="Failure" message=""/>
		</testcase>
		<testcase name="新增发料单" classname="CreateIssue_001" priority="M" time="12143.589982">
			<failure type="Failure" message="step-1|CLICK|通用-左侧栏一级菜单#委外管理: Message: chrome not reachable
  (Session info: chrome=83.0.4103.116)
"/>
		</testcase>
	</testsuite>
</testsuites>
