<?xml version="1.0" ?>
<testsuites>
	<testsuite name="OsM" hostname="baidu" timestamp="2020-06-28T11:02:17.812265" tests="3" failures="0" failures_detail="H:0 M:0 L:0" errors="1" errors_detail="H:0 M:0 L:0" time="14.703636" skipped="0" disabled="1">
		<testcase name="搜索：自动化测试" classname="BAIDU_001" priority="H" time="5.002233"/>
		<testcase name="搜索：搜狗" classname="BAIDU_002" priority="M" time="6.701325"/>
		<testcase name="搜索：&lt;测试数据&gt;" classname="BAIDU_005" priority="M" time="0.394023">
			<blocked type="Blocked" message="SETUP is not success"/>
		</testcase>
	</testsuite>
</testsuites>
