<?xml version="1.0" ?>
<testsuites>
	<testsuite name="OsM" hostname="osm" timestamp="2020-06-28T20:14:03.751963" tests="3" failures="0" failures_detail="H:0 M:0 L:0" errors="3" errors_detail="H:0 M:0 L:0" time="6.722207" skipped="0" disabled="3">
		<testcase name="登录" classname="Login_001" priority="M" time="1.507054">
			<blocked type="Blocked" message="SETUP is not success"/>
		</testcase>
		<testcase name="新增委外工单" classname="CreateOs_001" priority="M" time="1.287045">
			<blocked type="Blocked" message="SETUP is not success"/>
		</testcase>
		<testcase name="新增发料单" classname="CreateIssue_001" priority="M" time="1.312049">
			<blocked type="Blocked" message="SETUP is not success"/>
		</testcase>
	</testsuite>
</testsuites>
