<?xml version="1.0" ?>
<testsuites>
	<testsuite name="OsM" hostname="osm" timestamp="2020-06-30T16:05:47.150898" tests="4" failures="1" failures_detail="H:0 M:1 L:0" errors="0" errors_detail="H:0 M:0 L:0" time="105.508854" skipped="0" disabled="0">
		<testcase name="打开云塑ERP" classname="HOME_001" priority="H" time="15.473841"/>
		<testcase name="登录" classname="Login_001" priority="M" time="7.689375"/>
		<testcase name="新增委外工单" classname="CreateOs_001" priority="M" time="38.925226"/>
		<testcase name="新增发料单" classname="CreateIssue_001" priority="M" time="40.882336">
			<failure type="Failure" message="step-15|CLICK|发料单-val委外工单#num: Locating the element:发料单-val委外工单#num is Failure: Timeout"/>
		</testcase>
	</testsuite>
</testsuites>
