<?xml version="1.0" ?>
<testsuites>
	<testsuite name="OsM" hostname="osm" timestamp="2020-07-03T16:37:56.737995" tests="4" failures="2" failures_detail="H:0 M:2 L:0" errors="0" errors_detail="H:0 M:0 L:0" time="74.378629" skipped="0" disabled="0">
		<testcase name="打开云塑ERP" classname="HOME_001" priority="H" time="13.564246"/>
		<testcase name="登录" classname="Login_001" priority="M" time="7.73491"/>
		<testcase name="" classname="SNIPPET_001" priority="M" time="32.572862">
			<failure type="Failure" message=""/>
		</testcase>
		<testcase name="新增发料单" classname="CreateIssue_001" priority="M" time="17.907024">
			<failure type="Failure" message="step-2|CLICK|通用-左侧栏二级菜单#发料管理: Message: stale element reference: element is not attached to the page document
  (Session info: chrome=83.0.4103.116)
"/>
		</testcase>
	</testsuite>
</testsuites>
