<?xml version="1.0" ?>
<testsuites>
	<testsuite name="OsM" hostname="osm" timestamp="2020-07-06T16:52:00.744498" tests="4" failures="2" failures_detail="H:0 M:2 L:0" errors="0" errors_detail="H:0 M:0 L:0" time="62.617886" skipped="0" disabled="0">
		<testcase name="打开云塑ERP" classname="HOME_001" priority="H" time="13.44424"/>
		<testcase name="登录" classname="Login_001" priority="M" time="7.991416"/>
		<testcase name="" classname="SNIPPET_001" priority="M" time="32.471857">
			<failure type="Failure" message=""/>
		</testcase>
		<testcase name="新增发料单" classname="CreateIssue_001" priority="M" time="6.103786">
			<failure type="Failure" message="step-4|CLICK|通用-btn#新增: Message: chrome not reachable
  (Session info: chrome=83.0.4103.116)
"/>
		</testcase>
	</testsuite>
</testsuites>
