<?xml version="1.0" ?>
<testsuites>
	<testsuite name="OsM" hostname="osm" timestamp="2020-06-28T17:03:01.641160" tests="1" failures="1" failures_detail="H:0 M:1 L:0" errors="0" errors_detail="H:0 M:0 L:0" time="78.958352" skipped="0" disabled="0">
		<testcase name="新增工单" classname="CreateOrder_001" priority="M" time="76.384294">
			<failure type="Failure" message="step-30|CLICK|委外工单-审核确定: Message: element not interactable
  (Session info: chrome=83.0.4103.116)
"/>
		</testcase>
	</testsuite>
</testsuites>
