<?xml version="1.0" ?>
<testsuites>
	<testsuite name="osm" hostname="osm" timestamp="2020-10-29T16:56:22.354587" tests="4" failures="2" failures_detail="H:0 M:2 L:0" errors="0" errors_detail="H:0 M:0 L:0" time="134.116671" skipped="0" disabled="0">
		<testcase name="打开云塑ERP" classname="HOME_001" priority="H" time="13.148752"/>
		<testcase name="登录" classname="Login_001" priority="M" time="10.735614"/>
		<testcase name="新增委外工单" classname="CreateOs_001" priority="M" time="62.738588">
			<failure type="Failure" message="step-29|CHECK|委外工单-校验已提交: Locating the element:委外工单-校验已提交 is Failure: Timeout"/>
		</testcase>
		<testcase name="新增发料单" classname="CreateIssue_001" priority="M" time="44.699557">
			<failure type="Failure" message="step-15|CLICK|发料单-val委外工单: Locating the element:发料单-val委外工单 is Failure: Timeout"/>
		</testcase>
	</testsuite>
</testsuites>
