<?xml version="1.0" ?>
<testsuites>
	<testsuite name="OsM" hostname="osm" timestamp="2020-07-06T17:06:58.873150" tests="3" failures="1" failures_detail="H:0 M:1 L:0" errors="0" errors_detail="H:0 M:0 L:0" time="63.106664" skipped="0" disabled="0">
		<testcase name="打开云塑ERP" classname="HOME_001" priority="H" time="13.350232"/>
		<testcase name="登录" classname="Login_001" priority="M" time="8.340429"/>
		<testcase name="新增发料单" classname="CreateIssue_001" priority="M" time="38.817412">
			<failure type="Failure" message="step-7|CLICK|发料单-val日期: Locating the element:发料单-val日期 is Failure: Timeout"/>
		</testcase>
	</testsuite>
</testsuites>
