<?xml version="1.0" ?>
<testsuites>
	<testsuite name="OsM" hostname="osm" timestamp="2020-07-08T15:14:00.361072" tests="4" failures="1" failures_detail="H:0 M:1 L:0" errors="0" errors_detail="H:0 M:0 L:0" time="98.371482" skipped="0" disabled="0">
		<testcase name="打开云塑ERP" classname="HOME_001" priority="H" time="13.407236"/>
		<testcase name="登录" classname="Login_001" priority="M" time="8.028908"/>
		<testcase name="新增委外工单" classname="CreateOs_001" priority="M" time="40.168294"/>
		<testcase name="新增发料单" classname="CreateIssue_001" priority="M" time="34.126952">
			<failure type="Failure" message="step-9|CLICK|发料单-val混料车间: Locating the element:发料单-val混料车间 is Failure: Timeout"/>
		</testcase>
	</testsuite>
</testsuites>
