<?xml version="1.0" ?>
<testsuites>
	<testsuite name="OsM" hostname="osm" timestamp="2020-06-28T11:04:31.726148" tests="3" failures="0" failures_detail="H:0 M:0 L:0" errors="0" errors_detail="H:0 M:0 L:0" time="19.263786" skipped="0" disabled="0">
		<testcase name="搜索：自动化测试" classname="BAIDU_001" priority="H" time="4.481199"/>
		<testcase name="搜索：搜狗" classname="BAIDU_002" priority="M" time="6.086291"/>
		<testcase name="搜索：&lt;测试数据&gt;" classname="BAIDU_005" priority="M" time="6.082248"/>
	</testsuite>
</testsuites>
