<?xml version="1.0" ?>
<testsuites>
	<testsuite name="OsM" hostname="osm" timestamp="2020-06-30T20:33:44.668148" tests="4" failures="2" failures_detail="H:0 M:2 L:0" errors="0" errors_detail="H:0 M:0 L:0" time="86.690959" skipped="0" disabled="0">
		<testcase name="打开云塑ERP" classname="HOME_001" priority="H" time="14.089806"/>
		<testcase name="登录" classname="Login_001" priority="M" time="7.521431"/>
		<testcase name="" classname="SNIPPET_001" priority="M" time="45.301591">
			<failure type="Failure" message=""/>
		</testcase>
		<testcase name="新增发料单" classname="CreateIssue_001" priority="M" time="17.028974">
			<failure type="Failure" message="step-1|CLICK|通用-左侧栏一级菜单#委外管理: Locating the element:通用-左侧栏一级菜单#委外管理 is Failure: Timeout"/>
		</testcase>
	</testsuite>
</testsuites>
