<?xml version="1.0" ?>
<testsuites>
	<testsuite name="OsM" hostname="osm" timestamp="2020-06-28T20:26:00.652488" tests="4" failures="1" failures_detail="H:0 M:1 L:0" errors="0" errors_detail="H:0 M:0 L:0" time="90.713559" skipped="0" disabled="0">
		<testcase name="打开云塑ERP" classname="HOME_001" priority="H" time="16.945927"/>
		<testcase name="登录" classname="Login_001" priority="M" time="5.281237"/>
		<testcase name="新增委外工单" classname="CreateOs_001" priority="M" time="38.964229"/>
		<testcase name="新增发料单" classname="CreateIssue_001" priority="M" time="26.921113">
			<failure type="Failure" message="step-4|CLICK|通用-btn#新增: Locating the element:通用-btn#新增 is Failure: Timeout"/>
		</testcase>
	</testsuite>
</testsuites>
