<?xml version="1.0" ?>
<testsuites>
	<testsuite name="OsM" hostname="osm" timestamp="2020-07-08T15:07:37.251575" tests="3" failures="1" failures_detail="H:0 M:1 L:0" errors="0" errors_detail="H:0 M:0 L:0" time="82.499075" skipped="0" disabled="0">
		<testcase name="打开云塑ERP" classname="HOME_001" priority="H" time="17.635978"/>
		<testcase name="登录" classname="Login_001" priority="M" time="5.113744"/>
		<testcase name="新增发料单" classname="CreateIssue_001" priority="M" time="57.055761">
			<failure type="Failure" message="step-15|CLICK|发料单-val委外工单#num: Locating the element:发料单-val委外工单#num is Failure: Timeout"/>
		</testcase>
	</testsuite>
</testsuites>
