<?xml version="1.0" ?>
<testsuites>
	<testsuite name="OsM" hostname="osm" timestamp="2020-07-09T10:14:28.172087" tests="5" failures="1" failures_detail="H:0 M:1 L:0" errors="0" errors_detail="H:0 M:0 L:0" time="113.948894" skipped="0" disabled="0">
		<testcase name="打开云塑ERP" classname="HOME_001" priority="H" time="14.108776"/>
		<testcase name="登录" classname="Login_001" priority="M" time="7.777901"/>
		<testcase name="新增委外工单" classname="CreateOs_001" priority="M" time="40.58782"/>
		<testcase name="新增发料单" classname="CreateIssue_001" priority="M" time="41.344863"/>
		<testcase name="检查点" classname="CheckIssue_001" priority="M" time="7.533431">
			<failure type="Failure" message="step-5|CLICK|搜索: Locating the element:搜索 is Failure, this element is not define"/>
		</testcase>
	</testsuite>
</testsuites>
