<?xml version="1.0" ?>
<testsuites>
	<testsuite name="OsM" hostname="osm" timestamp="2020-06-28T16:51:04.906766" tests="1" failures="1" failures_detail="H:0 M:1 L:0" errors="0" errors_detail="H:0 M:0 L:0" time="35.899899" skipped="0" disabled="0">
		<testcase name="新增工单" classname="CreateOrder_001" priority="M" time="33.201782">
			<failure type="Failure" message="step-11|CLICK|val注塑供应商1: Locating the element:val注塑供应商1 is Failure, this element is not define"/>
		</testcase>
	</testsuite>
</testsuites>
