<?xml version="1.0" ?>
<testsuites>
	<testsuite name="OsM" hostname="osm" timestamp="2020-06-30T11:38:58.171646" tests="4" failures="1" failures_detail="H:0 M:1 L:0" errors="0" errors_detail="H:0 M:0 L:0" time="107.230979" skipped="0" disabled="0">
		<testcase name="打开云塑ERP" classname="HOME_001" priority="H" time="16.926929"/>
		<testcase name="登录" classname="Login_001" priority="M" time="5.122229"/>
		<testcase name="新增委外工单" classname="CreateOs_001" priority="M" time="36.726093"/>
		<testcase name="新增发料单" classname="CreateIssue_001" priority="M" time="45.898617">
			<failure type="Failure" message="step-16|INPUT|发料单-备注: Locating the element:发料单-备注 is Failure: Timeout"/>
		</testcase>
	</testsuite>
</testsuites>
