<?xml version="1.0" ?>
<testsuites>
	<testsuite name="OsM" hostname="osm" timestamp="2020-06-28T20:23:55.230666" tests="4" failures="1" failures_detail="H:0 M:1 L:0" errors="0" errors_detail="H:0 M:0 L:0" time="82.07636" skipped="0" disabled="0">
		<testcase name="打开云塑ERP" classname="HOME_001" priority="H" time="16.770913"/>
		<testcase name="登录" classname="Login_001" priority="M" time="5.325239"/>
		<testcase name="新增委外工单" classname="CreateOs_001" priority="M" time="38.510193"/>
		<testcase name="新增发料单" classname="CreateIssue_001" priority="M" time="18.810949">
			<failure type="Failure" message="step-1|CLICK|通用-左侧栏二级菜单#发料管理: Message: chrome not reachable
  (Session info: chrome=83.0.4103.116)
"/>
		</testcase>
	</testsuite>
</testsuites>
