<?xml version="1.0" ?>
<testsuites>
	<testsuite name="OsM" hostname="osm" timestamp="2020-06-30T14:55:42.032601" tests="4" failures="1" failures_detail="H:0 M:1 L:0" errors="0" errors_detail="H:0 M:0 L:0" time="106.199703" skipped="0" disabled="0">
		<testcase name="打开云塑ERP" classname="HOME_001" priority="H" time="16.235262"/>
		<testcase name="登录" classname="Login_001" priority="M" time="5.182079"/>
		<testcase name="新增委外工单" classname="CreateOs_001" priority="M" time="35.770569"/>
		<testcase name="新增发料单" classname="CreateIssue_001" priority="M" time="46.813741">
			<failure type="Failure" message="step-18|CLICK|发料单-校验已录入: Locating the element:发料单-校验已录入 is Failure: Timeout"/>
		</testcase>
	</testsuite>
</testsuites>
