<?xml version="1.0" ?>
<testsuites>
	<testsuite name="QtOut" hostname="qtint" timestamp="2020-08-20T18:01:25.662924" tests="2" failures="1" failures_detail="H:0 M:1 L:0" errors="0" errors_detail="H:0 M:0 L:0" time="12.448712" skipped="0" disabled="0">
		<testcase name="打开云塑ERP" classname="HOME_001" priority="H" time="3.440197"/>
		<testcase name="登录" classname="Login_001" priority="M" time="5.295303">
			<failure type="Failure" message="step-6|SCRIPT|window.alert(&quot;wo&quot;);: Alert Text: None
Message: unexpected alert open: {Alert text : hello}
  (Session info: chrome=84.0.4147.135)
  (Driver info: chromedriver=2.44.609538 (b655c5a60b0b544917107a59d4153d4bf78e1b90),platform=Windows NT 6.1.7601 SP1 x86_64)
"/>
		</testcase>
	</testsuite>
	<testsuite name="QtOut" hostname="qtout" timestamp="2020-08-20T18:01:40.413768" tests="5" failures="3" failures_detail="H:0 M:3 L:0" errors="0" errors_detail="H:0 M:0 L:0" time="55.678185" skipped="0" disabled="0">
		<testcase name="打开云塑ERP" classname="HOME_001" priority="H" time="3.386193"/>
		<testcase name="登录" classname="Login_001" priority="M" time="4.88428"/>
		<testcase name="审核编辑" classname="AEQ_001" priority="M" time="43.379481">
			<failure type="Failure" message="step-4|CHECK|其他出库-lab出库状态#已提交: Locating the element:其他出库-lab出库状态#已提交 is Failure: Timeout"/>
		</testcase>
		<testcase name="删除出库订单" classname="DQ_001" priority="M" time="0.487028">
			<failure type="Failure" message=""/>
		</testcase>
		<testcase name="查看需求订单" classname="CH_001" priority="M" time="0.487028">
			<failure type="Failure" message=""/>
		</testcase>
	</testsuite>
</testsuites>
