<?xml version="1.0" ?>
<testsuites>
	<testsuite name="QtOut" hostname="qtint" timestamp="2020-08-20T18:06:45.167199" tests="5" failures="3" failures_detail="H:0 M:3 L:0" errors="0" errors_detail="H:0 M:0 L:0" time="25.847478" skipped="0" disabled="0">
		<testcase name="打开云塑ERP" classname="HOME_001" priority="H" time="3.254186"/>
		<testcase name="登录" classname="Login_001" priority="M" time="4.958284"/>
		<testcase name="审核编辑" classname="AEQ_001" priority="M" time="5.014287">
			<failure type="Failure" message=""/>
		</testcase>
		<testcase name="删除入库订单" classname="DQ_001" priority="M" time="5.020287">
			<failure type="Failure" message=""/>
		</testcase>
		<testcase name="查看需求订单" classname="CH_001" priority="M" time="5.011286">
			<failure type="Failure" message=""/>
		</testcase>
	</testsuite>
	<testsuite name="QtOut" hostname="qtout" timestamp="2020-08-20T18:07:13.310809" tests="2" failures="1" failures_detail="H:0 M:1 L:0" errors="0" errors_detail="H:0 M:0 L:0" time="14.428825" skipped="0" disabled="0">
		<testcase name="打开云塑ERP" classname="HOME_001" priority="H" time="3.334191"/>
		<testcase name="登录" classname="Login_001" priority="M" time="7.375421">
			<failure type="Failure" message="step-3|CLICK|登录页面-确定按钮: Locating the element:登录页面-确定按钮 is Failure: Timeout"/>
		</testcase>
	</testsuite>
</testsuites>
