<?xml version="1.0" ?>
<testsuites>
	<testsuite name="QtOut" hostname="qtint" timestamp="2020-08-20T18:15:04.914783" tests="5" failures="3" failures_detail="H:0 M:3 L:0" errors="0" errors_detail="H:0 M:0 L:0" time="25.963485" skipped="0" disabled="0">
		<testcase name="打开云塑ERP" classname="HOME_001" priority="H" time="3.355192"/>
		<testcase name="登录" classname="Login_001" priority="M" time="4.968284"/>
		<testcase name="审核编辑" classname="AEQ_001" priority="M" time="5.025287">
			<failure type="Failure" message=""/>
		</testcase>
		<testcase name="删除入库订单" classname="DQ_001" priority="M" time="5.016287">
			<failure type="Failure" message=""/>
		</testcase>
		<testcase name="查看需求订单" classname="CH_001" priority="M" time="5.010287">
			<failure type="Failure" message=""/>
		</testcase>
	</testsuite>
	<testsuite name="QtOut" hostname="qtout" timestamp="2020-08-20T18:15:33.155398" tests="5" failures="3" failures_detail="H:0 M:3 L:0" errors="0" errors_detail="H:0 M:0 L:0" time="98.26062" skipped="0" disabled="0">
		<testcase name="打开云塑ERP" classname="HOME_001" priority="H" time="3.371193"/>
		<testcase name="登录" classname="Login_001" priority="M" time="5.134294"/>
		<testcase name="审核编辑" classname="AEQ_001" priority="M" time="46.972686">
			<failure type="Failure" message="step-4|CHECK|其他出库-lab出库状态#已提交: Locating the element:其他出库-lab出库状态#已提交 is Failure: Timeout"/>
		</testcase>
		<testcase name="删除出库订单" classname="DQ_001" priority="M" time="19.025089">
			<failure type="Failure" message=""/>
		</testcase>
		<testcase name="查看需求订单" classname="CH_001" priority="M" time="21.065204">
			<failure type="Failure" message=""/>
		</testcase>
	</testsuite>
</testsuites>
