<?xml version="1.0" ?>
<testsuites>
	<testsuite name="QtOut" hostname="qtint" timestamp="2020-08-20T18:14:30.843834" tests="2" failures="1" failures_detail="H:0 M:1 L:0" errors="0" errors_detail="H:0 M:0 L:0" time="10.826619" skipped="0" disabled="0">
		<testcase name="打开云塑ERP" classname="HOME_001" priority="H" time="2.98317"/>
		<testcase name="登录" classname="Login_001" priority="M" time="5.106292">
			<failure type="Failure" message="step-5|SCRIPT|通用-弹窗#&lt;&gt;: unexpected EOF while parsing (&lt;string&gt;, line 0)"/>
		</testcase>
	</testsuite>
	<testsuite name="QtOut" hostname="qtout" timestamp="2020-08-20T18:14:44.010587" tests="1" failures="1" failures_detail="H:1 M:0 L:0" errors="0" errors_detail="H:0 M:0 L:0" time="13.680783" skipped="0" disabled="0">
		<testcase name="打开云塑ERP" classname="HOME_001" priority="H" time="11.071633">
			<failure type="Failure" message="step-2|CHECK|通用-页面title: Message: chrome not reachable
  (Session info: chrome=84.0.4147.135)
  (Driver info: chromedriver=2.44.609538 (b655c5a60b0b544917107a59d4153d4bf78e1b90),platform=Windows NT 6.1.7601 SP1 x86_64)
"/>
		</testcase>
	</testsuite>
</testsuites>
