<?xml version="1.0" ?>
<testsuites>
	<testsuite name="QtOut" hostname="qtint" timestamp="2020-08-20T08:06:29.476499" tests="1" failures="1" failures_detail="H:1 M:0 L:0" errors="0" errors_detail="H:0 M:0 L:0" time="4.111235" skipped="0" disabled="0">
		<testcase name="打开云塑ERP" classname="HOME_001" priority="H" time="1.010058">
			<failure type="Failure" message="step-1|OPEN|通用-首页链接: Message: no such window: target window already closed
from unknown error: web view not found
  (Session info: chrome=84.0.4147.135)
  (Driver info: chromedriver=2.44.609538 (b655c5a60b0b544917107a59d4153d4bf78e1b90),platform=Windows NT 6.1.7601 SP1 x86_64)
"/>
		</testcase>
	</testsuite>
</testsuites>
