<?xml version="1.0" ?>
<testsuites>
	<testsuite name="QtOut" hostname="qtint" timestamp="2020-08-20T08:15:41.468784" tests="5" failures="3" failures_detail="H:0 M:3 L:0" errors="0" errors_detail="H:0 M:0 L:0" time="20.607472" skipped="0" disabled="0">
		<testcase name="打开云塑ERP" classname="HOME_001" priority="H" time="3.486158"/>
		<testcase name="登录" classname="Login_001" priority="M" time="4.596702"/>
		<testcase name="审核编辑" classname="AEQ_001" priority="M" time="3.559204">
			<failure type="Failure" message=""/>
		</testcase>
		<testcase name="删除入库订单" classname="DQ_001" priority="M" time="3.017172">
			<failure type="Failure" message=""/>
		</testcase>
		<testcase name="查看需求订单" classname="CH_001" priority="M" time="2.895166">
			<failure type="Failure" message=""/>
		</testcase>
	</testsuite>
	<testsuite name="QtOut" hostname="qtout" timestamp="2020-08-20T08:16:04.376274" tests="3" failures="3" failures_detail="H:0 M:3 L:0" errors="0" errors_detail="H:0 M:0 L:0" time="82.153818" skipped="0" disabled="0">
		<testcase name="审核编辑" classname="AEQ_001" priority="M" time="26.529108">
			<failure type="Failure" message=""/>
		</testcase>
		<testcase name="删除出库订单" classname="DQ_001" priority="M" time="26.423069">
			<failure type="Failure" message=""/>
		</testcase>
		<testcase name="查看需求订单" classname="CH_001" priority="M" time="26.550568">
			<failure type="Failure" message=""/>
		</testcase>
	</testsuite>
</testsuites>
