<?xml version="1.0" ?>
<testsuites>
	<testsuite name="QtOut" hostname="qtout" timestamp="2020-08-20T07:24:46.261323" tests="5" failures="3" failures_detail="H:0 M:3 L:0" errors="0" errors_detail="H:0 M:0 L:0" time="56.590237" skipped="0" disabled="0">
		<testcase name="打开云塑ERP" classname="HOME_001" priority="H" time="4.414252"/>
		<testcase name="登录" classname="Login_001" priority="M" time="4.988286"/>
		<testcase name="审核编辑" classname="AEQ_001" priority="M" time="43.577492">
			<failure type="Failure" message="step-4|CHECK|其他出库-lab出库状态#已提交: Locating the element:其他出库-lab出库状态#已提交 is Failure: Timeout"/>
		</testcase>
		<testcase name="删除出库订单" classname="DQ_001" priority="M" time="0.493029">
			<failure type="Failure" message=""/>
		</testcase>
		<testcase name="查看需求订单" classname="CH_001" priority="M" time="0.475027">
			<failure type="Failure" message=""/>
		</testcase>
	</testsuite>
	<testsuite name="QtOut" hostname="qtint" timestamp="2020-08-20T07:25:45.141691" tests="5" failures="3" failures_detail="H:0 M:3 L:0" errors="0" errors_detail="H:0 M:0 L:0" time="20.897195" skipped="0" disabled="0">
		<testcase name="打开云塑ERP" classname="HOME_001" priority="H" time="3.730213"/>
		<testcase name="登录" classname="Login_001" priority="M" time="4.970284"/>
		<testcase name="审核编辑" classname="AEQ_001" priority="M" time="3.594206">
			<failure type="Failure" message=""/>
		</testcase>
		<testcase name="删除入库订单" classname="DQ_001" priority="M" time="2.951169">
			<failure type="Failure" message=""/>
		</testcase>
		<testcase name="查看需求订单" classname="CH_001" priority="M" time="2.957169">
			<failure type="Failure" message=""/>
		</testcase>
	</testsuite>
</testsuites>
