<?xml version="1.0" ?>
<testsuites>
	<testsuite name="QtOut" hostname="qtint" timestamp="2020-08-20T19:41:21.022292" tests="2" failures="1" failures_detail="H:0 M:1 L:0" errors="0" errors_detail="H:0 M:0 L:0" time="11.615461" skipped="0" disabled="0">
		<testcase name="打开云塑ERP" classname="HOME_001" priority="H" time="3.443159"/>
		<testcase name="登录" classname="Login_001" priority="M" time="5.075253">
			<failure type="Failure" message="step-5|SCRIPT|通用-localStorage.setItem(&quot;site&quot;, None);: Message: unknown error: 通用 is not defined
  (Session info: chrome=84.0.4147.135)
  (Driver info: chromedriver=2.44.609538 (b655c5a60b0b544917107a59d4153d4bf78e1b90),platform=Windows NT 6.1.7601 SP1 x86_64)
"/>
		</testcase>
	</testsuite>
	<testsuite name="QtOut" hostname="qtout" timestamp="2020-08-20T19:41:34.908353" tests="5" failures="3" failures_detail="H:0 M:3 L:0" errors="0" errors_detail="H:0 M:0 L:0" time="72.331805" skipped="0" disabled="0">
		<testcase name="打开云塑ERP" classname="HOME_001" priority="H" time="3.203177"/>
		<testcase name="登录" classname="Login_001" priority="M" time="5.335265"/>
		<testcase name="审核编辑" classname="AEQ_001" priority="M" time="26.946847">
			<failure type="Failure" message=""/>
		</testcase>
		<testcase name="删除出库订单" classname="DQ_001" priority="M" time="17.04362">
			<failure type="Failure" message=""/>
		</testcase>
		<testcase name="查看需求订单" classname="CH_001" priority="M" time="17.141779">
			<failure type="Failure" message=""/>
		</testcase>
	</testsuite>
</testsuites>
