<?xml version="1.0" ?>
<testsuites>
	<testsuite name="QtOut" hostname="qtint" timestamp="2020-08-20T17:32:43.483365" tests="2" failures="1" failures_detail="H:0 M:1 L:0" errors="0" errors_detail="H:0 M:0 L:0" time="10.799489" skipped="0" disabled="0">
		<testcase name="打开云塑ERP" classname="HOME_001" priority="H" time="3.051142"/>
		<testcase name="登录" classname="Login_001" priority="M" time="5.016225">
			<failure type="Failure" message="step-4|CHECK|通用-页面加载校验: Check Failure, DATA:&quot;{'domain':'.baidu.com'&quot;, REAL:None"/>
		</testcase>
	</testsuite>
	<testsuite name="QtOut" hostname="qtout" timestamp="2020-08-20T17:32:56.601971" tests="5" failures="3" failures_detail="H:0 M:3 L:0" errors="0" errors_detail="H:0 M:0 L:0" time="66.376861" skipped="0" disabled="0">
		<testcase name="打开云塑ERP" classname="HOME_001" priority="H" time="3.019167"/>
		<testcase name="登录" classname="Login_001" priority="M" time="4.632224"/>
		<testcase name="审核编辑" classname="AEQ_001" priority="M" time="21.408966">
			<failure type="Failure" message=""/>
		</testcase>
		<testcase name="删除出库订单" classname="DQ_001" priority="M" time="17.035965">
			<failure type="Failure" message=""/>
		</testcase>
		<testcase name="查看需求订单" classname="CH_001" priority="M" time="17.076434">
			<failure type="Failure" message=""/>
		</testcase>
	</testsuite>
</testsuites>
