<?xml version="1.0" ?>
<testsuites>
	<testsuite name="QtOut" hostname="qtint" timestamp="2020-08-20T18:25:06.520414" tests="5" failures="3" failures_detail="H:0 M:3 L:0" errors="0" errors_detail="H:0 M:0 L:0" time="22.193617" skipped="0" disabled="0">
		<testcase name="打开云塑ERP" classname="HOME_001" priority="H" time="3.135146"/>
		<testcase name="登录" classname="Login_001" priority="M" time="6.434333"/>
		<testcase name="审核编辑" classname="AEQ_001" priority="M" time="3.976227">
			<failure type="Failure" message=""/>
		</testcase>
		<testcase name="删除入库订单" classname="DQ_001" priority="M" time="3.099178">
			<failure type="Failure" message=""/>
		</testcase>
		<testcase name="查看需求订单" classname="CH_001" priority="M" time="2.993171">
			<failure type="Failure" message=""/>
		</testcase>
	</testsuite>
	<testsuite name="QtOut" hostname="qtout" timestamp="2020-08-20T18:25:30.966082" tests="5" failures="3" failures_detail="H:0 M:3 L:0" errors="0" errors_detail="H:0 M:0 L:0" time="97.299294" skipped="0" disabled="0">
		<testcase name="打开云塑ERP" classname="HOME_001" priority="H" time="3.002162"/>
		<testcase name="登录" classname="Login_001" priority="M" time="19.006843"/>
		<testcase name="审核编辑" classname="AEQ_001" priority="M" time="34.308794">
			<failure type="Failure" message="step-2|CLICK|通用-btn直接提交: Locating the element:通用-btn直接提交 is Failure: Timeout"/>
		</testcase>
		<testcase name="删除出库订单" classname="DQ_001" priority="M" time="19.082311">
			<failure type="Failure" message=""/>
		</testcase>
		<testcase name="查看需求订单" classname="CH_001" priority="M" time="19.093089">
			<failure type="Failure" message=""/>
		</testcase>
	</testsuite>
</testsuites>
