<?xml version="1.0" ?>
<testsuites>
	<testsuite name="QtOut" hostname="qtint" timestamp="2020-08-20T17:52:51.101493" tests="2" failures="1" failures_detail="H:0 M:1 L:0" errors="0" errors_detail="H:0 M:0 L:0" time="11.242643" skipped="0" disabled="0">
		<testcase name="打开云塑ERP" classname="HOME_001" priority="H" time="3.342191"/>
		<testcase name="登录" classname="Login_001" priority="M" time="5.191297">
			<failure type="Failure" message="step-5|SCRIPT|window.alert(temp);: Message: unknown error: temp is not defined
  (Session info: chrome=84.0.4147.135)
  (Driver info: chromedriver=2.44.609538 (b655c5a60b0b544917107a59d4153d4bf78e1b90),platform=Windows NT 6.1.7601 SP1 x86_64)
"/>
		</testcase>
	</testsuite>
	<testsuite name="QtOut" hostname="qtout" timestamp="2020-08-20T17:53:04.610266" tests="2" failures="1" failures_detail="H:0 M:1 L:0" errors="0" errors_detail="H:0 M:0 L:0" time="11.503658" skipped="0" disabled="0">
		<testcase name="打开云塑ERP" classname="HOME_001" priority="H" time="3.202183"/>
		<testcase name="登录" classname="Login_001" priority="M" time="5.645323">
			<failure type="Failure" message="step-1|INPUT|登录页面-账号输入框: Locating the element:登录页面-账号输入框 is Failure: Timeout"/>
		</testcase>
	</testsuite>
</testsuites>
