<?xml version="1.0" ?>
<testsuites>
	<testsuite name="QuoteM" hostname="quotem" timestamp="2020-07-20T22:26:26.257104" tests="5" failures="1" failures_detail="H:0 M:1 L:0" errors="0" errors_detail="H:0 M:0 L:0" time="179.013239" skipped="0" disabled="0">
		<testcase name="打开云塑ERP" classname="HOME_001" priority="H" time="7.290417"/>
		<testcase name="登录" classname="Login_001" priority="M" time="6.215356"/>
		<testcase name="查看附件" classname="VQ_001" priority="M" time="40.39731"/>
		<testcase name="审核编辑" classname="AEQ_001" priority="M" time="39.451257"/>
		<testcase name="删除报价单" classname="DQ_001" priority="M" time="83.063751">
			<failure type="Failure" message="step-16|CLICK|btn删除订单-已提交: Locating the element:btn删除订单-已提交 is Failure, this element is not define"/>
		</testcase>
	</testsuite>
</testsuites>
