<?xml version="1.0" ?>
<testsuites>
	<testsuite name="QuoteM" hostname="quotem" timestamp="2020-07-20T16:49:53.456102" tests="5" failures="2" failures_detail="H:0 M:2 L:0" errors="0" errors_detail="H:0 M:0 L:0" time="141.366086" skipped="0" disabled="0">
		<testcase name="打开云塑ERP" classname="HOME_001" priority="H" time="8.997515"/>
		<testcase name="登录" classname="Login_001" priority="M" time="4.699268"/>
		<testcase name="查看附件" classname="VQ_001" priority="M" time="39.004231"/>
		<testcase name="审核编辑" classname="AEQ_001" priority="M" time="58.748361">
			<failure type="Failure" message="step-13|CLICK|报价管理-btn关闭-确定: Locating the element:报价管理-btn关闭-确定 is Failure: Timeout"/>
		</testcase>
		<testcase name="删除报价单" classname="DQ_001" priority="M" time="27.27656">
			<failure type="Failure" message=""/>
		</testcase>
	</testsuite>
</testsuites>
