<?xml version="1.0" ?>
<testsuites>
	<testsuite name="QuoteM" hostname="quotem" timestamp="2020-07-20T15:45:20.108559" tests="5" failures="1" failures_detail="H:0 M:1 L:0" errors="0" errors_detail="H:0 M:0 L:0" time="112.703446" skipped="0" disabled="0">
		<testcase name="打开云塑ERP" classname="HOME_001" priority="H" time="7.102406"/>
		<testcase name="登录" classname="Login_001" priority="M" time="4.852278"/>
		<testcase name="查看附件" classname="VQ_001" priority="M" time="38.859222"/>
		<testcase name="审核编辑" classname="AEQ_001" priority="M" time="32.059834"/>
		<testcase name="删除报价单" classname="DQ_001" priority="M" time="27.249558">
			<failure type="Failure" message=""/>
		</testcase>
	</testsuite>
</testsuites>
