<?xml version="1.0" ?>
<testsuites>
	<testsuite name="QuoteM" hostname="quotem" timestamp="2020-07-20T09:43:47.922308" tests="5" failures="3" failures_detail="H:0 M:3 L:0" errors="0" errors_detail="H:0 M:0 L:0" time="104.273965" skipped="0" disabled="0">
		<testcase name="打开云塑ERP" classname="HOME_001" priority="H" time="7.224413"/>
		<testcase name="登录" classname="Login_001" priority="M" time="5.031288"/>
		<testcase name="查看附件" classname="VQ_001" priority="M" time="35.108008">
			<failure type="Failure" message=""/>
		</testcase>
		<testcase name="审核编辑" classname="AEQ_001" priority="M" time="26.585521">
			<failure type="Failure" message="step-1|CLICK|报价管理-btn审核: Locating the element:报价管理-btn审核 is Failure: Timeout"/>
		</testcase>
		<testcase name="删除报价单" classname="DQ_001" priority="M" time="27.704585">
			<failure type="Failure" message=""/>
		</testcase>
	</testsuite>
</testsuites>
