<?xml version="1.0" ?>
<testsuites>
	<testsuite name="QuoteM" hostname="quotem" timestamp="2020-07-20T22:42:47.807245" tests="5" failures="1" failures_detail="H:0 M:1 L:0" errors="0" errors_detail="H:0 M:0 L:0" time="136.415803" skipped="0" disabled="0">
		<testcase name="打开云塑ERP" classname="HOME_001" priority="H" time="6.110349"/>
		<testcase name="登录" classname="Login_001" priority="M" time="5.037289"/>
		<testcase name="查看附件" classname="VQ_001" priority="M" time="38.764217"/>
		<testcase name="审核编辑" classname="AEQ_001" priority="M" time="39.17624"/>
		<testcase name="删除报价单" classname="DQ_001" priority="M" time="44.74556">
			<failure type="Failure" message="step-11|CHECK|toast删除提醒: Locating the element:toast删除提醒 is Failure, this element is not define"/>
		</testcase>
	</testsuite>
</testsuites>
