<?xml version="1.0" ?>
<testsuites>
	<testsuite name="QuoteM" hostname="quotem" timestamp="2020-07-20T20:38:26.020455" tests="5" failures="1" failures_detail="H:0 M:1 L:0" errors="0" errors_detail="H:0 M:0 L:0" time="133.778652" skipped="0" disabled="0">
		<testcase name="打开云塑ERP" classname="HOME_001" priority="H" time="7.327419"/>
		<testcase name="登录" classname="Login_001" priority="M" time="5.443312"/>
		<testcase name="查看附件" classname="VQ_001" priority="M" time="39.826278"/>
		<testcase name="审核编辑" classname="AEQ_001" priority="M" time="38.078178"/>
		<testcase name="删除报价单" classname="DQ_001" priority="M" time="40.377309">
			<failure type="Failure" message="step-7|CHECK|报价管理-toast删除提醒: Check Failure, DATA:'删除成功！', REAL:'删除成功!'"/>
		</testcase>
	</testsuite>
</testsuites>
