<?xml version="1.0" ?>
<testsuites>
	<testsuite name="QuoteM" hostname="quotem" timestamp="2020-07-20T22:46:16.236167" tests="5" failures="1" failures_detail="H:0 M:1 L:0" errors="0" errors_detail="H:0 M:0 L:0" time="316.352094" skipped="0" disabled="0">
		<testcase name="打开云塑ERP" classname="HOME_001" priority="H" time="7.852449"/>
		<testcase name="登录" classname="Login_001" priority="M" time="5.010287"/>
		<testcase name="查看附件" classname="VQ_001" priority="M" time="40.124295"/>
		<testcase name="审核编辑" classname="AEQ_001" priority="M" time="41.924398"/>
		<testcase name="删除报价单" classname="DQ_001" priority="M" time="218.811515">
			<failure type="Failure" message="step-32|CLICK|报价管理-btn审核: Locating the element:报价管理-btn审核 is Failure: Timeout"/>
		</testcase>
	</testsuite>
</testsuites>
