<?xml version="1.0" ?>
<testsuites>
	<testsuite name="QuoteM" hostname="quotem" timestamp="2020-07-20T22:57:03.325178" tests="5" failures="1" failures_detail="H:0 M:1 L:0" errors="0" errors_detail="H:0 M:0 L:0" time="302.152282" skipped="0" disabled="0">
		<testcase name="打开云塑ERP" classname="HOME_001" priority="H" time="6.64138"/>
		<testcase name="登录" classname="Login_001" priority="M" time="5.2393"/>
		<testcase name="查看附件" classname="VQ_001" priority="M" time="39.096236"/>
		<testcase name="审核编辑" classname="AEQ_001" priority="M" time="42.569435"/>
		<testcase name="删除报价单" classname="DQ_001" priority="M" time="205.874775">
			<failure type="Failure" message="step-46|CHECK|校验不通过: Locating the element:校验不通过 is Failure, this element is not define"/>
		</testcase>
	</testsuite>
</testsuites>
