<?xml version="1.0" ?>
<testsuites>
	<testsuite name="QuoteM" hostname="quotem" timestamp="2020-07-20T23:03:12.777310" tests="5" failures="1" failures_detail="H:0 M:1 L:0" errors="0" errors_detail="H:0 M:0 L:0" time="387.827182" skipped="0" disabled="0">
		<testcase name="打开云塑ERP" classname="HOME_001" priority="H" time="7.043403"/>
		<testcase name="登录" classname="Login_001" priority="M" time="4.771273"/>
		<testcase name="查看附件" classname="VQ_001" priority="M" time="39.607265"/>
		<testcase name="审核编辑" classname="AEQ_001" priority="M" time="40.510318"/>
		<testcase name="删除报价单" classname="DQ_001" priority="M" time="293.328777">
			<failure type="Failure" message="step-64|CLICK|报价管理-btn关闭确定: Message: element not interactable
  (Session info: chrome=84.0.4147.89)
"/>
		</testcase>
	</testsuite>
</testsuites>
