<?xml version="1.0" ?>
<testsuites>
	<testsuite name="QuoteM" hostname="quotem" timestamp="2020-07-20T09:17:34.893336" tests="2" failures="1" failures_detail="H:0 M:1 L:0" errors="0" errors_detail="H:0 M:0 L:0" time="47.242702" skipped="0" disabled="0">
		<testcase name="打开云塑ERP" classname="HOME_001" priority="H" time="17.484"/>
		<testcase name="登录" classname="Login_001" priority="M" time="26.949541">
			<failure type="Failure" message="step-4|CHECK|通用-页面加载校验: Locating the element:通用-页面加载校验 is Failure: Timeout"/>
		</testcase>
	</testsuite>
</testsuites>
