<?xml version="1.0" ?>
<testsuites>
	<testsuite name="QuoteM" hostname="quotem" timestamp="2020-07-20T09:18:32.941656" tests="5" failures="3" failures_detail="H:0 M:3 L:0" errors="0" errors_detail="H:0 M:0 L:0" time="78.681501" skipped="0" disabled="0">
		<testcase name="打开云塑ERP" classname="HOME_001" priority="H" time="16.763959"/>
		<testcase name="登录" classname="Login_001" priority="M" time="5.723327"/>
		<testcase name="查看附件" classname="VQ_001" priority="M" time="26.516517">
			<failure type="Failure" message=""/>
		</testcase>
		<testcase name="审核编辑" classname="AEQ_001" priority="M" time="0.403023">
			<failure type="Failure" message="step-1|CLICK|btn审核: Locating the element:btn审核 is Failure, this element is not define"/>
		</testcase>
		<testcase name="删除报价单" classname="DQ_001" priority="M" time="26.647524">
			<failure type="Failure" message=""/>
		</testcase>
	</testsuite>
</testsuites>
