<?xml version="1.0" ?>
<testsuites>
	<testsuite name="QuoteM" hostname="quotem" timestamp="2020-07-20T21:03:30.960533" tests="5" failures="1" failures_detail="H:0 M:1 L:0" errors="0" errors_detail="H:0 M:0 L:0" time="157.462006" skipped="0" disabled="0">
		<testcase name="打开云塑ERP" classname="HOME_001" priority="H" time="5.589319"/>
		<testcase name="登录" classname="Login_001" priority="M" time="5.354307"/>
		<testcase name="查看附件" classname="VQ_001" priority="M" time="39.537261"/>
		<testcase name="审核编辑" classname="AEQ_001" priority="M" time="39.208243"/>
		<testcase name="删除报价单" classname="DQ_001" priority="M" time="64.984716">
			<failure type="Failure" message="step-5|CLICK|报价管理-btn删除订单: Locating the element:报价管理-btn删除订单 is Failure: Timeout"/>
		</testcase>
	</testsuite>
</testsuites>
