<?xml version="1.0" ?>
<testsuites>
	<testsuite name="QuoteM" hostname="quotem" timestamp="2020-07-20T23:17:20.711809" tests="5" failures="0" failures_detail="H:0 M:0 L:0" errors="0" errors_detail="H:0 M:0 L:0" time="370.998219" skipped="0" disabled="0">
		<testcase name="打开云塑ERP" classname="HOME_001" priority="H" time="6.840392"/>
		<testcase name="登录" classname="Login_001" priority="M" time="5.112292"/>
		<testcase name="查看附件" classname="VQ_001" priority="M" time="39.288247"/>
		<testcase name="审核编辑" classname="AEQ_001" priority="M" time="39.358251"/>
		<testcase name="删除报价单" classname="DQ_001" priority="M" time="277.797889"/>
	</testsuite>
</testsuites>
