<?xml version="1.0" ?>
<testsuites>
	<testsuite name="QuoteM" hostname="quotem" timestamp="2020-07-20T17:24:21.483386" tests="5" failures="2" failures_detail="H:0 M:2 L:0" errors="0" errors_detail="H:0 M:0 L:0" time="135.418746" skipped="0" disabled="0">
		<testcase name="打开云塑ERP" classname="HOME_001" priority="H" time="6.284359"/>
		<testcase name="登录" classname="Login_001" priority="M" time="4.991286"/>
		<testcase name="查看附件" classname="VQ_001" priority="M" time="39.560263"/>
		<testcase name="审核编辑" classname="AEQ_001" priority="M" time="61.652526">
			<failure type="Failure" message="step-13|CLICK|报价管理-btn关闭-确定: Locating the element:报价管理-btn关闭-确定 is Failure: Timeout"/>
		</testcase>
		<testcase name="删除报价单" classname="DQ_001" priority="M" time="20.298161">
			<failure type="Failure" message=""/>
		</testcase>
	</testsuite>
</testsuites>
