<?xml version="1.0" ?>
<testsuites>
	<testsuite name="QuoteM" hostname="quotem" timestamp="2020-07-20T20:23:11.911171" tests="5" failures="2" failures_detail="H:0 M:2 L:0" errors="0" errors_detail="H:0 M:0 L:0" time="150.015581" skipped="0" disabled="0">
		<testcase name="打开云塑ERP" classname="HOME_001" priority="H" time="7.320419"/>
		<testcase name="登录" classname="Login_001" priority="M" time="5.263301"/>
		<testcase name="查看附件" classname="VQ_001" priority="M" time="39.136239"/>
		<testcase name="审核编辑" classname="AEQ_001" priority="M" time="32.852879">
			<failure type="Failure" message="step-13|CLICK|tab已审核: Locating the element:tab已审核 is Failure, this element is not define"/>
		</testcase>
		<testcase name="删除报价单" classname="DQ_001" priority="M" time="62.853595">
			<failure type="Failure" message="step-2|CLICK|报价管理-btn保存: Locating the element:报价管理-btn保存 is Failure: Timeout"/>
		</testcase>
	</testsuite>
</testsuites>
