<?xml version="1.0" ?>
<testsuites>
	<testsuite name="QuoteM" hostname="quotem" timestamp="2020-07-20T20:29:12.138775" tests="5" failures="1" failures_detail="H:0 M:1 L:0" errors="0" errors_detail="H:0 M:0 L:0" time="134.872715" skipped="0" disabled="0">
		<testcase name="打开云塑ERP" classname="HOME_001" priority="H" time="6.696383"/>
		<testcase name="登录" classname="Login_001" priority="M" time="4.981285"/>
		<testcase name="查看附件" classname="VQ_001" priority="M" time="39.287247"/>
		<testcase name="审核编辑" classname="AEQ_001" priority="M" time="41.839393"/>
		<testcase name="删除报价单" classname="DQ_001" priority="M" time="39.437256">
			<failure type="Failure" message="step-6|CLICK|btn删除订单-确定: Locating the element:btn删除订单-确定 is Failure, this element is not define"/>
		</testcase>
	</testsuite>
</testsuites>
