<?xml version="1.0" ?>
<testsuites>
	<testsuite name="QuoteM" hostname="quotem" timestamp="2020-07-20T14:53:17.816974" tests="5" failures="3" failures_detail="H:0 M:3 L:0" errors="0" errors_detail="H:0 M:0 L:0" time="129.853428" skipped="0" disabled="0">
		<testcase name="打开云塑ERP" classname="HOME_001" priority="H" time="8.282474"/>
		<testcase name="登录" classname="Login_001" priority="M" time="5.196297"/>
		<testcase name="查看附件" classname="VQ_001" priority="M" time="56.599237">
			<failure type="Failure" message=""/>
		</testcase>
		<testcase name="审核编辑" classname="AEQ_001" priority="M" time="26.505516">
			<failure type="Failure" message="step-1|CLICK|报价管理-btn审核: Locating the element:报价管理-btn审核 is Failure: Timeout"/>
		</testcase>
		<testcase name="删除报价单" classname="DQ_001" priority="M" time="30.394739">
			<failure type="Failure" message=""/>
		</testcase>
	</testsuite>
</testsuites>
