<?xml version="1.0" ?>
<testsuites>
	<testsuite name="QuoteM" hostname="quotem" timestamp="2020-07-20T10:59:51.213314" tests="5" failures="3" failures_detail="H:0 M:3 L:0" errors="0" errors_detail="H:0 M:0 L:0" time="100.413743" skipped="0" disabled="0">
		<testcase name="打开云塑ERP" classname="HOME_001" priority="H" time="6.452369"/>
		<testcase name="登录" classname="Login_001" priority="M" time="8.894509"/>
		<testcase name="查看附件" classname="VQ_001" priority="M" time="27.317562">
			<failure type="Failure" message=""/>
		</testcase>
		<testcase name="审核编辑" classname="AEQ_001" priority="M" time="26.547519">
			<failure type="Failure" message="step-1|CLICK|报价管理-btn审核: Locating the element:报价管理-btn审核 is Failure: Timeout"/>
		</testcase>
		<testcase name="删除报价单" classname="DQ_001" priority="M" time="27.892595">
			<failure type="Failure" message=""/>
		</testcase>
	</testsuite>
</testsuites>
