<?xml version="1.0" ?>
<testsuites>
	<testsuite name="QuoteM" hostname="quotem" timestamp="2020-07-20T16:18:24.644068" tests="5" failures="2" failures_detail="H:0 M:2 L:0" errors="0" errors_detail="H:0 M:0 L:0" time="137.306854" skipped="0" disabled="0">
		<testcase name="打开云塑ERP" classname="HOME_001" priority="H" time="6.938397"/>
		<testcase name="登录" classname="Login_001" priority="M" time="6.291359"/>
		<testcase name="查看附件" classname="VQ_001" priority="M" time="39.782276"/>
		<testcase name="审核编辑" classname="AEQ_001" priority="M" time="53.50706">
			<failure type="Failure" message="step-13|CLICK|报价管理-btn关闭-确定: Message: element not interactable
  (Session info: chrome=84.0.4147.89)
"/>
		</testcase>
		<testcase name="删除报价单" classname="DQ_001" priority="M" time="27.333564">
			<failure type="Failure" message=""/>
		</testcase>
	</testsuite>
</testsuites>
