<?xml version="1.0" ?>
<testsuites>
	<testsuite name="Roll" hostname="roll" timestamp="2020-07-22T15:46:01.269634" tests="4" failures="2" failures_detail="H:0 M:2 L:0" errors="0" errors_detail="H:0 M:0 L:0" time="177.735166" skipped="0" disabled="0">
		<testcase name="打开云塑ERP" classname="HOME_001" priority="H" time="7.016401"/>
		<testcase name="登录" classname="Login_001" priority="M" time="5.212298"/>
		<testcase name="审核编辑" classname="AEQ_001" priority="M" time="111.786394">
			<failure type="Failure" message=""/>
		</testcase>
		<testcase name="查看需求订单" classname="CH_001" priority="M" time="51.143926">
			<failure type="Failure" message=""/>
		</testcase>
	</testsuite>
</testsuites>
