<?xml version="1.0" ?>
<testsuites>
	<testsuite name="Roll" hostname="roll" timestamp="2020-07-21T16:57:08.879809" tests="5" failures="3" failures_detail="H:0 M:3 L:0" errors="0" errors_detail="H:0 M:0 L:0" time="53.821079" skipped="0" disabled="0">
		<testcase name="打开云塑ERP" classname="HOME_001" priority="H" time="7.501429"/>
		<testcase name="登录" classname="Login_001" priority="M" time="5.94034"/>
		<testcase name="审核编辑" classname="AEQ_001" priority="M" time="30.566748">
			<failure type="Failure" message="step-6|CLICK|sel审核-不通过: Locating the element:sel审核-不通过 is Failure, this element is not define"/>
		</testcase>
		<testcase name="删除需求订单" classname="DQ_001" priority="M" time="3.617207">
			<failure type="Failure" message=""/>
		</testcase>
		<testcase name="查看需求订单" classname="CH_001" priority="M" time="3.599206">
			<failure type="Failure" message=""/>
		</testcase>
	</testsuite>
</testsuites>
