<?xml version="1.0" ?>
<testsuites>
	<testsuite name="Roll" hostname="roll" timestamp="2020-07-21T17:52:38.816271" tests="5" failures="3" failures_detail="H:0 M:3 L:0" errors="0" errors_detail="H:0 M:0 L:0" time="174.896003" skipped="0" disabled="0">
		<testcase name="打开云塑ERP" classname="HOME_001" priority="H" time="7.599435"/>
		<testcase name="登录" classname="Login_001" priority="M" time="5.526316"/>
		<testcase name="审核编辑" classname="AEQ_001" priority="M" time="83.22476">
			<failure type="Failure" message="step-18|CLICK|通用-tab已审核-查看: Message: element not interactable
  (Session info: chrome=84.0.4147.89)
"/>
		</testcase>
		<testcase name="删除需求订单" classname="DQ_001" priority="M" time="21.513231">
			<failure type="Failure" message=""/>
		</testcase>
		<testcase name="查看需求订单" classname="CH_001" priority="M" time="54.38211">
			<failure type="Failure" message="step-9|CLICK|通用-btn查看订单: Message: element not interactable
  (Session info: chrome=84.0.4147.89)
"/>
		</testcase>
	</testsuite>
</testsuites>
