<?xml version="1.0" ?>
<testsuites>
	<testsuite name="Roll" hostname="roll" timestamp="2020-07-22T14:33:37.565188" tests="5" failures="3" failures_detail="H:0 M:3 L:0" errors="0" errors_detail="H:0 M:0 L:0" time="145.29231" skipped="0" disabled="0">
		<testcase name="打开云塑ERP" classname="HOME_001" priority="H" time="7.036402"/>
		<testcase name="登录" classname="Login_001" priority="M" time="5.015287"/>
		<testcase name="审核编辑" classname="AEQ_001" priority="M" time="96.434516">
			<failure type="Failure" message="step-22|CLICK|通用-tab已审核-查看: Locating the element:通用-tab已审核-查看 is Failure: Timeout"/>
		</testcase>
		<testcase name="删除需求订单" classname="DQ_001" priority="M" time="17.036974">
			<failure type="Failure" message=""/>
		</testcase>
		<testcase name="查看需求订单" classname="CH_001" priority="M" time="17.13098">
			<failure type="Failure" message=""/>
		</testcase>
	</testsuite>
</testsuites>
