<?xml version="1.0" ?>
<testsuites>
	<testsuite name="Roll" hostname="roll" timestamp="2020-07-22T14:55:42.009942" tests="5" failures="1" failures_detail="H:0 M:1 L:0" errors="0" errors_detail="H:0 M:0 L:0" time="432.220721" skipped="0" disabled="0">
		<testcase name="打开云塑ERP" classname="HOME_001" priority="H" time="6.024344"/>
		<testcase name="登录" classname="Login_001" priority="M" time="6.135351"/>
		<testcase name="审核编辑" classname="AEQ_001" priority="M" time="78.635498"/>
		<testcase name="删除需求订单" classname="DQ_001" priority="M" time="97.03555">
			<failure type="Failure" message="step-21|CLICK|通用-btn删除订单: Locating the element:通用-btn删除订单 is Failure: Timeout"/>
		</testcase>
		<testcase name="查看需求订单" classname="CH_001" priority="M" time="241.364805"/>
	</testsuite>
</testsuites>
