<?xml version="1.0" ?>
<testsuites>
	<testsuite name="Roll" hostname="roll" timestamp="2020-07-28T18:05:54.646428" tests="5" failures="3" failures_detail="H:0 M:3 L:0" errors="0" errors_detail="H:0 M:0 L:0" time="165.220395" skipped="0" disabled="0">
		<testcase name="打开云塑ERP" classname="HOME_001" priority="H" time="3.371182"/>
		<testcase name="登录" classname="Login_001" priority="M" time="4.699248"/>
		<testcase name="审核编辑" classname="AEQ_001" priority="M" time="96.205502">
			<failure type="Failure" message="step-24|CLICK|通用-btn关闭确定: Locating the element:通用-btn关闭确定 is Failure: Timeout"/>
		</testcase>
		<testcase name="删除需求订单" classname="DQ_001" priority="M" time="29.132667">
			<failure type="Failure" message=""/>
		</testcase>
		<testcase name="查看需求订单" classname="CH_001" priority="M" time="29.124666">
			<failure type="Failure" message=""/>
		</testcase>
	</testsuite>
</testsuites>
