<?xml version="1.0" ?>
<testsuites>
	<testsuite name="Roll" hostname="roll" timestamp="2020-07-21T17:21:54.595788" tests="5" failures="3" failures_detail="H:0 M:3 L:0" errors="0" errors_detail="H:0 M:0 L:0" time="51.882967" skipped="0" disabled="0">
		<testcase name="打开云塑ERP" classname="HOME_001" priority="H" time="6.788388"/>
		<testcase name="登录" classname="Login_001" priority="M" time="6.160352"/>
		<testcase name="审核编辑" classname="AEQ_001" priority="M" time="28.970657">
			<failure type="Failure" message="step-6|CLICK|sel审核-不通过: Locating the element:sel审核-不通过 is Failure, this element is not define"/>
		</testcase>
		<testcase name="删除需求订单" classname="DQ_001" priority="M" time="3.643209">
			<failure type="Failure" message=""/>
		</testcase>
		<testcase name="查看需求订单" classname="CH_001" priority="M" time="3.535202">
			<failure type="Failure" message=""/>
		</testcase>
	</testsuite>
</testsuites>
