<?xml version="1.0" ?>
<testsuites>
	<testsuite name="Roll" hostname="roll" timestamp="2020-07-22T10:42:04.186532" tests="5" failures="3" failures_detail="H:0 M:3 L:0" errors="0" errors_detail="H:0 M:0 L:0" time="171.355801" skipped="0" disabled="0">
		<testcase name="打开云塑ERP" classname="HOME_001" priority="H" time="6.80839"/>
		<testcase name="登录" classname="Login_001" priority="M" time="4.855278"/>
		<testcase name="审核编辑" classname="AEQ_001" priority="M" time="82.312708">
			<failure type="Failure" message="step-18|CLICK|通用-tab已审核-查看: Message: element not interactable
  (Session info: chrome=84.0.4147.89)
"/>
		</testcase>
		<testcase name="删除需求订单" classname="DQ_001" priority="M" time="21.420225">
			<failure type="Failure" message=""/>
		</testcase>
		<testcase name="查看需求订单" classname="CH_001" priority="M" time="52.546005">
			<failure type="Failure" message="step-9|CLICK|通用-btn查看订单: Message: element not interactable
  (Session info: chrome=84.0.4147.89)
"/>
		</testcase>
	</testsuite>
</testsuites>
