<?xml version="1.0" ?>
<testsuites>
	<testsuite name="Roll" hostname="roll" timestamp="2020-07-28T15:47:44.438834" tests="2" failures="1" failures_detail="H:0 M:1 L:0" errors="0" errors_detail="H:0 M:0 L:0" time="22.394809" skipped="0" disabled="0">
		<testcase name="打开云塑ERP" classname="HOME_001" priority="H" time="3.625203"/>
		<testcase name="登录" classname="Login_001" priority="M" time="16.477493">
			<failure type="Failure" message="step-4|CHECK|通用-页面加载校验: Locating the element:通用-页面加载校验 is Failure: Timeout"/>
		</testcase>
	</testsuite>
</testsuites>
