<?xml version="1.0" ?>
<testsuites>
	<testsuite name="Roll" hostname="roll" timestamp="2020-07-22T14:42:52.773944" tests="5" failures="2" failures_detail="H:0 M:2 L:0" errors="0" errors_detail="H:0 M:0 L:0" time="567.460457" skipped="0" disabled="0">
		<testcase name="打开云塑ERP" classname="HOME_001" priority="H" time="6.837391"/>
		<testcase name="登录" classname="Login_001" priority="M" time="5.174296"/>
		<testcase name="审核编辑" classname="AEQ_001" priority="M" time="76.808393"/>
		<testcase name="删除需求订单" classname="DQ_001" priority="M" time="236.051502">
			<failure type="Failure" message="step-65|CLICK|通用-tab已审核-查看: Message: element not interactable
  (Session info: chrome=84.0.4147.89)
"/>
		</testcase>
		<testcase name="查看需求订单" classname="CH_001" priority="M" time="239.982726">
			<failure type="Failure" message="step-69|CLICK|通用-tab已审核-查看: Message: element not interactable
  (Session info: chrome=84.0.4147.89)
"/>
		</testcase>
	</testsuite>
</testsuites>
