<?xml version="1.0" ?>
<testsuites>
	<testsuite name="Roll" hostname="roll" timestamp="2020-07-21T14:49:37.296164" tests="5" failures="3" failures_detail="H:0 M:3 L:0" errors="0" errors_detail="H:0 M:0 L:0" time="43.871509" skipped="0" disabled="0">
		<testcase name="打开云塑ERP" classname="HOME_001" priority="H" time="7.215412"/>
		<testcase name="登录" classname="Login_001" priority="M" time="7.135408"/>
		<testcase name="审核编辑" classname="AEQ_001" priority="M" time="3.082177">
			<failure type="Failure" message=""/>
		</testcase>
		<testcase name="删除需求订单" classname="DQ_001" priority="M" time="21.596235">
			<failure type="Failure" message=""/>
		</testcase>
		<testcase name="查看需求订单" classname="CH_001" priority="M" time="2.138122">
			<failure type="Failure" message=""/>
		</testcase>
	</testsuite>
</testsuites>
