<?xml version="1.0" ?>
<testsuites>
	<testsuite name="Roll" hostname="roll" timestamp="2020-07-21T15:23:27.915309" tests="5" failures="3" failures_detail="H:0 M:3 L:0" errors="0" errors_detail="H:0 M:0 L:0" time="86.161928" skipped="0" disabled="0">
		<testcase name="打开云塑ERP" classname="HOME_001" priority="H" time="6.621379"/>
		<testcase name="登录" classname="Login_001" priority="M" time="5.123293"/>
		<testcase name="审核编辑" classname="AEQ_001" priority="M" time="21.720242">
			<failure type="Failure" message=""/>
		</testcase>
		<testcase name="删除需求订单" classname="DQ_001" priority="M" time="21.843249">
			<failure type="Failure" message=""/>
		</testcase>
		<testcase name="查看需求订单" classname="CH_001" priority="M" time="28.225615">
			<failure type="Failure" message=""/>
		</testcase>
	</testsuite>
</testsuites>
