<?xml version="1.0" ?>
<testsuites>
	<testsuite name="SalesO" hostname="saleso" timestamp="2020-07-23T09:02:53.069518" tests="5" failures="3" failures_detail="H:0 M:3 L:0" errors="0" errors_detail="H:0 M:0 L:0" time="79.094524" skipped="0" disabled="0">
		<testcase name="打开云塑ERP" classname="HOME_001" priority="H" time="7.725442"/>
		<testcase name="登录" classname="Login_001" priority="M" time="5.226299"/>
		<testcase name="审核编辑" classname="AEQ_002" priority="M" time="5.123293">
			<failure type="Failure" message=""/>
		</testcase>
		<testcase name="删除销售订单" classname="DQ_001" priority="M" time="29.034661">
			<failure type="Failure" message=""/>
		</testcase>
		<testcase name="查看销售订单" classname="CH_001" priority="M" time="29.217671">
			<failure type="Failure" message=""/>
		</testcase>
	</testsuite>
</testsuites>
