<?xml version="1.0" ?>
<testsuites>
	<testsuite name="SalesO" hostname="saleso" timestamp="2020-07-23T17:04:39.626878" tests="5" failures="2" failures_detail="H:0 M:2 L:0" errors="0" errors_detail="H:0 M:0 L:0" time="256.727684" skipped="0" disabled="0">
		<testcase name="打开云塑ERP" classname="HOME_001" priority="H" time="8.668496"/>
		<testcase name="登录" classname="Login_001" priority="M" time="5.434311"/>
		<testcase name="审核编辑" classname="AEQ_002" priority="M" time="82.475717"/>
		<testcase name="删除销售订单" classname="DQ_001" priority="M" time="128.054324">
			<failure type="Failure" message="step-29|CLICK|通用-btn审核: Locating the element:通用-btn审核 is Failure: Timeout"/>
		</testcase>
		<testcase name="查看销售订单" classname="CH_001" priority="M" time="29.127666">
			<failure type="Failure" message=""/>
		</testcase>
	</testsuite>
</testsuites>
