<?xml version="1.0" ?>
<testsuites>
	<testsuite name="SalesO" hostname="saleso" timestamp="2020-07-23T09:01:04.743322" tests="5" failures="3" failures_detail="H:0 M:3 L:0" errors="0" errors_detail="H:0 M:0 L:0" time="40.479315" skipped="0" disabled="0">
		<testcase name="打开云塑ERP" classname="HOME_001" priority="H" time="8.081463"/>
		<testcase name="登录" classname="Login_001" priority="M" time="5.011286"/>
		<testcase name="审核编辑" classname="AEQ_002" priority="M" time="8.577491">
			<failure type="Failure" message=""/>
		</testcase>
		<testcase name="删除销售订单" classname="DQ_001" priority="M" time="8.006458">
			<failure type="Failure" message=""/>
		</testcase>
		<testcase name="查看销售订单" classname="CH_001" priority="M" time="8.175467">
			<failure type="Failure" message=""/>
		</testcase>
	</testsuite>
</testsuites>
