<?xml version="1.0" ?>
<testsuites>
	<testsuite name="SalesO" hostname="saleso" timestamp="2020-07-23T10:58:34.769561" tests="5" failures="3" failures_detail="H:0 M:3 L:0" errors="0" errors_detail="H:0 M:0 L:0" time="119.902858" skipped="0" disabled="0">
		<testcase name="打开云塑ERP" classname="HOME_001" priority="H" time="7.101406"/>
		<testcase name="登录" classname="Login_001" priority="M" time="5.116292"/>
		<testcase name="审核编辑" classname="AEQ_002" priority="M" time="46.382653">
			<failure type="Failure" message="step-10|CHECK|销售订单-inp备注: Check Failure, DATA:'蒸汽时代1', REAL:''"/>
		</testcase>
		<testcase name="删除销售订单" classname="DQ_001" priority="M" time="29.19667">
			<failure type="Failure" message=""/>
		</testcase>
		<testcase name="查看销售订单" classname="CH_001" priority="M" time="28.993659">
			<failure type="Failure" message=""/>
		</testcase>
	</testsuite>
</testsuites>
