<?xml version="1.0" ?>
<testsuites>
	<testsuite name="SalesO" hostname="saleso" timestamp="2020-07-23T10:17:04.281113" tests="5" failures="3" failures_detail="H:0 M:3 L:0" errors="0" errors_detail="H:0 M:0 L:0" time="78.130469" skipped="0" disabled="0">
		<testcase name="打开云塑ERP" classname="HOME_001" priority="H" time="7.088405"/>
		<testcase name="登录" classname="Login_001" priority="M" time="5.194298"/>
		<testcase name="审核编辑" classname="AEQ_002" priority="M" time="22.708298">
			<failure type="Failure" message=""/>
		</testcase>
		<testcase name="删除销售订单" classname="DQ_001" priority="M" time="23.454342">
			<failure type="Failure" message=""/>
		</testcase>
		<testcase name="查看销售订单" classname="CH_001" priority="M" time="17.056976">
			<failure type="Failure" message=""/>
		</testcase>
	</testsuite>
</testsuites>
