<?xml version="1.0" ?>
<testsuites>
	<testsuite name="SalesO" hostname="saleso" timestamp="2020-07-23T16:04:37.219833" tests="5" failures="2" failures_detail="H:0 M:2 L:0" errors="0" errors_detail="H:0 M:0 L:0" time="364.409843" skipped="0" disabled="0">
		<testcase name="打开云塑ERP" classname="HOME_001" priority="H" time="7.051403"/>
		<testcase name="登录" classname="Login_001" priority="M" time="5.127294"/>
		<testcase name="审核编辑" classname="AEQ_002" priority="M" time="75.560321"/>
		<testcase name="删除销售订单" classname="DQ_001" priority="M" time="227.926037">
			<failure type="Failure" message="step-67|CLICK|通用-tab已审核-查看: Message: element not interactable
  (Session info: chrome=84.0.4147.89)
"/>
		</testcase>
		<testcase name="查看销售订单" classname="CH_001" priority="M" time="46.15064">
			<failure type="Failure" message="step-10|CLICK|通用-btn查看订单: HTTPConnectionPool(host='127.0.0.1', port=61889): Max retries exceeded with url: /session/1985e54b7fc711d67b86a12c9d148ff0/element/ce305902-3138-4e3d-bb22-1d152117a04c/click (Caused by NewConnectionError('&lt;urllib3.connection.HTTPConnection object at 0x09D2B478&gt;: Failed to establish a new connection: [WinError 10061] 由于目标计算机积极拒绝，无法连接。'))"/>
		</testcase>
	</testsuite>
</testsuites>
