<?xml version="1.0" ?>
<testsuites>
	<testsuite name="SalesO" hostname="saleso" timestamp="2020-07-23T16:00:57.428261" tests="5" failures="3" failures_detail="H:0 M:3 L:0" errors="0" errors_detail="H:0 M:0 L:0" time="104.486977" skipped="0" disabled="0">
		<testcase name="打开云塑ERP" classname="HOME_001" priority="H" time="5.370307"/>
		<testcase name="登录" classname="Login_001" priority="M" time="5.496315"/>
		<testcase name="审核编辑" classname="AEQ_002" priority="M" time="45.10858">
			<failure type="Failure" message="step-12|CHECK|toast修改成功提醒#修改成功: Locating the element:toast修改成功提醒#修改成功 is Failure, this element is not define"/>
		</testcase>
		<testcase name="删除销售订单" classname="DQ_001" priority="M" time="28.879651">
			<failure type="Failure" message=""/>
		</testcase>
		<testcase name="查看销售订单" classname="CH_001" priority="M" time="17.048976">
			<failure type="Failure" message=""/>
		</testcase>
	</testsuite>
</testsuites>
