<?xml version="1.0" ?>
<testsuites>
	<testsuite name="SalesO" hostname="saleso" timestamp="2020-07-23T11:22:50.996852" tests="5" failures="2" failures_detail="H:0 M:2 L:0" errors="0" errors_detail="H:0 M:0 L:0" time="197.204279" skipped="0" disabled="0">
		<testcase name="打开云塑ERP" classname="HOME_001" priority="H" time="7.277416"/>
		<testcase name="登录" classname="Login_001" priority="M" time="5.07629"/>
		<testcase name="审核编辑" classname="AEQ_002" priority="M" time="67.465859"/>
		<testcase name="删除销售订单" classname="DQ_001" priority="M" time="59.184385">
			<failure type="Failure" message="step-10|CLICK|销售订单-btn删除订单: Locating the element:销售订单-btn删除订单 is Failure: Timeout"/>
		</testcase>
		<testcase name="查看销售订单" classname="CH_001" priority="M" time="55.509175">
			<failure type="Failure" message="step-10|CLICK|通用-btn查看订单: Message: element not interactable
  (Session info: chrome=84.0.4147.89)
"/>
		</testcase>
	</testsuite>
</testsuites>
