<?xml version="1.0" ?>
<testsuites>
	<testsuite name="SalesO" hostname="saleso" timestamp="2020-07-23T11:15:47.351621" tests="5" failures="3" failures_detail="H:0 M:3 L:0" errors="0" errors_detail="H:0 M:0 L:0" time="82.999747" skipped="0" disabled="0">
		<testcase name="打开云塑ERP" classname="HOME_001" priority="H" time="7.34842"/>
		<testcase name="登录" classname="Login_001" priority="M" time="5.084291"/>
		<testcase name="审核编辑" classname="AEQ_002" priority="M" time="60.578465">
			<failure type="Failure" message="step-15|INPUT|销售订单-inp备注: Message: invalid element state: Element is not currently interactable and may not be manipulated
  (Session info: chrome=84.0.4147.89)
"/>
		</testcase>
		<testcase name="删除销售订单" classname="DQ_001" priority="M" time="3.697211">
			<failure type="Failure" message=""/>
		</testcase>
		<testcase name="查看销售订单" classname="CH_001" priority="M" time="3.684211">
			<failure type="Failure" message=""/>
		</testcase>
	</testsuite>
</testsuites>
