<?xml version="1.0" ?>
<testsuites>
	<testsuite name="SalesO" hostname="saleso" timestamp="2020-07-23T17:29:37.077528" tests="5" failures="0" failures_detail="H:0 M:0 L:0" errors="0" errors_detail="H:0 M:0 L:0" time="819.432869" skipped="0" disabled="0">
		<testcase name="打开云塑ERP" classname="HOME_001" priority="H" time="9.117522"/>
		<testcase name="登录" classname="Login_001" priority="M" time="4.838277"/>
		<testcase name="审核编辑" classname="AEQ_002" priority="M" time="78.86151"/>
		<testcase name="删除销售订单" classname="DQ_001" priority="M" time="245.502042"/>
		<testcase name="查看销售订单" classname="CH_001" priority="M" time="478.461367"/>
	</testsuite>
</testsuites>
