<?xml version="1.0" ?>
<testsuites>
	<testsuite name="SalesO" hostname="saleso" timestamp="2020-07-23T15:48:31.928621" tests="5" failures="3" failures_detail="H:0 M:3 L:0" errors="0" errors_detail="H:0 M:0 L:0" time="130.755479" skipped="0" disabled="0">
		<testcase name="打开云塑ERP" classname="HOME_001" priority="H" time="6.946397"/>
		<testcase name="登录" classname="Login_001" priority="M" time="4.911281"/>
		<testcase name="审核编辑" classname="AEQ_002" priority="M" time="82.265705">
			<failure type="Failure" message="step-18|CLICK|通用-btn关闭-确定: ('Connection aborted.', ConnectionResetError(10054, '远程主机强迫关闭了一个现有的连接。', None, 10054, None))"/>
		</testcase>
		<testcase name="删除销售订单" classname="DQ_001" priority="M" time="17.009973">
			<failure type="Failure" message=""/>
		</testcase>
		<testcase name="查看销售订单" classname="CH_001" priority="M" time="17.039975">
			<failure type="Failure" message=""/>
		</testcase>
	</testsuite>
</testsuites>
