<?xml version="1.0" ?>
<testsuites>
	<testsuite name="SalesO" hostname="saleso" timestamp="2020-07-23T15:46:25.807407" tests="5" failures="3" failures_detail="H:0 M:3 L:0" errors="0" errors_detail="H:0 M:0 L:0" time="118.00475" skipped="0" disabled="0">
		<testcase name="打开云塑ERP" classname="HOME_001" priority="H" time="7.018402"/>
		<testcase name="登录" classname="Login_001" priority="M" time="5.026287"/>
		<testcase name="审核编辑" classname="AEQ_002" priority="M" time="64.16667">
			<failure type="Failure" message="step-18|CLICK|btn关闭-确定: Locating the element:btn关闭-确定 is Failure, this element is not define"/>
		</testcase>
		<testcase name="删除销售订单" classname="DQ_001" priority="M" time="22.112265">
			<failure type="Failure" message=""/>
		</testcase>
		<testcase name="查看销售订单" classname="CH_001" priority="M" time="17.109979">
			<failure type="Failure" message=""/>
		</testcase>
	</testsuite>
</testsuites>
