<?xml version="1.0" ?>
<testsuites>
	<testsuite name="SalesO" hostname="saleso" timestamp="2020-07-23T16:17:45.282907" tests="5" failures="1" failures_detail="H:0 M:1 L:0" errors="0" errors_detail="H:0 M:0 L:0" time="380.226748" skipped="0" disabled="0">
		<testcase name="打开云塑ERP" classname="HOME_001" priority="H" time="7.606435"/>
		<testcase name="登录" classname="Login_001" priority="M" time="4.880279"/>
		<testcase name="审核编辑" classname="AEQ_002" priority="M" time="76.017348"/>
		<testcase name="删除销售订单" classname="DQ_001" priority="M" time="235.298458"/>
		<testcase name="查看销售订单" classname="CH_001" priority="M" time="53.828079">
			<failure type="Failure" message="step-10|CLICK|通用-btn查看订单: Message: element not interactable
  (Session info: chrome=84.0.4147.89)
"/>
		</testcase>
	</testsuite>
</testsuites>
