<?xml version="1.0" ?>
<testsuites>
	<testsuite name="SalesO" hostname="saleso" timestamp="2020-07-23T17:11:01.328711" tests="5" failures="1" failures_detail="H:0 M:1 L:0" errors="0" errors_detail="H:0 M:0 L:0" time="890.939958" skipped="0" disabled="0">
		<testcase name="打开云塑ERP" classname="HOME_001" priority="H" time="9.220527"/>
		<testcase name="登录" classname="Login_001" priority="M" time="5.497315"/>
		<testcase name="审核编辑" classname="AEQ_002" priority="M" time="78.667499"/>
		<testcase name="删除销售订单" classname="DQ_001" priority="M" time="377.780608"/>
		<testcase name="查看销售订单" classname="CH_001" priority="M" time="416.792839">
			<failure type="Failure" message="step-74|CHECK|lab销售单状态#已关闭: Locating the element:lab销售单状态#已关闭 is Failure, this element is not define"/>
		</testcase>
	</testsuite>
</testsuites>
