<?xml version="1.0" ?>
<testsuites>
	<testsuite name="TestAPI" hostname="testapi" timestamp="2020-10-29T16:17:11.220110" tests="1" failures="1" failures_detail="H:0 M:1 L:0" errors="0" errors_detail="H:0 M:0 L:0" time="0.301017" skipped="0" disabled="0">
		<testcase name="销售订单" classname="sale_001" priority="M" time="0.299017">
			<failure type="Failure" message="step-2|GET|SaleOrder-GET分页列表: Invalid URL 'yuns/yunsSalesOder/oderMes/list': No schema supplied. Perhaps you meant http://yuns/yunsSalesOder/oderMes/list?"/>
		</testcase>
	</testsuite>
</testsuites>
