<?xml version="1.0" ?>
<testsuites>
	<testsuite name="TestAPI" hostname="testapi" timestamp="2020-11-01T19:43:26.431463" tests="42" failures="2" failures_detail="H:0 M:2 L:0" errors="0" errors_detail="H:0 M:0 L:0" time="158.019038" skipped="0" disabled="0">
		<testcase name="主页面" classname="main_001" priority="M" time="0.429024"/>
		<testcase name="销售订单" classname="sale_001" priority="M" time="7.030402"/>
		<testcase name="客户及供应商基础信息" classname="kg_001" priority="M" time="3.227185"/>
		<testcase name="BOM主表" classname="bom" priority="M" time="2.712155"/>
		<testcase name="物料基础信息" classname="wl" priority="M" time="6.859392"/>
		<testcase name="基础参数设置" classname="basic" priority="M" time="2.862164"/>
		<testcase name="附件子表" classname="fjzb" priority="M" time="1.637094"/>
		<testcase name="「委外」-发料主表" classname="ww-flzb" priority="M" time="4.357249"/>
		<testcase name="「委外」-委外订单" classname="ww-wwdd" priority="M" time="4.590262"/>
		<testcase name="「委外」-委外缴库" classname="ww-wwjk" priority="M" time="3.952227"/>
		<testcase name="订单交期评估" classname="ddjqpg" priority="M" time="3.589205"/>
		<testcase name="「物料需求计划」-主信息表" classname="wlxqjh" priority="M" time="0.87805"/>
		<testcase name="「计划工单」-主信息表" classname="jhgd-zxxb" priority="M" time="4.54126"/>
		<testcase name="「计划」-销售发货计划主表" classname="jh-xsfhjhzb" priority="M" time="4.113235"/>
		<testcase name="采购管理-「请购单」请购单主表" classname="cggl-qgdzb" priority="M" time="5.083291"/>
		<testcase name="采购管理-「采购单」采购单主表" classname="cggl-cgdzb" priority="M" time="3.281187"/>
		<testcase name="报价单主信息表" classname="bjdzxxb" priority="M" time="1.575091">
			<failure type="Failure" message="step-6|GET|报价单主信息表-导出excel: status_code | EXPECTED:'200', REAL:500"/>
		</testcase>
		<testcase name="价格政策" classname="jgzc" priority="M" time="6.100348"/>
		<testcase name="销售滚动订单信息" classname="xsgdddxx" priority="M" time="4.446255"/>
		<testcase name="「业务」-测试" classname="yw-cs" priority="M" time="0.803046">
			<failure type="Failure" message="step-3|GET|「业务」-测试-getStatusCode-异常测试: status_code | EXPECTED:'200', REAL:500"/>
		</testcase>
		<testcase name="【对账】应收流水" classname="dz-ysls" priority="M" time="1.698097"/>
		<testcase name="仓库" classname="ck" priority="M" time="5.800332"/>
		<testcase name="仓库管理-「盘点」" classname="ckgl-pd" priority="M" time="4.02523"/>
		<testcase name="仓库管理-「入库」其他" classname="ckgl-rk" priority="M" time="4.226242"/>
		<testcase name="仓库管理-「出库」其他" classname="ckgl-ck" priority="M" time="3.802217"/>
		<testcase name="仓库管理-「调拨入库」调拨入库主表" classname="ckgl-dbrkzb" priority="M" time="4.330248"/>
		<testcase name="仓库管理-「调拨出库」调拨出库主表" classname="ckgl-dbckzb" priority="M" time="4.010229"/>
		<testcase name="仓库管理-「入库」委外入库" classname="ckgl-wwrk" priority="M" time="4.093234"/>
		<testcase name="仓库管理-「出库」委外出库" classname="wkgl-wwck" priority="M" time="4.260244"/>
		<testcase name="仓库管理-「销售出库」" classname="ckgl-xsck" priority="M" time="4.089234"/>
		<testcase name="仓库管理-仓储汇总" classname="ckgl-cchz" priority="M" time="4.116235"/>
		<testcase name="仓库管理-「入库」生产入库主表" classname="ckgl-scrkzb" priority="M" time="3.83722"/>
		<testcase name="仓库管理-「出库」生产出库" classname="ckgl-scck" priority="M" time="4.219241"/>
		<testcase name="仓库管理-「采购入库」采购入库主表" classname="ckgl-cgrkzb" priority="M" time="4.120236"/>
		<testcase name="「生产」-注塑工单主表" classname="sc-zsgdzb" priority="M" time="4.324247"/>
		<testcase name="「生产」-其他工序工单主表" classname="sc-qtgxgdzb" priority="M" time="3.250186"/>
		<testcase name="「生产」-混料工单主表" classname="sc-hlgdzb" priority="M" time="3.548203"/>
		<testcase name="「生产」-领料单主表" classname="sc-lldzb" priority="M" time="3.366192"/>
		<testcase name="派工单" classname="pgd" priority="M" time="8.366479"/>
		<testcase name="「生产」-缴库单主表" classname="sc-jkdzb" priority="M" time="4.398251"/>
		<testcase name="自动提醒-基础设置" classname="zdtx-jcsz" priority="M" time="0.599035"/>
		<testcase name="看起来像是被弃用的接口" classname="bak" priority="M" time="1.452083"/>
	</testsuite>
</testsuites>
