<?xml version="1.0" ?>
<testsuites>
	<testsuite name="TestAPI" hostname="testapi" timestamp="2020-11-01T17:42:20.889397" tests="3" failures="0" failures_detail="H:0 M:0 L:0" errors="0" errors_detail="H:0 M:0 L:0" time="8.748501" skipped="0" disabled="0">
		<testcase name="主页面" classname="main_001" priority="M" time="0.419024"/>
		<testcase name="销售订单" classname="sale_001" priority="M" time="6.274358"/>
		<testcase name="客户及供应商基础信息" classname="kg_001" priority="M" time="2.052118"/>
	</testsuite>
</testsuites>
