<?xml version="1.0" ?>
<testsuites>
	<testsuite name="TestAPI" hostname="testapi" timestamp="2020-11-01T18:51:34.093947" tests="5" failures="0" failures_detail="H:0 M:0 L:0" errors="0" errors_detail="H:0 M:0 L:0" time="20.597178" skipped="0" disabled="0">
		<testcase name="主页面" classname="main_001" priority="M" time="0.556032"/>
		<testcase name="销售订单" classname="sale_001" priority="M" time="7.073405"/>
		<testcase name="客户及供应商基础信息" classname="kg_001" priority="M" time="3.225184"/>
		<testcase name="BOM主表" classname="bom" priority="M" time="3.204183"/>
		<testcase name="物料基础信息" classname="wl" priority="M" time="6.535374"/>
	</testsuite>
</testsuites>
