2020-07-23 11:12:52,513 [INFO]: #  From Excel import testsuite success
2020-07-23 11:12:55,127 [INFO]: #  --------------------------------------------------
2020-07-23 11:12:55,127 [INFO]: #  >>> Run the TestCase: HOME_001|打开云塑ERP
2020-07-23 11:12:55,128 [INFO]: #  Run the Step: 1|通用|OPEN|通用-首页链接
2020-07-23 11:13:01,886 [INFO]: #  --- success ---
2020-07-23 11:13:02,086 [INFO]: #  Run the Step: 2|通用|CHECK|通用-页面title
2020-07-23 11:13:02,087 [INFO]: #  DATA:'云塑 企业资源计划管理系统'
2020-07-23 11:13:02,094 [INFO]: #  REAL:'云塑 企业资源计划管理系统'
2020-07-23 11:13:02,105 [INFO]: #  --- success ---
2020-07-23 11:13:02,305 [INFO]: #  --------------------------------------------------
2020-07-23 11:13:02,306 [INFO]: #  >>> Run the TestCase: Login_001|登录
2020-07-23 11:13:02,306 [INFO]: #  Run the Step: 1|登录页面|INPUT|登录页面-账号输入框
2020-07-23 11:13:03,110 [INFO]: #  --- success ---
2020-07-23 11:13:03,311 [INFO]: #  Run the Step: 2|登录页面|INPUT|登录页面-密码输入框
2020-07-23 11:13:04,264 [INFO]: #  --- success ---
2020-07-23 11:13:04,472 [INFO]: #  Run the Step: 3|登录页面|CLICK|登录页面-确定按钮
2020-07-23 11:13:05,150 [INFO]: #  --- success ---
2020-07-23 11:13:05,357 [INFO]: #  Run the Step: 4|登录页面|CHECK|通用-页面加载校验
2020-07-23 11:13:07,283 [INFO]: #  DATA:'欢迎进入 云塑企业资源计划管理系统'
2020-07-23 11:13:07,284 [INFO]: #  REAL:'欢迎进入 云塑企业资源计划管理系统'
2020-07-23 11:13:07,284 [INFO]: #  --- success ---
2020-07-23 11:13:07,486 [INFO]: #  ==================================================
2020-07-23 11:13:07,492 [INFO]: #  ...No SETUP testcase need to run...
2020-07-23 11:13:07,492 [INFO]: #  --------------------------------------------------
2020-07-23 11:13:07,493 [INFO]: #  >>> Run the TestCase: AEQ_002|审核编辑
2020-07-23 11:13:07,494 [INFO]: #  Run the Step: 1|用例片段|EXECUTE|CQ_001
2020-07-23 11:13:07,496 [INFO]: #  >>> Run the TestCase: CQ_001|新增销售订单
2020-07-23 11:13:07,496 [INFO]: #  Run the Step: 1|销售订单|CLICK|通用-左侧栏一级菜单#销售管理
2020-07-23 11:13:08,241 [INFO]: #  --- success ---
2020-07-23 11:13:08,450 [INFO]: #  Run the Step: 2|销售订单|CLICK|通用-左侧栏二级菜单#需求订单
2020-07-23 11:13:09,585 [INFO]: #  --- success ---
2020-07-23 11:13:09,791 [INFO]: #  Run the Step: 3|销售订单|CLICK|通用-左侧栏一级菜单#销售管理
2020-07-23 11:13:10,472 [INFO]: #  --- success ---
2020-07-23 11:13:10,678 [INFO]: #  Run the Step: 4|销售订单|CLICK|销售订单-btn新增
2020-07-23 11:13:11,669 [INFO]: #  --- success ---
2020-07-23 11:13:11,870 [INFO]: #  Run the Step: 5|销售订单|CHECK|销售订单-lab销售状态#未定义
2020-07-23 11:13:11,967 [INFO]: #  DATA:'未定义'
2020-07-23 11:13:11,968 [INFO]: #  REAL:'未定义'
2020-07-23 11:13:11,968 [INFO]: #  --- success ---
2020-07-23 11:13:12,169 [INFO]: #  Run the Step: 6|销售订单|INPUT|销售订单-inp客户PO
2020-07-23 11:13:13,890 [INFO]: #  --- success ---
2020-07-23 11:13:14,090 [INFO]: #  Run the Step: 7|销售订单|CLICK|销售订单-sel客户名称
2020-07-23 11:13:14,776 [INFO]: #  --- success ---
2020-07-23 11:13:14,983 [INFO]: #  Run the Step: 8|销售订单|CLICK|销售订单-val客户名称-美的
2020-07-23 11:13:15,710 [INFO]: #  --- success ---
2020-07-23 11:13:15,911 [INFO]: #  Run the Step: 9|销售订单|CLICK|销售订单-sel预交日期
2020-07-23 11:13:16,633 [INFO]: #  --- success ---
2020-07-23 11:13:16,833 [INFO]: #  Run the Step: 10|销售订单|CLICK|销售订单-val预交日期
2020-07-23 11:13:17,551 [INFO]: #  --- success ---
2020-07-23 11:13:17,752 [INFO]: #  Run the Step: 11|销售订单|CLICK|销售订单-sel业务部门
2020-07-23 11:13:18,457 [INFO]: #  --- success ---
2020-07-23 11:13:18,658 [INFO]: #  Run the Step: 12|销售订单|CLICK|销售订单-val业务部门-办公室
2020-07-23 11:13:19,391 [INFO]: #  --- success ---
2020-07-23 11:13:19,592 [INFO]: #  Run the Step: 13|销售订单|CLICK|销售订单-sel业务人员
2020-07-23 11:13:20,270 [INFO]: #  --- success ---
2020-07-23 11:13:20,471 [INFO]: #  Run the Step: 14|销售订单|CLICK|销售订单-val业务人员-田丰
2020-07-23 11:13:21,200 [INFO]: #  --- success ---
2020-07-23 11:13:21,401 [INFO]: #  Run the Step: 15|销售订单|CLICK|销售订单-sel交货验收
2020-07-23 11:13:22,084 [INFO]: #  --- success ---
2020-07-23 11:13:22,285 [INFO]: #  Run the Step: 16|销售订单|CLICK|销售订单-val交货验收-否
2020-07-23 11:13:22,921 [INFO]: #  --- success ---
2020-07-23 11:13:23,136 [INFO]: #  Run the Step: 17|销售订单|CLICK|销售订单-sel订单等级
2020-07-23 11:13:23,794 [INFO]: #  --- success ---
2020-07-23 11:13:23,994 [INFO]: #  Run the Step: 18|销售订单|CLICK|销售订单-val订单等级-正常
2020-07-23 11:13:24,627 [INFO]: #  --- success ---
2020-07-23 11:13:24,828 [INFO]: #  Run the Step: 19|销售订单|CLICK|销售订单-btn添加
2020-07-23 11:13:25,697 [INFO]: #  --- success ---
2020-07-23 11:13:25,905 [INFO]: #  Run the Step: 20|销售订单|CLICK|销售订单-sel物料编码
2020-07-23 11:13:26,604 [INFO]: #  --- success ---
2020-07-23 11:13:26,805 [INFO]: #  Run the Step: 20|销售订单|INPUT|销售订单-inp选择物料
2020-07-23 11:13:27,491 [INFO]: #  --- success ---
2020-07-23 11:13:27,698 [INFO]: #  Run the Step: 21|销售订单|CLICK|销售订单-val物料编码-风扇罩W1S
2020-07-23 11:13:28,512 [INFO]: #  --- success ---
2020-07-23 11:13:28,712 [INFO]: #  Run the Step: 22|销售订单|INPUT|销售订单-inp数量
2020-07-23 11:13:29,544 [INFO]: #  --- success ---
2020-07-23 11:13:29,744 [INFO]: #  Run the Step: 23|销售订单|CHECK|销售订单-sel订单明细-交货地点
2020-07-23 11:13:29,818 [INFO]: #  DATA:'B2成品货位'
2020-07-23 11:13:29,828 [INFO]: #  REAL:'B2成品货位'
2020-07-23 11:13:29,829 [INFO]: #  --- success ---
2020-07-23 11:13:30,029 [INFO]: #  Run the Step: 24|销售订单|INPUT|销售订单-inp备注
2020-07-23 11:13:31,174 [INFO]: #  --- success ---
2020-07-23 11:13:31,374 [INFO]: #  --- success ---
2020-07-23 11:13:31,574 [INFO]: #  Run the Step: 2|销售订单|CLICK|销售订单-btn直接提交
2020-07-23 11:13:32,247 [INFO]: #  --- success ---
2020-07-23 11:13:32,448 [INFO]: #  Run the Step: 3|销售订单|CLICK|销售订单-btn直接提交-确定
2020-07-23 11:13:33,291 [INFO]: #  --- success ---
2020-07-23 11:13:33,501 [INFO]: #  Run the Step: 4|销售订单|CHECK|销售订单-lab销售状态#已提交
2020-07-23 11:13:34,152 [INFO]: #  DATA:'已提交'
2020-07-23 11:13:34,153 [INFO]: #  REAL:'已提交'
2020-07-23 11:13:34,153 [INFO]: #  --- success ---
2020-07-23 11:13:34,353 [INFO]: #  Run the Step: 4|销售订单|CLICK|销售订单-btn审核
2020-07-23 11:13:35,243 [INFO]: #  --- success ---
2020-07-23 11:13:35,443 [INFO]: #  Run the Step: 5|销售订单|CLICK|销售订单-sel审核-不通过
2020-07-23 11:13:46,709 [INFO]: #  --- success ---
2020-07-23 11:13:46,910 [INFO]: #  Run the Step: 7|销售订单|CLICK|通用-btn审核-确定
2020-07-23 11:13:47,662 [INFO]: #  --- success ---
2020-07-23 11:13:47,862 [INFO]: #  Run the Step: 6|销售订单|CHECK|销售订单-lab销售状态#不通过
2020-07-23 11:13:48,414 [INFO]: #  DATA:'不通过'
2020-07-23 11:13:48,414 [INFO]: #  REAL:'不通过'
2020-07-23 11:13:48,415 [INFO]: #  --- success ---
2020-07-23 11:13:48,615 [INFO]: #  Run the Step: 7|销售订单|CLICK|销售订单-btn编辑
2020-07-23 11:13:49,440 [INFO]: #  --- success ---
2020-07-23 11:13:49,641 [INFO]: #  Run the Step: 8|销售订单|INPUT|销售订单-inp备注
2020-07-23 11:13:50,982 [INFO]: #  --- success ---
2020-07-23 11:13:51,182 [INFO]: #  Run the Step: 9|销售订单|CLICK|销售订单-btn保存
2020-07-23 11:13:52,014 [INFO]: #  --- success ---
2020-07-23 11:13:52,215 [INFO]: #  Run the Step: 10|销售订单|CHECK|销售订单-toast修改成功提醒
2020-07-23 11:13:52,293 [INFO]: #  DATA:'修改成功'
2020-07-23 11:13:52,293 [INFO]: #  REAL:'修改成功!'
2020-07-23 11:13:52,926 [ERROR]: #  +++ failure +++
Traceback (most recent call last):
  File "C:\Users\archmage\AppData\Local\Programs\Python\Python38-32\lib\site-packages\sweetest\keywords\web.py", line 115, in check
    compare(expected, real)
  File "C:\Users\archmage\AppData\Local\Programs\Python\Python38-32\lib\site-packages\sweetest\utility.py", line 473, in compare
    assert data == real
AssertionError

During handling of the above exception, another exception occurred:

Traceback (most recent call last):
  File "C:\Users\archmage\AppData\Local\Programs\Python\Python38-32\lib\site-packages\sweetest\testcase.py", line 137, in run
    element = getattr(web, step['keyword'].lower())(step)
  File "C:\Users\archmage\AppData\Local\Programs\Python\Python38-32\lib\site-packages\sweetest\keywords\web.py", line 117, in check
    raise Exception(f'Check Failure, DATA:{repr(expected)}, REAL:{repr(real)}')
Exception: Check Failure, DATA:'修改成功', REAL:'修改成功!'
2020-07-23 11:13:52,928 [INFO]: #  ==================================================
2020-07-23 11:13:52,929 [INFO]: #  ...No SETUP testcase need to run...
2020-07-23 11:13:52,929 [INFO]: #  --------------------------------------------------
2020-07-23 11:13:52,929 [INFO]: #  >>> Run the TestCase: DQ_001|删除销售订单
2020-07-23 11:13:52,929 [INFO]: #  Run the Step: 1|用例片段|EXECUTE|CQ_001
2020-07-23 11:13:52,931 [INFO]: #  >>> Run the TestCase: CQ_001|新增销售订单
2020-07-23 11:13:52,931 [INFO]: #  Run the Step: 1|销售订单|CLICK|通用-左侧栏一级菜单#销售管理
2020-07-23 11:13:53,629 [INFO]: #  --- success ---
2020-07-23 11:13:53,834 [INFO]: #  Run the Step: 2|销售订单|CLICK|通用-左侧栏二级菜单#需求订单
2020-07-23 11:13:54,466 [INFO]: #  --- success ---
2020-07-23 11:13:54,667 [INFO]: #  Run the Step: 3|销售订单|CLICK|通用-左侧栏一级菜单#销售管理
2020-07-23 11:13:55,378 [INFO]: #  --- success ---
2020-07-23 11:13:55,578 [INFO]: #  Run the Step: 4|销售订单|CLICK|销售订单-btn新增
