2020-07-28 01:15:18,021 [INFO]: #  From Excel import testsuite success
2020-07-28 01:15:20,632 [INFO]: #  --------------------------------------------------
2020-07-28 01:15:20,632 [INFO]: #  >>> Run the TestCase: HOME_001|打开云塑ERP
2020-07-28 01:15:20,632 [INFO]: #  Run the Step: 1|通用|OPEN|通用-首页链接
2020-07-28 01:15:27,258 [INFO]: #  --- success ---
2020-07-28 01:15:27,459 [INFO]: #  Run the Step: 2|通用|CHECK|通用-页面title
2020-07-28 01:15:27,460 [INFO]: #  DATA:'云塑 企业资源计划管理系统'
2020-07-28 01:15:27,472 [INFO]: #  REAL:'云塑 企业资源计划管理系统'
2020-07-28 01:15:27,489 [INFO]: #  --- success ---
2020-07-28 01:15:27,690 [INFO]: #  --------------------------------------------------
2020-07-28 01:15:27,690 [INFO]: #  >>> Run the TestCase: Login_001|登录
2020-07-28 01:15:27,690 [INFO]: #  Run the Step: 1|登录页面|INPUT|登录页面-账号输入框
2020-07-28 01:15:28,493 [INFO]: #  --- success ---
2020-07-28 01:15:28,693 [INFO]: #  Run the Step: 2|登录页面|INPUT|登录页面-密码输入框
2020-07-28 01:15:29,569 [INFO]: #  --- success ---
2020-07-28 01:15:29,778 [INFO]: #  Run the Step: 3|登录页面|CLICK|登录页面-确定按钮
2020-07-28 01:15:30,443 [INFO]: #  --- success ---
2020-07-28 01:15:30,643 [INFO]: #  Run the Step: 4|登录页面|CHECK|通用-页面加载校验
2020-07-28 01:15:32,213 [INFO]: #  DATA:'欢迎进入 云塑企业资源计划管理系统'
2020-07-28 01:15:32,213 [INFO]: #  REAL:'欢迎进入 云塑企业资源计划管理系统'
2020-07-28 01:15:32,214 [INFO]: #  --- success ---
2020-07-28 01:15:32,414 [INFO]: #  ==================================================
2020-07-28 01:15:32,415 [INFO]: #  ...No SETUP testcase need to run...
2020-07-28 01:15:32,415 [INFO]: #  --------------------------------------------------
2020-07-28 01:15:32,416 [INFO]: #  >>> Run the TestCase: AEQ_001|审核编辑
2020-07-28 01:15:32,416 [INFO]: #  Page:登录页面 element:CQ_001
2020-07-28 01:15:32,417 [INFO]: #  Run the Step: 1|登录页面|EXECUTE|CQ_001
2020-07-28 01:15:32,421 [INFO]: #  >>> Run the TestCase: CQ_001|新增意向订单
2020-07-28 01:15:32,421 [INFO]: #  Run the Step: 1|登录页面|CLICK|通用-左侧栏一级菜单#销售管理
2020-07-28 01:15:33,154 [INFO]: #  --- success ---
2020-07-28 01:15:33,354 [INFO]: #  Run the Step: 2|登录页面|CLICK|通用-左侧栏二级菜单#需求订单
2020-07-28 01:15:34,391 [INFO]: #  --- success ---
2020-07-28 01:15:34,592 [INFO]: #  Run the Step: 3|登录页面|CLICK|通用-左侧栏一级菜单#销售管理
2020-07-28 01:15:35,778 [INFO]: #  --- success ---
2020-07-28 01:15:35,979 [INFO]: #  Run the Step: 4|意向订单|CLICK|意向订单-tab意向订单
2020-07-28 01:15:36,813 [INFO]: #  --- success ---
2020-07-28 01:15:37,014 [INFO]: #  Run the Step: 5|意向订单|CLICK|意向订单-btn新增
2020-07-28 01:15:37,925 [INFO]: #  --- success ---
2020-07-28 01:15:38,125 [INFO]: #  Run the Step: 6|意向订单|CHECK|意向订单-lab意向订单状态#未定义
2020-07-28 01:15:38,208 [INFO]: #  DATA:'未定义'
2020-07-28 01:15:38,208 [INFO]: #  REAL:'未定义'
2020-07-28 01:15:38,208 [INFO]: #  --- success ---
2020-07-28 01:15:38,409 [INFO]: #  Run the Step: 7|意向订单|CLICK|意向订单-sel预交日期
2020-07-28 01:15:39,145 [INFO]: #  --- success ---
2020-07-28 01:15:39,345 [INFO]: #  Run the Step: 8|意向订单|CLICK|意向订单-val预交日期
2020-07-28 01:15:40,049 [INFO]: #  --- success ---
2020-07-28 01:15:40,249 [INFO]: #  Run the Step: 9|意向订单|CLICK|意向订单-sel客户名称
2020-07-28 01:15:40,911 [INFO]: #  --- success ---
2020-07-28 01:15:41,112 [INFO]: #  Run the Step: 10|意向订单|CLICK|意向订单-val客户名称-美的
2020-07-28 01:15:41,829 [INFO]: #  --- success ---
2020-07-28 01:15:42,029 [INFO]: #  Run the Step: 11|意向订单|CLICK|意向订单-sel业务部门
2020-07-28 01:15:42,748 [INFO]: #  --- success ---
2020-07-28 01:15:42,950 [INFO]: #  Run the Step: 12|意向订单|CLICK|意向订单-val业务部门-办公室
2020-07-28 01:15:43,659 [INFO]: #  --- success ---
2020-07-28 01:15:43,860 [INFO]: #  Run the Step: 13|意向订单|CLICK|意向订单-sel业务人员
2020-07-28 01:15:44,533 [INFO]: #  --- success ---
2020-07-28 01:15:44,734 [INFO]: #  Run the Step: 14|意向订单|CLICK|意向订单-val业务人员-田丰
2020-07-28 01:15:45,456 [INFO]: #  --- success ---
2020-07-28 01:15:45,656 [INFO]: #  Run the Step: 15|意向订单|CLICK|意向订单-btn订单明细-添加
2020-07-28 01:15:46,444 [INFO]: #  --- success ---
2020-07-28 01:15:46,644 [INFO]: #  Run the Step: 16|意向订单|CLICK|意向订单-sel物料编码
2020-07-28 01:15:47,357 [INFO]: #  --- success ---
2020-07-28 01:15:47,557 [INFO]: #  Run the Step: 17|意向订单|INPUT|意向订单-inp选择物料
2020-07-28 01:15:48,188 [INFO]: #  --- success ---
2020-07-28 01:15:48,388 [INFO]: #  Run the Step: 18|意向订单|CLICK|意向订单-val物料编码-风扇罩-K33A0042-W1N-PP-不要求-NW-054
2020-07-28 01:15:49,315 [INFO]: #  --- success ---
2020-07-28 01:15:49,515 [INFO]: #  Run the Step: 19|意向订单|INPUT|意向订单-inp数量
2020-07-28 01:15:50,308 [INFO]: #  --- success ---
2020-07-28 01:15:50,508 [INFO]: #  Run the Step: 20|意向订单|CHECK|意向订单-sel订单明细-交货地点
2020-07-28 01:15:50,591 [INFO]: #  DATA:'B2成品货位'
2020-07-28 01:15:50,591 [INFO]: #  REAL:'B2成品货位'
2020-07-28 01:15:50,592 [INFO]: #  --- success ---
2020-07-28 01:15:50,792 [INFO]: #  Run the Step: 21|意向订单|INPUT|意向订单-inp备注
2020-07-28 01:15:51,830 [INFO]: #  --- success ---
2020-07-28 01:15:52,030 [INFO]: #  Run the Step: 22|意向订单|CHECK|意向订单-lab单位标准成本
2020-07-28 01:15:52,108 [INFO]: #  DATA:'fail'
2020-07-28 01:15:52,109 [INFO]: #  REAL:''
2020-07-28 01:15:52,505 [ERROR]: #  +++ failure +++
Traceback (most recent call last):
  File "C:\Users\archmage\AppData\Local\Programs\Python\Python38-32\lib\site-packages\sweetest\keywords\web.py", line 115, in check
    compare(expected, real)
  File "C:\Users\archmage\AppData\Local\Programs\Python\Python38-32\lib\site-packages\sweetest\utility.py", line 473, in compare
    assert data == real
AssertionError

During handling of the above exception, another exception occurred:

Traceback (most recent call last):
  File "C:\Users\archmage\AppData\Local\Programs\Python\Python38-32\lib\site-packages\sweetest\testcase.py", line 137, in run
    element = getattr(web, step['keyword'].lower())(step)
  File "C:\Users\archmage\AppData\Local\Programs\Python\Python38-32\lib\site-packages\sweetest\keywords\web.py", line 117, in check
    raise Exception(f'Check Failure, DATA:{repr(expected)}, REAL:{repr(real)}')
Exception: Check Failure, DATA:'fail', REAL:''
2020-07-28 01:15:52,506 [INFO]: #  ==================================================
2020-07-28 01:15:52,507 [INFO]: #  ...No SETUP testcase need to run...
2020-07-28 01:15:52,507 [INFO]: #  --------------------------------------------------
2020-07-28 01:15:52,507 [INFO]: #  >>> Run the TestCase: DQ_001|删除需求订单
2020-07-28 01:15:52,507 [INFO]: #  Run the Step: 1|用例片段|EXECUTE|CQ_001
2020-07-28 01:15:52,509 [INFO]: #  >>> Run the TestCase: CQ_001|新增意向订单
2020-07-28 01:15:52,509 [INFO]: #  Run the Step: 1|意向订单|CLICK|通用-左侧栏一级菜单#销售管理
2020-07-28 01:15:53,171 [INFO]: #  --- success ---
2020-07-28 01:15:53,371 [INFO]: #  Run the Step: 2|意向订单|CLICK|通用-左侧栏二级菜单#需求订单
2020-07-28 01:15:53,978 [INFO]: #  --- success ---
2020-07-28 01:15:54,178 [INFO]: #  Run the Step: 3|意向订单|CLICK|通用-左侧栏一级菜单#销售管理
2020-07-28 01:15:54,844 [INFO]: #  --- success ---
2020-07-28 01:15:55,044 [INFO]: #  Run the Step: 4|意向订单|CLICK|意向订单-tab意向订单
2020-07-28 01:16:21,541 [ERROR]: #  +++ failure +++
Traceback (most recent call last):
  File "C:\Users\archmage\AppData\Local\Programs\Python\Python38-32\lib\site-packages\sweetest\locator.py", line 32, in locating_element
    el_location = wait.until(EC.presence_of_element_located(
  File "C:\Users\archmage\AppData\Local\Programs\Python\Python38-32\lib\site-packages\selenium\webdriver\support\wait.py", line 80, in until
    raise TimeoutException(message, screen, stacktrace)
selenium.common.exceptions.TimeoutException: Message: 


During handling of the above exception, another exception occurred:

Traceback (most recent call last):
  File "C:\Users\archmage\AppData\Local\Programs\Python\Python38-32\lib\site-packages\sweetest\locator.py", line 37, in locating_element
    el_location = wait.until(EC.presence_of_element_located(
  File "C:\Users\archmage\AppData\Local\Programs\Python\Python38-32\lib\site-packages\selenium\webdriver\support\wait.py", line 80, in until
    raise TimeoutException(message, screen, stacktrace)
selenium.common.exceptions.TimeoutException: Message: 


During handling of the above exception, another exception occurred:

Traceback (most recent call last):
  File "C:\Users\archmage\AppData\Local\Programs\Python\Python38-32\lib\site-packages\sweetest\testcase.py", line 137, in run
    element = getattr(web, step['keyword'].lower())(step)
  File "C:\Users\archmage\AppData\Local\Programs\Python\Python38-32\lib\site-packages\sweetest\keywords\web.py", line 175, in click
    element_location = locating_element(element, 'CLICK')
  File "C:\Users\archmage\AppData\Local\Programs\Python\Python38-32\lib\site-packages\sweetest\locator.py", line 40, in locating_element
    raise Exception('Locating the element:%s is Failure: Timeout' % element)
Exception: Locating the element:意向订单-tab意向订单 is Failure: Timeout
2020-07-28 01:16:21,543 [INFO]: #  ==================================================
2020-07-28 01:16:21,543 [INFO]: #  ...No SETUP testcase need to run...
2020-07-28 01:16:21,543 [INFO]: #  --------------------------------------------------
2020-07-28 01:16:21,544 [INFO]: #  >>> Run the TestCase: CH_001|查看需求订单
2020-07-28 01:16:21,544 [INFO]: #  Run the Step: 1|用例片段|EXECUTE|CQ_001
2020-07-28 01:16:21,546 [INFO]: #  >>> Run the TestCase: CQ_001|新增意向订单
2020-07-28 01:16:21,546 [INFO]: #  Run the Step: 1|意向订单|CLICK|通用-左侧栏一级菜单#销售管理
2020-07-28 01:16:22,193 [INFO]: #  --- success ---
2020-07-28 01:16:22,396 [INFO]: #  Run the Step: 2|意向订单|CLICK|通用-左侧栏二级菜单#需求订单
2020-07-28 01:16:23,015 [INFO]: #  --- success ---
2020-07-28 01:16:23,215 [INFO]: #  Run the Step: 3|意向订单|CLICK|通用-左侧栏一级菜单#销售管理
2020-07-28 01:16:23,882 [INFO]: #  --- success ---
2020-07-28 01:16:24,082 [INFO]: #  Run the Step: 4|意向订单|CLICK|意向订单-tab意向订单
2020-07-28 01:16:50,656 [ERROR]: #  +++ failure +++
Traceback (most recent call last):
  File "C:\Users\archmage\AppData\Local\Programs\Python\Python38-32\lib\site-packages\sweetest\locator.py", line 32, in locating_element
    el_location = wait.until(EC.presence_of_element_located(
  File "C:\Users\archmage\AppData\Local\Programs\Python\Python38-32\lib\site-packages\selenium\webdriver\support\wait.py", line 80, in until
    raise TimeoutException(message, screen, stacktrace)
selenium.common.exceptions.TimeoutException: Message: 


During handling of the above exception, another exception occurred:

Traceback (most recent call last):
  File "C:\Users\archmage\AppData\Local\Programs\Python\Python38-32\lib\site-packages\sweetest\locator.py", line 37, in locating_element
    el_location = wait.until(EC.presence_of_element_located(
  File "C:\Users\archmage\AppData\Local\Programs\Python\Python38-32\lib\site-packages\selenium\webdriver\support\wait.py", line 80, in until
    raise TimeoutException(message, screen, stacktrace)
selenium.common.exceptions.TimeoutException: Message: 


During handling of the above exception, another exception occurred:

Traceback (most recent call last):
  File "C:\Users\archmage\AppData\Local\Programs\Python\Python38-32\lib\site-packages\sweetest\testcase.py", line 137, in run
    element = getattr(web, step['keyword'].lower())(step)
  File "C:\Users\archmage\AppData\Local\Programs\Python\Python38-32\lib\site-packages\sweetest\keywords\web.py", line 175, in click
    element_location = locating_element(element, 'CLICK')
  File "C:\Users\archmage\AppData\Local\Programs\Python\Python38-32\lib\site-packages\sweetest\locator.py", line 40, in locating_element
    raise Exception('Locating the element:%s is Failure: Timeout' % element)
Exception: Locating the element:意向订单-tab意向订单 is Failure: Timeout
2020-07-28 01:16:52,929 [INFO]: #  --- Quit th Driver: Chrome
