2020-07-20 17:31:59,118 [INFO]: #  From Excel import testsuite success
2020-07-20 17:32:02,223 [INFO]: #  --------------------------------------------------
2020-07-20 17:32:02,223 [INFO]: #  >>> Run the TestCase: HOME_001|打开云塑ERP
2020-07-20 17:32:02,223 [INFO]: #  Run the Step: 1|通用|OPEN|通用-首页链接
2020-07-20 17:32:08,752 [INFO]: #  --- success ---
2020-07-20 17:32:08,952 [INFO]: #  Run the Step: 2|通用|CHECK|通用-页面title
2020-07-20 17:32:08,953 [INFO]: #  DATA:'云塑 企业资源计划管理系统'
2020-07-20 17:32:08,962 [INFO]: #  REAL:'云塑 企业资源计划管理系统'
2020-07-20 17:32:08,971 [INFO]: #  --- success ---
2020-07-20 17:32:09,171 [INFO]: #  --------------------------------------------------
2020-07-20 17:32:09,176 [INFO]: #  >>> Run the TestCase: Login_001|登录
2020-07-20 17:32:09,177 [INFO]: #  Run the Step: 1|登录页面|INPUT|登录页面-账号输入框
2020-07-20 17:32:10,083 [INFO]: #  --- success ---
2020-07-20 17:32:10,283 [INFO]: #  Run the Step: 2|登录页面|INPUT|登录页面-密码输入框
2020-07-20 17:32:11,211 [INFO]: #  --- success ---
2020-07-20 17:32:11,411 [INFO]: #  Run the Step: 3|登录页面|CLICK|登录页面-确定按钮
2020-07-20 17:32:12,142 [INFO]: #  --- success ---
2020-07-20 17:32:12,347 [INFO]: #  Run the Step: 4|登录页面|CHECK|通用-页面加载校验
2020-07-20 17:32:14,527 [INFO]: #  DATA:'欢迎进入 云塑企业资源计划管理系统'
2020-07-20 17:32:14,538 [INFO]: #  REAL:'欢迎进入 云塑企业资源计划管理系统'
2020-07-20 17:32:14,539 [INFO]: #  --- success ---
2020-07-20 17:32:14,739 [INFO]: #  ==================================================
2020-07-20 17:32:14,741 [INFO]: #  ...No SETUP testcase need to run...
2020-07-20 17:32:14,741 [INFO]: #  --------------------------------------------------
2020-07-20 17:32:14,742 [INFO]: #  >>> Run the TestCase: VQ_001|查看附件
2020-07-20 17:32:14,744 [INFO]: #  Run the Step: 1|用例片段|EXECUTE|CQ_001
2020-07-20 17:32:14,748 [INFO]: #  >>> Run the TestCase: CQ_001|新增报价单
2020-07-20 17:32:14,765 [INFO]: #  Run the Step: 1|报价管理|CLICK|报价管理-btn侧边栏报价管理
2020-07-20 17:32:16,116 [INFO]: #  --- success ---
2020-07-20 17:32:16,317 [INFO]: #  Run the Step: 2|报价管理|CLICK|报价管理-btn新增
2020-07-20 17:32:17,488 [INFO]: #  --- success ---
2020-07-20 17:32:17,703 [INFO]: #  Run the Step: 3|报价管理|CHECK|报价管理-lab报价状态#未定义
2020-07-20 17:32:17,803 [INFO]: #  DATA:'未定义'
2020-07-20 17:32:17,813 [INFO]: #  REAL:'未定义'
2020-07-20 17:32:17,813 [INFO]: #  --- success ---
2020-07-20 17:32:18,014 [INFO]: #  Run the Step: 4|报价管理|CLICK|报价管理-sel报价日期
2020-07-20 17:32:18,762 [INFO]: #  --- success ---
2020-07-20 17:32:18,966 [INFO]: #  Run the Step: 5|报价管理|CLICK|报价管理-val报价日期
2020-07-20 17:32:19,616 [INFO]: #  --- success ---
2020-07-20 17:32:19,824 [INFO]: #  Run the Step: 6|报价管理|CLICK|报价管理-sel客户简称
2020-07-20 17:32:20,566 [INFO]: #  --- success ---
2020-07-20 17:32:20,766 [INFO]: #  Run the Step: 7|报价管理|CLICK|报价管理-val客户简称-美的
2020-07-20 17:32:21,571 [INFO]: #  --- success ---
2020-07-20 17:32:21,772 [INFO]: #  Run the Step: 8|报价管理|CLICK|报价管理-sel业务部门
2020-07-20 17:32:22,530 [INFO]: #  --- success ---
2020-07-20 17:32:22,730 [INFO]: #  Run the Step: 9|报价管理|CLICK|报价管理-val业务部门-办公室
2020-07-20 17:32:23,509 [INFO]: #  --- success ---
2020-07-20 17:32:23,711 [INFO]: #  Run the Step: 10|报价管理|CLICK|报价管理-sel业务人员
2020-07-20 17:32:24,418 [INFO]: #  --- success ---
2020-07-20 17:32:24,618 [INFO]: #  Run the Step: 11|报价管理|CLICK|报价管理-val业务人员-田丰
2020-07-20 17:32:25,382 [INFO]: #  --- success ---
2020-07-20 17:32:25,582 [INFO]: #  Run the Step: 12|报价管理|CLICK|报价管理-sel生效日期
2020-07-20 17:32:26,325 [INFO]: #  --- success ---
2020-07-20 17:32:26,525 [INFO]: #  Run the Step: 13|报价管理|CLICK|报价管理-val生效日期
2020-07-20 17:32:27,297 [INFO]: #  --- success ---
2020-07-20 17:32:27,498 [INFO]: #  Run the Step: 14|报价管理|INPUT|报价管理-inp有效期限
2020-07-20 17:32:28,450 [INFO]: #  --- success ---
2020-07-20 17:32:28,650 [INFO]: #  Run the Step: 15|报价管理|INPUT|报价管理-inp交货周期
2020-07-20 17:32:29,614 [INFO]: #  --- success ---
2020-07-20 17:32:29,814 [INFO]: #  Run the Step: 16|报价管理|CLICK|报价管理-sel价格属性
2020-07-20 17:32:30,523 [INFO]: #  --- success ---
2020-07-20 17:32:30,727 [INFO]: #  Run the Step: 17|报价管理|CLICK|报价管理-val价格属性-不含税
2020-07-20 17:32:31,389 [INFO]: #  --- success ---
2020-07-20 17:32:31,589 [INFO]: #  Run the Step: 18|报价管理|CLICK|报价管理-sel收款方式
2020-07-20 17:32:32,315 [INFO]: #  --- success ---
2020-07-20 17:32:32,515 [INFO]: #  Run the Step: 19|报价管理|CLICK|报价管理-val收款方式-银行转账
2020-07-20 17:32:33,302 [INFO]: #  --- success ---
2020-07-20 17:32:33,503 [INFO]: #  Run the Step: 20|报价管理|CLICK|报价管理-sel运输方式
2020-07-20 17:32:34,209 [INFO]: #  --- success ---
2020-07-20 17:32:34,410 [INFO]: #  Run the Step: 21|报价管理|CLICK|报价管理-val运输方式-送货上门
2020-07-20 17:32:35,219 [INFO]: #  --- success ---
2020-07-20 17:32:35,420 [INFO]: #  Run the Step: 22|报价管理|INPUT|报价管理-inp备注信息
2020-07-20 17:32:36,662 [INFO]: #  --- success ---
2020-07-20 17:32:36,863 [INFO]: #  Run the Step: 23|报价管理|CLICK|报价管理-btn单据明细新增
2020-07-20 17:32:37,764 [INFO]: #  --- success ---
2020-07-20 17:32:37,964 [INFO]: #  Run the Step: 24|报价管理|CLICK|报价管理-sel物料编码
2020-07-20 17:32:38,857 [INFO]: #  --- success ---
2020-07-20 17:32:39,065 [INFO]: #  Run the Step: 25|报价管理|CLICK|报价管理-val物料编码-风扇罩nw054
2020-07-20 17:32:39,939 [INFO]: #  --- success ---
2020-07-20 17:32:40,140 [INFO]: #  Run the Step: 26|报价管理|DOUBLE_CLICK|报价管理-inp报价
2020-07-20 17:32:40,995 [INFO]: #  --- success ---
2020-07-20 17:32:41,195 [INFO]: #  Run the Step: 27|报价管理|INPUT|报价管理-inp报价
2020-07-20 17:32:41,784 [INFO]: #  --- success ---
2020-07-20 17:32:41,988 [INFO]: #  Run the Step: 28|报价管理|INPUT|报价管理-inp报价
2020-07-20 17:32:42,595 [INFO]: #  --- success ---
2020-07-20 17:32:42,801 [INFO]: #  Run the Step: 29|报价管理|INPUT|报价管理-inp报价
2020-07-20 17:32:43,463 [INFO]: #  --- success ---
2020-07-20 17:32:43,663 [INFO]: #  Run the Step: 30|报价管理|CLICK|报价管理-sel价格状态
2020-07-20 17:32:44,378 [INFO]: #  --- success ---
2020-07-20 17:32:44,581 [INFO]: #  Run the Step: 31|报价管理|CLICK|报价管理-val生效
2020-07-20 17:32:45,276 [INFO]: #  --- success ---
2020-07-20 17:32:45,476 [INFO]: #  Run the Step: 32|报价管理|INPUT|报价管理-inp数量
2020-07-20 17:32:46,967 [INFO]: #  --- success ---
2020-07-20 17:32:47,171 [INFO]: #  Run the Step: 33|报价管理|CHECK|报价管理-lab金额
2020-07-20 17:32:47,269 [INFO]: #  DATA:'10000.00'
2020-07-20 17:32:47,270 [INFO]: #  REAL:'10000.00'
2020-07-20 17:32:47,280 [INFO]: #  --- success ---
2020-07-20 17:32:47,480 [INFO]: #  Run the Step: 34|报价管理|DOUBLE_CLICK|报价管理-inp折扣
2020-07-20 17:32:48,349 [INFO]: #  --- success ---
2020-07-20 17:32:48,549 [INFO]: #  Run the Step: 35|报价管理|INPUT|报价管理-inp折扣
2020-07-20 17:32:49,154 [INFO]: #  --- success ---
2020-07-20 17:32:49,355 [INFO]: #  Run the Step: 36|报价管理|INPUT|报价管理-inp折扣
2020-07-20 17:32:49,955 [INFO]: #  --- success ---
2020-07-20 17:32:50,155 [INFO]: #  Run the Step: 37|报价管理|INPUT|报价管理-inp折扣
2020-07-20 17:32:51,154 [INFO]: #  --- success ---
2020-07-20 17:32:51,354 [INFO]: #  Run the Step: 38|报价管理|CHECK|报价管理-lab金额
2020-07-20 17:32:51,418 [INFO]: #  DATA:'5000.00'
2020-07-20 17:32:51,419 [INFO]: #  REAL:'5000.00'
2020-07-20 17:32:51,420 [INFO]: #  --- success ---
2020-07-20 17:32:51,620 [INFO]: #  Run the Step: 39|报价管理|CLICK|报价管理-tab客户信息
2020-07-20 17:32:52,474 [INFO]: #  --- success ---
2020-07-20 17:32:52,674 [INFO]: #  Run the Step: 40|报价管理|CHECK|报价管理-val客户名称
2020-07-20 17:32:52,766 [INFO]: #  DATA:'美的'
2020-07-20 17:32:52,767 [INFO]: #  REAL:'美的'
2020-07-20 17:32:52,767 [INFO]: #  --- success ---
2020-07-20 17:32:52,967 [INFO]: #  --- success ---
2020-07-20 17:32:53,174 [INFO]: #  Run the Step: 2|报价管理|CLICK|报价管理-btn直接提交
2020-07-20 17:32:53,872 [INFO]: #  --- success ---
2020-07-20 17:32:54,073 [INFO]: #  Run the Step: 3|报价管理|CLICK|报价管理-btn直接提交-确定
2020-07-20 17:32:54,974 [INFO]: #  --- success ---
2020-07-20 17:32:55,174 [INFO]: #  Run the Step: 4|报价管理|CHECK|报价管理-lab报价状态#已提交
2020-07-20 17:32:55,643 [INFO]: #  DATA:'已提交'
2020-07-20 17:32:55,643 [INFO]: #  REAL:'已提交'
2020-07-20 17:32:55,644 [INFO]: #  --- success ---
2020-07-20 17:32:55,844 [INFO]: #  ==================================================
2020-07-20 17:32:55,845 [INFO]: #  ...No SETUP testcase need to run...
2020-07-20 17:32:55,847 [INFO]: #  --------------------------------------------------
2020-07-20 17:32:55,848 [INFO]: #  >>> Run the TestCase: AEQ_001|审核编辑
2020-07-20 17:32:55,858 [INFO]: #  Run the Step: 1|报价管理|CLICK|报价管理-btn审核
2020-07-20 17:32:56,771 [INFO]: #  --- success ---
2020-07-20 17:32:56,971 [INFO]: #  Run the Step: 2|报价管理|CLICK|报价管理-sel审核-不通过
2020-07-20 17:33:07,778 [INFO]: #  --- success ---
2020-07-20 17:33:07,978 [INFO]: #  Run the Step: 3|报价管理|CLICK|报价管理-btn审核-确定
2020-07-20 17:33:08,821 [INFO]: #  --- success ---
2020-07-20 17:33:09,024 [INFO]: #  Run the Step: 4|报价管理|CHECK|报价管理-lab报价状态#不通过
2020-07-20 17:33:09,579 [INFO]: #  DATA:'不通过'
2020-07-20 17:33:09,579 [INFO]: #  REAL:'不通过'
2020-07-20 17:33:09,579 [INFO]: #  --- success ---
2020-07-20 17:33:09,780 [INFO]: #  Run the Step: 5|报价管理|CLICK|报价管理-btn编辑
2020-07-20 17:33:10,669 [INFO]: #  --- success ---
2020-07-20 17:33:10,869 [INFO]: #  Run the Step: 6|报价管理|CLICK|报价管理-btn保存
2020-07-20 17:33:11,788 [INFO]: #  --- success ---
2020-07-20 17:33:11,989 [INFO]: #  Run the Step: 7|报价管理|CLICK|报价管理-btn提交
2020-07-20 17:33:12,945 [INFO]: #  --- success ---
2020-07-20 17:33:13,149 [INFO]: #  Run the Step: 8|报价管理|CLICK|报价管理-btn提交-确定
2020-07-20 17:33:13,975 [INFO]: #  --- success ---
2020-07-20 17:33:14,176 [INFO]: #  Run the Step: 9|报价管理|CLICK|报价管理-btn审核
2020-07-20 17:33:15,165 [INFO]: #  --- success ---
2020-07-20 17:33:15,366 [INFO]: #  Run the Step: 10|报价管理|CLICK|报价管理-sel审核-通过
2020-07-20 17:33:26,137 [INFO]: #  --- success ---
2020-07-20 17:33:26,340 [INFO]: #  Run the Step: 11|报价管理|CLICK|报价管理-btn审核-确定
2020-07-20 17:33:27,139 [INFO]: #  --- success ---
2020-07-20 17:33:27,340 [INFO]: #  Run the Step: 12|报价管理|CLICK|报价管理-btn关闭
2020-07-20 17:33:31,031 [INFO]: #  --- success ---
2020-07-20 17:33:31,231 [INFO]: #  Run the Step: 13|报价管理|CLICK|报价管理-btn关闭-确定
2020-07-20 17:33:52,158 [ERROR]: #  +++ failure +++
Traceback (most recent call last):
  File "C:\Users\archmage\AppData\Local\Programs\Python\Python38-32\lib\site-packages\sweetest\testcase.py", line 137, in run
    element = getattr(web, step['keyword'].lower())(step)
  File "C:\Users\archmage\AppData\Local\Programs\Python\Python38-32\lib\site-packages\sweetest\keywords\web.py", line 178, in click
    element_location.click()
  File "C:\Users\archmage\AppData\Local\Programs\Python\Python38-32\lib\site-packages\selenium\webdriver\remote\webelement.py", line 80, in click
    self._execute(Command.CLICK_ELEMENT)
  File "C:\Users\archmage\AppData\Local\Programs\Python\Python38-32\lib\site-packages\selenium\webdriver\remote\webelement.py", line 633, in _execute
    return self._parent.execute(command, params)
  File "C:\Users\archmage\AppData\Local\Programs\Python\Python38-32\lib\site-packages\selenium\webdriver\remote\webdriver.py", line 321, in execute
    self.error_handler.check_response(response)
  File "C:\Users\archmage\AppData\Local\Programs\Python\Python38-32\lib\site-packages\selenium\webdriver\remote\errorhandler.py", line 242, in check_response
    raise exception_class(message, screen, stacktrace)
selenium.common.exceptions.ElementNotInteractableException: Message: element not interactable
  (Session info: chrome=84.0.4147.89)

2020-07-20 17:33:52,166 [INFO]: #  ==================================================
2020-07-20 17:33:52,166 [INFO]: #  ...No SETUP testcase need to run...
2020-07-20 17:33:52,167 [INFO]: #  --------------------------------------------------
2020-07-20 17:33:52,167 [INFO]: #  >>> Run the TestCase: DQ_001|删除报价单
2020-07-20 17:33:52,167 [INFO]: #  Run the Step: 1|用例片段|EXECUTE|CQ_001
2020-07-20 17:33:52,170 [INFO]: #  >>> Run the TestCase: CQ_001|新增报价单
2020-07-20 17:33:52,170 [INFO]: #  Run the Step: 1|报价管理|CLICK|报价管理-btn侧边栏报价管理
2020-07-20 17:33:52,838 [INFO]: #  --- success ---
2020-07-20 17:33:53,039 [INFO]: #  Run the Step: 2|报价管理|CLICK|报价管理-btn新增
2020-07-20 17:34:19,887 [ERROR]: #  +++ failure +++
Traceback (most recent call last):
  File "C:\Users\archmage\AppData\Local\Programs\Python\Python38-32\lib\site-packages\sweetest\locator.py", line 32, in locating_element
    el_location = wait.until(EC.presence_of_element_located(
  File "C:\Users\archmage\AppData\Local\Programs\Python\Python38-32\lib\site-packages\selenium\webdriver\support\wait.py", line 80, in until
    raise TimeoutException(message, screen, stacktrace)
selenium.common.exceptions.TimeoutException: Message: 


During handling of the above exception, another exception occurred:

Traceback (most recent call last):
  File "C:\Users\archmage\AppData\Local\Programs\Python\Python38-32\lib\site-packages\sweetest\locator.py", line 37, in locating_element
    el_location = wait.until(EC.presence_of_element_located(
  File "C:\Users\archmage\AppData\Local\Programs\Python\Python38-32\lib\site-packages\selenium\webdriver\support\wait.py", line 80, in until
    raise TimeoutException(message, screen, stacktrace)
selenium.common.exceptions.TimeoutException: Message: 


During handling of the above exception, another exception occurred:

Traceback (most recent call last):
  File "C:\Users\archmage\AppData\Local\Programs\Python\Python38-32\lib\site-packages\sweetest\testcase.py", line 137, in run
    element = getattr(web, step['keyword'].lower())(step)
  File "C:\Users\archmage\AppData\Local\Programs\Python\Python38-32\lib\site-packages\sweetest\keywords\web.py", line 175, in click
    element_location = locating_element(element, 'CLICK')
  File "C:\Users\archmage\AppData\Local\Programs\Python\Python38-32\lib\site-packages\sweetest\locator.py", line 40, in locating_element
    raise Exception('Locating the element:%s is Failure: Timeout' % element)
Exception: Locating the element:报价管理-btn新增 is Failure: Timeout
2020-07-20 17:34:22,448 [INFO]: #  --- Quit th Driver: Chrome
