2020-07-23 11:22:51,002 [INFO]: #  From Excel import testsuite success
2020-07-23 11:22:53,688 [INFO]: #  --------------------------------------------------
2020-07-23 11:22:53,688 [INFO]: #  >>> Run the TestCase: HOME_001|打开云塑ERP
2020-07-23 11:22:53,688 [INFO]: #  Run the Step: 1|通用|OPEN|通用-首页链接
2020-07-23 11:23:00,546 [INFO]: #  --- success ---
2020-07-23 11:23:00,746 [INFO]: #  Run the Step: 2|通用|CHECK|通用-页面title
2020-07-23 11:23:00,746 [INFO]: #  DATA:'云塑 企业资源计划管理系统'
2020-07-23 11:23:00,754 [INFO]: #  REAL:'云塑 企业资源计划管理系统'
2020-07-23 11:23:00,764 [INFO]: #  --- success ---
2020-07-23 11:23:00,965 [INFO]: #  --------------------------------------------------
2020-07-23 11:23:00,965 [INFO]: #  >>> Run the TestCase: Login_001|登录
2020-07-23 11:23:00,965 [INFO]: #  Run the Step: 1|登录页面|INPUT|登录页面-账号输入框
2020-07-23 11:23:01,994 [INFO]: #  --- success ---
2020-07-23 11:23:02,195 [INFO]: #  Run the Step: 2|登录页面|INPUT|登录页面-密码输入框
2020-07-23 11:23:03,062 [INFO]: #  --- success ---
2020-07-23 11:23:03,269 [INFO]: #  Run the Step: 3|登录页面|CLICK|登录页面-确定按钮
2020-07-23 11:23:03,942 [INFO]: #  --- success ---
2020-07-23 11:23:04,154 [INFO]: #  Run the Step: 4|登录页面|CHECK|通用-页面加载校验
2020-07-23 11:23:05,840 [INFO]: #  DATA:'欢迎进入 云塑企业资源计划管理系统'
2020-07-23 11:23:05,840 [INFO]: #  REAL:'欢迎进入 云塑企业资源计划管理系统'
2020-07-23 11:23:05,841 [INFO]: #  --- success ---
2020-07-23 11:23:06,041 [INFO]: #  ==================================================
2020-07-23 11:23:06,046 [INFO]: #  ...No SETUP testcase need to run...
2020-07-23 11:23:06,046 [INFO]: #  --------------------------------------------------
2020-07-23 11:23:06,046 [INFO]: #  >>> Run the TestCase: AEQ_002|审核编辑
2020-07-23 11:23:06,047 [INFO]: #  Run the Step: 1|用例片段|EXECUTE|CQ_001
2020-07-23 11:23:06,049 [INFO]: #  >>> Run the TestCase: CQ_001|新增销售订单
2020-07-23 11:23:06,049 [INFO]: #  Run the Step: 1|销售订单|CLICK|通用-左侧栏一级菜单#销售管理
2020-07-23 11:23:06,811 [INFO]: #  --- success ---
2020-07-23 11:23:07,011 [INFO]: #  Run the Step: 2|销售订单|CLICK|通用-左侧栏二级菜单#需求订单
2020-07-23 11:23:08,102 [INFO]: #  --- success ---
2020-07-23 11:23:08,303 [INFO]: #  Run the Step: 3|销售订单|CLICK|通用-左侧栏一级菜单#销售管理
2020-07-23 11:23:09,029 [INFO]: #  --- success ---
2020-07-23 11:23:09,240 [INFO]: #  Run the Step: 4|销售订单|CLICK|销售订单-btn新增
2020-07-23 11:23:10,223 [INFO]: #  --- success ---
2020-07-23 11:23:10,423 [INFO]: #  Run the Step: 5|销售订单|CHECK|销售订单-lab销售状态#未定义
2020-07-23 11:23:10,516 [INFO]: #  DATA:'未定义'
2020-07-23 11:23:10,516 [INFO]: #  REAL:'未定义'
2020-07-23 11:23:10,517 [INFO]: #  --- success ---
2020-07-23 11:23:10,717 [INFO]: #  Run the Step: 6|销售订单|INPUT|销售订单-inp客户PO
2020-07-23 11:23:12,421 [INFO]: #  --- success ---
2020-07-23 11:23:12,621 [INFO]: #  Run the Step: 7|销售订单|CLICK|销售订单-sel客户名称
2020-07-23 11:23:13,292 [INFO]: #  --- success ---
2020-07-23 11:23:13,500 [INFO]: #  Run the Step: 8|销售订单|CLICK|销售订单-val客户名称-美的
2020-07-23 11:23:14,294 [INFO]: #  --- success ---
2020-07-23 11:23:14,536 [INFO]: #  Run the Step: 9|销售订单|CLICK|销售订单-sel预交日期
2020-07-23 11:23:15,363 [INFO]: #  --- success ---
2020-07-23 11:23:15,569 [INFO]: #  Run the Step: 10|销售订单|CLICK|销售订单-val预交日期
2020-07-23 11:23:16,300 [INFO]: #  --- success ---
2020-07-23 11:23:16,501 [INFO]: #  Run the Step: 11|销售订单|CLICK|销售订单-sel业务部门
2020-07-23 11:23:17,221 [INFO]: #  --- success ---
2020-07-23 11:23:17,421 [INFO]: #  Run the Step: 12|销售订单|CLICK|销售订单-val业务部门-办公室
2020-07-23 11:23:18,161 [INFO]: #  --- success ---
2020-07-23 11:23:18,369 [INFO]: #  Run the Step: 13|销售订单|CLICK|销售订单-sel业务人员
2020-07-23 11:23:19,071 [INFO]: #  --- success ---
2020-07-23 11:23:19,278 [INFO]: #  Run the Step: 14|销售订单|CLICK|销售订单-val业务人员-田丰
2020-07-23 11:23:19,993 [INFO]: #  --- success ---
2020-07-23 11:23:20,193 [INFO]: #  Run the Step: 15|销售订单|CLICK|销售订单-sel交货验收
2020-07-23 11:23:20,906 [INFO]: #  --- success ---
2020-07-23 11:23:21,106 [INFO]: #  Run the Step: 16|销售订单|CLICK|销售订单-val交货验收-否
2020-07-23 11:23:21,752 [INFO]: #  --- success ---
2020-07-23 11:23:21,955 [INFO]: #  Run the Step: 17|销售订单|CLICK|销售订单-sel订单等级
2020-07-23 11:23:22,742 [INFO]: #  --- success ---
2020-07-23 11:23:22,942 [INFO]: #  Run the Step: 18|销售订单|CLICK|销售订单-val订单等级-正常
2020-07-23 11:23:23,591 [INFO]: #  --- success ---
2020-07-23 11:23:23,797 [INFO]: #  Run the Step: 19|销售订单|CLICK|销售订单-btn添加
2020-07-23 11:23:24,668 [INFO]: #  --- success ---
2020-07-23 11:23:24,869 [INFO]: #  Run the Step: 20|销售订单|CLICK|销售订单-sel物料编码
2020-07-23 11:23:25,582 [INFO]: #  --- success ---
2020-07-23 11:23:25,790 [INFO]: #  Run the Step: 20|销售订单|INPUT|销售订单-inp选择物料
2020-07-23 11:23:26,450 [INFO]: #  --- success ---
2020-07-23 11:23:26,650 [INFO]: #  Run the Step: 21|销售订单|CLICK|销售订单-val物料编码-风扇罩W1S
2020-07-23 11:23:27,451 [INFO]: #  --- success ---
2020-07-23 11:23:27,651 [INFO]: #  Run the Step: 22|销售订单|INPUT|销售订单-inp数量
2020-07-23 11:23:28,569 [INFO]: #  --- success ---
2020-07-23 11:23:28,769 [INFO]: #  Run the Step: 23|销售订单|CHECK|销售订单-sel订单明细-交货地点
2020-07-23 11:23:28,859 [INFO]: #  DATA:'B2成品货位'
2020-07-23 11:23:28,860 [INFO]: #  REAL:'B2成品货位'
2020-07-23 11:23:28,860 [INFO]: #  --- success ---
2020-07-23 11:23:29,061 [INFO]: #  Run the Step: 24|销售订单|INPUT|销售订单-inp备注
2020-07-23 11:23:30,254 [INFO]: #  --- success ---
2020-07-23 11:23:30,454 [INFO]: #  --- success ---
2020-07-23 11:23:30,654 [INFO]: #  Run the Step: 2|销售订单|CLICK|销售订单-btn直接提交
2020-07-23 11:23:31,309 [INFO]: #  --- success ---
2020-07-23 11:23:31,510 [INFO]: #  Run the Step: 3|销售订单|CLICK|销售订单-btn直接提交-确定
2020-07-23 11:23:32,311 [INFO]: #  --- success ---
2020-07-23 11:23:32,518 [INFO]: #  Run the Step: 4|销售订单|CHECK|销售订单-lab销售状态#已提交
2020-07-23 11:23:33,426 [INFO]: #  DATA:'已提交'
2020-07-23 11:23:33,427 [INFO]: #  REAL:'已提交'
2020-07-23 11:23:33,428 [INFO]: #  --- success ---
2020-07-23 11:23:33,628 [INFO]: #  Run the Step: 4|销售订单|CLICK|销售订单-btn审核
2020-07-23 11:23:34,442 [INFO]: #  --- success ---
2020-07-23 11:23:34,642 [INFO]: #  Run the Step: 5|销售订单|CLICK|销售订单-sel审核-不通过
2020-07-23 11:23:45,914 [INFO]: #  --- success ---
2020-07-23 11:23:46,115 [INFO]: #  Run the Step: 7|销售订单|CLICK|通用-btn审核-确定
2020-07-23 11:23:47,028 [INFO]: #  --- success ---
2020-07-23 11:23:47,229 [INFO]: #  Run the Step: 6|销售订单|CHECK|销售订单-lab销售状态#不通过
2020-07-23 11:23:48,006 [INFO]: #  DATA:'不通过'
2020-07-23 11:23:48,008 [INFO]: #  REAL:'不通过'
2020-07-23 11:23:48,008 [INFO]: #  --- success ---
2020-07-23 11:23:48,209 [INFO]: #  Run the Step: 7|销售订单|CLICK|销售订单-btn编辑
2020-07-23 11:23:49,066 [INFO]: #  --- success ---
2020-07-23 11:23:49,272 [INFO]: #  Run the Step: 8|销售订单|INPUT|销售订单-inp备注
2020-07-23 11:23:50,674 [INFO]: #  --- success ---
2020-07-23 11:23:50,876 [INFO]: #  Run the Step: 9|销售订单|CLICK|销售订单-btn保存
2020-07-23 11:23:51,710 [INFO]: #  --- success ---
2020-07-23 11:23:51,910 [INFO]: #  Run the Step: 10|销售订单|CHECK|销售订单-toast修改成功提醒
2020-07-23 11:23:52,027 [INFO]: #  DATA:'修改成功!'
2020-07-23 11:23:52,027 [INFO]: #  REAL:'修改成功!'
2020-07-23 11:23:52,028 [INFO]: #  --- success ---
2020-07-23 11:23:52,228 [INFO]: #  Run the Step: 11|销售订单|CLICK|销售订单-btn提交
2020-07-23 11:23:53,187 [INFO]: #  --- success ---
2020-07-23 11:23:53,389 [INFO]: #  Run the Step: 12|销售订单|CLICK|销售订单-btn提交-确定
2020-07-23 11:23:54,170 [INFO]: #  --- success ---
2020-07-23 11:23:54,384 [INFO]: #  Run the Step: 13|销售订单|CLICK|销售订单-btn审核
2020-07-23 11:23:56,119 [INFO]: #  --- success ---
2020-07-23 11:23:56,319 [INFO]: #  Run the Step: 14|销售订单|CLICK|销售订单-sel审核-通过
2020-07-23 11:24:07,563 [INFO]: #  --- success ---
2020-07-23 11:24:07,764 [INFO]: #  Run the Step: 15|销售订单|CLICK|通用-btn审核-确定
2020-07-23 11:24:08,596 [INFO]: #  --- success ---
2020-07-23 11:24:08,796 [INFO]: #  Run the Step: 16|销售订单|CHECK|销售订单-lab销售状态#已审核
2020-07-23 11:24:09,499 [INFO]: #  DATA:'已审核'
2020-07-23 11:24:09,499 [INFO]: #  REAL:'已审核'
2020-07-23 11:24:09,499 [INFO]: #  --- success ---
2020-07-23 11:24:09,700 [INFO]: #  Run the Step: 17|销售订单|CLICK|销售订单-btn关闭
2020-07-23 11:24:10,422 [INFO]: #  --- success ---
2020-07-23 11:24:10,623 [INFO]: #  Run the Step: 18|销售订单|CLICK|销售订单-btn关闭-确定
2020-07-23 11:24:11,408 [INFO]: #  --- success ---
2020-07-23 11:24:11,609 [INFO]: #  Run the Step: 19|销售订单|CHECK|销售订单-lab销售状态#已关闭
2020-07-23 11:24:12,250 [INFO]: #  DATA:'已关闭'
2020-07-23 11:24:12,258 [INFO]: #  REAL:'已关闭'
2020-07-23 11:24:12,259 [INFO]: #  --- success ---
2020-07-23 11:24:12,459 [INFO]: #  Run the Step: 20|销售订单|CLICK|销售订单-btn返回列表
2020-07-23 11:24:13,307 [INFO]: #  --- success ---
2020-07-23 11:24:13,507 [INFO]: #  ==================================================
2020-07-23 11:24:13,507 [INFO]: #  ...No SETUP testcase need to run...
2020-07-23 11:24:13,508 [INFO]: #  --------------------------------------------------
2020-07-23 11:24:13,508 [INFO]: #  >>> Run the TestCase: DQ_001|删除销售订单
2020-07-23 11:24:13,508 [INFO]: #  Run the Step: 1|用例片段|EXECUTE|CQ_001
2020-07-23 11:24:13,510 [INFO]: #  >>> Run the TestCase: CQ_001|新增销售订单
2020-07-23 11:24:13,511 [INFO]: #  Run the Step: 1|销售订单|CLICK|通用-左侧栏一级菜单#销售管理
2020-07-23 11:24:14,215 [INFO]: #  --- success ---
2020-07-23 11:24:14,416 [INFO]: #  Run the Step: 2|销售订单|CLICK|通用-左侧栏二级菜单#需求订单
2020-07-23 11:24:15,074 [INFO]: #  --- success ---
2020-07-23 11:24:15,274 [INFO]: #  Run the Step: 3|销售订单|CLICK|通用-左侧栏一级菜单#销售管理
2020-07-23 11:24:15,979 [INFO]: #  --- success ---
2020-07-23 11:24:16,180 [INFO]: #  Run the Step: 4|销售订单|CLICK|销售订单-btn新增
2020-07-23 11:24:17,125 [INFO]: #  --- success ---
2020-07-23 11:24:17,325 [INFO]: #  Run the Step: 5|销售订单|CHECK|销售订单-lab销售状态#未定义
2020-07-23 11:24:17,407 [INFO]: #  DATA:'未定义'
2020-07-23 11:24:17,408 [INFO]: #  REAL:'未定义'
2020-07-23 11:24:17,408 [INFO]: #  --- success ---
2020-07-23 11:24:17,608 [INFO]: #  Run the Step: 6|销售订单|INPUT|销售订单-inp客户PO
2020-07-23 11:24:19,336 [INFO]: #  --- success ---
2020-07-23 11:24:19,536 [INFO]: #  Run the Step: 7|销售订单|CLICK|销售订单-sel客户名称
2020-07-23 11:24:20,210 [INFO]: #  --- success ---
2020-07-23 11:24:20,410 [INFO]: #  Run the Step: 8|销售订单|CLICK|销售订单-val客户名称-美的
2020-07-23 11:24:21,166 [INFO]: #  --- success ---
2020-07-23 11:24:21,366 [INFO]: #  Run the Step: 9|销售订单|CLICK|销售订单-sel预交日期
2020-07-23 11:24:22,076 [INFO]: #  --- success ---
2020-07-23 11:24:22,277 [INFO]: #  Run the Step: 10|销售订单|CLICK|销售订单-val预交日期
2020-07-23 11:24:23,019 [INFO]: #  --- success ---
2020-07-23 11:24:23,219 [INFO]: #  Run the Step: 11|销售订单|CLICK|销售订单-sel业务部门
2020-07-23 11:24:23,949 [INFO]: #  --- success ---
2020-07-23 11:24:24,150 [INFO]: #  Run the Step: 12|销售订单|CLICK|销售订单-val业务部门-办公室
2020-07-23 11:24:24,914 [INFO]: #  --- success ---
2020-07-23 11:24:25,122 [INFO]: #  Run the Step: 13|销售订单|CLICK|销售订单-sel业务人员
2020-07-23 11:24:25,833 [INFO]: #  --- success ---
2020-07-23 11:24:26,034 [INFO]: #  Run the Step: 14|销售订单|CLICK|销售订单-val业务人员-田丰
2020-07-23 11:24:26,764 [INFO]: #  --- success ---
2020-07-23 11:24:26,964 [INFO]: #  Run the Step: 15|销售订单|CLICK|销售订单-sel交货验收
2020-07-23 11:24:27,653 [INFO]: #  --- success ---
2020-07-23 11:24:27,860 [INFO]: #  Run the Step: 16|销售订单|CLICK|销售订单-val交货验收-否
2020-07-23 11:24:28,498 [INFO]: #  --- success ---
2020-07-23 11:24:28,698 [INFO]: #  Run the Step: 17|销售订单|CLICK|销售订单-sel订单等级
2020-07-23 11:24:29,361 [INFO]: #  --- success ---
2020-07-23 11:24:29,562 [INFO]: #  Run the Step: 18|销售订单|CLICK|销售订单-val订单等级-正常
2020-07-23 11:24:30,201 [INFO]: #  --- success ---
2020-07-23 11:24:30,401 [INFO]: #  Run the Step: 19|销售订单|CLICK|销售订单-btn添加
2020-07-23 11:24:31,286 [INFO]: #  --- success ---
2020-07-23 11:24:31,488 [INFO]: #  Run the Step: 20|销售订单|CLICK|销售订单-sel物料编码
2020-07-23 11:24:32,396 [INFO]: #  --- success ---
2020-07-23 11:24:32,596 [INFO]: #  Run the Step: 20|销售订单|INPUT|销售订单-inp选择物料
2020-07-23 11:24:33,306 [INFO]: #  --- success ---
2020-07-23 11:24:33,512 [INFO]: #  Run the Step: 21|销售订单|CLICK|销售订单-val物料编码-风扇罩W1S
2020-07-23 11:24:34,454 [INFO]: #  --- success ---
2020-07-23 11:24:34,655 [INFO]: #  Run the Step: 22|销售订单|INPUT|销售订单-inp数量
2020-07-23 11:24:35,520 [INFO]: #  --- success ---
2020-07-23 11:24:35,729 [INFO]: #  Run the Step: 23|销售订单|CHECK|销售订单-sel订单明细-交货地点
2020-07-23 11:24:35,814 [INFO]: #  DATA:'B2成品货位'
2020-07-23 11:24:35,814 [INFO]: #  REAL:'B2成品货位'
2020-07-23 11:24:35,815 [INFO]: #  --- success ---
2020-07-23 11:24:36,015 [INFO]: #  Run the Step: 24|销售订单|INPUT|销售订单-inp备注
2020-07-23 11:24:37,178 [INFO]: #  --- success ---
2020-07-23 11:24:37,378 [INFO]: #  --- success ---
2020-07-23 11:24:37,578 [INFO]: #  Run the Step: 2|销售订单|CLICK|销售订单-btn保存草稿
2020-07-23 11:24:38,379 [INFO]: #  --- success ---
2020-07-23 11:24:38,581 [INFO]: #  Run the Step: 3|销售订单|CHECK|销售订单-lab销售状态#已录入
2020-07-23 11:24:39,149 [INFO]: #  DATA:'已录入'
2020-07-23 11:24:39,150 [INFO]: #  REAL:'已录入'
2020-07-23 11:24:39,150 [INFO]: #  --- success ---
2020-07-23 11:24:39,351 [INFO]: #  Run the Step: 4|销售订单|CLICK|销售订单-btn返回列表
2020-07-23 11:24:40,208 [INFO]: #  --- success ---
2020-07-23 11:24:40,408 [INFO]: #  Run the Step: 5|销售订单|CLICK|通用-tab已录入
2020-07-23 11:24:41,190 [INFO]: #  --- success ---
2020-07-23 11:24:41,390 [INFO]: #  Run the Step: 6|销售订单|CLICK|通用-val单号
2020-07-23 11:24:42,055 [INFO]: #  --- success ---
2020-07-23 11:24:42,255 [INFO]: #  Run the Step: 7|销售订单|INPUT|销售订单-inp搜索
2020-07-23 11:24:44,056 [INFO]: #  --- success ---
2020-07-23 11:24:44,262 [INFO]: #  Run the Step: 8|销售订单|CLICK|销售订单-btn搜索
2020-07-23 11:24:45,085 [INFO]: #  --- success ---
2020-07-23 11:24:45,286 [INFO]: #  Run the Step: 9|销售订单|CLICK|通用-tab已录入
2020-07-23 11:24:45,982 [INFO]: #  --- success ---
2020-07-23 11:24:46,182 [INFO]: #  Run the Step: 10|销售订单|CLICK|销售订单-btn删除订单
2020-07-23 11:25:12,689 [ERROR]: #  +++ failure +++
Traceback (most recent call last):
  File "C:\Users\archmage\AppData\Local\Programs\Python\Python38-32\lib\site-packages\sweetest\locator.py", line 32, in locating_element
    el_location = wait.until(EC.presence_of_element_located(
  File "C:\Users\archmage\AppData\Local\Programs\Python\Python38-32\lib\site-packages\selenium\webdriver\support\wait.py", line 80, in until
    raise TimeoutException(message, screen, stacktrace)
selenium.common.exceptions.TimeoutException: Message: 


During handling of the above exception, another exception occurred:

Traceback (most recent call last):
  File "C:\Users\archmage\AppData\Local\Programs\Python\Python38-32\lib\site-packages\sweetest\locator.py", line 37, in locating_element
    el_location = wait.until(EC.presence_of_element_located(
  File "C:\Users\archmage\AppData\Local\Programs\Python\Python38-32\lib\site-packages\selenium\webdriver\support\wait.py", line 80, in until
    raise TimeoutException(message, screen, stacktrace)
selenium.common.exceptions.TimeoutException: Message: 


During handling of the above exception, another exception occurred:

Traceback (most recent call last):
  File "C:\Users\archmage\AppData\Local\Programs\Python\Python38-32\lib\site-packages\sweetest\testcase.py", line 137, in run
    element = getattr(web, step['keyword'].lower())(step)
  File "C:\Users\archmage\AppData\Local\Programs\Python\Python38-32\lib\site-packages\sweetest\keywords\web.py", line 175, in click
    element_location = locating_element(element, 'CLICK')
  File "C:\Users\archmage\AppData\Local\Programs\Python\Python38-32\lib\site-packages\sweetest\locator.py", line 40, in locating_element
    raise Exception('Locating the element:%s is Failure: Timeout' % element)
Exception: Locating the element:销售订单-btn删除订单 is Failure: Timeout
2020-07-23 11:25:12,691 [INFO]: #  ==================================================
2020-07-23 11:25:12,692 [INFO]: #  ...No SETUP testcase need to run...
2020-07-23 11:25:12,692 [INFO]: #  --------------------------------------------------
2020-07-23 11:25:12,692 [INFO]: #  >>> Run the TestCase: CH_001|查看销售订单
2020-07-23 11:25:12,693 [INFO]: #  Run the Step: 1|用例片段|EXECUTE|CQ_001
2020-07-23 11:25:12,694 [INFO]: #  >>> Run the TestCase: CQ_001|新增销售订单
2020-07-23 11:25:12,695 [INFO]: #  Run the Step: 1|销售订单|CLICK|通用-左侧栏一级菜单#销售管理
2020-07-23 11:25:13,390 [INFO]: #  --- success ---
2020-07-23 11:25:13,591 [INFO]: #  Run the Step: 2|销售订单|CLICK|通用-左侧栏二级菜单#需求订单
2020-07-23 11:25:14,235 [INFO]: #  --- success ---
2020-07-23 11:25:14,436 [INFO]: #  Run the Step: 3|销售订单|CLICK|通用-左侧栏一级菜单#销售管理
2020-07-23 11:25:15,137 [INFO]: #  --- success ---
2020-07-23 11:25:15,338 [INFO]: #  Run the Step: 4|销售订单|CLICK|销售订单-btn新增
2020-07-23 11:25:16,323 [INFO]: #  --- success ---
2020-07-23 11:25:16,524 [INFO]: #  Run the Step: 5|销售订单|CHECK|销售订单-lab销售状态#未定义
2020-07-23 11:25:16,633 [INFO]: #  DATA:'未定义'
2020-07-23 11:25:16,633 [INFO]: #  REAL:'未定义'
2020-07-23 11:25:16,634 [INFO]: #  --- success ---
2020-07-23 11:25:16,834 [INFO]: #  Run the Step: 6|销售订单|INPUT|销售订单-inp客户PO
2020-07-23 11:25:18,620 [INFO]: #  --- success ---
2020-07-23 11:25:18,820 [INFO]: #  Run the Step: 7|销售订单|CLICK|销售订单-sel客户名称
2020-07-23 11:25:19,514 [INFO]: #  --- success ---
2020-07-23 11:25:19,718 [INFO]: #  Run the Step: 8|销售订单|CLICK|销售订单-val客户名称-美的
2020-07-23 11:25:20,564 [INFO]: #  --- success ---
2020-07-23 11:25:20,766 [INFO]: #  Run the Step: 9|销售订单|CLICK|销售订单-sel预交日期
2020-07-23 11:25:21,663 [INFO]: #  --- success ---
2020-07-23 11:25:21,864 [INFO]: #  Run the Step: 10|销售订单|CLICK|销售订单-val预交日期
2020-07-23 11:25:22,631 [INFO]: #  --- success ---
2020-07-23 11:25:22,831 [INFO]: #  Run the Step: 11|销售订单|CLICK|销售订单-sel业务部门
2020-07-23 11:25:23,591 [INFO]: #  --- success ---
2020-07-23 11:25:23,791 [INFO]: #  Run the Step: 12|销售订单|CLICK|销售订单-val业务部门-办公室
2020-07-23 11:25:24,567 [INFO]: #  --- success ---
2020-07-23 11:25:24,767 [INFO]: #  Run the Step: 13|销售订单|CLICK|销售订单-sel业务人员
2020-07-23 11:25:25,634 [INFO]: #  --- success ---
2020-07-23 11:25:25,834 [INFO]: #  Run the Step: 14|销售订单|CLICK|销售订单-val业务人员-田丰
2020-07-23 11:25:26,659 [INFO]: #  --- success ---
2020-07-23 11:25:26,860 [INFO]: #  Run the Step: 15|销售订单|CLICK|销售订单-sel交货验收
2020-07-23 11:25:27,558 [INFO]: #  --- success ---
2020-07-23 11:25:27,758 [INFO]: #  Run the Step: 16|销售订单|CLICK|销售订单-val交货验收-否
2020-07-23 11:25:28,487 [INFO]: #  --- success ---
2020-07-23 11:25:28,688 [INFO]: #  Run the Step: 17|销售订单|CLICK|销售订单-sel订单等级
2020-07-23 11:25:29,393 [INFO]: #  --- success ---
2020-07-23 11:25:29,594 [INFO]: #  Run the Step: 18|销售订单|CLICK|销售订单-val订单等级-正常
2020-07-23 11:25:30,325 [INFO]: #  --- success ---
2020-07-23 11:25:30,532 [INFO]: #  Run the Step: 19|销售订单|CLICK|销售订单-btn添加
2020-07-23 11:25:31,379 [INFO]: #  --- success ---
2020-07-23 11:25:31,579 [INFO]: #  Run the Step: 20|销售订单|CLICK|销售订单-sel物料编码
2020-07-23 11:25:32,379 [INFO]: #  --- success ---
2020-07-23 11:25:32,580 [INFO]: #  Run the Step: 20|销售订单|INPUT|销售订单-inp选择物料
2020-07-23 11:25:33,288 [INFO]: #  --- success ---
2020-07-23 11:25:33,488 [INFO]: #  Run the Step: 21|销售订单|CLICK|销售订单-val物料编码-风扇罩W1S
2020-07-23 11:25:34,360 [INFO]: #  --- success ---
2020-07-23 11:25:34,561 [INFO]: #  Run the Step: 22|销售订单|INPUT|销售订单-inp数量
2020-07-23 11:25:35,483 [INFO]: #  --- success ---
2020-07-23 11:25:35,683 [INFO]: #  Run the Step: 23|销售订单|CHECK|销售订单-sel订单明细-交货地点
2020-07-23 11:25:36,088 [INFO]: #  DATA:'B2成品货位'
2020-07-23 11:25:36,088 [INFO]: #  REAL:'B2成品货位'
2020-07-23 11:25:36,089 [INFO]: #  --- success ---
2020-07-23 11:25:36,290 [INFO]: #  Run the Step: 24|销售订单|INPUT|销售订单-inp备注
2020-07-23 11:25:38,001 [INFO]: #  --- success ---
2020-07-23 11:25:38,205 [INFO]: #  --- success ---
2020-07-23 11:25:38,405 [INFO]: #  Run the Step: 2|销售订单|CLICK|销售订单-btn保存草稿
2020-07-23 11:25:39,426 [INFO]: #  --- success ---
2020-07-23 11:25:39,627 [INFO]: #  Run the Step: 3|销售订单|CHECK|销售订单-lab销售状态#已录入
2020-07-23 11:25:40,109 [INFO]: #  DATA:'已录入'
2020-07-23 11:25:40,109 [INFO]: #  REAL:'已录入'
2020-07-23 11:25:40,110 [INFO]: #  --- success ---
2020-07-23 11:25:40,310 [INFO]: #  Run the Step: 3|销售订单|CLICK|销售订单-btn返回列表
2020-07-23 11:25:41,240 [INFO]: #  --- success ---
2020-07-23 11:25:41,440 [INFO]: #  Run the Step: 4|销售订单|CLICK|通用-tab已录入
2020-07-23 11:25:42,210 [INFO]: #  --- success ---
2020-07-23 11:25:42,415 [INFO]: #  Run the Step: 6|销售订单|CLICK|通用-val单号
2020-07-23 11:25:43,089 [INFO]: #  --- success ---
2020-07-23 11:25:43,290 [INFO]: #  Run the Step: 7|销售订单|INPUT|销售订单-inp搜索
2020-07-23 11:25:45,186 [INFO]: #  --- success ---
2020-07-23 11:25:45,416 [INFO]: #  Run the Step: 8|销售订单|CLICK|销售订单-btn搜索
2020-07-23 11:25:46,448 [INFO]: #  --- success ---
2020-07-23 11:25:46,649 [INFO]: #  Run the Step: 9|销售订单|CLICK|通用-tab已录入
2020-07-23 11:25:47,393 [INFO]: #  --- success ---
2020-07-23 11:25:47,594 [INFO]: #  Run the Step: 10|销售订单|CLICK|通用-btn查看订单
2020-07-23 11:26:08,199 [ERROR]: #  +++ failure +++
Traceback (most recent call last):
  File "C:\Users\archmage\AppData\Local\Programs\Python\Python38-32\lib\site-packages\sweetest\testcase.py", line 137, in run
    element = getattr(web, step['keyword'].lower())(step)
  File "C:\Users\archmage\AppData\Local\Programs\Python\Python38-32\lib\site-packages\sweetest\keywords\web.py", line 178, in click
    element_location.click()
  File "C:\Users\archmage\AppData\Local\Programs\Python\Python38-32\lib\site-packages\selenium\webdriver\remote\webelement.py", line 80, in click
    self._execute(Command.CLICK_ELEMENT)
  File "C:\Users\archmage\AppData\Local\Programs\Python\Python38-32\lib\site-packages\selenium\webdriver\remote\webelement.py", line 633, in _execute
    return self._parent.execute(command, params)
  File "C:\Users\archmage\AppData\Local\Programs\Python\Python38-32\lib\site-packages\selenium\webdriver\remote\webdriver.py", line 321, in execute
    self.error_handler.check_response(response)
  File "C:\Users\archmage\AppData\Local\Programs\Python\Python38-32\lib\site-packages\selenium\webdriver\remote\errorhandler.py", line 242, in check_response
    raise exception_class(message, screen, stacktrace)
selenium.common.exceptions.ElementNotInteractableException: Message: element not interactable
  (Session info: chrome=84.0.4147.89)

2020-07-23 11:26:10,619 [INFO]: #  --- Quit th Driver: Chrome
