2020-07-21 17:21:54,598 [INFO]: #  From Excel import testsuite success
2020-07-21 17:21:57,380 [INFO]: #  --------------------------------------------------
2020-07-21 17:21:57,380 [INFO]: #  >>> Run the TestCase: HOME_001|打开云塑ERP
2020-07-21 17:21:57,381 [INFO]: #  Run the Step: 1|通用|OPEN|通用-首页链接
2020-07-21 17:22:03,747 [INFO]: #  --- success ---
2020-07-21 17:22:03,947 [INFO]: #  Run the Step: 2|通用|CHECK|通用-页面title
2020-07-21 17:22:03,948 [INFO]: #  DATA:'云塑 企业资源计划管理系统'
2020-07-21 17:22:03,956 [INFO]: #  REAL:'云塑 企业资源计划管理系统'
2020-07-21 17:22:03,968 [INFO]: #  --- success ---
2020-07-21 17:22:04,169 [INFO]: #  --------------------------------------------------
2020-07-21 17:22:04,169 [INFO]: #  >>> Run the TestCase: Login_001|登录
2020-07-21 17:22:04,169 [INFO]: #  Run the Step: 1|登录页面|INPUT|登录页面-账号输入框
2020-07-21 17:22:05,022 [INFO]: #  --- success ---
2020-07-21 17:22:05,226 [INFO]: #  Run the Step: 2|登录页面|INPUT|登录页面-密码输入框
2020-07-21 17:22:06,218 [INFO]: #  --- success ---
2020-07-21 17:22:06,418 [INFO]: #  Run the Step: 3|登录页面|CLICK|登录页面-确定按钮
2020-07-21 17:22:07,098 [INFO]: #  --- success ---
2020-07-21 17:22:07,299 [INFO]: #  Run the Step: 4|登录页面|CHECK|通用-页面加载校验
2020-07-21 17:22:10,123 [INFO]: #  DATA:'欢迎进入 云塑企业资源计划管理系统'
2020-07-21 17:22:10,129 [INFO]: #  REAL:'欢迎进入 云塑企业资源计划管理系统'
2020-07-21 17:22:10,129 [INFO]: #  --- success ---
2020-07-21 17:22:10,329 [INFO]: #  ==================================================
2020-07-21 17:22:10,330 [INFO]: #  ...No SETUP testcase need to run...
2020-07-21 17:22:10,330 [INFO]: #  --------------------------------------------------
2020-07-21 17:22:10,330 [INFO]: #  >>> Run the TestCase: AEQ_001|审核编辑
2020-07-21 17:22:10,331 [INFO]: #  Run the Step: 1|用例片段|EXECUTE|CQ_001
2020-07-21 17:22:10,334 [INFO]: #  >>> Run the TestCase: CQ_001|新增需求订单
2020-07-21 17:22:10,334 [INFO]: #  Run the Step: 1|登录页面|CLICK|通用-左侧栏一级菜单#销售管理
2020-07-21 17:22:11,082 [INFO]: #  --- success ---
2020-07-21 17:22:11,282 [INFO]: #  Run the Step: 2|登录页面|CLICK|通用-左侧栏二级菜单#需求订单
2020-07-21 17:22:12,492 [INFO]: #  --- success ---
2020-07-21 17:22:12,693 [INFO]: #  Run the Step: 3|滚动需求订单|CLICK|滚动需求订单-tab滚动需求
2020-07-21 17:22:13,532 [INFO]: #  --- success ---
2020-07-21 17:22:13,732 [INFO]: #  Run the Step: 4|滚动需求订单|CLICK|滚动需求订单-btn新增
2020-07-21 17:22:15,135 [INFO]: #  --- success ---
2020-07-21 17:22:15,336 [INFO]: #  Run the Step: 5|滚动需求订单|CLICK|滚动需求订单-sel预交日期
2020-07-21 17:22:16,089 [INFO]: #  --- success ---
2020-07-21 17:22:16,289 [INFO]: #  Run the Step: 6|滚动需求订单|CLICK|滚动需求订单-val预交日期
2020-07-21 17:22:17,000 [INFO]: #  --- success ---
2020-07-21 17:22:17,201 [INFO]: #  Run the Step: 7|滚动需求订单|CLICK|滚动需求订单-sel客户名称
2020-07-21 17:22:17,874 [INFO]: #  --- success ---
2020-07-21 17:22:18,079 [INFO]: #  Run the Step: 8|滚动需求订单|CLICK|滚动需求订单-val客户名称-美的
2020-07-21 17:22:18,804 [INFO]: #  --- success ---
2020-07-21 17:22:19,004 [INFO]: #  Run the Step: 9|滚动需求订单|CLICK|滚动需求订单-sel订单等级
2020-07-21 17:22:19,681 [INFO]: #  --- success ---
2020-07-21 17:22:19,882 [INFO]: #  Run the Step: 10|滚动需求订单|CLICK|滚动需求订单-val订单等级-正常
2020-07-21 17:22:20,534 [INFO]: #  --- success ---
2020-07-21 17:22:20,734 [INFO]: #  Run the Step: 11|滚动需求订单|CLICK|滚动需求订单-sel业务部门
2020-07-21 17:22:21,487 [INFO]: #  --- success ---
2020-07-21 17:22:21,688 [INFO]: #  Run the Step: 12|滚动需求订单|CLICK|滚动需求订单-val业务部门-办公室
2020-07-21 17:22:22,485 [INFO]: #  --- success ---
2020-07-21 17:22:22,686 [INFO]: #  Run the Step: 13|滚动需求订单|CLICK|滚动需求订单-sel业务人员
2020-07-21 17:22:23,384 [INFO]: #  --- success ---
2020-07-21 17:22:23,588 [INFO]: #  Run the Step: 14|滚动需求订单|CLICK|滚动需求订单-val业务人员-周文杰
2020-07-21 17:22:24,349 [INFO]: #  --- success ---
2020-07-21 17:22:24,555 [INFO]: #  Run the Step: 15|滚动需求订单|CLICK|滚动需求订单-sel交货验收
2020-07-21 17:22:25,430 [INFO]: #  --- success ---
2020-07-21 17:22:25,631 [INFO]: #  Run the Step: 16|滚动需求订单|CLICK|滚动需求订单-val交货验收-否
2020-07-21 17:22:26,297 [INFO]: #  --- success ---
2020-07-21 17:22:26,498 [INFO]: #  Run the Step: 17|滚动需求订单|CLICK|滚动需求订单-btn订单明细-添加
2020-07-21 17:22:27,385 [INFO]: #  --- success ---
2020-07-21 17:22:27,588 [INFO]: #  Run the Step: 18|滚动需求订单|CLICK|滚动需求订单-sel物料编码
2020-07-21 17:22:28,384 [INFO]: #  --- success ---
2020-07-21 17:22:28,584 [INFO]: #  Run the Step: 19|滚动需求订单|INPUT|滚动需求订单-inp选择物料
2020-07-21 17:22:29,235 [INFO]: #  --- success ---
2020-07-21 17:22:29,435 [INFO]: #  Run the Step: 20|滚动需求订单|CLICK|滚动需求订单-val物料编码-风扇罩-K333A0042-W1N-PP-不要求-NW-054
2020-07-21 17:22:30,349 [INFO]: #  --- success ---
2020-07-21 17:22:30,556 [INFO]: #  Run the Step: 21|滚动需求订单|INPUT|滚动需求订单-inp数量
2020-07-21 17:22:31,408 [INFO]: #  --- success ---
2020-07-21 17:22:31,608 [INFO]: #  Run the Step: 22|滚动需求订单|CLICK|滚动需求订单-sel订单明细-单价
2020-07-21 17:22:32,399 [INFO]: #  --- success ---
2020-07-21 17:22:32,600 [INFO]: #  Run the Step: 23|滚动需求订单|CHECK|滚动需求订单-sel订单明细-交货地点
2020-07-21 17:22:32,715 [INFO]: #  DATA:'B2成品货位'
2020-07-21 17:22:32,716 [INFO]: #  REAL:'B2成品货位'
2020-07-21 17:22:32,717 [INFO]: #  --- success ---
2020-07-21 17:22:32,917 [INFO]: #  Run the Step: 24|滚动需求订单|INPUT|滚动需求订单-inp备注
2020-07-21 17:22:34,198 [INFO]: #  --- success ---
2020-07-21 17:22:34,399 [INFO]: #  --- success ---
2020-07-21 17:22:34,603 [INFO]: #  Run the Step: 2|滚动需求订单|CLICK|通用-btn直接提交
2020-07-21 17:22:35,258 [INFO]: #  --- success ---
2020-07-21 17:22:35,459 [INFO]: #  Run the Step: 3|滚动需求订单|CLICK|通用-btn直接提交-确定
2020-07-21 17:22:36,260 [INFO]: #  --- success ---
2020-07-21 17:22:36,461 [INFO]: #  Run the Step: 4|滚动需求订单|CHECK|滚动需求订单-lab滚动单状态#已提交
2020-07-21 17:22:37,342 [INFO]: #  DATA:'已提交'
2020-07-21 17:22:37,342 [INFO]: #  REAL:'已提交'
2020-07-21 17:22:37,343 [INFO]: #  --- success ---
2020-07-21 17:22:37,543 [INFO]: #  Run the Step: 5|滚动需求订单|CLICK|通用-btn审核
2020-07-21 17:22:38,648 [INFO]: #  --- success ---
2020-07-21 17:22:38,848 [INFO]: #  Page:滚动需求订单 element:sel审核-不通过
2020-07-21 17:22:38,850 [INFO]: #  Run the Step: 6|滚动需求订单|CLICK|sel审核-不通过
2020-07-21 17:22:39,297 [ERROR]: #  +++ failure +++
Traceback (most recent call last):
  File "C:\Users\archmage\AppData\Local\Programs\Python\Python38-32\lib\site-packages\sweetest\testcase.py", line 137, in run
    element = getattr(web, step['keyword'].lower())(step)
  File "C:\Users\archmage\AppData\Local\Programs\Python\Python38-32\lib\site-packages\sweetest\keywords\web.py", line 175, in click
    element_location = locating_element(element, 'CLICK')
  File "C:\Users\archmage\AppData\Local\Programs\Python\Python38-32\lib\site-packages\sweetest\locator.py", line 23, in locating_element
    raise Exception(
Exception: Locating the element:sel审核-不通过 is Failure, this element is not define
2020-07-21 17:22:39,300 [INFO]: #  ==================================================
2020-07-21 17:22:39,300 [INFO]: #  ...No SETUP testcase need to run...
2020-07-21 17:22:39,301 [INFO]: #  --------------------------------------------------
2020-07-21 17:22:39,302 [INFO]: #  >>> Run the TestCase: DQ_001|删除需求订单
2020-07-21 17:22:39,303 [INFO]: #  Run the Step: 1|用例片段|EXECUTE|CQ_001
2020-07-21 17:22:39,305 [INFO]: #  >>> Run the TestCase: CQ_001|新增需求订单
2020-07-21 17:22:39,305 [INFO]: #  Run the Step: 1|滚动需求订单|CLICK|通用-左侧栏一级菜单#销售管理
2020-07-21 17:22:42,941 [ERROR]: #  +++ failure +++
Traceback (most recent call last):
  File "C:\Users\archmage\AppData\Local\Programs\Python\Python38-32\lib\site-packages\sweetest\keywords\web.py", line 178, in click
    element_location.click()
  File "C:\Users\archmage\AppData\Local\Programs\Python\Python38-32\lib\site-packages\selenium\webdriver\remote\webelement.py", line 80, in click
    self._execute(Command.CLICK_ELEMENT)
  File "C:\Users\archmage\AppData\Local\Programs\Python\Python38-32\lib\site-packages\selenium\webdriver\remote\webelement.py", line 633, in _execute
    return self._parent.execute(command, params)
  File "C:\Users\archmage\AppData\Local\Programs\Python\Python38-32\lib\site-packages\selenium\webdriver\remote\webdriver.py", line 321, in execute
    self.error_handler.check_response(response)
  File "C:\Users\archmage\AppData\Local\Programs\Python\Python38-32\lib\site-packages\selenium\webdriver\remote\errorhandler.py", line 242, in check_response
    raise exception_class(message, screen, stacktrace)
selenium.common.exceptions.ElementClickInterceptedException: Message: element click intercepted: Element <div aria-haspopup="true" class="ant-menu-submenu-title" style="padding-left: 24px;" aria-expanded="true" aria-owns="/saleOrder$Menu">...</div> is not clickable at point (100, 227). Other element would receive the click: <div tabindex="-1" role="dialog" aria-labelledby="rcDialogTitle0" class="ant-modal-wrap ">...</div>
  (Session info: chrome=84.0.4147.89)


During handling of the above exception, another exception occurred:

Traceback (most recent call last):
  File "C:\Users\archmage\AppData\Local\Programs\Python\Python38-32\lib\site-packages\sweetest\testcase.py", line 137, in run
    element = getattr(web, step['keyword'].lower())(step)
  File "C:\Users\archmage\AppData\Local\Programs\Python\Python38-32\lib\site-packages\sweetest\keywords\web.py", line 184, in click
    element_location.click()
  File "C:\Users\archmage\AppData\Local\Programs\Python\Python38-32\lib\site-packages\selenium\webdriver\remote\webelement.py", line 80, in click
    self._execute(Command.CLICK_ELEMENT)
  File "C:\Users\archmage\AppData\Local\Programs\Python\Python38-32\lib\site-packages\selenium\webdriver\remote\webelement.py", line 633, in _execute
    return self._parent.execute(command, params)
  File "C:\Users\archmage\AppData\Local\Programs\Python\Python38-32\lib\site-packages\selenium\webdriver\remote\webdriver.py", line 321, in execute
    self.error_handler.check_response(response)
  File "C:\Users\archmage\AppData\Local\Programs\Python\Python38-32\lib\site-packages\selenium\webdriver\remote\errorhandler.py", line 242, in check_response
    raise exception_class(message, screen, stacktrace)
selenium.common.exceptions.ElementClickInterceptedException: Message: element click intercepted: Element <div aria-haspopup="true" class="ant-menu-submenu-title" style="padding-left: 24px;" aria-expanded="true" aria-owns="/saleOrder$Menu">...</div> is not clickable at point (100, 227). Other element would receive the click: <div tabindex="-1" role="dialog" aria-labelledby="rcDialogTitle0" class="ant-modal-wrap ">...</div>
  (Session info: chrome=84.0.4147.89)

2020-07-21 17:22:42,943 [INFO]: #  ==================================================
2020-07-21 17:22:42,943 [INFO]: #  ...No SETUP testcase need to run...
2020-07-21 17:22:42,944 [INFO]: #  --------------------------------------------------
2020-07-21 17:22:42,944 [INFO]: #  >>> Run the TestCase: CH_001|查看需求订单
2020-07-21 17:22:42,944 [INFO]: #  Run the Step: 1|用例片段|EXECUTE|CQ_001
2020-07-21 17:22:42,946 [INFO]: #  >>> Run the TestCase: CQ_001|新增需求订单
2020-07-21 17:22:42,946 [INFO]: #  Run the Step: 1|滚动需求订单|CLICK|通用-左侧栏一级菜单#销售管理
2020-07-21 17:22:46,476 [ERROR]: #  +++ failure +++
Traceback (most recent call last):
  File "C:\Users\archmage\AppData\Local\Programs\Python\Python38-32\lib\site-packages\sweetest\keywords\web.py", line 178, in click
    element_location.click()
  File "C:\Users\archmage\AppData\Local\Programs\Python\Python38-32\lib\site-packages\selenium\webdriver\remote\webelement.py", line 80, in click
    self._execute(Command.CLICK_ELEMENT)
  File "C:\Users\archmage\AppData\Local\Programs\Python\Python38-32\lib\site-packages\selenium\webdriver\remote\webelement.py", line 633, in _execute
    return self._parent.execute(command, params)
  File "C:\Users\archmage\AppData\Local\Programs\Python\Python38-32\lib\site-packages\selenium\webdriver\remote\webdriver.py", line 321, in execute
    self.error_handler.check_response(response)
  File "C:\Users\archmage\AppData\Local\Programs\Python\Python38-32\lib\site-packages\selenium\webdriver\remote\errorhandler.py", line 242, in check_response
    raise exception_class(message, screen, stacktrace)
selenium.common.exceptions.ElementClickInterceptedException: Message: element click intercepted: Element <div aria-haspopup="true" class="ant-menu-submenu-title" style="padding-left: 24px;" aria-expanded="true" aria-owns="/saleOrder$Menu">...</div> is not clickable at point (100, 227). Other element would receive the click: <div tabindex="-1" role="dialog" aria-labelledby="rcDialogTitle0" class="ant-modal-wrap ">...</div>
  (Session info: chrome=84.0.4147.89)


During handling of the above exception, another exception occurred:

Traceback (most recent call last):
  File "C:\Users\archmage\AppData\Local\Programs\Python\Python38-32\lib\site-packages\sweetest\testcase.py", line 137, in run
    element = getattr(web, step['keyword'].lower())(step)
  File "C:\Users\archmage\AppData\Local\Programs\Python\Python38-32\lib\site-packages\sweetest\keywords\web.py", line 184, in click
    element_location.click()
  File "C:\Users\archmage\AppData\Local\Programs\Python\Python38-32\lib\site-packages\selenium\webdriver\remote\webelement.py", line 80, in click
    self._execute(Command.CLICK_ELEMENT)
  File "C:\Users\archmage\AppData\Local\Programs\Python\Python38-32\lib\site-packages\selenium\webdriver\remote\webelement.py", line 633, in _execute
    return self._parent.execute(command, params)
  File "C:\Users\archmage\AppData\Local\Programs\Python\Python38-32\lib\site-packages\selenium\webdriver\remote\webdriver.py", line 321, in execute
    self.error_handler.check_response(response)
  File "C:\Users\archmage\AppData\Local\Programs\Python\Python38-32\lib\site-packages\selenium\webdriver\remote\errorhandler.py", line 242, in check_response
    raise exception_class(message, screen, stacktrace)
selenium.common.exceptions.ElementClickInterceptedException: Message: element click intercepted: Element <div aria-haspopup="true" class="ant-menu-submenu-title" style="padding-left: 24px;" aria-expanded="true" aria-owns="/saleOrder$Menu">...</div> is not clickable at point (100, 227). Other element would receive the click: <div tabindex="-1" role="dialog" aria-labelledby="rcDialogTitle0" class="ant-modal-wrap ">...</div>
  (Session info: chrome=84.0.4147.89)

2020-07-21 17:22:48,725 [INFO]: #  --- Quit th Driver: Chrome
