2020-07-20 20:38:26,024 [INFO]: #  From Excel import testsuite success
2020-07-20 20:38:28,746 [INFO]: #  --------------------------------------------------
2020-07-20 20:38:28,748 [INFO]: #  >>> Run the TestCase: HOME_001|打开云塑ERP
2020-07-20 20:38:28,748 [INFO]: #  Run the Step: 1|通用|OPEN|通用-首页链接
2020-07-20 20:38:35,642 [INFO]: #  --- success ---
2020-07-20 20:38:35,842 [INFO]: #  Run the Step: 2|通用|CHECK|通用-页面title
2020-07-20 20:38:35,843 [INFO]: #  DATA:'云塑 企业资源计划管理系统'
2020-07-20 20:38:35,853 [INFO]: #  REAL:'云塑 企业资源计划管理系统'
2020-07-20 20:38:35,874 [INFO]: #  --- success ---
2020-07-20 20:38:36,074 [INFO]: #  --------------------------------------------------
2020-07-20 20:38:36,083 [INFO]: #  >>> Run the TestCase: Login_001|登录
2020-07-20 20:38:36,083 [INFO]: #  Run the Step: 1|登录页面|INPUT|登录页面-账号输入框
2020-07-20 20:38:36,961 [INFO]: #  --- success ---
2020-07-20 20:38:37,162 [INFO]: #  Run the Step: 2|登录页面|INPUT|登录页面-密码输入框
2020-07-20 20:38:38,082 [INFO]: #  --- success ---
2020-07-20 20:38:38,282 [INFO]: #  Run the Step: 3|登录页面|CLICK|登录页面-确定按钮
2020-07-20 20:38:39,016 [INFO]: #  --- success ---
2020-07-20 20:38:39,216 [INFO]: #  Run the Step: 4|登录页面|CHECK|通用-页面加载校验
2020-07-20 20:38:41,316 [INFO]: #  DATA:'欢迎进入 云塑企业资源计划管理系统'
2020-07-20 20:38:41,316 [INFO]: #  REAL:'欢迎进入 云塑企业资源计划管理系统'
2020-07-20 20:38:41,317 [INFO]: #  --- success ---
2020-07-20 20:38:41,517 [INFO]: #  ==================================================
2020-07-20 20:38:41,517 [INFO]: #  ...No SETUP testcase need to run...
2020-07-20 20:38:41,517 [INFO]: #  --------------------------------------------------
2020-07-20 20:38:41,518 [INFO]: #  >>> Run the TestCase: VQ_001|查看附件
2020-07-20 20:38:41,518 [INFO]: #  Run the Step: 1|用例片段|EXECUTE|CQ_001
2020-07-20 20:38:41,521 [INFO]: #  >>> Run the TestCase: CQ_001|新增报价单
2020-07-20 20:38:41,523 [INFO]: #  Run the Step: 1|报价管理|CLICK|报价管理-btn侧边栏报价管理
2020-07-20 20:38:42,704 [INFO]: #  --- success ---
2020-07-20 20:38:42,911 [INFO]: #  Run the Step: 2|报价管理|CLICK|报价管理-btn新增
2020-07-20 20:38:44,310 [INFO]: #  --- success ---
2020-07-20 20:38:44,510 [INFO]: #  Run the Step: 3|报价管理|CHECK|报价管理-lab报价状态#未定义
2020-07-20 20:38:44,590 [INFO]: #  DATA:'未定义'
2020-07-20 20:38:44,591 [INFO]: #  REAL:'未定义'
2020-07-20 20:38:44,592 [INFO]: #  --- success ---
2020-07-20 20:38:44,792 [INFO]: #  Run the Step: 4|报价管理|CLICK|报价管理-sel报价日期
2020-07-20 20:38:45,807 [INFO]: #  --- success ---
2020-07-20 20:38:46,007 [INFO]: #  Run the Step: 5|报价管理|CLICK|报价管理-val报价日期
2020-07-20 20:38:46,635 [INFO]: #  --- success ---
2020-07-20 20:38:46,835 [INFO]: #  Run the Step: 6|报价管理|CLICK|报价管理-sel客户简称
2020-07-20 20:38:47,599 [INFO]: #  --- success ---
2020-07-20 20:38:47,799 [INFO]: #  Run the Step: 7|报价管理|CLICK|报价管理-val客户简称-美的
2020-07-20 20:38:48,569 [INFO]: #  --- success ---
2020-07-20 20:38:48,777 [INFO]: #  Run the Step: 8|报价管理|CLICK|报价管理-sel业务部门
2020-07-20 20:38:49,484 [INFO]: #  --- success ---
2020-07-20 20:38:49,693 [INFO]: #  Run the Step: 9|报价管理|CLICK|报价管理-val业务部门-办公室
2020-07-20 20:38:50,481 [INFO]: #  --- success ---
2020-07-20 20:38:50,682 [INFO]: #  Run the Step: 10|报价管理|CLICK|报价管理-sel业务人员
2020-07-20 20:38:51,357 [INFO]: #  --- success ---
2020-07-20 20:38:51,566 [INFO]: #  Run the Step: 11|报价管理|CLICK|报价管理-val业务人员-田丰
2020-07-20 20:38:52,392 [INFO]: #  --- success ---
2020-07-20 20:38:52,592 [INFO]: #  Run the Step: 12|报价管理|CLICK|报价管理-sel生效日期
2020-07-20 20:38:53,293 [INFO]: #  --- success ---
2020-07-20 20:38:53,493 [INFO]: #  Run the Step: 13|报价管理|CLICK|报价管理-val生效日期
2020-07-20 20:38:54,245 [INFO]: #  --- success ---
2020-07-20 20:38:54,446 [INFO]: #  Run the Step: 14|报价管理|INPUT|报价管理-inp有效期限
2020-07-20 20:38:55,336 [INFO]: #  --- success ---
2020-07-20 20:38:55,536 [INFO]: #  Run the Step: 15|报价管理|INPUT|报价管理-inp交货周期
2020-07-20 20:38:56,451 [INFO]: #  --- success ---
2020-07-20 20:38:56,651 [INFO]: #  Run the Step: 16|报价管理|CLICK|报价管理-sel价格属性
2020-07-20 20:38:57,322 [INFO]: #  --- success ---
2020-07-20 20:38:57,522 [INFO]: #  Run the Step: 17|报价管理|CLICK|报价管理-val价格属性-不含税
2020-07-20 20:38:58,159 [INFO]: #  --- success ---
2020-07-20 20:38:58,360 [INFO]: #  Run the Step: 18|报价管理|CLICK|报价管理-sel收款方式
2020-07-20 20:38:59,032 [INFO]: #  --- success ---
2020-07-20 20:38:59,233 [INFO]: #  Run the Step: 19|报价管理|CLICK|报价管理-val收款方式-银行转账
2020-07-20 20:38:59,990 [INFO]: #  --- success ---
2020-07-20 20:39:00,190 [INFO]: #  Run the Step: 20|报价管理|CLICK|报价管理-sel运输方式
2020-07-20 20:39:00,856 [INFO]: #  --- success ---
2020-07-20 20:39:01,056 [INFO]: #  Run the Step: 21|报价管理|CLICK|报价管理-val运输方式-送货上门
2020-07-20 20:39:01,838 [INFO]: #  --- success ---
2020-07-20 20:39:02,042 [INFO]: #  Run the Step: 22|报价管理|INPUT|报价管理-inp备注信息
2020-07-20 20:39:03,196 [INFO]: #  --- success ---
2020-07-20 20:39:03,407 [INFO]: #  Run the Step: 23|报价管理|CLICK|报价管理-btn单据明细新增
2020-07-20 20:39:04,257 [INFO]: #  --- success ---
2020-07-20 20:39:04,458 [INFO]: #  Run the Step: 24|报价管理|CLICK|报价管理-sel物料编码
2020-07-20 20:39:05,168 [INFO]: #  --- success ---
2020-07-20 20:39:05,376 [INFO]: #  Run the Step: 25|报价管理|CLICK|报价管理-val物料编码-风扇罩nw054
2020-07-20 20:39:06,197 [INFO]: #  --- success ---
2020-07-20 20:39:06,398 [INFO]: #  Run the Step: 26|报价管理|DOUBLE_CLICK|报价管理-inp报价
2020-07-20 20:39:07,245 [INFO]: #  --- success ---
2020-07-20 20:39:07,445 [INFO]: #  Run the Step: 27|报价管理|INPUT|报价管理-inp报价
2020-07-20 20:39:08,095 [INFO]: #  --- success ---
2020-07-20 20:39:08,295 [INFO]: #  Run the Step: 28|报价管理|INPUT|报价管理-inp报价
2020-07-20 20:39:08,888 [INFO]: #  --- success ---
2020-07-20 20:39:09,088 [INFO]: #  Run the Step: 29|报价管理|INPUT|报价管理-inp报价
2020-07-20 20:39:09,729 [INFO]: #  --- success ---
2020-07-20 20:39:09,935 [INFO]: #  Run the Step: 30|报价管理|CLICK|报价管理-sel价格状态
2020-07-20 20:39:10,609 [INFO]: #  --- success ---
2020-07-20 20:39:10,809 [INFO]: #  Run the Step: 31|报价管理|CLICK|报价管理-val生效
2020-07-20 20:39:11,456 [INFO]: #  --- success ---
2020-07-20 20:39:11,658 [INFO]: #  Run the Step: 32|报价管理|INPUT|报价管理-inp数量
2020-07-20 20:39:12,973 [INFO]: #  --- success ---
2020-07-20 20:39:13,173 [INFO]: #  Run the Step: 33|报价管理|CHECK|报价管理-lab金额
2020-07-20 20:39:13,253 [INFO]: #  DATA:'10000.00'
2020-07-20 20:39:13,255 [INFO]: #  REAL:'10000.00'
2020-07-20 20:39:13,264 [INFO]: #  --- success ---
2020-07-20 20:39:13,465 [INFO]: #  Run the Step: 34|报价管理|DOUBLE_CLICK|报价管理-inp折扣
2020-07-20 20:39:14,311 [INFO]: #  --- success ---
2020-07-20 20:39:14,512 [INFO]: #  Run the Step: 35|报价管理|INPUT|报价管理-inp折扣
2020-07-20 20:39:15,106 [INFO]: #  --- success ---
2020-07-20 20:39:15,306 [INFO]: #  Run the Step: 36|报价管理|INPUT|报价管理-inp折扣
2020-07-20 20:39:15,909 [INFO]: #  --- success ---
2020-07-20 20:39:16,109 [INFO]: #  Run the Step: 37|报价管理|INPUT|报价管理-inp折扣
2020-07-20 20:39:17,024 [INFO]: #  --- success ---
2020-07-20 20:39:17,224 [INFO]: #  Run the Step: 38|报价管理|CHECK|报价管理-lab金额
2020-07-20 20:39:17,289 [INFO]: #  DATA:'5000.00'
2020-07-20 20:39:17,289 [INFO]: #  REAL:'5000.00'
2020-07-20 20:39:17,290 [INFO]: #  --- success ---
2020-07-20 20:39:17,490 [INFO]: #  Run the Step: 39|报价管理|CLICK|报价管理-tab客户信息
2020-07-20 20:39:18,213 [INFO]: #  --- success ---
2020-07-20 20:39:18,420 [INFO]: #  Run the Step: 40|报价管理|CHECK|报价管理-val客户名称
2020-07-20 20:39:18,503 [INFO]: #  DATA:'美的'
2020-07-20 20:39:18,504 [INFO]: #  REAL:'美的'
2020-07-20 20:39:18,504 [INFO]: #  --- success ---
2020-07-20 20:39:18,704 [INFO]: #  --- success ---
2020-07-20 20:39:18,904 [INFO]: #  Run the Step: 2|报价管理|CLICK|报价管理-btn直接提交
2020-07-20 20:39:19,579 [INFO]: #  --- success ---
2020-07-20 20:39:19,780 [INFO]: #  Run the Step: 3|报价管理|CLICK|报价管理-btn直接提交-确定
2020-07-20 20:39:20,603 [INFO]: #  --- success ---
2020-07-20 20:39:20,803 [INFO]: #  Run the Step: 4|报价管理|CHECK|报价管理-lab报价状态#已提交
2020-07-20 20:39:21,142 [INFO]: #  DATA:'已提交'
2020-07-20 20:39:21,142 [INFO]: #  REAL:'已提交'
2020-07-20 20:39:21,143 [INFO]: #  --- success ---
2020-07-20 20:39:21,343 [INFO]: #  ==================================================
2020-07-20 20:39:21,344 [INFO]: #  ...No SETUP testcase need to run...
2020-07-20 20:39:21,344 [INFO]: #  --------------------------------------------------
2020-07-20 20:39:21,345 [INFO]: #  >>> Run the TestCase: AEQ_001|审核编辑
2020-07-20 20:39:21,345 [INFO]: #  Run the Step: 1|报价管理|CLICK|报价管理-btn审核
2020-07-20 20:39:22,172 [INFO]: #  --- success ---
2020-07-20 20:39:22,373 [INFO]: #  Run the Step: 2|报价管理|CLICK|报价管理-sel审核-不通过
2020-07-20 20:39:33,137 [INFO]: #  --- success ---
2020-07-20 20:39:33,338 [INFO]: #  Run the Step: 3|报价管理|CLICK|报价管理-btn审核-确定
2020-07-20 20:39:34,113 [INFO]: #  --- success ---
2020-07-20 20:39:34,328 [INFO]: #  Run the Step: 4|报价管理|CHECK|报价管理-lab报价状态#不通过
2020-07-20 20:39:34,649 [INFO]: #  DATA:'不通过'
2020-07-20 20:39:34,650 [INFO]: #  REAL:'不通过'
2020-07-20 20:39:34,651 [INFO]: #  --- success ---
2020-07-20 20:39:34,851 [INFO]: #  Run the Step: 5|报价管理|CLICK|报价管理-btn编辑
2020-07-20 20:39:35,695 [INFO]: #  --- success ---
2020-07-20 20:39:35,896 [INFO]: #  Run the Step: 6|报价管理|CLICK|报价管理-btn保存
2020-07-20 20:39:36,704 [INFO]: #  --- success ---
2020-07-20 20:39:36,904 [INFO]: #  Run the Step: 7|报价管理|CLICK|报价管理-btn提交
2020-07-20 20:39:37,718 [INFO]: #  --- success ---
2020-07-20 20:39:37,919 [INFO]: #  Run the Step: 8|报价管理|CLICK|报价管理-btn提交-确定
2020-07-20 20:39:38,713 [INFO]: #  --- success ---
2020-07-20 20:39:38,915 [INFO]: #  Run the Step: 9|报价管理|CLICK|报价管理-btn审核
2020-07-20 20:39:39,869 [INFO]: #  --- success ---
2020-07-20 20:39:40,069 [INFO]: #  Run the Step: 10|报价管理|CLICK|报价管理-sel审核-通过
2020-07-20 20:39:50,805 [INFO]: #  --- success ---
2020-07-20 20:39:51,006 [INFO]: #  Run the Step: 11|报价管理|CLICK|报价管理-btn审核-确定
2020-07-20 20:39:51,776 [INFO]: #  --- success ---
2020-07-20 20:39:51,977 [INFO]: #  Run the Step: 12|报价管理|CLICK|报价管理-btn返回列表
2020-07-20 20:39:52,934 [INFO]: #  --- success ---
2020-07-20 20:39:53,135 [INFO]: #  Run the Step: 13|报价管理|CLICK|报价管理-tab已审核
2020-07-20 20:39:53,818 [INFO]: #  --- success ---
2020-07-20 20:39:54,019 [INFO]: #  Run the Step: 14|报价管理|CLICK|报价管理-tab已审核-查看
2020-07-20 20:39:55,081 [INFO]: #  --- success ---
2020-07-20 20:39:55,282 [INFO]: #  Run the Step: 15|报价管理|CLICK|报价管理-btn关闭
2020-07-20 20:39:56,918 [INFO]: #  --- success ---
2020-07-20 20:39:57,119 [INFO]: #  Run the Step: 16|报价管理|CLICK|报价管理-btn关闭确定
2020-07-20 20:39:57,873 [INFO]: #  --- success ---
2020-07-20 20:39:58,073 [INFO]: #  Run the Step: 17|报价管理|CHECK|报价管理-lab报价状态#已关闭
2020-07-20 20:39:58,233 [INFO]: #  DATA:'已关闭'
2020-07-20 20:39:58,234 [INFO]: #  REAL:'已关闭'
2020-07-20 20:39:58,234 [INFO]: #  --- success ---
2020-07-20 20:39:58,434 [INFO]: #  Run the Step: 18|报价管理|CLICK|报价管理-btn返回列表
2020-07-20 20:39:59,220 [INFO]: #  --- success ---
2020-07-20 20:39:59,421 [INFO]: #  ==================================================
2020-07-20 20:39:59,421 [INFO]: #  ...No SETUP testcase need to run...
2020-07-20 20:39:59,422 [INFO]: #  --------------------------------------------------
2020-07-20 20:39:59,422 [INFO]: #  >>> Run the TestCase: DQ_001|删除报价单
2020-07-20 20:39:59,422 [INFO]: #  Run the Step: 1|用例片段|EXECUTE|CQ_001
2020-07-20 20:39:59,425 [INFO]: #  >>> Run the TestCase: CQ_001|新增报价单
2020-07-20 20:39:59,434 [INFO]: #  Run the Step: 1|报价管理|CLICK|报价管理-btn侧边栏报价管理
2020-07-20 20:40:00,051 [INFO]: #  --- success ---
2020-07-20 20:40:00,251 [INFO]: #  Run the Step: 2|报价管理|CLICK|报价管理-btn新增
2020-07-20 20:40:01,199 [INFO]: #  --- success ---
2020-07-20 20:40:01,400 [INFO]: #  Run the Step: 3|报价管理|CHECK|报价管理-lab报价状态#未定义
2020-07-20 20:40:01,473 [INFO]: #  DATA:'未定义'
2020-07-20 20:40:01,474 [INFO]: #  REAL:'未定义'
2020-07-20 20:40:01,475 [INFO]: #  --- success ---
2020-07-20 20:40:01,675 [INFO]: #  Run the Step: 4|报价管理|CLICK|报价管理-sel报价日期
2020-07-20 20:40:02,364 [INFO]: #  --- success ---
2020-07-20 20:40:02,564 [INFO]: #  Run the Step: 5|报价管理|CLICK|报价管理-val报价日期
2020-07-20 20:40:03,193 [INFO]: #  --- success ---
2020-07-20 20:40:03,393 [INFO]: #  Run the Step: 6|报价管理|CLICK|报价管理-sel客户简称
2020-07-20 20:40:04,069 [INFO]: #  --- success ---
2020-07-20 20:40:04,269 [INFO]: #  Run the Step: 7|报价管理|CLICK|报价管理-val客户简称-美的
2020-07-20 20:40:05,015 [INFO]: #  --- success ---
2020-07-20 20:40:05,215 [INFO]: #  Run the Step: 8|报价管理|CLICK|报价管理-sel业务部门
2020-07-20 20:40:05,915 [INFO]: #  --- success ---
2020-07-20 20:40:06,116 [INFO]: #  Run the Step: 9|报价管理|CLICK|报价管理-val业务部门-办公室
2020-07-20 20:40:06,845 [INFO]: #  --- success ---
2020-07-20 20:40:07,046 [INFO]: #  Run the Step: 10|报价管理|CLICK|报价管理-sel业务人员
2020-07-20 20:40:07,703 [INFO]: #  --- success ---
2020-07-20 20:40:07,904 [INFO]: #  Run the Step: 11|报价管理|CLICK|报价管理-val业务人员-田丰
2020-07-20 20:40:08,642 [INFO]: #  --- success ---
2020-07-20 20:40:08,850 [INFO]: #  Run the Step: 12|报价管理|CLICK|报价管理-sel生效日期
2020-07-20 20:40:09,548 [INFO]: #  --- success ---
2020-07-20 20:40:09,749 [INFO]: #  Run the Step: 13|报价管理|CLICK|报价管理-val生效日期
2020-07-20 20:40:10,473 [INFO]: #  --- success ---
2020-07-20 20:40:10,678 [INFO]: #  Run the Step: 14|报价管理|INPUT|报价管理-inp有效期限
2020-07-20 20:40:11,538 [INFO]: #  --- success ---
2020-07-20 20:40:11,740 [INFO]: #  Run the Step: 15|报价管理|INPUT|报价管理-inp交货周期
2020-07-20 20:40:12,595 [INFO]: #  --- success ---
2020-07-20 20:40:12,795 [INFO]: #  Run the Step: 16|报价管理|CLICK|报价管理-sel价格属性
2020-07-20 20:40:13,458 [INFO]: #  --- success ---
2020-07-20 20:40:13,659 [INFO]: #  Run the Step: 17|报价管理|CLICK|报价管理-val价格属性-不含税
2020-07-20 20:40:14,296 [INFO]: #  --- success ---
2020-07-20 20:40:14,500 [INFO]: #  Run the Step: 18|报价管理|CLICK|报价管理-sel收款方式
2020-07-20 20:40:15,183 [INFO]: #  --- success ---
2020-07-20 20:40:15,389 [INFO]: #  Run the Step: 19|报价管理|CLICK|报价管理-val收款方式-银行转账
2020-07-20 20:40:16,130 [INFO]: #  --- success ---
2020-07-20 20:40:16,330 [INFO]: #  Run the Step: 20|报价管理|CLICK|报价管理-sel运输方式
2020-07-20 20:40:17,008 [INFO]: #  --- success ---
2020-07-20 20:40:17,208 [INFO]: #  Run the Step: 21|报价管理|CLICK|报价管理-val运输方式-送货上门
2020-07-20 20:40:17,970 [INFO]: #  --- success ---
2020-07-20 20:40:18,171 [INFO]: #  Run the Step: 22|报价管理|INPUT|报价管理-inp备注信息
2020-07-20 20:40:19,292 [INFO]: #  --- success ---
2020-07-20 20:40:19,492 [INFO]: #  Run the Step: 23|报价管理|CLICK|报价管理-btn单据明细新增
2020-07-20 20:40:20,298 [INFO]: #  --- success ---
2020-07-20 20:40:20,504 [INFO]: #  Run the Step: 24|报价管理|CLICK|报价管理-sel物料编码
2020-07-20 20:40:21,170 [INFO]: #  --- success ---
2020-07-20 20:40:21,370 [INFO]: #  Run the Step: 25|报价管理|CLICK|报价管理-val物料编码-风扇罩nw054
2020-07-20 20:40:22,140 [INFO]: #  --- success ---
2020-07-20 20:40:22,340 [INFO]: #  Run the Step: 26|报价管理|DOUBLE_CLICK|报价管理-inp报价
2020-07-20 20:40:23,181 [INFO]: #  --- success ---
2020-07-20 20:40:23,389 [INFO]: #  Run the Step: 27|报价管理|INPUT|报价管理-inp报价
2020-07-20 20:40:23,979 [INFO]: #  --- success ---
2020-07-20 20:40:24,179 [INFO]: #  Run the Step: 28|报价管理|INPUT|报价管理-inp报价
2020-07-20 20:40:24,786 [INFO]: #  --- success ---
2020-07-20 20:40:24,986 [INFO]: #  Run the Step: 29|报价管理|INPUT|报价管理-inp报价
2020-07-20 20:40:25,618 [INFO]: #  --- success ---
2020-07-20 20:40:25,824 [INFO]: #  Run the Step: 30|报价管理|CLICK|报价管理-sel价格状态
2020-07-20 20:40:26,492 [INFO]: #  --- success ---
2020-07-20 20:40:26,693 [INFO]: #  Run the Step: 31|报价管理|CLICK|报价管理-val生效
2020-07-20 20:40:27,363 [INFO]: #  --- success ---
2020-07-20 20:40:27,572 [INFO]: #  Run the Step: 32|报价管理|INPUT|报价管理-inp数量
2020-07-20 20:40:28,798 [INFO]: #  --- success ---
2020-07-20 20:40:28,998 [INFO]: #  Run the Step: 33|报价管理|CHECK|报价管理-lab金额
2020-07-20 20:40:29,089 [INFO]: #  DATA:'10000.00'
2020-07-20 20:40:29,090 [INFO]: #  REAL:'10000.00'
2020-07-20 20:40:29,099 [INFO]: #  --- success ---
2020-07-20 20:40:29,299 [INFO]: #  Run the Step: 34|报价管理|DOUBLE_CLICK|报价管理-inp折扣
2020-07-20 20:40:30,153 [INFO]: #  --- success ---
2020-07-20 20:40:30,353 [INFO]: #  Run the Step: 35|报价管理|INPUT|报价管理-inp折扣
2020-07-20 20:40:30,936 [INFO]: #  --- success ---
2020-07-20 20:40:31,137 [INFO]: #  Run the Step: 36|报价管理|INPUT|报价管理-inp折扣
2020-07-20 20:40:31,732 [INFO]: #  --- success ---
2020-07-20 20:40:31,932 [INFO]: #  Run the Step: 37|报价管理|INPUT|报价管理-inp折扣
2020-07-20 20:40:32,942 [INFO]: #  --- success ---
2020-07-20 20:40:33,142 [INFO]: #  Run the Step: 38|报价管理|CHECK|报价管理-lab金额
2020-07-20 20:40:33,194 [INFO]: #  DATA:'5000.00'
2020-07-20 20:40:33,195 [INFO]: #  REAL:'5000.00'
2020-07-20 20:40:33,195 [INFO]: #  --- success ---
2020-07-20 20:40:33,395 [INFO]: #  Run the Step: 39|报价管理|CLICK|报价管理-tab客户信息
2020-07-20 20:40:34,095 [INFO]: #  --- success ---
2020-07-20 20:40:34,296 [INFO]: #  Run the Step: 40|报价管理|CHECK|报价管理-val客户名称
2020-07-20 20:40:34,363 [INFO]: #  DATA:'美的'
2020-07-20 20:40:34,363 [INFO]: #  REAL:'美的'
2020-07-20 20:40:34,363 [INFO]: #  --- success ---
2020-07-20 20:40:34,564 [INFO]: #  --- success ---
2020-07-20 20:40:34,764 [INFO]: #  Run the Step: 2|报价管理|CLICK|报价管理-btn保存草稿
2020-07-20 20:40:35,565 [INFO]: #  --- success ---
2020-07-20 20:40:35,766 [INFO]: #  Run the Step: 3|报价管理|CLICK|报价管理-btn返回列表
2020-07-20 20:40:36,609 [INFO]: #  --- success ---
2020-07-20 20:40:36,809 [INFO]: #  Run the Step: 4|报价管理|CLICK|报价管理-tab已录入
2020-07-20 20:40:37,448 [INFO]: #  --- success ---
2020-07-20 20:40:37,648 [INFO]: #  Run the Step: 5|报价管理|CLICK|报价管理-btn删除订单
2020-07-20 20:40:38,320 [INFO]: #  --- success ---
2020-07-20 20:40:38,525 [INFO]: #  Run the Step: 6|报价管理|CLICK|报价管理-btn删除订单-确定
2020-07-20 20:40:39,155 [INFO]: #  --- success ---
2020-07-20 20:40:39,356 [INFO]: #  Run the Step: 7|报价管理|CHECK|报价管理-toast删除提醒
2020-07-20 20:40:39,434 [INFO]: #  DATA:'删除成功！'
2020-07-20 20:40:39,435 [INFO]: #  REAL:'删除成功!'
2020-07-20 20:40:39,797 [ERROR]: #  +++ failure +++
Traceback (most recent call last):
  File "C:\Users\archmage\AppData\Local\Programs\Python\Python38-32\lib\site-packages\sweetest\keywords\web.py", line 115, in check
    compare(expected, real)
  File "C:\Users\archmage\AppData\Local\Programs\Python\Python38-32\lib\site-packages\sweetest\utility.py", line 473, in compare
    assert data == real
AssertionError

During handling of the above exception, another exception occurred:

Traceback (most recent call last):
  File "C:\Users\archmage\AppData\Local\Programs\Python\Python38-32\lib\site-packages\sweetest\testcase.py", line 137, in run
    element = getattr(web, step['keyword'].lower())(step)
  File "C:\Users\archmage\AppData\Local\Programs\Python\Python38-32\lib\site-packages\sweetest\keywords\web.py", line 117, in check
    raise Exception(f'Check Failure, DATA:{repr(expected)}, REAL:{repr(real)}')
Exception: Check Failure, DATA:'删除成功！', REAL:'删除成功!'
2020-07-20 20:40:42,050 [INFO]: #  --- Quit th Driver: Chrome
