2020-07-20 10:20:50,891 [INFO]: #  From Excel import testsuite success
2020-07-20 10:20:53,571 [INFO]: #  --------------------------------------------------
2020-07-20 10:20:53,571 [INFO]: #  >>> Run the TestCase: HOME_001|打开云塑ERP
2020-07-20 10:20:53,572 [INFO]: #  Run the Step: 1|通用|OPEN|通用-首页链接
2020-07-20 10:20:59,966 [INFO]: #  --- success ---
2020-07-20 10:21:00,166 [INFO]: #  Run the Step: 2|通用|CHECK|通用-页面title
2020-07-20 10:21:00,183 [INFO]: #  DATA:'云塑 企业资源计划管理系统'
2020-07-20 10:21:00,196 [INFO]: #  REAL:'云塑 企业资源计划管理系统'
2020-07-20 10:21:00,209 [INFO]: #  --- success ---
2020-07-20 10:21:00,409 [INFO]: #  --------------------------------------------------
2020-07-20 10:21:00,409 [INFO]: #  >>> Run the TestCase: Login_001|登录
2020-07-20 10:21:00,410 [INFO]: #  Run the Step: 1|登录页面|INPUT|登录页面-账号输入框
2020-07-20 10:21:01,223 [INFO]: #  --- success ---
2020-07-20 10:21:01,423 [INFO]: #  Run the Step: 2|登录页面|INPUT|登录页面-密码输入框
2020-07-20 10:21:02,282 [INFO]: #  --- success ---
2020-07-20 10:21:02,493 [INFO]: #  Run the Step: 3|登录页面|CLICK|登录页面-确定按钮
2020-07-20 10:21:03,196 [INFO]: #  --- success ---
2020-07-20 10:21:03,397 [INFO]: #  Run the Step: 4|登录页面|CHECK|通用-页面加载校验
2020-07-20 10:21:05,324 [INFO]: #  DATA:'欢迎进入 云塑企业资源计划管理系统'
2020-07-20 10:21:05,325 [INFO]: #  REAL:'欢迎进入 云塑企业资源计划管理系统'
2020-07-20 10:21:05,325 [INFO]: #  --- success ---
2020-07-20 10:21:05,526 [INFO]: #  ==================================================
2020-07-20 10:21:05,526 [INFO]: #  ...No SETUP testcase need to run...
2020-07-20 10:21:05,527 [INFO]: #  --------------------------------------------------
2020-07-20 10:21:05,527 [INFO]: #  >>> Run the TestCase: VQ_001|查看附件
2020-07-20 10:21:05,527 [INFO]: #  Run the Step: 1|用例片段|EXECUTE|CQ_001
2020-07-20 10:21:05,530 [INFO]: #  >>> Run the TestCase: CQ_001|新增报价单
2020-07-20 10:21:05,531 [INFO]: #  Run the Step: 1|报价管理|CLICK|报价管理-btn侧边栏报价管理
2020-07-20 10:21:06,599 [INFO]: #  --- success ---
2020-07-20 10:21:06,801 [INFO]: #  Run the Step: 2|报价管理|CLICK|报价管理-btn新增
2020-07-20 10:21:07,947 [INFO]: #  --- success ---
2020-07-20 10:21:08,155 [INFO]: #  Run the Step: 3|报价管理|CHECK|报价管理-lab报价状态#未定义
2020-07-20 10:21:08,501 [INFO]: #  --- success ---
2020-07-20 10:21:08,701 [INFO]: #  Run the Step: 4|报价管理|CLICK|报价管理-sel报价日期
2020-07-20 10:21:09,432 [INFO]: #  --- success ---
2020-07-20 10:21:09,636 [INFO]: #  Run the Step: 5|报价管理|CLICK|报价管理-val报价日期
2020-07-20 10:21:10,263 [INFO]: #  --- success ---
2020-07-20 10:21:10,467 [INFO]: #  Run the Step: 6|报价管理|CLICK|报价管理-sel客户简称
2020-07-20 10:21:11,158 [INFO]: #  --- success ---
2020-07-20 10:21:11,359 [INFO]: #  Run the Step: 7|报价管理|CLICK|报价管理-val客户简称-美的
2020-07-20 10:21:12,130 [INFO]: #  --- success ---
2020-07-20 10:21:12,334 [INFO]: #  Run the Step: 8|报价管理|CLICK|报价管理-sel业务部门
2020-07-20 10:21:13,059 [INFO]: #  --- success ---
2020-07-20 10:21:13,260 [INFO]: #  Run the Step: 9|报价管理|CLICK|报价管理-val业务部门-办公室
2020-07-20 10:21:14,032 [INFO]: #  --- success ---
2020-07-20 10:21:14,238 [INFO]: #  Run the Step: 10|报价管理|CLICK|报价管理-sel业务人员
2020-07-20 10:21:14,898 [INFO]: #  --- success ---
2020-07-20 10:21:15,099 [INFO]: #  Run the Step: 11|报价管理|CLICK|报价管理-val业务人员-田丰
2020-07-20 10:21:15,853 [INFO]: #  --- success ---
2020-07-20 10:21:16,054 [INFO]: #  Run the Step: 12|报价管理|CLICK|报价管理-sel生效日期
2020-07-20 10:21:16,774 [INFO]: #  --- success ---
2020-07-20 10:21:16,975 [INFO]: #  Run the Step: 13|报价管理|CLICK|报价管理-val生效日期
2020-07-20 10:21:17,611 [INFO]: #  --- success ---
2020-07-20 10:21:17,812 [INFO]: #  Run the Step: 14|报价管理|INPUT|报价管理-inp有效期限
2020-07-20 10:21:18,734 [INFO]: #  --- success ---
2020-07-20 10:21:18,935 [INFO]: #  Run the Step: 15|报价管理|INPUT|报价管理-inp交货周期
2020-07-20 10:21:19,827 [INFO]: #  --- success ---
2020-07-20 10:21:20,028 [INFO]: #  Run the Step: 16|报价管理|CLICK|报价管理-sel价格属性
2020-07-20 10:21:23,671 [ERROR]: #  +++ failure +++
Traceback (most recent call last):
  File "C:\Users\archmage\AppData\Local\Programs\Python\Python38-32\lib\site-packages\sweetest\keywords\web.py", line 178, in click
    element_location.click()
  File "C:\Users\archmage\AppData\Local\Programs\Python\Python38-32\lib\site-packages\selenium\webdriver\remote\webelement.py", line 80, in click
    self._execute(Command.CLICK_ELEMENT)
  File "C:\Users\archmage\AppData\Local\Programs\Python\Python38-32\lib\site-packages\selenium\webdriver\remote\webelement.py", line 633, in _execute
    return self._parent.execute(command, params)
  File "C:\Users\archmage\AppData\Local\Programs\Python\Python38-32\lib\site-packages\selenium\webdriver\remote\webdriver.py", line 321, in execute
    self.error_handler.check_response(response)
  File "C:\Users\archmage\AppData\Local\Programs\Python\Python38-32\lib\site-packages\selenium\webdriver\remote\errorhandler.py", line 242, in check_response
    raise exception_class(message, screen, stacktrace)
selenium.common.exceptions.ElementClickInterceptedException: Message: element click intercepted: Element <div class="ant-select-selection__rendered">...</div> is not clickable at point (1581, 347). Other element would receive the click: <a role="button" title="选择月份" class="ant-calendar-month-select">...</a>
  (Session info: chrome=84.0.4147.89)


During handling of the above exception, another exception occurred:

Traceback (most recent call last):
  File "C:\Users\archmage\AppData\Local\Programs\Python\Python38-32\lib\site-packages\sweetest\testcase.py", line 137, in run
    element = getattr(web, step['keyword'].lower())(step)
  File "C:\Users\archmage\AppData\Local\Programs\Python\Python38-32\lib\site-packages\sweetest\keywords\web.py", line 184, in click
    element_location.click()
  File "C:\Users\archmage\AppData\Local\Programs\Python\Python38-32\lib\site-packages\selenium\webdriver\remote\webelement.py", line 80, in click
    self._execute(Command.CLICK_ELEMENT)
  File "C:\Users\archmage\AppData\Local\Programs\Python\Python38-32\lib\site-packages\selenium\webdriver\remote\webelement.py", line 633, in _execute
    return self._parent.execute(command, params)
  File "C:\Users\archmage\AppData\Local\Programs\Python\Python38-32\lib\site-packages\selenium\webdriver\remote\webdriver.py", line 321, in execute
    self.error_handler.check_response(response)
  File "C:\Users\archmage\AppData\Local\Programs\Python\Python38-32\lib\site-packages\selenium\webdriver\remote\errorhandler.py", line 242, in check_response
    raise exception_class(message, screen, stacktrace)
selenium.common.exceptions.ElementClickInterceptedException: Message: element click intercepted: Element <div class="ant-select-selection__rendered">...</div> is not clickable at point (1581, 347). Other element would receive the click: <a role="button" title="选择月份" class="ant-calendar-month-select">...</a>
  (Session info: chrome=84.0.4147.89)

2020-07-20 10:21:23,676 [INFO]: #  ==================================================
2020-07-20 10:21:23,677 [INFO]: #  ...No SETUP testcase need to run...
2020-07-20 10:21:23,677 [INFO]: #  --------------------------------------------------
2020-07-20 10:21:23,677 [INFO]: #  >>> Run the TestCase: AEQ_001|审核编辑
2020-07-20 10:21:23,678 [INFO]: #  Run the Step: 1|报价管理|CLICK|报价管理-btn审核
2020-07-20 10:21:50,195 [ERROR]: #  +++ failure +++
Traceback (most recent call last):
  File "C:\Users\archmage\AppData\Local\Programs\Python\Python38-32\lib\site-packages\sweetest\locator.py", line 32, in locating_element
    el_location = wait.until(EC.presence_of_element_located(
  File "C:\Users\archmage\AppData\Local\Programs\Python\Python38-32\lib\site-packages\selenium\webdriver\support\wait.py", line 80, in until
    raise TimeoutException(message, screen, stacktrace)
selenium.common.exceptions.TimeoutException: Message: 


During handling of the above exception, another exception occurred:

Traceback (most recent call last):
  File "C:\Users\archmage\AppData\Local\Programs\Python\Python38-32\lib\site-packages\sweetest\locator.py", line 37, in locating_element
    el_location = wait.until(EC.presence_of_element_located(
  File "C:\Users\archmage\AppData\Local\Programs\Python\Python38-32\lib\site-packages\selenium\webdriver\support\wait.py", line 80, in until
    raise TimeoutException(message, screen, stacktrace)
selenium.common.exceptions.TimeoutException: Message: 


During handling of the above exception, another exception occurred:

Traceback (most recent call last):
  File "C:\Users\archmage\AppData\Local\Programs\Python\Python38-32\lib\site-packages\sweetest\testcase.py", line 137, in run
    element = getattr(web, step['keyword'].lower())(step)
  File "C:\Users\archmage\AppData\Local\Programs\Python\Python38-32\lib\site-packages\sweetest\keywords\web.py", line 175, in click
    element_location = locating_element(element, 'CLICK')
  File "C:\Users\archmage\AppData\Local\Programs\Python\Python38-32\lib\site-packages\sweetest\locator.py", line 40, in locating_element
    raise Exception('Locating the element:%s is Failure: Timeout' % element)
Exception: Locating the element:报价管理-btn审核 is Failure: Timeout
2020-07-20 10:21:50,200 [INFO]: #  ==================================================
2020-07-20 10:21:50,201 [INFO]: #  ...No SETUP testcase need to run...
2020-07-20 10:21:50,201 [INFO]: #  --------------------------------------------------
2020-07-20 10:21:50,201 [INFO]: #  >>> Run the TestCase: DQ_001|删除报价单
2020-07-20 10:21:50,202 [INFO]: #  Run the Step: 1|用例片段|EXECUTE|CQ_001
2020-07-20 10:21:50,205 [INFO]: #  >>> Run the TestCase: CQ_001|新增报价单
2020-07-20 10:21:50,205 [INFO]: #  Run the Step: 1|报价管理|CLICK|报价管理-btn侧边栏报价管理
2020-07-20 10:21:50,815 [INFO]: #  --- success ---
2020-07-20 10:21:51,016 [INFO]: #  Run the Step: 2|报价管理|CLICK|报价管理-btn新增
2020-07-20 10:22:17,550 [ERROR]: #  +++ failure +++
Traceback (most recent call last):
  File "C:\Users\archmage\AppData\Local\Programs\Python\Python38-32\lib\site-packages\sweetest\locator.py", line 32, in locating_element
    el_location = wait.until(EC.presence_of_element_located(
  File "C:\Users\archmage\AppData\Local\Programs\Python\Python38-32\lib\site-packages\selenium\webdriver\support\wait.py", line 80, in until
    raise TimeoutException(message, screen, stacktrace)
selenium.common.exceptions.TimeoutException: Message: 


During handling of the above exception, another exception occurred:

Traceback (most recent call last):
  File "C:\Users\archmage\AppData\Local\Programs\Python\Python38-32\lib\site-packages\sweetest\locator.py", line 37, in locating_element
    el_location = wait.until(EC.presence_of_element_located(
  File "C:\Users\archmage\AppData\Local\Programs\Python\Python38-32\lib\site-packages\selenium\webdriver\support\wait.py", line 80, in until
    raise TimeoutException(message, screen, stacktrace)
selenium.common.exceptions.TimeoutException: Message: 


During handling of the above exception, another exception occurred:

Traceback (most recent call last):
  File "C:\Users\archmage\AppData\Local\Programs\Python\Python38-32\lib\site-packages\sweetest\testcase.py", line 137, in run
    element = getattr(web, step['keyword'].lower())(step)
  File "C:\Users\archmage\AppData\Local\Programs\Python\Python38-32\lib\site-packages\sweetest\keywords\web.py", line 175, in click
    element_location = locating_element(element, 'CLICK')
  File "C:\Users\archmage\AppData\Local\Programs\Python\Python38-32\lib\site-packages\sweetest\locator.py", line 40, in locating_element
    raise Exception('Locating the element:%s is Failure: Timeout' % element)
Exception: Locating the element:报价管理-btn新增 is Failure: Timeout
2020-07-20 10:22:19,775 [INFO]: #  --- Quit th Driver: Chrome
