2020-07-21 17:41:15,224 [INFO]: #  From Excel import testsuite success
2020-07-21 17:41:17,950 [INFO]: #  --------------------------------------------------
2020-07-21 17:41:17,950 [INFO]: #  >>> Run the TestCase: HOME_001|打开云塑ERP
2020-07-21 17:41:17,952 [INFO]: #  Run the Step: 1|通用|OPEN|通用-首页链接
2020-07-21 17:41:24,579 [INFO]: #  --- success ---
2020-07-21 17:41:24,785 [INFO]: #  Run the Step: 2|通用|CHECK|通用-页面title
2020-07-21 17:41:24,786 [INFO]: #  DATA:'云塑 企业资源计划管理系统'
2020-07-21 17:41:24,793 [INFO]: #  REAL:'云塑 企业资源计划管理系统'
2020-07-21 17:41:24,802 [INFO]: #  --- success ---
2020-07-21 17:41:25,002 [INFO]: #  --------------------------------------------------
2020-07-21 17:41:25,002 [INFO]: #  >>> Run the TestCase: Login_001|登录
2020-07-21 17:41:25,002 [INFO]: #  Run the Step: 1|登录页面|INPUT|登录页面-账号输入框
2020-07-21 17:41:25,838 [INFO]: #  --- success ---
2020-07-21 17:41:26,044 [INFO]: #  Run the Step: 2|登录页面|INPUT|登录页面-密码输入框
2020-07-21 17:41:26,939 [INFO]: #  --- success ---
2020-07-21 17:41:27,139 [INFO]: #  Run the Step: 3|登录页面|CLICK|登录页面-确定按钮
2020-07-21 17:41:27,815 [INFO]: #  --- success ---
2020-07-21 17:41:28,027 [INFO]: #  Run the Step: 4|登录页面|CHECK|通用-页面加载校验
2020-07-21 17:41:29,724 [INFO]: #  DATA:'欢迎进入 云塑企业资源计划管理系统'
2020-07-21 17:41:29,724 [INFO]: #  REAL:'欢迎进入 云塑企业资源计划管理系统'
2020-07-21 17:41:29,725 [INFO]: #  --- success ---
2020-07-21 17:41:29,925 [INFO]: #  ==================================================
2020-07-21 17:41:29,933 [INFO]: #  ...No SETUP testcase need to run...
2020-07-21 17:41:29,933 [INFO]: #  --------------------------------------------------
2020-07-21 17:41:29,935 [INFO]: #  >>> Run the TestCase: AEQ_001|审核编辑
2020-07-21 17:41:29,936 [INFO]: #  Run the Step: 1|用例片段|EXECUTE|CQ_001
2020-07-21 17:41:29,940 [INFO]: #  >>> Run the TestCase: CQ_001|新增需求订单
2020-07-21 17:41:29,940 [INFO]: #  Run the Step: 1|登录页面|CLICK|通用-左侧栏一级菜单#销售管理
2020-07-21 17:41:30,677 [INFO]: #  --- success ---
2020-07-21 17:41:30,880 [INFO]: #  Run the Step: 2|登录页面|CLICK|通用-左侧栏二级菜单#需求订单
2020-07-21 17:41:31,967 [INFO]: #  --- success ---
2020-07-21 17:41:32,167 [INFO]: #  Run the Step: 3|滚动需求订单|CLICK|滚动需求订单-tab滚动需求
2020-07-21 17:41:32,976 [INFO]: #  --- success ---
2020-07-21 17:41:33,176 [INFO]: #  Run the Step: 4|滚动需求订单|CLICK|滚动需求订单-btn新增
2020-07-21 17:41:34,591 [INFO]: #  --- success ---
2020-07-21 17:41:34,796 [INFO]: #  Run the Step: 5|滚动需求订单|CLICK|滚动需求订单-sel预交日期
2020-07-21 17:41:35,535 [INFO]: #  --- success ---
2020-07-21 17:41:35,735 [INFO]: #  Run the Step: 6|滚动需求订单|CLICK|滚动需求订单-val预交日期
2020-07-21 17:41:36,483 [INFO]: #  --- success ---
2020-07-21 17:41:36,684 [INFO]: #  Run the Step: 7|滚动需求订单|CLICK|滚动需求订单-sel客户名称
2020-07-21 17:41:37,368 [INFO]: #  --- success ---
2020-07-21 17:41:37,569 [INFO]: #  Run the Step: 8|滚动需求订单|CLICK|滚动需求订单-val客户名称-美的
2020-07-21 17:41:38,282 [INFO]: #  --- success ---
2020-07-21 17:41:38,482 [INFO]: #  Run the Step: 9|滚动需求订单|CLICK|滚动需求订单-sel订单等级
2020-07-21 17:41:39,166 [INFO]: #  --- success ---
2020-07-21 17:41:39,367 [INFO]: #  Run the Step: 10|滚动需求订单|CLICK|滚动需求订单-val订单等级-正常
2020-07-21 17:41:40,016 [INFO]: #  --- success ---
2020-07-21 17:41:40,216 [INFO]: #  Run the Step: 11|滚动需求订单|CLICK|滚动需求订单-sel业务部门
2020-07-21 17:41:40,923 [INFO]: #  --- success ---
2020-07-21 17:41:41,129 [INFO]: #  Run the Step: 12|滚动需求订单|CLICK|滚动需求订单-val业务部门-办公室
2020-07-21 17:41:41,872 [INFO]: #  --- success ---
2020-07-21 17:41:42,072 [INFO]: #  Run the Step: 13|滚动需求订单|CLICK|滚动需求订单-sel业务人员
2020-07-21 17:41:42,744 [INFO]: #  --- success ---
2020-07-21 17:41:42,952 [INFO]: #  Run the Step: 14|滚动需求订单|CLICK|滚动需求订单-val业务人员-周文杰
2020-07-21 17:41:43,696 [INFO]: #  --- success ---
2020-07-21 17:41:43,897 [INFO]: #  Run the Step: 15|滚动需求订单|CLICK|滚动需求订单-sel交货验收
2020-07-21 17:41:44,577 [INFO]: #  --- success ---
2020-07-21 17:41:44,780 [INFO]: #  Run the Step: 16|滚动需求订单|CLICK|滚动需求订单-val交货验收-否
2020-07-21 17:41:45,415 [INFO]: #  --- success ---
2020-07-21 17:41:45,616 [INFO]: #  Run the Step: 17|滚动需求订单|CLICK|滚动需求订单-btn订单明细-添加
2020-07-21 17:41:46,466 [INFO]: #  --- success ---
2020-07-21 17:41:46,667 [INFO]: #  Run the Step: 18|滚动需求订单|CLICK|滚动需求订单-sel物料编码
2020-07-21 17:41:47,364 [INFO]: #  --- success ---
2020-07-21 17:41:47,565 [INFO]: #  Run the Step: 19|滚动需求订单|INPUT|滚动需求订单-inp选择物料
2020-07-21 17:41:48,214 [INFO]: #  --- success ---
2020-07-21 17:41:48,414 [INFO]: #  Run the Step: 20|滚动需求订单|CLICK|滚动需求订单-val物料编码-风扇罩-K333A0042-W1N-PP-不要求-NW-054
2020-07-21 17:41:49,359 [INFO]: #  --- success ---
2020-07-21 17:41:49,559 [INFO]: #  Run the Step: 21|滚动需求订单|INPUT|滚动需求订单-inp数量
2020-07-21 17:41:50,389 [INFO]: #  --- success ---
2020-07-21 17:41:50,589 [INFO]: #  Run the Step: 22|滚动需求订单|CLICK|滚动需求订单-sel订单明细-单价
2020-07-21 17:41:51,270 [INFO]: #  --- success ---
2020-07-21 17:41:51,471 [INFO]: #  Run the Step: 23|滚动需求订单|CHECK|滚动需求订单-sel订单明细-交货地点
2020-07-21 17:41:51,557 [INFO]: #  DATA:'B2成品货位'
2020-07-21 17:41:51,557 [INFO]: #  REAL:'B2成品货位'
2020-07-21 17:41:51,557 [INFO]: #  --- success ---
2020-07-21 17:41:51,758 [INFO]: #  Run the Step: 24|滚动需求订单|INPUT|滚动需求订单-inp备注
2020-07-21 17:41:52,960 [INFO]: #  --- success ---
2020-07-21 17:41:53,160 [INFO]: #  --- success ---
2020-07-21 17:41:53,360 [INFO]: #  Run the Step: 2|滚动需求订单|CLICK|通用-btn直接提交
2020-07-21 17:41:54,041 [INFO]: #  --- success ---
2020-07-21 17:41:54,242 [INFO]: #  Run the Step: 3|滚动需求订单|CLICK|通用-btn直接提交-确定
2020-07-21 17:41:55,123 [INFO]: #  --- success ---
2020-07-21 17:41:55,325 [INFO]: #  Run the Step: 4|滚动需求订单|CHECK|滚动需求订单-lab滚动单状态#已提交
2020-07-21 17:41:56,300 [INFO]: #  DATA:'已提交'
2020-07-21 17:41:56,301 [INFO]: #  REAL:'已提交'
2020-07-21 17:41:56,301 [INFO]: #  --- success ---
2020-07-21 17:41:56,502 [INFO]: #  Run the Step: 5|滚动需求订单|CLICK|通用-btn审核
2020-07-21 17:41:57,286 [INFO]: #  --- success ---
2020-07-21 17:41:57,492 [INFO]: #  Page:滚动需求订单 element:sel审核-不通过
2020-07-21 17:41:57,492 [INFO]: #  Run the Step: 6|滚动需求订单|CLICK|sel审核-不通过
2020-07-21 17:41:57,874 [ERROR]: #  +++ failure +++
Traceback (most recent call last):
  File "C:\Users\archmage\AppData\Local\Programs\Python\Python38-32\lib\site-packages\sweetest\testcase.py", line 137, in run
    element = getattr(web, step['keyword'].lower())(step)
  File "C:\Users\archmage\AppData\Local\Programs\Python\Python38-32\lib\site-packages\sweetest\keywords\web.py", line 175, in click
    element_location = locating_element(element, 'CLICK')
  File "C:\Users\archmage\AppData\Local\Programs\Python\Python38-32\lib\site-packages\sweetest\locator.py", line 23, in locating_element
    raise Exception(
Exception: Locating the element:sel审核-不通过 is Failure, this element is not define
2020-07-21 17:41:57,876 [INFO]: #  ==================================================
2020-07-21 17:41:57,876 [INFO]: #  ...No SETUP testcase need to run...
2020-07-21 17:41:57,876 [INFO]: #  --------------------------------------------------
2020-07-21 17:41:57,876 [INFO]: #  >>> Run the TestCase: DQ_001|删除需求订单
2020-07-21 17:41:57,877 [INFO]: #  Run the Step: 1|用例片段|EXECUTE|CQ_001
2020-07-21 17:41:57,878 [INFO]: #  >>> Run the TestCase: CQ_001|新增需求订单
2020-07-21 17:41:57,879 [INFO]: #  Run the Step: 1|滚动需求订单|CLICK|通用-左侧栏一级菜单#销售管理
2020-07-21 17:42:01,477 [ERROR]: #  +++ failure +++
Traceback (most recent call last):
  File "C:\Users\archmage\AppData\Local\Programs\Python\Python38-32\lib\site-packages\sweetest\keywords\web.py", line 178, in click
    element_location.click()
  File "C:\Users\archmage\AppData\Local\Programs\Python\Python38-32\lib\site-packages\selenium\webdriver\remote\webelement.py", line 80, in click
    self._execute(Command.CLICK_ELEMENT)
  File "C:\Users\archmage\AppData\Local\Programs\Python\Python38-32\lib\site-packages\selenium\webdriver\remote\webelement.py", line 633, in _execute
    return self._parent.execute(command, params)
  File "C:\Users\archmage\AppData\Local\Programs\Python\Python38-32\lib\site-packages\selenium\webdriver\remote\webdriver.py", line 321, in execute
    self.error_handler.check_response(response)
  File "C:\Users\archmage\AppData\Local\Programs\Python\Python38-32\lib\site-packages\selenium\webdriver\remote\errorhandler.py", line 242, in check_response
    raise exception_class(message, screen, stacktrace)
selenium.common.exceptions.ElementClickInterceptedException: Message: element click intercepted: Element <div aria-haspopup="true" class="ant-menu-submenu-title" style="padding-left: 24px;" aria-expanded="true" aria-owns="/saleOrder$Menu">...</div> is not clickable at point (100, 227). Other element would receive the click: <div tabindex="-1" role="dialog" aria-labelledby="rcDialogTitle0" class="ant-modal-wrap ">...</div>
  (Session info: chrome=84.0.4147.89)


During handling of the above exception, another exception occurred:

Traceback (most recent call last):
  File "C:\Users\archmage\AppData\Local\Programs\Python\Python38-32\lib\site-packages\sweetest\testcase.py", line 137, in run
    element = getattr(web, step['keyword'].lower())(step)
  File "C:\Users\archmage\AppData\Local\Programs\Python\Python38-32\lib\site-packages\sweetest\keywords\web.py", line 184, in click
    element_location.click()
  File "C:\Users\archmage\AppData\Local\Programs\Python\Python38-32\lib\site-packages\selenium\webdriver\remote\webelement.py", line 80, in click
    self._execute(Command.CLICK_ELEMENT)
  File "C:\Users\archmage\AppData\Local\Programs\Python\Python38-32\lib\site-packages\selenium\webdriver\remote\webelement.py", line 633, in _execute
    return self._parent.execute(command, params)
  File "C:\Users\archmage\AppData\Local\Programs\Python\Python38-32\lib\site-packages\selenium\webdriver\remote\webdriver.py", line 321, in execute
    self.error_handler.check_response(response)
  File "C:\Users\archmage\AppData\Local\Programs\Python\Python38-32\lib\site-packages\selenium\webdriver\remote\errorhandler.py", line 242, in check_response
    raise exception_class(message, screen, stacktrace)
selenium.common.exceptions.ElementClickInterceptedException: Message: element click intercepted: Element <div aria-haspopup="true" class="ant-menu-submenu-title" style="padding-left: 24px;" aria-expanded="true" aria-owns="/saleOrder$Menu">...</div> is not clickable at point (100, 227). Other element would receive the click: <div tabindex="-1" role="dialog" aria-labelledby="rcDialogTitle0" class="ant-modal-wrap ">...</div>
  (Session info: chrome=84.0.4147.89)

2020-07-21 17:42:01,480 [INFO]: #  ==================================================
2020-07-21 17:42:01,480 [INFO]: #  ...No SETUP testcase need to run...
2020-07-21 17:42:01,480 [INFO]: #  --------------------------------------------------
2020-07-21 17:42:01,480 [INFO]: #  >>> Run the TestCase: CH_001|查看需求订单
2020-07-21 17:42:01,480 [INFO]: #  Run the Step: 1|用例片段|EXECUTE|CQ_001
2020-07-21 17:42:01,482 [INFO]: #  >>> Run the TestCase: CQ_001|新增需求订单
2020-07-21 17:42:01,482 [INFO]: #  Run the Step: 1|滚动需求订单|CLICK|通用-左侧栏一级菜单#销售管理
2020-07-21 17:42:05,275 [ERROR]: #  +++ failure +++
Traceback (most recent call last):
  File "C:\Users\archmage\AppData\Local\Programs\Python\Python38-32\lib\site-packages\sweetest\keywords\web.py", line 178, in click
    element_location.click()
  File "C:\Users\archmage\AppData\Local\Programs\Python\Python38-32\lib\site-packages\selenium\webdriver\remote\webelement.py", line 80, in click
    self._execute(Command.CLICK_ELEMENT)
  File "C:\Users\archmage\AppData\Local\Programs\Python\Python38-32\lib\site-packages\selenium\webdriver\remote\webelement.py", line 633, in _execute
    return self._parent.execute(command, params)
  File "C:\Users\archmage\AppData\Local\Programs\Python\Python38-32\lib\site-packages\selenium\webdriver\remote\webdriver.py", line 321, in execute
    self.error_handler.check_response(response)
  File "C:\Users\archmage\AppData\Local\Programs\Python\Python38-32\lib\site-packages\selenium\webdriver\remote\errorhandler.py", line 242, in check_response
    raise exception_class(message, screen, stacktrace)
selenium.common.exceptions.ElementClickInterceptedException: Message: element click intercepted: Element <div aria-haspopup="true" class="ant-menu-submenu-title" style="padding-left: 24px;" aria-expanded="true" aria-owns="/saleOrder$Menu">...</div> is not clickable at point (100, 227). Other element would receive the click: <div tabindex="-1" role="dialog" aria-labelledby="rcDialogTitle0" class="ant-modal-wrap ">...</div>
  (Session info: chrome=84.0.4147.89)


During handling of the above exception, another exception occurred:

Traceback (most recent call last):
  File "C:\Users\archmage\AppData\Local\Programs\Python\Python38-32\lib\site-packages\sweetest\testcase.py", line 137, in run
    element = getattr(web, step['keyword'].lower())(step)
  File "C:\Users\archmage\AppData\Local\Programs\Python\Python38-32\lib\site-packages\sweetest\keywords\web.py", line 184, in click
    element_location.click()
  File "C:\Users\archmage\AppData\Local\Programs\Python\Python38-32\lib\site-packages\selenium\webdriver\remote\webelement.py", line 80, in click
    self._execute(Command.CLICK_ELEMENT)
  File "C:\Users\archmage\AppData\Local\Programs\Python\Python38-32\lib\site-packages\selenium\webdriver\remote\webelement.py", line 633, in _execute
    return self._parent.execute(command, params)
  File "C:\Users\archmage\AppData\Local\Programs\Python\Python38-32\lib\site-packages\selenium\webdriver\remote\webdriver.py", line 321, in execute
    self.error_handler.check_response(response)
  File "C:\Users\archmage\AppData\Local\Programs\Python\Python38-32\lib\site-packages\selenium\webdriver\remote\errorhandler.py", line 242, in check_response
    raise exception_class(message, screen, stacktrace)
selenium.common.exceptions.ElementClickInterceptedException: Message: element click intercepted: Element <div aria-haspopup="true" class="ant-menu-submenu-title" style="padding-left: 24px;" aria-expanded="true" aria-owns="/saleOrder$Menu">...</div> is not clickable at point (100, 227). Other element would receive the click: <div tabindex="-1" role="dialog" aria-labelledby="rcDialogTitle0" class="ant-modal-wrap ">...</div>
  (Session info: chrome=84.0.4147.89)

2020-07-21 17:42:06,552 [ERROR]: #  Clear the env is fail
Traceback (most recent call last):
  File "C:\Users\archmage\AppData\Local\Programs\Python\Python38-32\lib\socket.py", line 796, in create_connection
    sock.connect(sa)
socket.timeout: timed out

During handling of the above exception, another exception occurred:

Traceback (most recent call last):
  File "C:\Users\archmage\AppData\Local\Programs\Python\Python38-32\lib\site-packages\sweetest\testsuite.py", line 198, in run
    g.driver.quit()
  File "C:\Users\archmage\AppData\Local\Programs\Python\Python38-32\lib\site-packages\selenium\webdriver\chrome\webdriver.py", line 158, in quit
    self.service.stop()
  File "C:\Users\archmage\AppData\Local\Programs\Python\Python38-32\lib\site-packages\selenium\webdriver\common\service.py", line 151, in stop
    self.send_remote_shutdown_command()
  File "C:\Users\archmage\AppData\Local\Programs\Python\Python38-32\lib\site-packages\selenium\webdriver\common\service.py", line 132, in send_remote_shutdown_command
    if not self.is_connectable():
  File "C:\Users\archmage\AppData\Local\Programs\Python\Python38-32\lib\site-packages\selenium\webdriver\common\service.py", line 115, in is_connectable
    return utils.is_connectable(self.port)
  File "C:\Users\archmage\AppData\Local\Programs\Python\Python38-32\lib\site-packages\selenium\webdriver\common\utils.py", line 106, in is_connectable
    socket_ = socket.create_connection((host, port), 1)
  File "C:\Users\archmage\AppData\Local\Programs\Python\Python38-32\lib\socket.py", line 796, in create_connection
    sock.connect(sa)
KeyboardInterrupt
